#
# There is insufficient memory for the Java Runtime Environment to continue.
# Native memory allocation (malloc) failed to allocate 1469264 bytes. Error detail: Chunk::new
# Possible reasons:
#   The system is out of physical RAM or swap space
#   This process is running with CompressedOops enabled, and the Java Heap may be blocking the growth of the native heap
# Possible solutions:
#   Reduce memory load on the system
#   Increase physical memory or swap space
#   Check if swap backing store is full
#   Decrease Java heap size (-Xmx/-Xms)
#   Decrease number of Java threads
#   Decrease Java thread stack sizes (-Xss)
#   Set larger code cache with -XX:ReservedCodeCacheSize=
#   JVM is running with Unscaled Compressed Oops mode in which the Java heap is
#     placed in the first 4GB address space. The Java Heap base address is the
#     maximum limit for the native heap growth. Please use -XX:HeapBaseMinAddress
#     to set the Java Heap base and to place the Java Heap above 4GB virtual address.
# This output file may be truncated or incomplete.
#
#  Out of Memory Error (arena.cpp:168), pid=2024, tid=20356
#
# JRE version: OpenJDK Runtime Environment Temurin-21.0.10+7 (21.0.10+7) (build 21.0.10+7-LTS)
# Java VM: OpenJDK 64-Bit Server VM Temurin-21.0.10+7 (21.0.10+7-LTS, mixed mode, sharing, tiered, compressed oops, compressed class ptrs, g1 gc, windows-amd64)
# No core dump will be written. Minidumps are not enabled by default on client versions of Windows
#

---------------  S U M M A R Y ------------

Command Line: --add-opens=java.base/java.lang=ALL-UNNAMED --add-opens=java.base/java.lang.invoke=ALL-UNNAMED --add-opens=java.base/java.util=ALL-UNNAMED --add-opens=java.prefs/java.util.prefs=ALL-UNNAMED --add-exports=jdk.compiler/com.sun.tools.javac.api=ALL-UNNAMED --add-exports=jdk.compiler/com.sun.tools.javac.util=ALL-UNNAMED --add-opens=java.base/java.util=ALL-UNNAMED --add-opens=java.prefs/java.util.prefs=ALL-UNNAMED --add-opens=java.base/java.nio.charset=ALL-UNNAMED --add-opens=java.base/java.net=ALL-UNNAMED --add-opens=java.base/java.util.concurrent.atomic=ALL-UNNAMED --add-opens=java.xml/javax.xml.namespace=ALL-UNNAMED -Xmx2048m -Dfile.encoding=UTF-8 -Duser.country=US -Duser.language=en -Duser.variant -javaagent:C:\Users\lenovo\.gradle\wrapper\dists\gradle-8.13-bin\5xuhj0ry160q40clulazy9h7d\gradle-8.13\lib\agents\gradle-instrumentation-agent-8.13.jar org.gradle.launcher.daemon.bootstrap.GradleDaemon 8.13

Host: AMD Ryzen 7 7730U with Radeon Graphics         , 16 cores, 13G,  Windows 11 , 64 bit Build 26100 (10.0.26100.7705)
Time: Sat Feb 28 18:01:25 2026 India Standard Time elapsed time: 5.538637 seconds (0d 0h 0m 5s)

---------------  T H R E A D  ---------------

Current thread (0x0000023dfcbe3ba0):  JavaThread "C2 CompilerThread0" daemon [_thread_in_native, id=20356, stack(0x0000008c88200000,0x0000008c88300000) (1024K)]


Current CompileTask:
C2:5538 3110   !   4       java.net.URLClassLoader$1::run (81 bytes)

Stack: [0x0000008c88200000,0x0000008c88300000]
Native frames: (J=compiled Java code, j=interpreted, Vv=VM code, C=native code)
V  [jvm.dll+0x6d7a39]
V  [jvm.dll+0x8b4b26]
V  [jvm.dll+0x8b70de]
V  [jvm.dll+0x8b77c3]
V  [jvm.dll+0x284346]
V  [jvm.dll+0xc66ed]
V  [jvm.dll+0xc6c31]
V  [jvm.dll+0x3bec3b]
V  [jvm.dll+0x1e3d62]
V  [jvm.dll+0x24c6b3]
V  [jvm.dll+0x24bb40]
V  [jvm.dll+0x1cb34e]
V  [jvm.dll+0x25b85d]
V  [jvm.dll+0x259dea]
V  [jvm.dll+0x3f857e]
V  [jvm.dll+0x85f59d]
V  [jvm.dll+0x6d626d]
C  [ucrtbase.dll+0x37b0]
C  [KERNEL32.DLL+0x2e8d7]
C  [ntdll.dll+0x8c40c]


---------------  P R O C E S S  ---------------

Threads class SMR info:
_java_thread_list=0x0000023dc6bf15b0, length=31, elements={
0x0000023de487ef20, 0x0000023dfcbcc650, 0x0000023dfcbcdfd0, 0x0000023dfcbd3f00,
0x0000023dfcbd4bc0, 0x0000023dfcbd66f0, 0x0000023dfcbda4d0, 0x0000023dfcbe3ba0,
0x0000023dfcbfb550, 0x0000023dfcbfc9c0, 0x0000023dfce1b270, 0x0000023dfcf61160,
0x0000023dfcbfbc20, 0x0000023dfcbfde30, 0x0000023dfcbfc2f0, 0x0000023dfe71e370,
0x0000023dfe755d30, 0x0000023dfe7e4b00, 0x0000023dfe82b770, 0x0000023dfe812380,
0x0000023dfe8ba5f0, 0x0000023dfe8bac80, 0x0000023dfe8b8520, 0x0000023dfe8b98d0,
0x0000023dfe8bb310, 0x0000023dfe8b7e90, 0x0000023dfe8b8bb0, 0x0000023dfe8b9240,
0x0000023dfcbfd090, 0x0000023dfcbfd760, 0x0000023dc82d8260
}

Java Threads: ( => current thread )
  0x0000023de487ef20 JavaThread "main"                              [_thread_blocked, id=20352, stack(0x0000008c87400000,0x0000008c87500000) (1024K)]
  0x0000023dfcbcc650 JavaThread "Reference Handler"          daemon [_thread_blocked, id=2104, stack(0x0000008c87c00000,0x0000008c87d00000) (1024K)]
  0x0000023dfcbcdfd0 JavaThread "Finalizer"                  daemon [_thread_blocked, id=21940, stack(0x0000008c87d00000,0x0000008c87e00000) (1024K)]
  0x0000023dfcbd3f00 JavaThread "Signal Dispatcher"          daemon [_thread_blocked, id=4252, stack(0x0000008c87e00000,0x0000008c87f00000) (1024K)]
  0x0000023dfcbd4bc0 JavaThread "Attach Listener"            daemon [_thread_blocked, id=20708, stack(0x0000008c87f00000,0x0000008c88000000) (1024K)]
  0x0000023dfcbd66f0 JavaThread "Service Thread"             daemon [_thread_blocked, id=18144, stack(0x0000008c88000000,0x0000008c88100000) (1024K)]
  0x0000023dfcbda4d0 JavaThread "Monitor Deflation Thread"   daemon [_thread_blocked, id=5300, stack(0x0000008c88100000,0x0000008c88200000) (1024K)]
=>0x0000023dfcbe3ba0 JavaThread "C2 CompilerThread0"         daemon [_thread_in_native, id=20356, stack(0x0000008c88200000,0x0000008c88300000) (1024K)]
  0x0000023dfcbfb550 JavaThread "C1 CompilerThread0"         daemon [_thread_blocked, id=21524, stack(0x0000008c88300000,0x0000008c88400000) (1024K)]
  0x0000023dfcbfc9c0 JavaThread "C1 CompilerThread1"         daemon [_thread_blocked, id=16924, stack(0x0000008c88400000,0x0000008c88500000) (1024K)]
  0x0000023dfce1b270 JavaThread "Common-Cleaner"             daemon [_thread_blocked, id=9312, stack(0x0000008c88500000,0x0000008c88600000) (1024K)]
  0x0000023dfcf61160 JavaThread "Notification Thread"        daemon [_thread_blocked, id=11488, stack(0x0000008c88600000,0x0000008c88700000) (1024K)]
  0x0000023dfcbfbc20 JavaThread "C1 CompilerThread2"         daemon [_thread_blocked, id=9496, stack(0x0000008c88e00000,0x0000008c88f00000) (1024K)]
  0x0000023dfcbfde30 JavaThread "C1 CompilerThread3"         daemon [_thread_blocked, id=4320, stack(0x0000008c88f00000,0x0000008c89000000) (1024K)]
  0x0000023dfcbfc2f0 JavaThread "C2 CompilerThread1"         daemon [_thread_in_native, id=10488, stack(0x0000008c88700000,0x0000008c88800000) (1024K)]
  0x0000023dfe71e370 JavaThread "Daemon health stats"               [_thread_blocked, id=11712, stack(0x0000008c89200000,0x0000008c89300000) (1024K)]
  0x0000023dfe755d30 JavaThread "Incoming local TCP Connector on port 62176"        [_thread_in_native, id=4896, stack(0x0000008c89300000,0x0000008c89400000) (1024K)]
  0x0000023dfe7e4b00 JavaThread "Daemon periodic checks"            [_thread_blocked, id=17780, stack(0x0000008c89400000,0x0000008c89500000) (1024K)]
  0x0000023dfe82b770 JavaThread "Daemon"                            [_thread_blocked, id=18476, stack(0x0000008c89500000,0x0000008c89600000) (1024K)]
  0x0000023dfe812380 JavaThread "Handler for socket connection from /127.0.0.1:62176 to /127.0.0.1:62177"        [_thread_in_native, id=12292, stack(0x0000008c89600000,0x0000008c89700000) (1024K)]
  0x0000023dfe8ba5f0 JavaThread "Cancel handler"                    [_thread_blocked, id=7024, stack(0x0000008c89700000,0x0000008c89800000) (1024K)]
  0x0000023dfe8bac80 JavaThread "Daemon worker"                     [_thread_in_vm, id=5476, stack(0x0000008c89800000,0x0000008c89900000) (1024K)]
  0x0000023dfe8b8520 JavaThread "Asynchronous log dispatcher for DefaultDaemonConnection: socket connection from /127.0.0.1:62176 to /127.0.0.1:62177"        [_thread_blocked, id=13620, stack(0x0000008c89900000,0x0000008c89a00000) (1024K)]
  0x0000023dfe8b98d0 JavaThread "Stdin handler"                     [_thread_blocked, id=8768, stack(0x0000008c89a00000,0x0000008c89b00000) (1024K)]
  0x0000023dfe8bb310 JavaThread "Daemon client event forwarder"        [_thread_blocked, id=2220, stack(0x0000008c89b00000,0x0000008c89c00000) (1024K)]
  0x0000023dfe8b7e90 JavaThread "Cache worker for journal cache (C:\Users\lenovo\.gradle\caches\journal-1)"        [_thread_blocked, id=11556, stack(0x0000008c89c00000,0x0000008c89d00000) (1024K)]
  0x0000023dfe8b8bb0 JavaThread "File lock request listener"        [_thread_in_native, id=1188, stack(0x0000008c89d00000,0x0000008c89e00000) (1024K)]
  0x0000023dfe8b9240 JavaThread "Cache worker for file hash cache (C:\Users\lenovo\.gradle\caches\8.13\fileHashes)"        [_thread_blocked, id=3988, stack(0x0000008c89e00000,0x0000008c89f00000) (1024K)]
  0x0000023dfcbfd090 JavaThread "C2 CompilerThread2"         daemon [_thread_in_native, id=11436, stack(0x0000008c89f00000,0x0000008c8a000000) (1024K)]
  0x0000023dfcbfd760 JavaThread "C2 CompilerThread3"         daemon [_thread_in_native, id=17824, stack(0x0000008c8a000000,0x0000008c8a100000) (1024K)]
  0x0000023dc82d8260 JavaThread "File lock release action executor"        [_thread_blocked, id=9664, stack(0x0000008c8a100000,0x0000008c8a200000) (1024K)]
Total: 31

Other Threads:
  0x0000023dfcbacee0 VMThread "VM Thread"                           [id=13148, stack(0x0000008c87b00000,0x0000008c87c00000) (1024K)]
  0x0000023dfcb9e9a0 WatcherThread "VM Periodic Task Thread"        [id=22056, stack(0x0000008c87a00000,0x0000008c87b00000) (1024K)]
  0x0000023de48d7cc0 WorkerThread "GC Thread#0"                     [id=18216, stack(0x0000008c87500000,0x0000008c87600000) (1024K)]
  0x0000023dfd17a320 WorkerThread "GC Thread#1"                     [id=8152, stack(0x0000008c88a00000,0x0000008c88b00000) (1024K)]
  0x0000023dfd33e660 WorkerThread "GC Thread#2"                     [id=18864, stack(0x0000008c88b00000,0x0000008c88c00000) (1024K)]
  0x0000023dfd33ea10 WorkerThread "GC Thread#3"                     [id=18612, stack(0x0000008c88c00000,0x0000008c88d00000) (1024K)]
  0x0000023dfd33edc0 WorkerThread "GC Thread#4"                     [id=21292, stack(0x0000008c88d00000,0x0000008c88e00000) (1024K)]
  0x0000023dfd89efa0 WorkerThread "GC Thread#5"                     [id=19844, stack(0x0000008c88800000,0x0000008c88900000) (1024K)]
  0x0000023dfd89d5d0 WorkerThread "GC Thread#6"                     [id=22000, stack(0x0000008c88900000,0x0000008c88a00000) (1024K)]
  0x0000023dfd89e0e0 WorkerThread "GC Thread#7"                     [id=7036, stack(0x0000008c89000000,0x0000008c89100000) (1024K)]
  0x0000023dfe7bfa50 WorkerThread "GC Thread#8"                     [id=18964, stack(0x0000008c89100000,0x0000008c89200000) (1024K)]
  0x0000023de48e9a40 ConcurrentGCThread "G1 Main Marker"            [id=18668, stack(0x0000008c87600000,0x0000008c87700000) (1024K)]
  0x0000023de48eac00 WorkerThread "G1 Conc#0"                       [id=11480, stack(0x0000008c87700000,0x0000008c87800000) (1024K)]
  0x0000023dfca6bae0 ConcurrentGCThread "G1 Refine#0"               [id=10220, stack(0x0000008c87800000,0x0000008c87900000) (1024K)]
  0x0000023dfca6c310 ConcurrentGCThread "G1 Service"                [id=2800, stack(0x0000008c87900000,0x0000008c87a00000) (1024K)]
Total: 15

Threads with active compile tasks:
C2 CompilerThread0  5573 3110   !   4       java.net.URLClassLoader$1::run (81 bytes)
C2 CompilerThread1  5573 3252       4       java.lang.invoke.MemberName::getInvocationType (56 bytes)
C2 CompilerThread2  5573 3108   !   4       java.net.URLClassLoader::findClass (47 bytes)
C2 CompilerThread3  5573 3109       4       java.net.URLClassLoader$1::run (5 bytes)
Total: 4

VM state: not at safepoint (normal execution)

VM Mutex/Monitor currently owned by a thread: None

Heap address: 0x0000000080000000, size: 2048 MB, Compressed Oops mode: 32-bit

CDS archive(s) mapped at: [0x0000023d80000000-0x0000023d80ba0000-0x0000023d80ba0000), size 12189696, SharedBaseAddress: 0x0000023d80000000, ArchiveRelocationMode: 1.
Compressed class space mapped at: 0x0000023d81000000-0x0000023dc1000000, reserved size: 1073741824
Narrow klass base: 0x0000023d80000000, Narrow klass shift: 0, Narrow klass range: 0x100000000

GC Precious Log:
 CardTable entry size: 512
 Card Set container configuration: InlinePtr #cards 5 size 8 Array Of Cards #cards 12 size 40 Howl #buckets 4 coarsen threshold 1843 Howl Bitmap #cards 512 size 80 coarsen threshold 460 Card regions per heap region 1 cards per card region 2048
 CPUs: 16 total, 16 available
 Memory: 14173M
 Large Page Support: Disabled
 NUMA Support: Disabled
 Compressed Oops: Enabled (32-bit)
 Heap Region Size: 1M
 Heap Min Capacity: 8M
 Heap Initial Capacity: 222M
 Heap Max Capacity: 2G
 Pre-touch: Disabled
 Parallel Workers: 13
 Concurrent Workers: 3
 Concurrent Refinement Workers: 13
 Periodic GC: Disabled

Heap:
 garbage-first heap   total 227328K, used 103884K [0x0000000080000000, 0x0000000100000000)
  region size 1024K, 91 young (93184K), 6 survivors (6144K)
 Metaspace       used 20685K, committed 21376K, reserved 1114112K
  class space    used 3048K, committed 3328K, reserved 1048576K

Heap Regions: E=young(eden), S=young(survivor), O=old, HS=humongous(starts), HC=humongous(continues), CS=collection set, F=free, TAMS=top-at-mark-start, PB=parsable bottom
|   0|0x0000000080000000, 0x0000000080100000, 0x0000000080100000|100%|HS|  |TAMS 0x0000000080000000| PB 0x0000000080000000| Complete 
|   1|0x0000000080100000, 0x0000000080200000, 0x0000000080200000|100%|HC|  |TAMS 0x0000000080100000| PB 0x0000000080100000| Complete 
|   2|0x0000000080200000, 0x0000000080300000, 0x0000000080300000|100%|HC|  |TAMS 0x0000000080200000| PB 0x0000000080200000| Complete 
|   3|0x0000000080300000, 0x0000000080400000, 0x0000000080400000|100%| O|  |TAMS 0x0000000080300000| PB 0x0000000080300000| Untracked 
|   4|0x0000000080400000, 0x0000000080500000, 0x0000000080500000|100%| O|  |TAMS 0x0000000080400000| PB 0x0000000080400000| Untracked 
|   5|0x0000000080500000, 0x0000000080600000, 0x0000000080600000|100%| O|  |TAMS 0x0000000080500000| PB 0x0000000080500000| Untracked 
|   6|0x0000000080600000, 0x0000000080700000, 0x0000000080700000|100%|HS|  |TAMS 0x0000000080600000| PB 0x0000000080600000| Complete 
|   7|0x0000000080700000, 0x0000000080700000, 0x0000000080800000|  0%| F|  |TAMS 0x0000000080700000| PB 0x0000000080700000| Untracked 
|   8|0x0000000080800000, 0x0000000080900000, 0x0000000080900000|100%| O|  |TAMS 0x0000000080800000| PB 0x0000000080800000| Untracked 
|   9|0x0000000080900000, 0x0000000080a00000, 0x0000000080a00000|100%| O|  |TAMS 0x0000000080900000| PB 0x0000000080900000| Untracked 
|  10|0x0000000080a00000, 0x0000000080b00000, 0x0000000080b00000|100%| O|  |TAMS 0x0000000080a00000| PB 0x0000000080a00000| Untracked 
|  11|0x0000000080b00000, 0x0000000080c00000, 0x0000000080c00000|100%| O|  |TAMS 0x0000000080b00000| PB 0x0000000080b00000| Untracked 
|  12|0x0000000080c00000, 0x0000000080ccdb08, 0x0000000080d00000| 80%| O|  |TAMS 0x0000000080c00000| PB 0x0000000080c00000| Untracked 
|  13|0x0000000080d00000, 0x0000000080d00000, 0x0000000080e00000|  0%| F|  |TAMS 0x0000000080d00000| PB 0x0000000080d00000| Untracked 
|  14|0x0000000080e00000, 0x0000000080e00000, 0x0000000080f00000|  0%| F|  |TAMS 0x0000000080e00000| PB 0x0000000080e00000| Untracked 
|  15|0x0000000080f00000, 0x0000000080f00000, 0x0000000081000000|  0%| F|  |TAMS 0x0000000080f00000| PB 0x0000000080f00000| Untracked 
|  16|0x0000000081000000, 0x0000000081000000, 0x0000000081100000|  0%| F|  |TAMS 0x0000000081000000| PB 0x0000000081000000| Untracked 
|  17|0x0000000081100000, 0x0000000081100000, 0x0000000081200000|  0%| F|  |TAMS 0x0000000081100000| PB 0x0000000081100000| Untracked 
|  18|0x0000000081200000, 0x0000000081200000, 0x0000000081300000|  0%| F|  |TAMS 0x0000000081200000| PB 0x0000000081200000| Untracked 
|  19|0x0000000081300000, 0x0000000081300000, 0x0000000081400000|  0%| F|  |TAMS 0x0000000081300000| PB 0x0000000081300000| Untracked 
|  20|0x0000000081400000, 0x0000000081400000, 0x0000000081500000|  0%| F|  |TAMS 0x0000000081400000| PB 0x0000000081400000| Untracked 
|  21|0x0000000081500000, 0x0000000081500000, 0x0000000081600000|  0%| F|  |TAMS 0x0000000081500000| PB 0x0000000081500000| Untracked 
|  22|0x0000000081600000, 0x0000000081600000, 0x0000000081700000|  0%| F|  |TAMS 0x0000000081600000| PB 0x0000000081600000| Untracked 
|  23|0x0000000081700000, 0x0000000081700000, 0x0000000081800000|  0%| F|  |TAMS 0x0000000081700000| PB 0x0000000081700000| Untracked 
|  24|0x0000000081800000, 0x0000000081800000, 0x0000000081900000|  0%| F|  |TAMS 0x0000000081800000| PB 0x0000000081800000| Untracked 
|  25|0x0000000081900000, 0x0000000081900000, 0x0000000081a00000|  0%| F|  |TAMS 0x0000000081900000| PB 0x0000000081900000| Untracked 
|  26|0x0000000081a00000, 0x0000000081a00000, 0x0000000081b00000|  0%| F|  |TAMS 0x0000000081a00000| PB 0x0000000081a00000| Untracked 
|  27|0x0000000081b00000, 0x0000000081b00000, 0x0000000081c00000|  0%| F|  |TAMS 0x0000000081b00000| PB 0x0000000081b00000| Untracked 
|  28|0x0000000081c00000, 0x0000000081c00000, 0x0000000081d00000|  0%| F|  |TAMS 0x0000000081c00000| PB 0x0000000081c00000| Untracked 
|  29|0x0000000081d00000, 0x0000000081d00000, 0x0000000081e00000|  0%| F|  |TAMS 0x0000000081d00000| PB 0x0000000081d00000| Untracked 
|  30|0x0000000081e00000, 0x0000000081e00000, 0x0000000081f00000|  0%| F|  |TAMS 0x0000000081e00000| PB 0x0000000081e00000| Untracked 
|  31|0x0000000081f00000, 0x0000000081f00000, 0x0000000082000000|  0%| F|  |TAMS 0x0000000081f00000| PB 0x0000000081f00000| Untracked 
|  32|0x0000000082000000, 0x0000000082000000, 0x0000000082100000|  0%| F|  |TAMS 0x0000000082000000| PB 0x0000000082000000| Untracked 
|  33|0x0000000082100000, 0x0000000082100000, 0x0000000082200000|  0%| F|  |TAMS 0x0000000082100000| PB 0x0000000082100000| Untracked 
|  34|0x0000000082200000, 0x0000000082200000, 0x0000000082300000|  0%| F|  |TAMS 0x0000000082200000| PB 0x0000000082200000| Untracked 
|  35|0x0000000082300000, 0x0000000082300000, 0x0000000082400000|  0%| F|  |TAMS 0x0000000082300000| PB 0x0000000082300000| Untracked 
|  36|0x0000000082400000, 0x0000000082400000, 0x0000000082500000|  0%| F|  |TAMS 0x0000000082400000| PB 0x0000000082400000| Untracked 
|  37|0x0000000082500000, 0x0000000082500000, 0x0000000082600000|  0%| F|  |TAMS 0x0000000082500000| PB 0x0000000082500000| Untracked 
|  38|0x0000000082600000, 0x0000000082600000, 0x0000000082700000|  0%| F|  |TAMS 0x0000000082600000| PB 0x0000000082600000| Untracked 
|  39|0x0000000082700000, 0x0000000082700000, 0x0000000082800000|  0%| F|  |TAMS 0x0000000082700000| PB 0x0000000082700000| Untracked 
|  40|0x0000000082800000, 0x0000000082800000, 0x0000000082900000|  0%| F|  |TAMS 0x0000000082800000| PB 0x0000000082800000| Untracked 
|  41|0x0000000082900000, 0x0000000082900000, 0x0000000082a00000|  0%| F|  |TAMS 0x0000000082900000| PB 0x0000000082900000| Untracked 
|  42|0x0000000082a00000, 0x0000000082a00000, 0x0000000082b00000|  0%| F|  |TAMS 0x0000000082a00000| PB 0x0000000082a00000| Untracked 
|  43|0x0000000082b00000, 0x0000000082b00000, 0x0000000082c00000|  0%| F|  |TAMS 0x0000000082b00000| PB 0x0000000082b00000| Untracked 
|  44|0x0000000082c00000, 0x0000000082c00000, 0x0000000082d00000|  0%| F|  |TAMS 0x0000000082c00000| PB 0x0000000082c00000| Untracked 
|  45|0x0000000082d00000, 0x0000000082d00000, 0x0000000082e00000|  0%| F|  |TAMS 0x0000000082d00000| PB 0x0000000082d00000| Untracked 
|  46|0x0000000082e00000, 0x0000000082e00000, 0x0000000082f00000|  0%| F|  |TAMS 0x0000000082e00000| PB 0x0000000082e00000| Untracked 
|  47|0x0000000082f00000, 0x0000000082f00000, 0x0000000083000000|  0%| F|  |TAMS 0x0000000082f00000| PB 0x0000000082f00000| Untracked 
|  48|0x0000000083000000, 0x0000000083000000, 0x0000000083100000|  0%| F|  |TAMS 0x0000000083000000| PB 0x0000000083000000| Untracked 
|  49|0x0000000083100000, 0x0000000083100000, 0x0000000083200000|  0%| F|  |TAMS 0x0000000083100000| PB 0x0000000083100000| Untracked 
|  50|0x0000000083200000, 0x0000000083200000, 0x0000000083300000|  0%| F|  |TAMS 0x0000000083200000| PB 0x0000000083200000| Untracked 
|  51|0x0000000083300000, 0x0000000083300000, 0x0000000083400000|  0%| F|  |TAMS 0x0000000083300000| PB 0x0000000083300000| Untracked 
|  52|0x0000000083400000, 0x0000000083400000, 0x0000000083500000|  0%| F|  |TAMS 0x0000000083400000| PB 0x0000000083400000| Untracked 
|  53|0x0000000083500000, 0x0000000083500000, 0x0000000083600000|  0%| F|  |TAMS 0x0000000083500000| PB 0x0000000083500000| Untracked 
|  54|0x0000000083600000, 0x0000000083600000, 0x0000000083700000|  0%| F|  |TAMS 0x0000000083600000| PB 0x0000000083600000| Untracked 
|  55|0x0000000083700000, 0x0000000083700000, 0x0000000083800000|  0%| F|  |TAMS 0x0000000083700000| PB 0x0000000083700000| Untracked 
|  56|0x0000000083800000, 0x0000000083800000, 0x0000000083900000|  0%| F|  |TAMS 0x0000000083800000| PB 0x0000000083800000| Untracked 
|  57|0x0000000083900000, 0x0000000083900000, 0x0000000083a00000|  0%| F|  |TAMS 0x0000000083900000| PB 0x0000000083900000| Untracked 
|  58|0x0000000083a00000, 0x0000000083a00000, 0x0000000083b00000|  0%| F|  |TAMS 0x0000000083a00000| PB 0x0000000083a00000| Untracked 
|  59|0x0000000083b00000, 0x0000000083b00000, 0x0000000083c00000|  0%| F|  |TAMS 0x0000000083b00000| PB 0x0000000083b00000| Untracked 
|  60|0x0000000083c00000, 0x0000000083c00000, 0x0000000083d00000|  0%| F|  |TAMS 0x0000000083c00000| PB 0x0000000083c00000| Untracked 
|  61|0x0000000083d00000, 0x0000000083d00000, 0x0000000083e00000|  0%| F|  |TAMS 0x0000000083d00000| PB 0x0000000083d00000| Untracked 
|  62|0x0000000083e00000, 0x0000000083e00000, 0x0000000083f00000|  0%| F|  |TAMS 0x0000000083e00000| PB 0x0000000083e00000| Untracked 
|  63|0x0000000083f00000, 0x0000000083f00000, 0x0000000084000000|  0%| F|  |TAMS 0x0000000083f00000| PB 0x0000000083f00000| Untracked 
|  64|0x0000000084000000, 0x0000000084000000, 0x0000000084100000|  0%| F|  |TAMS 0x0000000084000000| PB 0x0000000084000000| Untracked 
|  65|0x0000000084100000, 0x0000000084100000, 0x0000000084200000|  0%| F|  |TAMS 0x0000000084100000| PB 0x0000000084100000| Untracked 
|  66|0x0000000084200000, 0x0000000084200000, 0x0000000084300000|  0%| F|  |TAMS 0x0000000084200000| PB 0x0000000084200000| Untracked 
|  67|0x0000000084300000, 0x0000000084300000, 0x0000000084400000|  0%| F|  |TAMS 0x0000000084300000| PB 0x0000000084300000| Untracked 
|  68|0x0000000084400000, 0x0000000084400000, 0x0000000084500000|  0%| F|  |TAMS 0x0000000084400000| PB 0x0000000084400000| Untracked 
|  69|0x0000000084500000, 0x0000000084500000, 0x0000000084600000|  0%| F|  |TAMS 0x0000000084500000| PB 0x0000000084500000| Untracked 
|  70|0x0000000084600000, 0x0000000084600000, 0x0000000084700000|  0%| F|  |TAMS 0x0000000084600000| PB 0x0000000084600000| Untracked 
|  71|0x0000000084700000, 0x0000000084700000, 0x0000000084800000|  0%| F|  |TAMS 0x0000000084700000| PB 0x0000000084700000| Untracked 
|  72|0x0000000084800000, 0x0000000084800000, 0x0000000084900000|  0%| F|  |TAMS 0x0000000084800000| PB 0x0000000084800000| Untracked 
|  73|0x0000000084900000, 0x0000000084900000, 0x0000000084a00000|  0%| F|  |TAMS 0x0000000084900000| PB 0x0000000084900000| Untracked 
|  74|0x0000000084a00000, 0x0000000084a00000, 0x0000000084b00000|  0%| F|  |TAMS 0x0000000084a00000| PB 0x0000000084a00000| Untracked 
|  75|0x0000000084b00000, 0x0000000084b00000, 0x0000000084c00000|  0%| F|  |TAMS 0x0000000084b00000| PB 0x0000000084b00000| Untracked 
|  76|0x0000000084c00000, 0x0000000084c00000, 0x0000000084d00000|  0%| F|  |TAMS 0x0000000084c00000| PB 0x0000000084c00000| Untracked 
|  77|0x0000000084d00000, 0x0000000084d00000, 0x0000000084e00000|  0%| F|  |TAMS 0x0000000084d00000| PB 0x0000000084d00000| Untracked 
|  78|0x0000000084e00000, 0x0000000084e00000, 0x0000000084f00000|  0%| F|  |TAMS 0x0000000084e00000| PB 0x0000000084e00000| Untracked 
|  79|0x0000000084f00000, 0x0000000084f00000, 0x0000000085000000|  0%| F|  |TAMS 0x0000000084f00000| PB 0x0000000084f00000| Untracked 
|  80|0x0000000085000000, 0x0000000085000000, 0x0000000085100000|  0%| F|  |TAMS 0x0000000085000000| PB 0x0000000085000000| Untracked 
|  81|0x0000000085100000, 0x0000000085100000, 0x0000000085200000|  0%| F|  |TAMS 0x0000000085100000| PB 0x0000000085100000| Untracked 
|  82|0x0000000085200000, 0x0000000085200000, 0x0000000085300000|  0%| F|  |TAMS 0x0000000085200000| PB 0x0000000085200000| Untracked 
|  83|0x0000000085300000, 0x0000000085300000, 0x0000000085400000|  0%| F|  |TAMS 0x0000000085300000| PB 0x0000000085300000| Untracked 
|  84|0x0000000085400000, 0x0000000085400000, 0x0000000085500000|  0%| F|  |TAMS 0x0000000085400000| PB 0x0000000085400000| Untracked 
|  85|0x0000000085500000, 0x0000000085500000, 0x0000000085600000|  0%| F|  |TAMS 0x0000000085500000| PB 0x0000000085500000| Untracked 
|  86|0x0000000085600000, 0x0000000085600000, 0x0000000085700000|  0%| F|  |TAMS 0x0000000085600000| PB 0x0000000085600000| Untracked 
|  87|0x0000000085700000, 0x0000000085700000, 0x0000000085800000|  0%| F|  |TAMS 0x0000000085700000| PB 0x0000000085700000| Untracked 
|  88|0x0000000085800000, 0x0000000085800000, 0x0000000085900000|  0%| F|  |TAMS 0x0000000085800000| PB 0x0000000085800000| Untracked 
|  89|0x0000000085900000, 0x0000000085900000, 0x0000000085a00000|  0%| F|  |TAMS 0x0000000085900000| PB 0x0000000085900000| Untracked 
|  90|0x0000000085a00000, 0x0000000085a00000, 0x0000000085b00000|  0%| F|  |TAMS 0x0000000085a00000| PB 0x0000000085a00000| Untracked 
|  91|0x0000000085b00000, 0x0000000085b00000, 0x0000000085c00000|  0%| F|  |TAMS 0x0000000085b00000| PB 0x0000000085b00000| Untracked 
|  92|0x0000000085c00000, 0x0000000085c00000, 0x0000000085d00000|  0%| F|  |TAMS 0x0000000085c00000| PB 0x0000000085c00000| Untracked 
|  93|0x0000000085d00000, 0x0000000085d00000, 0x0000000085e00000|  0%| F|  |TAMS 0x0000000085d00000| PB 0x0000000085d00000| Untracked 
|  94|0x0000000085e00000, 0x0000000085e00000, 0x0000000085f00000|  0%| F|  |TAMS 0x0000000085e00000| PB 0x0000000085e00000| Untracked 
|  95|0x0000000085f00000, 0x0000000085f00000, 0x0000000086000000|  0%| F|  |TAMS 0x0000000085f00000| PB 0x0000000085f00000| Untracked 
|  96|0x0000000086000000, 0x0000000086000000, 0x0000000086100000|  0%| F|  |TAMS 0x0000000086000000| PB 0x0000000086000000| Untracked 
|  97|0x0000000086100000, 0x0000000086100000, 0x0000000086200000|  0%| F|  |TAMS 0x0000000086100000| PB 0x0000000086100000| Untracked 
|  98|0x0000000086200000, 0x0000000086200000, 0x0000000086300000|  0%| F|  |TAMS 0x0000000086200000| PB 0x0000000086200000| Untracked 
|  99|0x0000000086300000, 0x0000000086300000, 0x0000000086400000|  0%| F|  |TAMS 0x0000000086300000| PB 0x0000000086300000| Untracked 
| 100|0x0000000086400000, 0x0000000086400000, 0x0000000086500000|  0%| F|  |TAMS 0x0000000086400000| PB 0x0000000086400000| Untracked 
| 101|0x0000000086500000, 0x0000000086500000, 0x0000000086600000|  0%| F|  |TAMS 0x0000000086500000| PB 0x0000000086500000| Untracked 
| 102|0x0000000086600000, 0x0000000086600000, 0x0000000086700000|  0%| F|  |TAMS 0x0000000086600000| PB 0x0000000086600000| Untracked 
| 103|0x0000000086700000, 0x0000000086700000, 0x0000000086800000|  0%| F|  |TAMS 0x0000000086700000| PB 0x0000000086700000| Untracked 
| 104|0x0000000086800000, 0x0000000086800000, 0x0000000086900000|  0%| F|  |TAMS 0x0000000086800000| PB 0x0000000086800000| Untracked 
| 105|0x0000000086900000, 0x0000000086900000, 0x0000000086a00000|  0%| F|  |TAMS 0x0000000086900000| PB 0x0000000086900000| Untracked 
| 106|0x0000000086a00000, 0x0000000086a00000, 0x0000000086b00000|  0%| F|  |TAMS 0x0000000086a00000| PB 0x0000000086a00000| Untracked 
| 107|0x0000000086b00000, 0x0000000086b00000, 0x0000000086c00000|  0%| F|  |TAMS 0x0000000086b00000| PB 0x0000000086b00000| Untracked 
| 108|0x0000000086c00000, 0x0000000086c00000, 0x0000000086d00000|  0%| F|  |TAMS 0x0000000086c00000| PB 0x0000000086c00000| Untracked 
| 109|0x0000000086d00000, 0x0000000086d00000, 0x0000000086e00000|  0%| F|  |TAMS 0x0000000086d00000| PB 0x0000000086d00000| Untracked 
| 110|0x0000000086e00000, 0x0000000086e00000, 0x0000000086f00000|  0%| F|  |TAMS 0x0000000086e00000| PB 0x0000000086e00000| Untracked 
| 111|0x0000000086f00000, 0x0000000086f00000, 0x0000000087000000|  0%| F|  |TAMS 0x0000000086f00000| PB 0x0000000086f00000| Untracked 
| 112|0x0000000087000000, 0x0000000087000000, 0x0000000087100000|  0%| F|  |TAMS 0x0000000087000000| PB 0x0000000087000000| Untracked 
| 113|0x0000000087100000, 0x0000000087100000, 0x0000000087200000|  0%| F|  |TAMS 0x0000000087100000| PB 0x0000000087100000| Untracked 
| 114|0x0000000087200000, 0x0000000087200000, 0x0000000087300000|  0%| F|  |TAMS 0x0000000087200000| PB 0x0000000087200000| Untracked 
| 115|0x0000000087300000, 0x0000000087300000, 0x0000000087400000|  0%| F|  |TAMS 0x0000000087300000| PB 0x0000000087300000| Untracked 
| 116|0x0000000087400000, 0x0000000087400000, 0x0000000087500000|  0%| F|  |TAMS 0x0000000087400000| PB 0x0000000087400000| Untracked 
| 117|0x0000000087500000, 0x0000000087500000, 0x0000000087600000|  0%| F|  |TAMS 0x0000000087500000| PB 0x0000000087500000| Untracked 
| 118|0x0000000087600000, 0x0000000087600000, 0x0000000087700000|  0%| F|  |TAMS 0x0000000087600000| PB 0x0000000087600000| Untracked 
| 119|0x0000000087700000, 0x0000000087700000, 0x0000000087800000|  0%| F|  |TAMS 0x0000000087700000| PB 0x0000000087700000| Untracked 
| 120|0x0000000087800000, 0x0000000087800000, 0x0000000087900000|  0%| F|  |TAMS 0x0000000087800000| PB 0x0000000087800000| Untracked 
| 121|0x0000000087900000, 0x0000000087900000, 0x0000000087a00000|  0%| F|  |TAMS 0x0000000087900000| PB 0x0000000087900000| Untracked 
| 122|0x0000000087a00000, 0x0000000087a00000, 0x0000000087b00000|  0%| F|  |TAMS 0x0000000087a00000| PB 0x0000000087a00000| Untracked 
| 123|0x0000000087b00000, 0x0000000087b00000, 0x0000000087c00000|  0%| F|  |TAMS 0x0000000087b00000| PB 0x0000000087b00000| Untracked 
| 124|0x0000000087c00000, 0x0000000087c00000, 0x0000000087d00000|  0%| F|  |TAMS 0x0000000087c00000| PB 0x0000000087c00000| Untracked 
| 125|0x0000000087d00000, 0x0000000087d00000, 0x0000000087e00000|  0%| F|  |TAMS 0x0000000087d00000| PB 0x0000000087d00000| Untracked 
| 126|0x0000000087e00000, 0x0000000087e00000, 0x0000000087f00000|  0%| F|  |TAMS 0x0000000087e00000| PB 0x0000000087e00000| Untracked 
| 127|0x0000000087f00000, 0x0000000087f00000, 0x0000000088000000|  0%| F|  |TAMS 0x0000000087f00000| PB 0x0000000087f00000| Untracked 
| 128|0x0000000088000000, 0x0000000088000000, 0x0000000088100000|  0%| F|  |TAMS 0x0000000088000000| PB 0x0000000088000000| Untracked 
| 129|0x0000000088100000, 0x0000000088100000, 0x0000000088200000|  0%| F|  |TAMS 0x0000000088100000| PB 0x0000000088100000| Untracked 
| 130|0x0000000088200000, 0x0000000088280000, 0x0000000088300000| 50%| E|  |TAMS 0x0000000088200000| PB 0x0000000088200000| Complete 
| 131|0x0000000088300000, 0x0000000088400000, 0x0000000088400000|100%| E|CS|TAMS 0x0000000088300000| PB 0x0000000088300000| Complete 
| 132|0x0000000088400000, 0x0000000088500000, 0x0000000088500000|100%| E|CS|TAMS 0x0000000088400000| PB 0x0000000088400000| Complete 
| 133|0x0000000088500000, 0x0000000088600000, 0x0000000088600000|100%| E|CS|TAMS 0x0000000088500000| PB 0x0000000088500000| Complete 
| 134|0x0000000088600000, 0x0000000088700000, 0x0000000088700000|100%| E|CS|TAMS 0x0000000088600000| PB 0x0000000088600000| Complete 
| 135|0x0000000088700000, 0x0000000088800000, 0x0000000088800000|100%| E|CS|TAMS 0x0000000088700000| PB 0x0000000088700000| Complete 
| 136|0x0000000088800000, 0x0000000088900000, 0x0000000088900000|100%| E|CS|TAMS 0x0000000088800000| PB 0x0000000088800000| Complete 
| 137|0x0000000088900000, 0x0000000088a00000, 0x0000000088a00000|100%| E|CS|TAMS 0x0000000088900000| PB 0x0000000088900000| Complete 
| 138|0x0000000088a00000, 0x0000000088b00000, 0x0000000088b00000|100%| E|CS|TAMS 0x0000000088a00000| PB 0x0000000088a00000| Complete 
| 139|0x0000000088b00000, 0x0000000088c00000, 0x0000000088c00000|100%| E|CS|TAMS 0x0000000088b00000| PB 0x0000000088b00000| Complete 
| 140|0x0000000088c00000, 0x0000000088d00000, 0x0000000088d00000|100%| E|CS|TAMS 0x0000000088c00000| PB 0x0000000088c00000| Complete 
| 141|0x0000000088d00000, 0x0000000088e00000, 0x0000000088e00000|100%| E|CS|TAMS 0x0000000088d00000| PB 0x0000000088d00000| Complete 
| 142|0x0000000088e00000, 0x0000000088f00000, 0x0000000088f00000|100%| E|CS|TAMS 0x0000000088e00000| PB 0x0000000088e00000| Complete 
| 143|0x0000000088f00000, 0x0000000089000000, 0x0000000089000000|100%| E|CS|TAMS 0x0000000088f00000| PB 0x0000000088f00000| Complete 
| 144|0x0000000089000000, 0x0000000089100000, 0x0000000089100000|100%| E|CS|TAMS 0x0000000089000000| PB 0x0000000089000000| Complete 
| 145|0x0000000089100000, 0x0000000089200000, 0x0000000089200000|100%| E|CS|TAMS 0x0000000089100000| PB 0x0000000089100000| Complete 
| 146|0x0000000089200000, 0x0000000089300000, 0x0000000089300000|100%| E|CS|TAMS 0x0000000089200000| PB 0x0000000089200000| Complete 
| 147|0x0000000089300000, 0x0000000089400000, 0x0000000089400000|100%| E|CS|TAMS 0x0000000089300000| PB 0x0000000089300000| Complete 
| 148|0x0000000089400000, 0x0000000089500000, 0x0000000089500000|100%| E|CS|TAMS 0x0000000089400000| PB 0x0000000089400000| Complete 
| 149|0x0000000089500000, 0x0000000089600000, 0x0000000089600000|100%| E|CS|TAMS 0x0000000089500000| PB 0x0000000089500000| Complete 
| 150|0x0000000089600000, 0x0000000089700000, 0x0000000089700000|100%| E|CS|TAMS 0x0000000089600000| PB 0x0000000089600000| Complete 
| 151|0x0000000089700000, 0x0000000089800000, 0x0000000089800000|100%| E|CS|TAMS 0x0000000089700000| PB 0x0000000089700000| Complete 
| 152|0x0000000089800000, 0x0000000089900000, 0x0000000089900000|100%| E|CS|TAMS 0x0000000089800000| PB 0x0000000089800000| Complete 
| 153|0x0000000089900000, 0x0000000089a00000, 0x0000000089a00000|100%| E|CS|TAMS 0x0000000089900000| PB 0x0000000089900000| Complete 
| 154|0x0000000089a00000, 0x0000000089b00000, 0x0000000089b00000|100%| E|CS|TAMS 0x0000000089a00000| PB 0x0000000089a00000| Complete 
| 155|0x0000000089b00000, 0x0000000089c00000, 0x0000000089c00000|100%| E|CS|TAMS 0x0000000089b00000| PB 0x0000000089b00000| Complete 
| 156|0x0000000089c00000, 0x0000000089d00000, 0x0000000089d00000|100%| E|CS|TAMS 0x0000000089c00000| PB 0x0000000089c00000| Complete 
| 157|0x0000000089d00000, 0x0000000089e00000, 0x0000000089e00000|100%| E|CS|TAMS 0x0000000089d00000| PB 0x0000000089d00000| Complete 
| 158|0x0000000089e00000, 0x0000000089f00000, 0x0000000089f00000|100%| E|CS|TAMS 0x0000000089e00000| PB 0x0000000089e00000| Complete 
| 159|0x0000000089f00000, 0x000000008a000000, 0x000000008a000000|100%| E|CS|TAMS 0x0000000089f00000| PB 0x0000000089f00000| Complete 
| 160|0x000000008a000000, 0x000000008a100000, 0x000000008a100000|100%| E|CS|TAMS 0x000000008a000000| PB 0x000000008a000000| Complete 
| 161|0x000000008a100000, 0x000000008a200000, 0x000000008a200000|100%| E|CS|TAMS 0x000000008a100000| PB 0x000000008a100000| Complete 
| 162|0x000000008a200000, 0x000000008a2a5638, 0x000000008a300000| 64%| S|CS|TAMS 0x000000008a200000| PB 0x000000008a200000| Complete 
| 163|0x000000008a300000, 0x000000008a400000, 0x000000008a400000|100%| S|CS|TAMS 0x000000008a300000| PB 0x000000008a300000| Complete 
| 164|0x000000008a400000, 0x000000008a500000, 0x000000008a500000|100%| S|CS|TAMS 0x000000008a400000| PB 0x000000008a400000| Complete 
| 165|0x000000008a500000, 0x000000008a600000, 0x000000008a600000|100%| S|CS|TAMS 0x000000008a500000| PB 0x000000008a500000| Complete 
| 166|0x000000008a600000, 0x000000008a700000, 0x000000008a700000|100%| S|CS|TAMS 0x000000008a600000| PB 0x000000008a600000| Complete 
| 167|0x000000008a700000, 0x000000008a800000, 0x000000008a800000|100%| S|CS|TAMS 0x000000008a700000| PB 0x000000008a700000| Complete 
| 168|0x000000008a800000, 0x000000008a900000, 0x000000008a900000|100%| E|CS|TAMS 0x000000008a800000| PB 0x000000008a800000| Complete 
| 169|0x000000008a900000, 0x000000008aa00000, 0x000000008aa00000|100%| E|CS|TAMS 0x000000008a900000| PB 0x000000008a900000| Complete 
| 170|0x000000008aa00000, 0x000000008ab00000, 0x000000008ab00000|100%| E|CS|TAMS 0x000000008aa00000| PB 0x000000008aa00000| Complete 
| 171|0x000000008ab00000, 0x000000008ac00000, 0x000000008ac00000|100%| E|CS|TAMS 0x000000008ab00000| PB 0x000000008ab00000| Complete 
| 172|0x000000008ac00000, 0x000000008ad00000, 0x000000008ad00000|100%| E|CS|TAMS 0x000000008ac00000| PB 0x000000008ac00000| Complete 
| 173|0x000000008ad00000, 0x000000008ae00000, 0x000000008ae00000|100%| E|CS|TAMS 0x000000008ad00000| PB 0x000000008ad00000| Complete 
| 174|0x000000008ae00000, 0x000000008af00000, 0x000000008af00000|100%| E|CS|TAMS 0x000000008ae00000| PB 0x000000008ae00000| Complete 
| 175|0x000000008af00000, 0x000000008b000000, 0x000000008b000000|100%| E|CS|TAMS 0x000000008af00000| PB 0x000000008af00000| Complete 
| 176|0x000000008b000000, 0x000000008b100000, 0x000000008b100000|100%| E|CS|TAMS 0x000000008b000000| PB 0x000000008b000000| Complete 
| 177|0x000000008b100000, 0x000000008b200000, 0x000000008b200000|100%| E|CS|TAMS 0x000000008b100000| PB 0x000000008b100000| Complete 
| 178|0x000000008b200000, 0x000000008b300000, 0x000000008b300000|100%| E|CS|TAMS 0x000000008b200000| PB 0x000000008b200000| Complete 
| 179|0x000000008b300000, 0x000000008b400000, 0x000000008b400000|100%| E|CS|TAMS 0x000000008b300000| PB 0x000000008b300000| Complete 
| 180|0x000000008b400000, 0x000000008b500000, 0x000000008b500000|100%| E|CS|TAMS 0x000000008b400000| PB 0x000000008b400000| Complete 
| 181|0x000000008b500000, 0x000000008b600000, 0x000000008b600000|100%| E|CS|TAMS 0x000000008b500000| PB 0x000000008b500000| Complete 
| 182|0x000000008b600000, 0x000000008b700000, 0x000000008b700000|100%| E|CS|TAMS 0x000000008b600000| PB 0x000000008b600000| Complete 
| 183|0x000000008b700000, 0x000000008b800000, 0x000000008b800000|100%| E|CS|TAMS 0x000000008b700000| PB 0x000000008b700000| Complete 
| 184|0x000000008b800000, 0x000000008b900000, 0x000000008b900000|100%| E|CS|TAMS 0x000000008b800000| PB 0x000000008b800000| Complete 
| 185|0x000000008b900000, 0x000000008ba00000, 0x000000008ba00000|100%| E|CS|TAMS 0x000000008b900000| PB 0x000000008b900000| Complete 
| 186|0x000000008ba00000, 0x000000008bb00000, 0x000000008bb00000|100%| E|CS|TAMS 0x000000008ba00000| PB 0x000000008ba00000| Complete 
| 187|0x000000008bb00000, 0x000000008bc00000, 0x000000008bc00000|100%| E|CS|TAMS 0x000000008bb00000| PB 0x000000008bb00000| Complete 
| 188|0x000000008bc00000, 0x000000008bd00000, 0x000000008bd00000|100%| E|CS|TAMS 0x000000008bc00000| PB 0x000000008bc00000| Complete 
| 189|0x000000008bd00000, 0x000000008be00000, 0x000000008be00000|100%| E|CS|TAMS 0x000000008bd00000| PB 0x000000008bd00000| Complete 
| 190|0x000000008be00000, 0x000000008bf00000, 0x000000008bf00000|100%| E|CS|TAMS 0x000000008be00000| PB 0x000000008be00000| Complete 
| 191|0x000000008bf00000, 0x000000008c000000, 0x000000008c000000|100%| E|CS|TAMS 0x000000008bf00000| PB 0x000000008bf00000| Complete 
| 192|0x000000008c000000, 0x000000008c100000, 0x000000008c100000|100%| E|CS|TAMS 0x000000008c000000| PB 0x000000008c000000| Complete 
| 193|0x000000008c100000, 0x000000008c200000, 0x000000008c200000|100%| E|CS|TAMS 0x000000008c100000| PB 0x000000008c100000| Complete 
| 194|0x000000008c200000, 0x000000008c300000, 0x000000008c300000|100%| E|CS|TAMS 0x000000008c200000| PB 0x000000008c200000| Complete 
| 195|0x000000008c300000, 0x000000008c400000, 0x000000008c400000|100%| E|CS|TAMS 0x000000008c300000| PB 0x000000008c300000| Complete 
| 196|0x000000008c400000, 0x000000008c500000, 0x000000008c500000|100%| E|CS|TAMS 0x000000008c400000| PB 0x000000008c400000| Complete 
| 197|0x000000008c500000, 0x000000008c600000, 0x000000008c600000|100%| E|CS|TAMS 0x000000008c500000| PB 0x000000008c500000| Complete 
| 198|0x000000008c600000, 0x000000008c700000, 0x000000008c700000|100%| E|CS|TAMS 0x000000008c600000| PB 0x000000008c600000| Complete 
| 199|0x000000008c700000, 0x000000008c800000, 0x000000008c800000|100%| E|CS|TAMS 0x000000008c700000| PB 0x000000008c700000| Complete 
| 200|0x000000008c800000, 0x000000008c900000, 0x000000008c900000|100%| E|CS|TAMS 0x000000008c800000| PB 0x000000008c800000| Complete 
| 201|0x000000008c900000, 0x000000008ca00000, 0x000000008ca00000|100%| E|CS|TAMS 0x000000008c900000| PB 0x000000008c900000| Complete 
| 202|0x000000008ca00000, 0x000000008cb00000, 0x000000008cb00000|100%| E|CS|TAMS 0x000000008ca00000| PB 0x000000008ca00000| Complete 
| 203|0x000000008cb00000, 0x000000008cc00000, 0x000000008cc00000|100%| E|CS|TAMS 0x000000008cb00000| PB 0x000000008cb00000| Complete 
| 204|0x000000008cc00000, 0x000000008cd00000, 0x000000008cd00000|100%| E|CS|TAMS 0x000000008cc00000| PB 0x000000008cc00000| Complete 
| 205|0x000000008cd00000, 0x000000008ce00000, 0x000000008ce00000|100%| E|CS|TAMS 0x000000008cd00000| PB 0x000000008cd00000| Complete 
| 206|0x000000008ce00000, 0x000000008cf00000, 0x000000008cf00000|100%| E|CS|TAMS 0x000000008ce00000| PB 0x000000008ce00000| Complete 
| 207|0x000000008cf00000, 0x000000008d000000, 0x000000008d000000|100%| E|CS|TAMS 0x000000008cf00000| PB 0x000000008cf00000| Complete 
| 208|0x000000008d000000, 0x000000008d100000, 0x000000008d100000|100%| E|CS|TAMS 0x000000008d000000| PB 0x000000008d000000| Complete 
| 209|0x000000008d100000, 0x000000008d200000, 0x000000008d200000|100%| E|CS|TAMS 0x000000008d100000| PB 0x000000008d100000| Complete 
| 210|0x000000008d200000, 0x000000008d300000, 0x000000008d300000|100%| E|CS|TAMS 0x000000008d200000| PB 0x000000008d200000| Complete 
| 211|0x000000008d300000, 0x000000008d400000, 0x000000008d400000|100%| E|CS|TAMS 0x000000008d300000| PB 0x000000008d300000| Complete 
| 212|0x000000008d400000, 0x000000008d500000, 0x000000008d500000|100%| E|CS|TAMS 0x000000008d400000| PB 0x000000008d400000| Complete 
| 213|0x000000008d500000, 0x000000008d600000, 0x000000008d600000|100%| E|CS|TAMS 0x000000008d500000| PB 0x000000008d500000| Complete 
| 214|0x000000008d600000, 0x000000008d700000, 0x000000008d700000|100%| E|CS|TAMS 0x000000008d600000| PB 0x000000008d600000| Complete 
| 215|0x000000008d700000, 0x000000008d800000, 0x000000008d800000|100%| E|CS|TAMS 0x000000008d700000| PB 0x000000008d700000| Complete 
| 216|0x000000008d800000, 0x000000008d900000, 0x000000008d900000|100%| E|CS|TAMS 0x000000008d800000| PB 0x000000008d800000| Complete 
| 217|0x000000008d900000, 0x000000008da00000, 0x000000008da00000|100%| E|CS|TAMS 0x000000008d900000| PB 0x000000008d900000| Complete 
| 218|0x000000008da00000, 0x000000008db00000, 0x000000008db00000|100%| E|CS|TAMS 0x000000008da00000| PB 0x000000008da00000| Complete 
| 219|0x000000008db00000, 0x000000008dc00000, 0x000000008dc00000|100%| E|CS|TAMS 0x000000008db00000| PB 0x000000008db00000| Complete 
| 220|0x000000008dc00000, 0x000000008dd00000, 0x000000008dd00000|100%| E|CS|TAMS 0x000000008dc00000| PB 0x000000008dc00000| Complete 
| 221|0x000000008dd00000, 0x000000008de00000, 0x000000008de00000|100%| E|CS|TAMS 0x000000008dd00000| PB 0x000000008dd00000| Complete 

Card table byte_map: [0x0000023df7710000,0x0000023df7b10000] _byte_map_base: 0x0000023df7310000

Marking Bits: (CMBitMap*) 0x0000023de48d82e0
 Bits: [0x0000023df7b10000, 0x0000023df9b10000)

Polling page: 0x0000023de26f0000

Metaspace:

Usage:
  Non-class:     17.26 MB used.
      Class:      2.98 MB used.
       Both:     20.24 MB used.

Virtual space:
  Non-class space:       64.00 MB reserved,      17.62 MB ( 28%) committed,  1 nodes.
      Class space:        1.00 GB reserved,       3.31 MB ( <1%) committed,  1 nodes.
             Both:        1.06 GB reserved,      20.94 MB (  2%) committed. 

Chunk freelists:
   Non-Class:  13.58 MB
       Class:  12.73 MB
        Both:  26.31 MB

MaxMetaspaceSize: unlimited
CompressedClassSpaceSize: 1.00 GB
Initial GC threshold: 21.00 MB
Current GC threshold: 21.00 MB
CDS: on
 - commit_granule_bytes: 65536.
 - commit_granule_words: 8192.
 - virtual_space_node_default_size: 8388608.
 - enlarge_chunks_in_place: 1.
 - use_allocation_guard: 0.


Internal statistics:

num_allocs_failed_limit: 0.
num_arena_births: 992.
num_arena_deaths: 0.
num_vsnodes_births: 2.
num_vsnodes_deaths: 0.
num_space_committed: 335.
num_space_uncommitted: 0.
num_chunks_returned_to_freelist: 0.
num_chunks_taken_from_freelist: 1855.
num_chunk_merges: 0.
num_chunk_splits: 1195.
num_chunks_enlarged: 771.
num_inconsistent_stats: 0.

CodeHeap 'non-profiled nmethods': size=119168Kb used=1596Kb max_used=1596Kb free=117571Kb
 bounds [0x0000023def620000, 0x0000023def890000, 0x0000023df6a80000]
CodeHeap 'profiled nmethods': size=119104Kb used=6622Kb max_used=6622Kb free=112482Kb
 bounds [0x0000023de7a80000, 0x0000023de8100000, 0x0000023deeed0000]
CodeHeap 'non-nmethods': size=7488Kb used=3113Kb max_used=3182Kb free=4374Kb
 bounds [0x0000023deeed0000, 0x0000023def200000, 0x0000023def620000]
CodeCache: size=245760Kb, used=11331Kb, max_used=11400Kb, free=234427Kb
 total_blobs=3827, nmethods=3248, adapters=480, full_count=0
Compilation: enabled, stopped_count=0, restarted_count=0

Compilation events (20 events):
Event: 4.488 Thread 0x0000023dfcbfc9c0 nmethod 3214 0x0000023de80e6290 code [0x0000023de80e6440, 0x0000023de80e65d8]
Event: 4.488 Thread 0x0000023dfcbfde30 3216       3       org.objectweb.asm.Handler::getExceptionTableSize (10 bytes)
Event: 4.488 Thread 0x0000023dfcbfc9c0 3217       1       org.objectweb.asm.MethodWriter::hasAsmInstructions (5 bytes)
Event: 4.488 Thread 0x0000023dfcbfc9c0 nmethod 3217 0x0000023def7ab990 code [0x0000023def7abb20, 0x0000023def7abbf0]
Event: 4.488 Thread 0x0000023dfcbfde30 nmethod 3216 0x0000023de80e6710 code [0x0000023de80e68c0, 0x0000023de80e6ab8]
Event: 4.488 Thread 0x0000023dfcbfbc20 nmethod 3215 0x0000023de80e6c10 code [0x0000023de80e6dc0, 0x0000023de80e7010]
Event: 4.489 Thread 0x0000023dfcbfb550 nmethod 3213 0x0000023de80e7190 code [0x0000023de80e7480, 0x0000023de80e8610]
Event: 4.501 Thread 0x0000023dfcbfbc20 3218       3       jdk.internal.reflect.Reflection::filter (165 bytes)
Event: 4.502 Thread 0x0000023dfcbfbc20 nmethod 3218 0x0000023de80e8d10 code [0x0000023de80e8fa0, 0x0000023de80e9d80]
Event: 4.509 Thread 0x0000023dfcbfbc20 3219       3       org.gradle.internal.event.DefaultListenerManager$EventBroadcast::maybeAdd (27 bytes)
Event: 4.510 Thread 0x0000023dfcbfbc20 nmethod 3219 0x0000023de80ea190 code [0x0000023de80ea360, 0x0000023de80ea6a8]
Event: 4.511 Thread 0x0000023dfcbfbc20 3220       3       java.lang.invoke.DirectMethodHandle$Holder::invokeStatic (24 bytes)
Event: 4.511 Thread 0x0000023dfcbfbc20 nmethod 3220 0x0000023de80ea790 code [0x0000023de80ea960, 0x0000023de80eaed0]
Event: 4.517 Thread 0x0000023dfcbfb550 3221       3       java.lang.invoke.MethodHandles$Lookup::getDirectMethod (18 bytes)
Event: 4.517 Thread 0x0000023dfcbfb550 nmethod 3221 0x0000023de80eb010 code [0x0000023de80eb1c0, 0x0000023de80eb310]
Event: 4.527 Thread 0x0000023dfcbfc2f0 3224       4       jdk.internal.org.objectweb.asm.MethodWriter::visitFieldInsn (258 bytes)
Event: 4.528 Thread 0x0000023dfcbfbc20 3226       3       java.lang.invoke.LambdaForm$Name::<init> (23 bytes)
Event: 4.539 Thread 0x0000023dfcbfc9c0 3227       3       java.util.concurrent.TimeUnit::toNanos (45 bytes)
Event: 4.648 Thread 0x0000023dfcbfde30 3229       3       jdk.internal.misc.Unsafe::putReferenceOpaque (9 bytes)
Event: 4.663 Thread 0x0000023dfcbfb550 3230       3       java.util.concurrent.locks.AbstractQueuedSynchronizer$ConditionObject::canReacquire (38 bytes)

GC Heap History (6 events):
Event: 0.540 GC heap before
{Heap before GC invocations=0 (full 0):
 garbage-first heap   total 227328K, used 22528K [0x0000000080000000, 0x0000000100000000)
  region size 1024K, 23 young (23552K), 0 survivors (0K)
 Metaspace       used 1081K, committed 1216K, reserved 1114112K
  class space    used 81K, committed 128K, reserved 1048576K
}
Event: 0.542 GC heap after
{Heap after GC invocations=1 (full 0):
 garbage-first heap   total 227328K, used 2297K [0x0000000080000000, 0x0000000100000000)
  region size 1024K, 3 young (3072K), 3 survivors (3072K)
 Metaspace       used 1081K, committed 1216K, reserved 1114112K
  class space    used 81K, committed 128K, reserved 1048576K
}
Event: 1.473 GC heap before
{Heap before GC invocations=1 (full 0):
 garbage-first heap   total 227328K, used 41209K [0x0000000080000000, 0x0000000100000000)
  region size 1024K, 39 young (39936K), 3 survivors (3072K)
 Metaspace       used 4456K, committed 4608K, reserved 1114112K
  class space    used 560K, committed 640K, reserved 1048576K
}
Event: 1.476 GC heap after
{Heap after GC invocations=2 (full 0):
 garbage-first heap   total 227328K, used 11096K [0x0000000080000000, 0x0000000100000000)
  region size 1024K, 5 young (5120K), 5 survivors (5120K)
 Metaspace       used 4456K, committed 4608K, reserved 1114112K
  class space    used 560K, committed 640K, reserved 1048576K
}
Event: 2.383 GC heap before
{Heap before GC invocations=2 (full 0):
 garbage-first heap   total 227328K, used 63320K [0x0000000080000000, 0x0000000100000000)
  region size 1024K, 54 young (55296K), 5 survivors (5120K)
 Metaspace       used 6551K, committed 6848K, reserved 1114112K
  class space    used 880K, committed 1024K, reserved 1048576K
}
Event: 2.388 GC heap after
{Heap after GC invocations=3 (full 0):
 garbage-first heap   total 227328K, used 17868K [0x0000000080000000, 0x0000000100000000)
  region size 1024K, 6 young (6144K), 6 survivors (6144K)
 Metaspace       used 6551K, committed 6848K, reserved 1114112K
  class space    used 880K, committed 1024K, reserved 1048576K
}

Dll operation events (14 events):
Event: 0.011 Loaded shared library C:\Users\lenovo\.vscode\extensions\redhat.java-1.53.0-win32-x64\jre\21.0.10-win32-x86_64\bin\java.dll
Event: 0.073 Loaded shared library C:\Users\lenovo\.vscode\extensions\redhat.java-1.53.0-win32-x64\jre\21.0.10-win32-x86_64\bin\zip.dll
Event: 0.094 Loaded shared library C:\Users\lenovo\.vscode\extensions\redhat.java-1.53.0-win32-x64\jre\21.0.10-win32-x86_64\bin\instrument.dll
Event: 0.100 Loaded shared library C:\Users\lenovo\.vscode\extensions\redhat.java-1.53.0-win32-x64\jre\21.0.10-win32-x86_64\bin\net.dll
Event: 0.102 Loaded shared library C:\Users\lenovo\.vscode\extensions\redhat.java-1.53.0-win32-x64\jre\21.0.10-win32-x86_64\bin\nio.dll
Event: 0.105 Loaded shared library C:\Users\lenovo\.vscode\extensions\redhat.java-1.53.0-win32-x64\jre\21.0.10-win32-x86_64\bin\zip.dll
Event: 0.472 Loaded shared library C:\Users\lenovo\.vscode\extensions\redhat.java-1.53.0-win32-x64\jre\21.0.10-win32-x86_64\bin\jimage.dll
Event: 0.730 Loaded shared library C:\Users\lenovo\.vscode\extensions\redhat.java-1.53.0-win32-x64\jre\21.0.10-win32-x86_64\bin\verify.dll
Event: 0.852 Loaded shared library C:\Users\lenovo\.gradle\native\1def1411415f61bf3af743bc5b6707747c0891f09f0c88961ee8f79bc544acac\windows-amd64\native-platform.dll
Event: 0.868 Loaded shared library C:\Users\lenovo\.gradle\native\0.2.7\x86_64-windows-gnu\gradle-fileevents.dll
Event: 2.359 Loaded shared library C:\Users\lenovo\.vscode\extensions\redhat.java-1.53.0-win32-x64\jre\21.0.10-win32-x86_64\bin\management.dll
Event: 2.361 Loaded shared library C:\Users\lenovo\.vscode\extensions\redhat.java-1.53.0-win32-x64\jre\21.0.10-win32-x86_64\bin\management_ext.dll
Event: 2.507 Loaded shared library C:\Users\lenovo\.vscode\extensions\redhat.java-1.53.0-win32-x64\jre\21.0.10-win32-x86_64\bin\extnet.dll
Event: 2.726 Loaded shared library C:\Users\lenovo\.vscode\extensions\redhat.java-1.53.0-win32-x64\jre\21.0.10-win32-x86_64\bin\sunmscapi.dll

Deoptimization events (20 events):
Event: 3.917 Thread 0x0000023dfe8bac80 DEOPT PACKING pc=0x0000023de7f63161 sp=0x0000008c898fbcb0
Event: 3.917 Thread 0x0000023dfe8bac80 DEOPT UNPACKING pc=0x0000023deef24bc2 sp=0x0000008c898fb1c0 mode 0
Event: 3.931 Thread 0x0000023dfe8bac80 DEOPT PACKING pc=0x0000023de7f63161 sp=0x0000008c898fb6f0
Event: 3.931 Thread 0x0000023dfe8bac80 DEOPT UNPACKING pc=0x0000023deef24bc2 sp=0x0000008c898fac00 mode 0
Event: 4.456 Thread 0x0000023dfe8bac80 Uncommon trap: trap_request=0xffffff45 fr.pc=0x0000023def768588 relative=0x00000000000000e8
Event: 4.456 Thread 0x0000023dfe8bac80 Uncommon trap: reason=unstable_if action=reinterpret pc=0x0000023def768588 method=java.util.Arrays.equals([Ljava/lang/Object;[Ljava/lang/Object;)Z @ 44 c2
Event: 4.456 Thread 0x0000023dfe8bac80 DEOPT PACKING pc=0x0000023def768588 sp=0x0000008c898fb810
Event: 4.456 Thread 0x0000023dfe8bac80 DEOPT UNPACKING pc=0x0000023deef24422 sp=0x0000008c898fb7b0 mode 2
Event: 4.456 Thread 0x0000023dfe8bac80 Uncommon trap: trap_request=0xffffff45 fr.pc=0x0000023def7a6394 relative=0x00000000000001b4
Event: 4.456 Thread 0x0000023dfe8bac80 Uncommon trap: reason=unstable_if action=reinterpret pc=0x0000023def7a6394 method=java.util.HashMap.getNode(Ljava/lang/Object;)Ljava/util/HashMap$Node; @ 131 c2
Event: 4.456 Thread 0x0000023dfe8bac80 DEOPT PACKING pc=0x0000023def7a6394 sp=0x0000008c898fb8d0
Event: 4.456 Thread 0x0000023dfe8bac80 DEOPT UNPACKING pc=0x0000023deef24422 sp=0x0000008c898fb7f0 mode 2
Event: 4.456 Thread 0x0000023dfe8bac80 Uncommon trap: trap_request=0xffffff45 fr.pc=0x0000023def79cb88 relative=0x0000000000000768
Event: 4.456 Thread 0x0000023dfe8bac80 Uncommon trap: reason=unstable_if action=reinterpret pc=0x0000023def79cb88 method=java.util.HashMap.putVal(ILjava/lang/Object;Ljava/lang/Object;ZZ)Ljava/lang/Object; @ 206 c2
Event: 4.456 Thread 0x0000023dfe8bac80 DEOPT PACKING pc=0x0000023def79cb88 sp=0x0000008c898fb800
Event: 4.456 Thread 0x0000023dfe8bac80 DEOPT UNPACKING pc=0x0000023deef24422 sp=0x0000008c898fb788 mode 2
Event: 4.460 Thread 0x0000023dfe8bac80 Uncommon trap: trap_request=0xffffff45 fr.pc=0x0000023def7a4710 relative=0x00000000000002b0
Event: 4.460 Thread 0x0000023dfe8bac80 Uncommon trap: reason=unstable_if action=reinterpret pc=0x0000023def7a4710 method=java.util.HashMap.getNode(Ljava/lang/Object;)Ljava/util/HashMap$Node; @ 131 c2
Event: 4.460 Thread 0x0000023dfe8bac80 DEOPT PACKING pc=0x0000023def7a4710 sp=0x0000008c898fb870
Event: 4.460 Thread 0x0000023dfe8bac80 DEOPT UNPACKING pc=0x0000023deef24422 sp=0x0000008c898fb7f0 mode 2

Classes loaded (20 events):
Event: 4.011 Loading class java/io/ObjectStreamConstants done
Event: 4.011 Loading class java/io/ObjectInputStream done
Event: 4.012 Loading class java/io/ObjectOutputStream
Event: 4.013 Loading class java/io/ObjectOutput
Event: 4.013 Loading class java/io/ObjectOutput done
Event: 4.013 Loading class java/io/ObjectOutputStream done
Event: 4.342 Loading class javax/xml/parsers/ParserConfigurationException
Event: 4.342 Loading class javax/xml/parsers/ParserConfigurationException done
Event: 4.343 Loading class org/xml/sax/SAXException
Event: 4.343 Loading class org/xml/sax/SAXException done
Event: 4.343 Loading class javax/xml/xpath/XPathExpressionException
Event: 4.343 Loading class javax/xml/xpath/XPathException
Event: 4.343 Loading class javax/xml/xpath/XPathException done
Event: 4.343 Loading class javax/xml/xpath/XPathExpressionException done
Event: 4.343 Loading class org/xml/sax/ErrorHandler
Event: 4.343 Loading class org/xml/sax/ErrorHandler done
Event: 4.357 Loading class java/nio/file/AtomicMoveNotSupportedException
Event: 4.357 Loading class java/nio/file/AtomicMoveNotSupportedException done
Event: 4.508 Loading class java/lang/ThreadLocal$SuppliedThreadLocal
Event: 4.508 Loading class java/lang/ThreadLocal$SuppliedThreadLocal done

Classes unloaded (0 events):
No events

Classes redefined (0 events):
No events

Internal exceptions (20 events):
Event: 3.614 Thread 0x0000023dfe8bac80 Exception <a 'java/lang/NoSuchMethodError'{0x000000008acf7dc0}: 'int java.lang.invoke.DirectMethodHandle$Holder.invokeStatic(java.lang.Object, java.lang.Object, java.lang.Object, java.lang.Object)'> (0x000000008acf7dc0) 
thrown [s\src\hotspot\share\interpreter\linkResolver.cpp, line 773]
Event: 3.680 Thread 0x0000023dfe8bac80 Exception <a 'java/lang/NoSuchMethodError'{0x000000008a973790}: 'java.lang.Object java.lang.invoke.DelegatingMethodHandle$Holder.reinvoke_L(java.lang.Object, java.lang.Object, java.lang.Object, java.lang.Object, java.lang.Object, java.lang.Object, java.lang.Object, java.lang.Object, java.lang.Object, java.lang.Object, java.lang.Object, java.lang.Object, java.lang.Object, java.lang.Object, java.lang.Object, java.lang.Object, java.lang.Object, java.lang.Object, java.lang.Object, java.lang.Object, java.lang.O
Event: 3.685 Thread 0x0000023dfe8bac80 Exception <a 'java/lang/NoSuchMethodError'{0x000000008a9e26f8}: 'java.lang.Object java.lang.invoke.DirectMethodHandle$Holder.invokeStatic(java.lang.Object, java.lang.Object, java.lang.Object, java.lang.Object, java.lang.Object, java.lang.Object, java.lang.Object, java.lang.Object, java.lang.Object, java.lang.Object, java.lang.Object, java.lang.Object, java.lang.Object, java.lang.Object, java.lang.Object, java.lang.Object, java.lang.Object)'> (0x000000008a9e26f8) 
thrown [s\src\hotspot\share\interpreter\lin
Event: 3.687 Thread 0x0000023dfe8bac80 Exception <a 'java/lang/NoSuchMethodError'{0x000000008a80b708}: 'java.lang.Object java.lang.invoke.DirectMethodHandle$Holder.invokeStatic(java.lang.Object, java.lang.Object, java.lang.Object, java.lang.Object, java.lang.Object, java.lang.Object, java.lang.Object, java.lang.Object, java.lang.Object, java.lang.Object, java.lang.Object, java.lang.Object, java.lang.Object, java.lang.Object, java.lang.Object, java.lang.Object, java.lang.Object, java.lang.Object)'> (0x000000008a80b708) 
thrown [s\src\hotspot\sha
Event: 3.689 Thread 0x0000023dfe8bac80 Exception <a 'java/lang/NoSuchMethodError'{0x000000008a835948}: 'java.lang.Object java.lang.invoke.DirectMethodHandle$Holder.invokeStatic(java.lang.Object, java.lang.Object, java.lang.Object, java.lang.Object, java.lang.Object, java.lang.Object, java.lang.Object, java.lang.Object, java.lang.Object, java.lang.Object, java.lang.Object, java.lang.Object, java.lang.Object, java.lang.Object, java.lang.Object, java.lang.Object, java.lang.Object, java.lang.Object, java.lang.Object)'> (0x000000008a835948) 
thrown 
Event: 3.691 Thread 0x0000023dfe8bac80 Exception <a 'java/lang/NoSuchMethodError'{0x000000008a861008}: 'java.lang.Object java.lang.invoke.DirectMethodHandle$Holder.invokeStatic(java.lang.Object, java.lang.Object, java.lang.Object, java.lang.Object, java.lang.Object, java.lang.Object, java.lang.Object, java.lang.Object, java.lang.Object, java.lang.Object, java.lang.Object, java.lang.Object, java.lang.Object, java.lang.Object, java.lang.Object, java.lang.Object, java.lang.Object, java.lang.Object, java.lang.Object, java.lang.Object)'> (0x00000000
Event: 3.692 Thread 0x0000023dfe8bac80 Exception <a 'java/lang/NoSuchMethodError'{0x000000008a88db10}: 'java.lang.Object java.lang.invoke.DirectMethodHandle$Holder.invokeStatic(java.lang.Object, java.lang.Object, java.lang.Object, java.lang.Object, java.lang.Object, java.lang.Object, java.lang.Object, java.lang.Object, java.lang.Object, java.lang.Object, java.lang.Object, java.lang.Object, java.lang.Object, java.lang.Object, java.lang.Object, java.lang.Object, java.lang.Object, java.lang.Object, java.lang.Object, java.lang.Object, java.lang.Obj
Event: 3.695 Thread 0x0000023dfe8bac80 Exception <a 'java/lang/NoSuchMethodError'{0x000000008a8bb5b8}: 'java.lang.Object java.lang.invoke.DirectMethodHandle$Holder.invokeStatic(java.lang.Object, java.lang.Object, java.lang.Object, java.lang.Object, java.lang.Object, java.lang.Object, java.lang.Object, java.lang.Object, java.lang.Object, java.lang.Object, java.lang.Object, java.lang.Object, java.lang.Object, java.lang.Object, java.lang.Object, java.lang.Object, java.lang.Object, java.lang.Object, java.lang.Object, java.lang.Object, java.lang.Obj
Event: 3.697 Thread 0x0000023dfe8bac80 Exception <a 'java/lang/NoSuchMethodError'{0x000000008a8ea0f0}: 'java.lang.Object java.lang.invoke.DirectMethodHandle$Holder.invokeStatic(java.lang.Object, java.lang.Object, java.lang.Object, java.lang.Object, java.lang.Object, java.lang.Object, java.lang.Object, java.lang.Object, java.lang.Object, java.lang.Object, java.lang.Object, java.lang.Object, java.lang.Object, java.lang.Object, java.lang.Object, java.lang.Object, java.lang.Object, java.lang.Object, java.lang.Object, java.lang.Object, java.lang.Obj
Event: 3.700 Thread 0x0000023dfe8bac80 Exception <a 'java/lang/NoSuchMethodError'{0x000000008a119e00}: 'java.lang.Object java.lang.invoke.DirectMethodHandle$Holder.invokeStatic(java.lang.Object, java.lang.Object, java.lang.Object, java.lang.Object, java.lang.Object, java.lang.Object, java.lang.Object, java.lang.Object, java.lang.Object, java.lang.Object, java.lang.Object, java.lang.Object, java.lang.Object, java.lang.Object, java.lang.Object, java.lang.Object, java.lang.Object, java.lang.Object, java.lang.Object, java.lang.Object, java.lang.Obj
Event: 3.701 Thread 0x0000023dfe8bac80 Exception <a 'java/lang/NoSuchMethodError'{0x000000008a14a580}: 'java.lang.Object java.lang.invoke.DirectMethodHandle$Holder.invokeStatic(java.lang.Object, java.lang.Object, java.lang.Object, java.lang.Object, java.lang.Object, java.lang.Object, java.lang.Object, java.lang.Object, java.lang.Object, java.lang.Object, java.lang.Object, java.lang.Object, java.lang.Object, java.lang.Object, java.lang.Object, java.lang.Object, java.lang.Object, java.lang.Object, java.lang.Object, java.lang.Object, java.lang.Obj
Event: 3.703 Thread 0x0000023dfe8bac80 Exception <a 'java/lang/NoSuchMethodError'{0x000000008a17b468}: 'java.lang.Object java.lang.invoke.DirectMethodHandle$Holder.invokeStatic(java.lang.Object, java.lang.Object, java.lang.Object, java.lang.Object, java.lang.Object, java.lang.Object, java.lang.Object, java.lang.Object, java.lang.Object, java.lang.Object, java.lang.Object, java.lang.Object, java.lang.Object, java.lang.Object, java.lang.Object, java.lang.Object, java.lang.Object, java.lang.Object, java.lang.Object, java.lang.Object, java.lang.Obj
Event: 3.706 Thread 0x0000023dfe8bac80 Exception <a 'java/lang/NoSuchMethodError'{0x000000008a1ae208}: 'java.lang.Object java.lang.invoke.DirectMethodHandle$Holder.invokeStatic(java.lang.Object, java.lang.Object, java.lang.Object, java.lang.Object, java.lang.Object, java.lang.Object, java.lang.Object, java.lang.Object, java.lang.Object, java.lang.Object, java.lang.Object, java.lang.Object, java.lang.Object, java.lang.Object, java.lang.Object, java.lang.Object, java.lang.Object, java.lang.Object, java.lang.Object, java.lang.Object, java.lang.Obj
Event: 3.990 Thread 0x0000023dfe8bac80 Exception <a 'java/lang/IncompatibleClassChangeError'{0x0000000089718fb0}: Found class java.lang.Object, but interface was expected> (0x0000000089718fb0) 
thrown [s\src\hotspot\share\interpreter\linkResolver.cpp, line 840]
Event: 3.996 Thread 0x0000023dfe8bac80 Exception <a 'java/lang/NoSuchMethodError'{0x0000000089746828}: 'java.lang.Object java.lang.invoke.DirectMethodHandle$Holder.newInvokeSpecial(java.lang.Object, java.lang.Object, java.lang.Object, java.lang.Object, java.lang.Object, java.lang.Object, java.lang.Object, java.lang.Object, java.lang.Object, java.lang.Object)'> (0x0000000089746828) 
thrown [s\src\hotspot\share\interpreter\linkResolver.cpp, line 773]
Event: 4.054 Thread 0x0000023dfe8bac80 Exception <a 'java/lang/NoSuchMethodError'{0x00000000895a3cb0}: 'int java.lang.invoke.DirectMethodHandle$Holder.invokeStaticInit(java.lang.Object, java.lang.Object, java.lang.Object)'> (0x00000000895a3cb0) 
thrown [s\src\hotspot\share\interpreter\linkResolver.cpp, line 773]
Event: 4.138 Thread 0x0000023dfe8bac80 Exception <a 'java/lang/NoSuchMethodError'{0x000000008919d798}: 'void java.lang.invoke.DirectMethodHandle$Holder.invokeVirtual(java.lang.Object, java.lang.Object, java.lang.Object, java.lang.Object, java.lang.Object)'> (0x000000008919d798) 
thrown [s\src\hotspot\share\interpreter\linkResolver.cpp, line 773]
Event: 4.310 Thread 0x0000023dfe8bac80 Exception <a 'java/lang/NoSuchMethodError'{0x0000000088a617b8}: 'java.lang.Object java.lang.invoke.DirectMethodHandle$Holder.invokeVirtual(java.lang.Object, java.lang.Object, java.lang.Object, java.lang.Object, java.lang.Object, java.lang.Object, java.lang.Object, java.lang.Object, java.lang.Object, java.lang.Object, java.lang.Object, java.lang.Object, java.lang.Object, java.lang.Object, java.lang.Object, java.lang.Object, java.lang.Object, java.lang.Object, java.lang.Object, java.lang.Object, java.lang.Ob
Event: 4.474 Thread 0x0000023dfe8bac80 Exception <a 'java/lang/NoSuchMethodError'{0x0000000088649348}: 'java.lang.Object java.lang.invoke.DirectMethodHandle$Holder.newInvokeSpecial(java.lang.Object, java.lang.Object, java.lang.Object, java.lang.Object, java.lang.Object, java.lang.Object, java.lang.Object)'> (0x0000000088649348) 
thrown [s\src\hotspot\share\interpreter\linkResolver.cpp, line 773]
Event: 4.526 Thread 0x0000023dfe8bac80 Exception <a 'java/lang/NoSuchMethodError'{0x00000000885f8f88}: 'java.lang.Object java.lang.invoke.DirectMethodHandle$Holder.invokeVirtual(java.lang.Object, java.lang.Object, java.lang.Object, java.lang.Object, java.lang.Object, java.lang.Object, java.lang.Object, java.lang.Object, java.lang.Object, java.lang.Object, java.lang.Object)'> (0x00000000885f8f88) 
thrown [s\src\hotspot\share\interpreter\linkResolver.cpp, line 773]

ZGC Phase Switch (0 events):
No events

VM Operations (20 events):
Event: 2.524 Executing non-safepoint VM operation: HandshakeAllThreads (Deoptimize)
Event: 2.524 Executing non-safepoint VM operation: HandshakeAllThreads (Deoptimize) done
Event: 2.564 Executing non-safepoint VM operation: HandshakeAllThreads (Deoptimize)
Event: 2.564 Executing non-safepoint VM operation: HandshakeAllThreads (Deoptimize) done
Event: 2.600 Executing non-safepoint VM operation: HandshakeAllThreads (Deoptimize)
Event: 2.600 Executing non-safepoint VM operation: HandshakeAllThreads (Deoptimize) done
Event: 2.730 Executing non-safepoint VM operation: HandshakeAllThreads (Deoptimize)
Event: 2.730 Executing non-safepoint VM operation: HandshakeAllThreads (Deoptimize) done
Event: 2.926 Executing safepoint VM operation: ICBufferFull
Event: 2.926 Executing safepoint VM operation: ICBufferFull done
Event: 3.401 Executing non-safepoint VM operation: HandshakeAllThreads (Deoptimize)
Event: 3.401 Executing non-safepoint VM operation: HandshakeAllThreads (Deoptimize) done
Event: 3.717 Executing non-safepoint VM operation: HandshakeAllThreads (Deoptimize)
Event: 3.717 Executing non-safepoint VM operation: HandshakeAllThreads (Deoptimize) done
Event: 3.718 Executing non-safepoint VM operation: HandshakeAllThreads (Deoptimize)
Event: 3.718 Executing non-safepoint VM operation: HandshakeAllThreads (Deoptimize) done
Event: 3.933 Executing safepoint VM operation: ICBufferFull
Event: 3.933 Executing safepoint VM operation: ICBufferFull done
Event: 4.944 Executing safepoint VM operation: Cleanup
Event: 4.944 Executing safepoint VM operation: Cleanup done

Memory protections (0 events):
No events

Nmethod flushes (0 events):
No events

Events (20 events):
Event: 0.987 Thread 0x0000023dfcbfb550 Thread added: 0x0000023dfcbfde30
Event: 1.550 Thread 0x0000023dfcbfd760 Thread exited: 0x0000023dfcbfd760
Event: 1.774 Thread 0x0000023dfcbfd090 Thread exited: 0x0000023dfcbfd090
Event: 1.799 Thread 0x0000023dfcbfc2f0 Thread exited: 0x0000023dfcbfc2f0
Event: 2.293 Thread 0x0000023dfcbfb550 Thread added: 0x0000023dfcbfc2f0
Event: 2.401 Thread 0x0000023de487ef20 Thread added: 0x0000023dfe71e370
Event: 2.629 Thread 0x0000023de487ef20 Thread added: 0x0000023dfe755d30
Event: 2.711 Thread 0x0000023de487ef20 Thread added: 0x0000023dfe7e4b00
Event: 2.763 Thread 0x0000023dfe755d30 Thread added: 0x0000023dfe82b770
Event: 2.767 Thread 0x0000023dfe82b770 Thread added: 0x0000023dfe812380
Event: 2.814 Thread 0x0000023dfe82b770 Thread added: 0x0000023dfe8ba5f0
Event: 2.825 Thread 0x0000023dfe82b770 Thread added: 0x0000023dfe8bac80
Event: 2.836 Thread 0x0000023dfe8bac80 Thread added: 0x0000023dfe8b8520
Event: 2.840 Thread 0x0000023dfe8bac80 Thread added: 0x0000023dfe8b98d0
Event: 2.844 Thread 0x0000023dfe8bac80 Thread added: 0x0000023dfe8bb310
Event: 3.402 Thread 0x0000023dfe8bac80 Thread added: 0x0000023dfe8b7e90
Event: 3.414 Thread 0x0000023dfe8bac80 Thread added: 0x0000023dfe8b8bb0
Event: 3.452 Thread 0x0000023dfe8bac80 Thread added: 0x0000023dfe8b9240
Event: 3.684 Thread 0x0000023dfcbfc9c0 Thread added: 0x0000023dfcbfd090
Event: 3.705 Thread 0x0000023dfcbfb550 Thread added: 0x0000023dfcbfd760


Dynamic libraries:
0x00007ff718e50000 - 0x00007ff718e5e000 	C:\Users\lenovo\.vscode\extensions\redhat.java-1.53.0-win32-x64\jre\21.0.10-win32-x86_64\bin\java.exe
0x00007fff5e2a0000 - 0x00007fff5e508000 	C:\WINDOWS\SYSTEM32\ntdll.dll
0x00007fff5c2d0000 - 0x00007fff5c399000 	C:\WINDOWS\System32\KERNEL32.DLL
0x00007fff5b710000 - 0x00007fff5bb01000 	C:\WINDOWS\System32\KERNELBASE.dll
0x00007fff5be40000 - 0x00007fff5bf8b000 	C:\WINDOWS\System32\ucrtbase.dll
0x00007fff4eb30000 - 0x00007fff4eb4e000 	C:\Users\lenovo\.vscode\extensions\redhat.java-1.53.0-win32-x64\jre\21.0.10-win32-x86_64\bin\VCRUNTIME140.dll
0x00007fff55aa0000 - 0x00007fff55ab8000 	C:\Users\lenovo\.vscode\extensions\redhat.java-1.53.0-win32-x64\jre\21.0.10-win32-x86_64\bin\jli.dll
0x00007fff5da20000 - 0x00007fff5dbe6000 	C:\WINDOWS\System32\USER32.dll
0x00007fff5ae70000 - 0x00007fff5ae97000 	C:\WINDOWS\System32\win32u.dll
0x00007fff5c460000 - 0x00007fff5c48b000 	C:\WINDOWS\System32\GDI32.dll
0x00007fff5bc50000 - 0x00007fff5bd7b000 	C:\WINDOWS\System32\gdi32full.dll
0x00007fff40870000 - 0x00007fff40b03000 	C:\WINDOWS\WinSxS\amd64_microsoft.windows.common-controls_6595b64144ccf1df_6.0.26100.7824_none_3e0870b2e3345462\COMCTL32.dll
0x00007fff5bf90000 - 0x00007fff5c033000 	C:\WINDOWS\System32\msvcp_win.dll
0x00007fff5d3f0000 - 0x00007fff5d499000 	C:\WINDOWS\System32\msvcrt.dll
0x00007fff5d330000 - 0x00007fff5d361000 	C:\WINDOWS\System32\IMM32.DLL
0x00007fff55a90000 - 0x00007fff55a9c000 	C:\Users\lenovo\.vscode\extensions\redhat.java-1.53.0-win32-x64\jre\21.0.10-win32-x86_64\bin\vcruntime140_1.dll
0x00007fff37980000 - 0x00007fff37a0d000 	C:\Users\lenovo\.vscode\extensions\redhat.java-1.53.0-win32-x64\jre\21.0.10-win32-x86_64\bin\msvcp140.dll
0x00007ffea22f0000 - 0x00007ffea3091000 	C:\Users\lenovo\.vscode\extensions\redhat.java-1.53.0-win32-x64\jre\21.0.10-win32-x86_64\bin\server\jvm.dll
0x00007fff5d4a0000 - 0x00007fff5d554000 	C:\WINDOWS\System32\ADVAPI32.dll
0x00007fff5c3b0000 - 0x00007fff5c456000 	C:\WINDOWS\System32\sechost.dll
0x00007fff5dbf0000 - 0x00007fff5dd08000 	C:\WINDOWS\System32\RPCRT4.dll
0x00007fff5c490000 - 0x00007fff5c504000 	C:\WINDOWS\System32\WS2_32.dll
0x00007fff5a830000 - 0x00007fff5a88e000 	C:\WINDOWS\SYSTEM32\POWRPROF.dll
0x00007fff58600000 - 0x00007fff58635000 	C:\WINDOWS\SYSTEM32\WINMM.dll
0x00007fff52e30000 - 0x00007fff52e3b000 	C:\WINDOWS\SYSTEM32\VERSION.dll
0x00007fff5a810000 - 0x00007fff5a824000 	C:\WINDOWS\SYSTEM32\UMPDC.dll
0x00007fff59920000 - 0x00007fff5993b000 	C:\WINDOWS\SYSTEM32\kernel.appcore.dll
0x00007fff4e9e0000 - 0x00007fff4e9ea000 	C:\Users\lenovo\.vscode\extensions\redhat.java-1.53.0-win32-x64\jre\21.0.10-win32-x86_64\bin\jimage.dll
0x00007fff582f0000 - 0x00007fff58532000 	C:\WINDOWS\SYSTEM32\DBGHELP.DLL
0x00007fff5c660000 - 0x00007fff5c9e6000 	C:\WINDOWS\System32\combase.dll
0x00007fff5d250000 - 0x00007fff5d327000 	C:\WINDOWS\System32\OLEAUT32.dll
0x00007fff58570000 - 0x00007fff585ab000 	C:\WINDOWS\SYSTEM32\dbgcore.DLL
0x00007fff5bb10000 - 0x00007fff5bbb5000 	C:\WINDOWS\System32\bcryptPrimitives.dll
0x00007fff4e980000 - 0x00007fff4e98f000 	C:\Users\lenovo\.vscode\extensions\redhat.java-1.53.0-win32-x64\jre\21.0.10-win32-x86_64\bin\instrument.dll
0x00007fff37b00000 - 0x00007fff37b20000 	C:\Users\lenovo\.vscode\extensions\redhat.java-1.53.0-win32-x64\jre\21.0.10-win32-x86_64\bin\java.dll
0x00007fff5caf0000 - 0x00007fff5d242000 	C:\WINDOWS\System32\SHELL32.dll
0x00007fff5ab80000 - 0x00007fff5acea000 	C:\WINDOWS\System32\wintypes.dll
0x00007fff5aea0000 - 0x00007fff5b703000 	C:\WINDOWS\System32\windows.storage.dll
0x00007fff5c9f0000 - 0x00007fff5cae6000 	C:\WINDOWS\System32\SHCORE.dll
0x00007fff5c040000 - 0x00007fff5c0a7000 	C:\WINDOWS\System32\shlwapi.dll
0x00007fff5aaa0000 - 0x00007fff5aac9000 	C:\WINDOWS\SYSTEM32\profapi.dll
0x00007fff4e9c0000 - 0x00007fff4e9d8000 	C:\Users\lenovo\.vscode\extensions\redhat.java-1.53.0-win32-x64\jre\21.0.10-win32-x86_64\bin\zip.dll
0x00007fff4e9b0000 - 0x00007fff4e9c0000 	C:\Users\lenovo\.vscode\extensions\redhat.java-1.53.0-win32-x64\jre\21.0.10-win32-x86_64\bin\net.dll
0x00007fff53400000 - 0x00007fff53527000 	C:\WINDOWS\SYSTEM32\WINHTTP.dll
0x00007fff59e90000 - 0x00007fff59efb000 	C:\WINDOWS\system32\mswsock.dll
0x00007fff4e990000 - 0x00007fff4e9a6000 	C:\Users\lenovo\.vscode\extensions\redhat.java-1.53.0-win32-x64\jre\21.0.10-win32-x86_64\bin\nio.dll
0x00007fff4e970000 - 0x00007fff4e980000 	C:\Users\lenovo\.vscode\extensions\redhat.java-1.53.0-win32-x64\jre\21.0.10-win32-x86_64\bin\verify.dll
0x00007fff4ea80000 - 0x00007fff4eaa7000 	C:\Users\lenovo\.gradle\native\1def1411415f61bf3af743bc5b6707747c0891f09f0c88961ee8f79bc544acac\windows-amd64\native-platform.dll
0x00007fff1ee10000 - 0x00007fff1ee88000 	C:\Users\lenovo\.gradle\native\0.2.7\x86_64-windows-gnu\gradle-fileevents.dll
0x00007fff37b40000 - 0x00007fff37b4a000 	C:\Users\lenovo\.vscode\extensions\redhat.java-1.53.0-win32-x64\jre\21.0.10-win32-x86_64\bin\management.dll
0x00007fff37b30000 - 0x00007fff37b3c000 	C:\Users\lenovo\.vscode\extensions\redhat.java-1.53.0-win32-x64\jre\21.0.10-win32-x86_64\bin\management_ext.dll
0x00007fff5c3a0000 - 0x00007fff5c3a8000 	C:\WINDOWS\System32\PSAPI.DLL
0x00007fff593d0000 - 0x00007fff59404000 	C:\WINDOWS\SYSTEM32\IPHLPAPI.DLL
0x00007fff5d560000 - 0x00007fff5d56a000 	C:\WINDOWS\System32\NSI.dll
0x00007fff37af0000 - 0x00007fff37af9000 	C:\Users\lenovo\.vscode\extensions\redhat.java-1.53.0-win32-x64\jre\21.0.10-win32-x86_64\bin\extnet.dll
0x00007fff5a160000 - 0x00007fff5a17b000 	C:\WINDOWS\SYSTEM32\CRYPTSP.dll
0x00007fff59880000 - 0x00007fff598b9000 	C:\WINDOWS\system32\rsaenh.dll
0x00007fff59f40000 - 0x00007fff59f6b000 	C:\WINDOWS\SYSTEM32\USERENV.dll
0x00007fff5aa70000 - 0x00007fff5aa9a000 	C:\WINDOWS\SYSTEM32\bcrypt.dll
0x00007fff5a180000 - 0x00007fff5a18c000 	C:\WINDOWS\SYSTEM32\CRYPTBASE.dll
0x00007fff37b20000 - 0x00007fff37b2e000 	C:\Users\lenovo\.vscode\extensions\redhat.java-1.53.0-win32-x64\jre\21.0.10-win32-x86_64\bin\sunmscapi.dll
0x00007fff5acf0000 - 0x00007fff5ae67000 	C:\WINDOWS\System32\CRYPT32.dll
0x00007fff5a380000 - 0x00007fff5a3b0000 	C:\WINDOWS\SYSTEM32\ncrypt.dll
0x00007fff5a330000 - 0x00007fff5a36f000 	C:\WINDOWS\SYSTEM32\NTASN1.dll
0x00007ffec6e40000 - 0x00007ffec6e48000 	C:\WINDOWS\system32\wshunix.dll

JVMTI agents:
C:\Users\lenovo\.gradle\wrapper\dists\gradle-8.13-bin\5xuhj0ry160q40clulazy9h7d\gradle-8.13\lib\agents\gradle-instrumentation-agent-8.13.jar path:C:\Users\lenovo\.vscode\extensions\redhat.java-1.53.0-win32-x64\jre\21.0.10-win32-x86_64\bin\instrument.dll, loaded, initialized, instrumentlib options:none

dbghelp: loaded successfully - version: 4.0.5 - missing functions: none
symbol engine: initialized successfully - sym options: 0x614 - pdb path: .;C:\Users\lenovo\.vscode\extensions\redhat.java-1.53.0-win32-x64\jre\21.0.10-win32-x86_64\bin;C:\WINDOWS\SYSTEM32;C:\WINDOWS\WinSxS\amd64_microsoft.windows.common-controls_6595b64144ccf1df_6.0.26100.7824_none_3e0870b2e3345462;C:\Users\lenovo\.vscode\extensions\redhat.java-1.53.0-win32-x64\jre\21.0.10-win32-x86_64\bin\server;C:\Users\lenovo\.gradle\native\1def1411415f61bf3af743bc5b6707747c0891f09f0c88961ee8f79bc544acac\windows-amd64;C:\Users\lenovo\.gradle\native\0.2.7\x86_64-windows-gnu

VM Arguments:
jvm_args: --add-opens=java.base/java.lang=ALL-UNNAMED --add-opens=java.base/java.lang.invoke=ALL-UNNAMED --add-opens=java.base/java.util=ALL-UNNAMED --add-opens=java.prefs/java.util.prefs=ALL-UNNAMED --add-exports=jdk.compiler/com.sun.tools.javac.api=ALL-UNNAMED --add-exports=jdk.compiler/com.sun.tools.javac.util=ALL-UNNAMED --add-opens=java.base/java.util=ALL-UNNAMED --add-opens=java.prefs/java.util.prefs=ALL-UNNAMED --add-opens=java.base/java.nio.charset=ALL-UNNAMED --add-opens=java.base/java.net=ALL-UNNAMED --add-opens=java.base/java.util.concurrent.atomic=ALL-UNNAMED --add-opens=java.xml/javax.xml.namespace=ALL-UNNAMED -Xmx2048m -Dfile.encoding=UTF-8 -Duser.country=US -Duser.language=en -Duser.variant -javaagent:C:\Users\lenovo\.gradle\wrapper\dists\gradle-8.13-bin\5xuhj0ry160q40clulazy9h7d\gradle-8.13\lib\agents\gradle-instrumentation-agent-8.13.jar 
java_command: org.gradle.launcher.daemon.bootstrap.GradleDaemon 8.13
java_class_path (initial): C:\Users\lenovo\.gradle\wrapper\dists\gradle-8.13-bin\5xuhj0ry160q40clulazy9h7d\gradle-8.13\lib\gradle-daemon-main-8.13.jar
Launcher Type: SUN_STANDARD

[Global flags]
     intx CICompilerCount                          = 12                                        {product} {ergonomic}
     uint ConcGCThreads                            = 3                                         {product} {ergonomic}
     uint G1ConcRefinementThreads                  = 13                                        {product} {ergonomic}
   size_t G1HeapRegionSize                         = 1048576                                   {product} {ergonomic}
    uintx GCDrainStackTargetSize                   = 64                                        {product} {ergonomic}
   size_t InitialHeapSize                          = 232783872                                 {product} {ergonomic}
   size_t MarkStackSize                            = 4194304                                   {product} {ergonomic}
   size_t MaxHeapSize                              = 2147483648                                {product} {command line}
   size_t MaxNewSize                               = 1287651328                                {product} {ergonomic}
   size_t MinHeapDeltaBytes                        = 1048576                                   {product} {ergonomic}
   size_t MinHeapSize                              = 8388608                                   {product} {ergonomic}
    uintx NonNMethodCodeHeapSize                   = 7602480                                {pd product} {ergonomic}
    uintx NonProfiledCodeHeapSize                  = 122027880                              {pd product} {ergonomic}
    uintx ProfiledCodeHeapSize                     = 122027880                              {pd product} {ergonomic}
    uintx ReservedCodeCacheSize                    = 251658240                              {pd product} {ergonomic}
     bool SegmentedCodeCache                       = true                                      {product} {ergonomic}
   size_t SoftMaxHeapSize                          = 2147483648                             {manageable} {ergonomic}
     bool UseCompressedOops                        = true                           {product lp64_product} {ergonomic}
     bool UseG1GC                                  = true                                      {product} {ergonomic}
     bool UseLargePagesIndividualAllocation        = false                                  {pd product} {ergonomic}

Logging:
Log output configuration:
 #0: stdout all=warning uptime,level,tags foldmultilines=false
 #1: stderr all=off uptime,level,tags foldmultilines=false

Release file:
JAVA_VERSION="21.0.10" 
MODULES="java.base java.compiler java.datatransfer java.xml java.prefs java.desktop java.instrument java.logging java.management java.security.sasl java.naming java.rmi java.management.rmi java.net.http java.scripting java.security.jgss java.transaction.xa java.sql java.sql.rowset java.xml.crypto java.se java.smartcardio jdk.accessibility jdk.internal.jvmstat jdk.attach jdk.charsets jdk.internal.opt jdk.zipfs jdk.compiler jdk.crypto.ec jdk.crypto.cryptoki jdk.crypto.mscapi jdk.dynalink jdk.internal.ed jdk.editpad jdk.hotspot.agent jdk.httpserver jdk.internal.le jdk.internal.vm.ci jdk.internal.vm.compiler jdk.internal.vm.compiler.management jdk.jartool jdk.javadoc jdk.jcmd jdk.management jdk.management.agent jdk.jconsole jdk.jdeps jdk.jdwp.agent jdk.jdi jdk.jfr jdk.jshell jdk.jsobject jdk.jstatd jdk.localedata jdk.management.jfr jdk.naming.dns jdk.naming.rmi jdk.net jdk.nio.mapmode jdk.random jdk.sctp jdk.security.auth jdk.security.jgss jdk.unsupported jdk.unsupported.desktop jdk.xml.dom" 

Environment Variables:
PATH=%JAVA_HOME%\bin;C:\WINDOWS\system32;C:\WINDOWS;C:\WINDOWS\System32\Wbem;C:\WINDOWS\System32\WindowsPowerShell\v1.0\;C:\WINDOWS\System32\OpenSSH\;C:\Program Files\Git\cmd;C:\Users\lenovo\AppData\Local\Microsoft\WindowsApps;C:\Users\lenovo\AppData\Local\Programs\Microsoft VS Code\bin;C:\Users\lenovo\AppData\Local\GitHubDesktop\bin;C:\MinGW\bin;D:\advjava\apache-maven-3.9.9-bin (1)\apache-maven-3.9.9\bin;D:\checkstyle;C:\Program Files\dotnet\;C:\Program Files\Java\javafx-sdk-21.0.7\lib;C:\Program Files\Void\bin;C:\Program Files\nodejs\;C:\Program Files\Docker\Docker\resources\bin;C:\Users\lenovo\AppData\Local\Programs\Python\Python312\Scripts\;C:\Users\lenovo\AppData\Local\Programs\Python\Python312\;C:\Program Files\Java\jdk-25\bin;C:\Users\lenovo\.lmstudio\bin;C:\Users\lenovo\AppData\Local\Programs\Antigravity\bin;C:\Users\lenovo\.dotnet\tools;C:\Users\lenovo\AppData\Roaming\npm;C:\Program Files\JetBrains\IntelliJ IDEA 2025.3.3\bin
USERNAME=lenovo
OS=Windows_NT
PROCESSOR_IDENTIFIER=AMD64 Family 25 Model 80 Stepping 0, AuthenticAMD
TMP=C:\Users\lenovo\AppData\Local\Temp
TEMP=C:\Users\lenovo\AppData\Local\Temp




Periodic native trim disabled

---------------  S Y S T E M  ---------------

OS:
 Windows 11 , 64 bit Build 26100 (10.0.26100.7705)
OS uptime: 0 days 1:49 hours
Hyper-V role detected

CPU: total 16 (initial active 16) (16 cores per cpu, 2 threads per core) family 25 model 80 stepping 0 microcode 0xa50000d, cx8, cmov, fxsr, ht, mmx, 3dnowpref, sse, sse2, sse3, ssse3, sse4a, sse4.1, sse4.2, popcnt, lzcnt, tsc, tscinvbit, avx, avx2, aes, erms, clmul, bmi1, bmi2, adx, sha, fma, vzeroupper, clflush, clflushopt, hv, rdtscp, rdpid, fsrm, f16c, cet_ss
Processor Information for the first 16 processors :
  Max Mhz: 2000, Current Mhz: 2000, Mhz Limit: 2000

Memory: 4k page, system-wide physical 14173M (2365M free)
TotalPageFile size 18269M (AvailPageFile size 27M)
current process WorkingSet (physical memory assigned to process): 261M, peak: 261M
current process commit charge ("private bytes"): 437M, peak: 437M

vm_info: OpenJDK 64-Bit Server VM (21.0.10+7-LTS) for windows-amd64 JRE (21.0.10+7-LTS), built on 2026-01-20T00:00:00Z by "admin" with MS VC++ 17.12 (VS2022)

END.
