#
# There is insufficient memory for the Java Runtime Environment to continue.
# Native memory allocation (malloc) failed to allocate 1635584 bytes for Chunk::new
# Possible reasons:
#   The system is out of physical RAM or swap space
#   The process is running with CompressedOops enabled, and the Java Heap may be blocking the growth of the native heap
# Possible solutions:
#   Reduce memory load on the system
#   Increase physical memory or swap space
#   Check if swap backing store is full
#   Decrease Java heap size (-Xmx/-Xms)
#   Decrease number of Java threads
#   Decrease Java thread stack sizes (-Xss)
#   Set larger code cache with -XX:ReservedCodeCacheSize=
#   JVM is running with Unscaled Compressed Oops mode in which the Java heap is
#     placed in the first 4GB address space. The Java Heap base address is the
#     maximum limit for the native heap growth. Please use -XX:HeapBaseMinAddress
#     to set the Java Heap base and to place the Java Heap above 4GB virtual address.
# This output file may be truncated or incomplete.
#
#  Out of Memory Error (arena.cpp:168), pid=11204, tid=6952
#
# JRE version: Java(TM) SE Runtime Environment (21.0.6+8) (build 21.0.6+8-LTS-188)
# Java VM: Java HotSpot(TM) 64-Bit Server VM (21.0.6+8-LTS-188, mixed mode, sharing, tiered, compressed oops, compressed class ptrs, g1 gc, windows-amd64)
# No core dump will be written. Minidumps are not enabled by default on client versions of Windows
#

---------------  S U M M A R Y ------------

Command Line: --add-opens=java.base/java.lang=ALL-UNNAMED --add-opens=java.base/java.lang.invoke=ALL-UNNAMED --add-opens=java.base/java.util=ALL-UNNAMED --add-opens=java.prefs/java.util.prefs=ALL-UNNAMED --add-exports=jdk.compiler/com.sun.tools.javac.api=ALL-UNNAMED --add-exports=jdk.compiler/com.sun.tools.javac.util=ALL-UNNAMED --add-opens=java.base/java.util=ALL-UNNAMED --add-opens=java.prefs/java.util.prefs=ALL-UNNAMED --add-opens=java.base/java.nio.charset=ALL-UNNAMED --add-opens=java.base/java.net=ALL-UNNAMED --add-opens=java.base/java.util.concurrent.atomic=ALL-UNNAMED --add-opens=java.xml/javax.xml.namespace=ALL-UNNAMED -Xmx2048m -Dfile.encoding=UTF-8 -Duser.country=US -Duser.language=en -Duser.variant -javaagent:C:\Users\lenovo\.gradle\wrapper\dists\gradle-8.13-bin\5xuhj0ry160q40clulazy9h7d\gradle-8.13\lib\agents\gradle-instrumentation-agent-8.13.jar org.gradle.launcher.daemon.bootstrap.GradleDaemon 8.13

Host: AMD Ryzen 7 7730U with Radeon Graphics         , 16 cores, 13G,  Windows 11 , 64 bit Build 26100 (10.0.26100.7705)
Time: Sat Feb 28 18:01:19 2026 India Standard Time elapsed time: 14.046579 seconds (0d 0h 0m 14s)

---------------  T H R E A D  ---------------

Current thread (0x00000247530c8340):  JavaThread "C2 CompilerThread1" daemon [_thread_in_native, id=6952, stack(0x000000e67ae00000,0x000000e67af00000) (1024K)]


Current CompileTask:
C2:  14046 6083   !   4       java.net.URLClassLoader::findClass (47 bytes)

Stack: [0x000000e67ae00000,0x000000e67af00000]
Native frames: (J=compiled Java code, j=interpreted, Vv=VM code, C=native code)
V  [jvm.dll+0x6ca6d9]
V  [jvm.dll+0x854f51]
V  [jvm.dll+0x85747e]
V  [jvm.dll+0x857b53]
V  [jvm.dll+0x27dcc6]
V  [jvm.dll+0xc4c2d]
V  [jvm.dll+0xc5163]
V  [jvm.dll+0x3b515c]
V  [jvm.dll+0x1df633]
V  [jvm.dll+0x246a72]
V  [jvm.dll+0x245eff]
V  [jvm.dll+0x1c6d2e]
V  [jvm.dll+0x2554f9]
V  [jvm.dll+0x253a8a]
V  [jvm.dll+0x3ee576]
V  [jvm.dll+0x7ff2fb]
V  [jvm.dll+0x6c8dbd]
C  [ucrtbase.dll+0x37b0]
C  [KERNEL32.DLL+0x2e8d7]
C  [ntdll.dll+0x8c40c]


---------------  P R O C E S S  ---------------

Threads class SMR info:
_java_thread_list=0x00000247506acf30, length=38, elements={
0x0000024767508480, 0x0000024777cfd8b0, 0x0000024777cfe5b0, 0x0000024777d03960,
0x0000024777d04610, 0x0000024777d056a0, 0x0000024777d072b0, 0x0000024777d081e0,
0x0000024777d18500, 0x0000024777e31580, 0x0000024778073250, 0x000002477d3131b0,
0x000002477d312490, 0x000002477d312b20, 0x000002477d313840, 0x000002477d315280,
0x000002477d315910, 0x000002477d313ed0, 0x000002477d314560, 0x000002477e1fbc10,
0x000002477e1fcfc0, 0x000002477e1fd650, 0x000002477e1fe370, 0x000002477e1faef0,
0x000002477e1fdce0, 0x000002477e1fea00, 0x000002477e1fb580, 0x000002477e1fc930,
0x000002477e1ff090, 0x000002477e1ff720, 0x000002477e1fc2a0, 0x000002477e202510,
0x000002477e201160, 0x000002477e200ad0, 0x000002477e2017f0, 0x00000247530c8340,
0x00000247530c3c50, 0x0000024777e165a0
}

Java Threads: ( => current thread )
  0x0000024767508480 JavaThread "main"                              [_thread_blocked, id=9640, stack(0x000000e679a00000,0x000000e679b00000) (1024K)]
  0x0000024777cfd8b0 JavaThread "Reference Handler"          daemon [_thread_blocked, id=19660, stack(0x000000e67a200000,0x000000e67a300000) (1024K)]
  0x0000024777cfe5b0 JavaThread "Finalizer"                  daemon [_thread_blocked, id=1736, stack(0x000000e67a300000,0x000000e67a400000) (1024K)]
  0x0000024777d03960 JavaThread "Signal Dispatcher"          daemon [_thread_blocked, id=12024, stack(0x000000e67a400000,0x000000e67a500000) (1024K)]
  0x0000024777d04610 JavaThread "Attach Listener"            daemon [_thread_blocked, id=7984, stack(0x000000e67a500000,0x000000e67a600000) (1024K)]
  0x0000024777d056a0 JavaThread "Service Thread"             daemon [_thread_blocked, id=17884, stack(0x000000e67a600000,0x000000e67a700000) (1024K)]
  0x0000024777d072b0 JavaThread "Monitor Deflation Thread"   daemon [_thread_blocked, id=1196, stack(0x000000e67a700000,0x000000e67a800000) (1024K)]
  0x0000024777d081e0 JavaThread "C2 CompilerThread0"         daemon [_thread_in_native, id=19540, stack(0x000000e67a800000,0x000000e67a900000) (1024K)]
  0x0000024777d18500 JavaThread "C1 CompilerThread0"         daemon [_thread_blocked, id=464, stack(0x000000e67a900000,0x000000e67aa00000) (1024K)]
  0x0000024777e31580 JavaThread "Common-Cleaner"             daemon [_thread_blocked, id=9024, stack(0x000000e67ab00000,0x000000e67ac00000) (1024K)]
  0x0000024778073250 JavaThread "Notification Thread"        daemon [_thread_blocked, id=21560, stack(0x000000e67ad00000,0x000000e67ae00000) (1024K)]
  0x000002477d3131b0 JavaThread "Daemon health stats"               [_thread_blocked, id=18796, stack(0x000000e67b800000,0x000000e67b900000) (1024K)]
  0x000002477d312490 JavaThread "Incoming local TCP Connector on port 60082"        [_thread_in_native, id=2384, stack(0x000000e67b900000,0x000000e67ba00000) (1024K)]
  0x000002477d312b20 JavaThread "Daemon periodic checks"            [_thread_blocked, id=15488, stack(0x000000e67bb00000,0x000000e67bc00000) (1024K)]
  0x000002477d313840 JavaThread "Daemon"                            [_thread_blocked, id=20836, stack(0x000000e67bc00000,0x000000e67bd00000) (1024K)]
  0x000002477d315280 JavaThread "Handler for socket connection from /127.0.0.1:60082 to /127.0.0.1:60083"        [_thread_in_native, id=10324, stack(0x000000e67bd00000,0x000000e67be00000) (1024K)]
  0x000002477d315910 JavaThread "Cancel handler"                    [_thread_blocked, id=22220, stack(0x000000e67be00000,0x000000e67bf00000) (1024K)]
  0x000002477d313ed0 JavaThread "Daemon worker"                     [_thread_in_Java, id=11560, stack(0x000000e67ba00000,0x000000e67bb00000) (1024K)]
  0x000002477d314560 JavaThread "Asynchronous log dispatcher for DefaultDaemonConnection: socket connection from /127.0.0.1:60082 to /127.0.0.1:60083"        [_thread_blocked, id=11412, stack(0x000000e67bf00000,0x000000e67c000000) (1024K)]
  0x000002477e1fbc10 JavaThread "Stdin handler"                     [_thread_blocked, id=8532, stack(0x000000e67c000000,0x000000e67c100000) (1024K)]
  0x000002477e1fcfc0 JavaThread "Daemon client event forwarder"        [_thread_blocked, id=12732, stack(0x000000e67c100000,0x000000e67c200000) (1024K)]
  0x000002477e1fd650 JavaThread "Cache worker for journal cache (C:\Users\lenovo\.gradle\caches\journal-1)"        [_thread_blocked, id=10280, stack(0x000000e67c200000,0x000000e67c300000) (1024K)]
  0x000002477e1fe370 JavaThread "File lock request listener"        [_thread_in_native, id=10172, stack(0x000000e67c300000,0x000000e67c400000) (1024K)]
  0x000002477e1faef0 JavaThread "File lock release action executor"        [_thread_blocked, id=17244, stack(0x000000e67ac00000,0x000000e67ad00000) (1024K)]
  0x000002477e1fdce0 JavaThread "Cache worker for file hash cache (C:\Users\lenovo\.gradle\caches\8.13\fileHashes)"        [_thread_blocked, id=10424, stack(0x000000e67b500000,0x000000e67b600000) (1024K)]
  0x000002477e1fea00 JavaThread "Cache worker for file hash cache (C:\Users\lenovo\AndroidStudioProjects\GAREEBI_prototype\.gradle\8.13\fileHashes)"        [_thread_blocked, id=17228, stack(0x000000e67ce00000,0x000000e67cf00000) (1024K)]
  0x000002477e1fb580 JavaThread "Cache worker for Build Output Cleanup Cache (C:\Users\lenovo\AndroidStudioProjects\GAREEBI_prototype\.gradle\buildOutputCleanup)"        [_thread_blocked, id=12012, stack(0x000000e67cf00000,0x000000e67d000000) (1024K)]
  0x000002477e1fc930 JavaThread "File watcher server"        daemon [_thread_in_native, id=17272, stack(0x000000e67c500000,0x000000e67c600000) (1024K)]
  0x000002477e1ff090 JavaThread "File watcher consumer"      daemon [_thread_blocked, id=18708, stack(0x000000e67d000000,0x000000e67d100000) (1024K)]
  0x000002477e1ff720 JavaThread "jar transforms"                    [_thread_blocked, id=20968, stack(0x000000e67c400000,0x000000e67c500000) (1024K)]
  0x000002477e1fc2a0 JavaThread "jar transforms Thread 2"           [_thread_blocked, id=1184, stack(0x000000e67d100000,0x000000e67d200000) (1024K)]
  0x000002477e202510 JavaThread "Cache worker for checksums cache (C:\Users\lenovo\AndroidStudioProjects\GAREEBI_prototype\.gradle\8.13\checksums)"        [_thread_blocked, id=15332, stack(0x000000e67d600000,0x000000e67d700000) (1024K)]
  0x000002477e201160 JavaThread "Cache worker for file content cache (C:\Users\lenovo\.gradle\caches\8.13\fileContent)"        [_thread_blocked, id=15516, stack(0x000000e67d700000,0x000000e67d800000) (1024K)]
  0x000002477e200ad0 JavaThread "Cache worker for cache directory md-supplier (C:\Users\lenovo\.gradle\caches\8.13\md-supplier)"        [_thread_blocked, id=6444, stack(0x000000e67d800000,0x000000e67d900000) (1024K)]
  0x000002477e2017f0 JavaThread "Cache worker for cache directory md-rule (C:\Users\lenovo\.gradle\caches\8.13\md-rule)"        [_thread_blocked, id=2920, stack(0x000000e67d500000,0x000000e67d600000) (1024K)]
=>0x00000247530c8340 JavaThread "C2 CompilerThread1"         daemon [_thread_in_native, id=6952, stack(0x000000e67ae00000,0x000000e67af00000) (1024K)]
  0x00000247530c3c50 JavaThread "C2 CompilerThread2"         daemon [_thread_in_native, id=17616, stack(0x000000e67d200000,0x000000e67d300000) (1024K)]
  0x0000024777e165a0 JavaThread "C1 CompilerThread1"         daemon [_thread_blocked, id=6168, stack(0x000000e67aa00000,0x000000e67ab00000) (1024K)]
Total: 38

Other Threads:
  0x0000024777ce4240 VMThread "VM Thread"                           [id=16596, stack(0x000000e67a100000,0x000000e67a200000) (1024K)]
  0x0000024777cc72f0 WatcherThread "VM Periodic Task Thread"        [id=11020, stack(0x000000e67a000000,0x000000e67a100000) (1024K)]
  0x0000024769843d60 WorkerThread "GC Thread#0"                     [id=4676, stack(0x000000e679b00000,0x000000e679c00000) (1024K)]
  0x0000024778517a40 WorkerThread "GC Thread#1"                     [id=6816, stack(0x000000e67b100000,0x000000e67b200000) (1024K)]
  0x000002477857b610 WorkerThread "GC Thread#2"                     [id=11736, stack(0x000000e67b200000,0x000000e67b300000) (1024K)]
  0x00000247784e58c0 WorkerThread "GC Thread#3"                     [id=16404, stack(0x000000e67b300000,0x000000e67b400000) (1024K)]
  0x00000247784e5c60 WorkerThread "GC Thread#4"                     [id=3120, stack(0x000000e67b400000,0x000000e67b500000) (1024K)]
  0x000002477deec980 WorkerThread "GC Thread#5"                     [id=14364, stack(0x000000e67af00000,0x000000e67b000000) (1024K)]
  0x000002477df7c1e0 WorkerThread "GC Thread#6"                     [id=5640, stack(0x000000e67b000000,0x000000e67b100000) (1024K)]
  0x000002477df7c580 WorkerThread "GC Thread#7"                     [id=11404, stack(0x000000e67b600000,0x000000e67b700000) (1024K)]
  0x000002477dfa3410 WorkerThread "GC Thread#8"                     [id=15236, stack(0x000000e67b700000,0x000000e67b800000) (1024K)]
  0x000002477f9efc90 WorkerThread "GC Thread#9"                     [id=17308, stack(0x000000e67c600000,0x000000e67c700000) (1024K)]
  0x000002477f9f03d0 WorkerThread "GC Thread#10"                    [id=16920, stack(0x000000e67c700000,0x000000e67c800000) (1024K)]
  0x000002477f9f0770 WorkerThread "GC Thread#11"                    [id=15344, stack(0x000000e67c800000,0x000000e67c900000) (1024K)]
  0x000002477f6c1ef0 WorkerThread "GC Thread#12"                    [id=12072, stack(0x000000e67c900000,0x000000e67ca00000) (1024K)]
  0x0000024769855ad0 ConcurrentGCThread "G1 Main Marker"            [id=5304, stack(0x000000e679c00000,0x000000e679d00000) (1024K)]
  0x00000247698564e0 WorkerThread "G1 Conc#0"                       [id=8040, stack(0x000000e679d00000,0x000000e679e00000) (1024K)]
  0x000002477f6c2d70 WorkerThread "G1 Conc#1"                       [id=17756, stack(0x000000e67ca00000,0x000000e67cb00000) (1024K)]
  0x000002477f6c3f90 WorkerThread "G1 Conc#2"                       [id=11316, stack(0x000000e67cb00000,0x000000e67cc00000) (1024K)]
  0x0000024777b96ae0 ConcurrentGCThread "G1 Refine#0"               [id=11708, stack(0x000000e679e00000,0x000000e679f00000) (1024K)]
  0x0000024777b97300 ConcurrentGCThread "G1 Service"                [id=18272, stack(0x000000e679f00000,0x000000e67a000000) (1024K)]
Total: 21

Threads with active compile tasks:
C2 CompilerThread0    14080 6084       4       java.net.URLClassLoader$1::run (5 bytes)
C2 CompilerThread1    14080 6083   !   4       java.net.URLClassLoader::findClass (47 bytes)
C2 CompilerThread2    14080 6085   !   4       java.net.URLClassLoader$1::run (81 bytes)
Total: 3

VM state: not at safepoint (normal execution)

VM Mutex/Monitor currently owned by a thread: None

Heap address: 0x0000000080000000, size: 2048 MB, Compressed Oops mode: 32-bit

CDS archive(s) mapped at: [0x000002470f000000-0x000002470fc90000-0x000002470fc90000), size 13172736, SharedBaseAddress: 0x000002470f000000, ArchiveRelocationMode: 1.
Compressed class space mapped at: 0x0000024710000000-0x0000024750000000, reserved size: 1073741824
Narrow klass base: 0x000002470f000000, Narrow klass shift: 0, Narrow klass range: 0x100000000

GC Precious Log:
 CardTable entry size: 512
 Card Set container configuration: InlinePtr #cards 5 size 8 Array Of Cards #cards 12 size 40 Howl #buckets 4 coarsen threshold 1843 Howl Bitmap #cards 512 size 80 coarsen threshold 460 Card regions per heap region 1 cards per card region 2048
 CPUs: 16 total, 16 available
 Memory: 14173M
 Large Page Support: Disabled
 NUMA Support: Disabled
 Compressed Oops: Enabled (32-bit)
 Heap Region Size: 1M
 Heap Min Capacity: 8M
 Heap Initial Capacity: 222M
 Heap Max Capacity: 2G
 Pre-touch: Disabled
 Parallel Workers: 13
 Concurrent Workers: 3
 Concurrent Refinement Workers: 13
 Periodic GC: Disabled

Heap:
 garbage-first heap   total 106496K, used 54340K [0x0000000080000000, 0x0000000100000000)
  region size 1024K, 20 young (20480K), 7 survivors (7168K)
 Metaspace       used 54744K, committed 56576K, reserved 1114112K
  class space    used 7710K, committed 8640K, reserved 1048576K

Heap Regions: E=young(eden), S=young(survivor), O=old, HS=humongous(starts), HC=humongous(continues), CS=collection set, F=free, TAMS=top-at-mark-start, PB=parsable bottom
|   0|0x0000000080000000, 0x0000000080100000, 0x0000000080100000|100%|HS|  |TAMS 0x0000000080000000| PB 0x0000000080000000| Complete 
|   1|0x0000000080100000, 0x0000000080200000, 0x0000000080200000|100%|HC|  |TAMS 0x0000000080100000| PB 0x0000000080100000| Complete 
|   2|0x0000000080200000, 0x0000000080300000, 0x0000000080300000|100%|HC|  |TAMS 0x0000000080200000| PB 0x0000000080200000| Complete 
|   3|0x0000000080300000, 0x0000000080400000, 0x0000000080400000|100%| O|  |TAMS 0x0000000080300000| PB 0x0000000080300000| Untracked 
|   4|0x0000000080400000, 0x0000000080500000, 0x0000000080500000|100%| O|  |TAMS 0x0000000080400000| PB 0x0000000080400000| Untracked 
|   5|0x0000000080500000, 0x0000000080600000, 0x0000000080600000|100%| O|  |TAMS 0x0000000080500000| PB 0x0000000080500000| Untracked 
|   6|0x0000000080600000, 0x0000000080700000, 0x0000000080700000|100%| O|  |TAMS 0x0000000080600000| PB 0x0000000080600000| Untracked 
|   7|0x0000000080700000, 0x0000000080800000, 0x0000000080800000|100%|HS|  |TAMS 0x0000000080700000| PB 0x0000000080700000| Complete 
|   8|0x0000000080800000, 0x0000000080900000, 0x0000000080900000|100%| O|  |TAMS 0x0000000080800000| PB 0x0000000080800000| Untracked 
|   9|0x0000000080900000, 0x0000000080a00000, 0x0000000080a00000|100%| O|  |TAMS 0x0000000080900000| PB 0x0000000080900000| Untracked 
|  10|0x0000000080a00000, 0x0000000080b00000, 0x0000000080b00000|100%| O|  |TAMS 0x0000000080a00000| PB 0x0000000080a00000| Untracked 
|  11|0x0000000080b00000, 0x0000000080c00000, 0x0000000080c00000|100%| O|  |TAMS 0x0000000080b00000| PB 0x0000000080b00000| Untracked 
|  12|0x0000000080c00000, 0x0000000080cfcae0, 0x0000000080d00000| 98%| O|  |TAMS 0x0000000080c00000| PB 0x0000000080c00000| Untracked 
|  13|0x0000000080d00000, 0x0000000080e00000, 0x0000000080e00000|100%| O|  |TAMS 0x0000000080d00000| PB 0x0000000080d00000| Untracked 
|  14|0x0000000080e00000, 0x0000000080f00000, 0x0000000080f00000|100%| O|  |TAMS 0x0000000080e00000| PB 0x0000000080e00000| Untracked 
|  15|0x0000000080f00000, 0x0000000081000000, 0x0000000081000000|100%| O|  |TAMS 0x0000000080f00000| PB 0x0000000080f00000| Untracked 
|  16|0x0000000081000000, 0x0000000081100000, 0x0000000081100000|100%| O|  |TAMS 0x0000000081000000| PB 0x0000000081000000| Untracked 
|  17|0x0000000081100000, 0x0000000081200000, 0x0000000081200000|100%| O|  |TAMS 0x0000000081100000| PB 0x0000000081100000| Untracked 
|  18|0x0000000081200000, 0x0000000081300000, 0x0000000081300000|100%| O|  |TAMS 0x0000000081200000| PB 0x0000000081200000| Untracked 
|  19|0x0000000081300000, 0x0000000081400000, 0x0000000081400000|100%| O|  |TAMS 0x0000000081300000| PB 0x0000000081300000| Untracked 
|  20|0x0000000081400000, 0x0000000081500000, 0x0000000081500000|100%| O|  |TAMS 0x0000000081400000| PB 0x0000000081400000| Untracked 
|  21|0x0000000081500000, 0x0000000081600000, 0x0000000081600000|100%| O|  |TAMS 0x0000000081500000| PB 0x0000000081500000| Untracked 
|  22|0x0000000081600000, 0x0000000081700000, 0x0000000081700000|100%| O|  |TAMS 0x0000000081600000| PB 0x0000000081600000| Untracked 
|  23|0x0000000081700000, 0x0000000081800000, 0x0000000081800000|100%| O|  |TAMS 0x0000000081700000| PB 0x0000000081700000| Untracked 
|  24|0x0000000081800000, 0x0000000081900000, 0x0000000081900000|100%| O|  |TAMS 0x0000000081800000| PB 0x0000000081800000| Untracked 
|  25|0x0000000081900000, 0x0000000081a00000, 0x0000000081a00000|100%| O|  |TAMS 0x0000000081900000| PB 0x0000000081900000| Untracked 
|  26|0x0000000081a00000, 0x0000000081b00000, 0x0000000081b00000|100%| O|  |TAMS 0x0000000081a00000| PB 0x0000000081a00000| Untracked 
|  27|0x0000000081b00000, 0x0000000081c00000, 0x0000000081c00000|100%| O|  |TAMS 0x0000000081b00000| PB 0x0000000081b00000| Untracked 
|  28|0x0000000081c00000, 0x0000000081c95b80, 0x0000000081d00000| 58%| O|  |TAMS 0x0000000081c00000| PB 0x0000000081c00000| Untracked 
|  29|0x0000000081d00000, 0x0000000081d00000, 0x0000000081e00000|  0%| F|  |TAMS 0x0000000081d00000| PB 0x0000000081d00000| Untracked 
|  30|0x0000000081e00000, 0x0000000081e00000, 0x0000000081f00000|  0%| F|  |TAMS 0x0000000081e00000| PB 0x0000000081e00000| Untracked 
|  31|0x0000000081f00000, 0x0000000081f7eab8, 0x0000000082000000| 49%| S|CS|TAMS 0x0000000081f00000| PB 0x0000000081f00000| Complete 
|  32|0x0000000082000000, 0x0000000082100000, 0x0000000082100000|100%| S|CS|TAMS 0x0000000082000000| PB 0x0000000082000000| Complete 
|  33|0x0000000082100000, 0x0000000082100000, 0x0000000082200000|  0%| F|  |TAMS 0x0000000082100000| PB 0x0000000082100000| Untracked 
|  34|0x0000000082200000, 0x0000000082200000, 0x0000000082300000|  0%| F|  |TAMS 0x0000000082200000| PB 0x0000000082200000| Untracked 
|  35|0x0000000082300000, 0x0000000082300000, 0x0000000082400000|  0%| F|  |TAMS 0x0000000082300000| PB 0x0000000082300000| Untracked 
|  36|0x0000000082400000, 0x0000000082400000, 0x0000000082500000|  0%| F|  |TAMS 0x0000000082400000| PB 0x0000000082400000| Untracked 
|  37|0x0000000082500000, 0x0000000082600000, 0x0000000082600000|100%| S|CS|TAMS 0x0000000082500000| PB 0x0000000082500000| Complete 
|  38|0x0000000082600000, 0x0000000082700000, 0x0000000082700000|100%| S|CS|TAMS 0x0000000082600000| PB 0x0000000082600000| Complete 
|  39|0x0000000082700000, 0x0000000082800000, 0x0000000082800000|100%| S|CS|TAMS 0x0000000082700000| PB 0x0000000082700000| Complete 
|  40|0x0000000082800000, 0x0000000082900000, 0x0000000082900000|100%| S|CS|TAMS 0x0000000082800000| PB 0x0000000082800000| Complete 
|  41|0x0000000082900000, 0x0000000082900000, 0x0000000082a00000|  0%| F|  |TAMS 0x0000000082900000| PB 0x0000000082900000| Untracked 
|  42|0x0000000082a00000, 0x0000000082a00000, 0x0000000082b00000|  0%| F|  |TAMS 0x0000000082a00000| PB 0x0000000082a00000| Untracked 
|  43|0x0000000082b00000, 0x0000000082c00000, 0x0000000082c00000|100%| S|CS|TAMS 0x0000000082b00000| PB 0x0000000082b00000| Complete 
|  44|0x0000000082c00000, 0x0000000082c00000, 0x0000000082d00000|  0%| F|  |TAMS 0x0000000082c00000| PB 0x0000000082c00000| Untracked 
|  45|0x0000000082d00000, 0x0000000082d00000, 0x0000000082e00000|  0%| F|  |TAMS 0x0000000082d00000| PB 0x0000000082d00000| Untracked 
|  46|0x0000000082e00000, 0x0000000082e00000, 0x0000000082f00000|  0%| F|  |TAMS 0x0000000082e00000| PB 0x0000000082e00000| Untracked 
|  47|0x0000000082f00000, 0x0000000082f00000, 0x0000000083000000|  0%| F|  |TAMS 0x0000000082f00000| PB 0x0000000082f00000| Untracked 
|  48|0x0000000083000000, 0x0000000083000000, 0x0000000083100000|  0%| F|  |TAMS 0x0000000083000000| PB 0x0000000083000000| Untracked 
|  49|0x0000000083100000, 0x0000000083100000, 0x0000000083200000|  0%| F|  |TAMS 0x0000000083100000| PB 0x0000000083100000| Untracked 
|  50|0x0000000083200000, 0x0000000083200000, 0x0000000083300000|  0%| F|  |TAMS 0x0000000083200000| PB 0x0000000083200000| Untracked 
|  51|0x0000000083300000, 0x0000000083300000, 0x0000000083400000|  0%| F|  |TAMS 0x0000000083300000| PB 0x0000000083300000| Untracked 
|  52|0x0000000083400000, 0x0000000083400000, 0x0000000083500000|  0%| F|  |TAMS 0x0000000083400000| PB 0x0000000083400000| Untracked 
|  53|0x0000000083500000, 0x0000000083500000, 0x0000000083600000|  0%| F|  |TAMS 0x0000000083500000| PB 0x0000000083500000| Untracked 
|  54|0x0000000083600000, 0x0000000083600000, 0x0000000083700000|  0%| F|  |TAMS 0x0000000083600000| PB 0x0000000083600000| Untracked 
|  55|0x0000000083700000, 0x0000000083700000, 0x0000000083800000|  0%| F|  |TAMS 0x0000000083700000| PB 0x0000000083700000| Untracked 
|  56|0x0000000083800000, 0x0000000083800000, 0x0000000083900000|  0%| F|  |TAMS 0x0000000083800000| PB 0x0000000083800000| Untracked 
|  57|0x0000000083900000, 0x0000000083900000, 0x0000000083a00000|  0%| F|  |TAMS 0x0000000083900000| PB 0x0000000083900000| Untracked 
|  58|0x0000000083a00000, 0x0000000083a00000, 0x0000000083b00000|  0%| F|  |TAMS 0x0000000083a00000| PB 0x0000000083a00000| Untracked 
|  59|0x0000000083b00000, 0x0000000083b00000, 0x0000000083c00000|  0%| F|  |TAMS 0x0000000083b00000| PB 0x0000000083b00000| Untracked 
|  60|0x0000000083c00000, 0x0000000083c00000, 0x0000000083d00000|  0%| F|  |TAMS 0x0000000083c00000| PB 0x0000000083c00000| Untracked 
|  61|0x0000000083d00000, 0x0000000083d00000, 0x0000000083e00000|  0%| F|  |TAMS 0x0000000083d00000| PB 0x0000000083d00000| Untracked 
|  62|0x0000000083e00000, 0x0000000083e00000, 0x0000000083f00000|  0%| F|  |TAMS 0x0000000083e00000| PB 0x0000000083e00000| Untracked 
|  63|0x0000000083f00000, 0x0000000083f00000, 0x0000000084000000|  0%| F|  |TAMS 0x0000000083f00000| PB 0x0000000083f00000| Untracked 
|  64|0x0000000084000000, 0x0000000084000000, 0x0000000084100000|  0%| F|  |TAMS 0x0000000084000000| PB 0x0000000084000000| Untracked 
|  65|0x0000000084100000, 0x0000000084100000, 0x0000000084200000|  0%| F|  |TAMS 0x0000000084100000| PB 0x0000000084100000| Untracked 
|  66|0x0000000084200000, 0x0000000084200000, 0x0000000084300000|  0%| F|  |TAMS 0x0000000084200000| PB 0x0000000084200000| Untracked 
|  67|0x0000000084300000, 0x0000000084300000, 0x0000000084400000|  0%| F|  |TAMS 0x0000000084300000| PB 0x0000000084300000| Untracked 
|  68|0x0000000084400000, 0x0000000084400000, 0x0000000084500000|  0%| F|  |TAMS 0x0000000084400000| PB 0x0000000084400000| Untracked 
|  69|0x0000000084500000, 0x0000000084500000, 0x0000000084600000|  0%| F|  |TAMS 0x0000000084500000| PB 0x0000000084500000| Untracked 
|  70|0x0000000084600000, 0x0000000084600000, 0x0000000084700000|  0%| F|  |TAMS 0x0000000084600000| PB 0x0000000084600000| Untracked 
|  71|0x0000000084700000, 0x0000000084700000, 0x0000000084800000|  0%| F|  |TAMS 0x0000000084700000| PB 0x0000000084700000| Untracked 
|  72|0x0000000084800000, 0x0000000084800000, 0x0000000084900000|  0%| F|  |TAMS 0x0000000084800000| PB 0x0000000084800000| Untracked 
|  73|0x0000000084900000, 0x0000000084900000, 0x0000000084a00000|  0%| F|  |TAMS 0x0000000084900000| PB 0x0000000084900000| Untracked 
|  74|0x0000000084a00000, 0x0000000084a00000, 0x0000000084b00000|  0%| F|  |TAMS 0x0000000084a00000| PB 0x0000000084a00000| Untracked 
|  75|0x0000000084b00000, 0x0000000084b00000, 0x0000000084c00000|  0%| F|  |TAMS 0x0000000084b00000| PB 0x0000000084b00000| Untracked 
|  76|0x0000000084c00000, 0x0000000084c00000, 0x0000000084d00000|  0%| F|  |TAMS 0x0000000084c00000| PB 0x0000000084c00000| Untracked 
|  77|0x0000000084d00000, 0x0000000084d00000, 0x0000000084e00000|  0%| F|  |TAMS 0x0000000084d00000| PB 0x0000000084d00000| Untracked 
|  78|0x0000000084e00000, 0x0000000084e00000, 0x0000000084f00000|  0%| F|  |TAMS 0x0000000084e00000| PB 0x0000000084e00000| Untracked 
|  79|0x0000000084f00000, 0x0000000084f00000, 0x0000000085000000|  0%| F|  |TAMS 0x0000000084f00000| PB 0x0000000084f00000| Untracked 
|  80|0x0000000085000000, 0x0000000085000000, 0x0000000085100000|  0%| F|  |TAMS 0x0000000085000000| PB 0x0000000085000000| Untracked 
|  81|0x0000000085100000, 0x0000000085100000, 0x0000000085200000|  0%| F|  |TAMS 0x0000000085100000| PB 0x0000000085100000| Untracked 
|  82|0x0000000085200000, 0x0000000085200000, 0x0000000085300000|  0%| F|  |TAMS 0x0000000085200000| PB 0x0000000085200000| Untracked 
|  83|0x0000000085300000, 0x0000000085300000, 0x0000000085400000|  0%| F|  |TAMS 0x0000000085300000| PB 0x0000000085300000| Untracked 
| 124|0x0000000087c00000, 0x0000000087c00000, 0x0000000087d00000|  0%| F|  |TAMS 0x0000000087c00000| PB 0x0000000087c00000| Untracked 
| 125|0x0000000087d00000, 0x0000000087d56760, 0x0000000087e00000| 33%| E|  |TAMS 0x0000000087d00000| PB 0x0000000087d00000| Complete 
| 126|0x0000000087e00000, 0x0000000087f00000, 0x0000000087f00000|100%| E|CS|TAMS 0x0000000087e00000| PB 0x0000000087e00000| Complete 
| 127|0x0000000087f00000, 0x0000000088000000, 0x0000000088000000|100%| E|CS|TAMS 0x0000000087f00000| PB 0x0000000087f00000| Complete 
| 128|0x0000000088000000, 0x0000000088100000, 0x0000000088100000|100%| E|CS|TAMS 0x0000000088000000| PB 0x0000000088000000| Complete 
| 129|0x0000000088100000, 0x0000000088200000, 0x0000000088200000|100%| E|CS|TAMS 0x0000000088100000| PB 0x0000000088100000| Complete 
| 130|0x0000000088200000, 0x0000000088300000, 0x0000000088300000|100%| E|CS|TAMS 0x0000000088200000| PB 0x0000000088200000| Complete 
| 131|0x0000000088300000, 0x0000000088400000, 0x0000000088400000|100%| E|CS|TAMS 0x0000000088300000| PB 0x0000000088300000| Complete 
| 132|0x0000000088400000, 0x0000000088500000, 0x0000000088500000|100%| E|CS|TAMS 0x0000000088400000| PB 0x0000000088400000| Complete 
| 133|0x0000000088500000, 0x0000000088600000, 0x0000000088600000|100%| E|CS|TAMS 0x0000000088500000| PB 0x0000000088500000| Complete 
| 134|0x0000000088600000, 0x0000000088700000, 0x0000000088700000|100%| E|CS|TAMS 0x0000000088600000| PB 0x0000000088600000| Complete 
| 135|0x0000000088700000, 0x0000000088800000, 0x0000000088800000|100%| E|CS|TAMS 0x0000000088700000| PB 0x0000000088700000| Complete 
| 220|0x000000008dc00000, 0x000000008dd00000, 0x000000008dd00000|100%| E|CS|TAMS 0x000000008dc00000| PB 0x000000008dc00000| Complete 
| 221|0x000000008dd00000, 0x000000008de00000, 0x000000008de00000|100%| E|CS|TAMS 0x000000008dd00000| PB 0x000000008dd00000| Complete 
|2042|0x00000000ffa00000, 0x00000000ffb00000, 0x00000000ffb00000|100%| O|  |TAMS 0x00000000ffa00000| PB 0x00000000ffa00000| Untracked 
|2043|0x00000000ffb00000, 0x00000000ffc00000, 0x00000000ffc00000|100%| O|  |TAMS 0x00000000ffb00000| PB 0x00000000ffb00000| Untracked 
|2044|0x00000000ffc00000, 0x00000000ffd00000, 0x00000000ffd00000|100%| O|  |TAMS 0x00000000ffc00000| PB 0x00000000ffc00000| Untracked 
|2045|0x00000000ffd00000, 0x00000000ffe00000, 0x00000000ffe00000|100%| O|  |TAMS 0x00000000ffd00000| PB 0x00000000ffd00000| Untracked 
|2046|0x00000000ffe00000, 0x00000000fff00000, 0x00000000fff00000|100%| O|  |TAMS 0x00000000ffe00000| PB 0x00000000ffe00000| Untracked 
|2047|0x00000000fff00000, 0x0000000100000000, 0x0000000100000000|100%| O|  |TAMS 0x00000000fff00000| PB 0x00000000fff00000| Untracked 

Card table byte_map: [0x0000024772900000,0x0000024772d00000] _byte_map_base: 0x0000024772500000

Marking Bits: (CMBitMap*) 0x0000024769844370
 Bits: [0x0000024772d00000, 0x0000024774d00000)

Polling page: 0x00000247679d0000

Metaspace:

Usage:
  Non-class:     45.94 MB used.
      Class:      7.53 MB used.
       Both:     53.47 MB used.

Virtual space:
  Non-class space:       64.00 MB reserved,      46.81 MB ( 73%) committed,  1 nodes.
      Class space:        1.00 GB reserved,       8.44 MB ( <1%) committed,  1 nodes.
             Both:        1.06 GB reserved,      55.25 MB (  5%) committed. 

Chunk freelists:
   Non-Class:  1.04 MB
       Class:  7.47 MB
        Both:  8.51 MB

MaxMetaspaceSize: unlimited
CompressedClassSpaceSize: 1.00 GB
Initial GC threshold: 21.00 MB
Current GC threshold: 59.69 MB
CDS: on
 - commit_granule_bytes: 65536.
 - commit_granule_words: 8192.
 - virtual_space_node_default_size: 8388608.
 - enlarge_chunks_in_place: 1.
 - use_allocation_guard: 0.


Internal statistics:

num_allocs_failed_limit: 9.
num_arena_births: 3154.
num_arena_deaths: 0.
num_vsnodes_births: 2.
num_vsnodes_deaths: 0.
num_space_committed: 884.
num_space_uncommitted: 0.
num_chunks_returned_to_freelist: 9.
num_chunks_taken_from_freelist: 5750.
num_chunk_merges: 9.
num_chunk_splits: 3719.
num_chunks_enlarged: 2285.
num_inconsistent_stats: 0.

CodeHeap 'non-profiled nmethods': size=119168Kb used=3434Kb max_used=3434Kb free=115733Kb
 bounds [0x0000024707ba0000, 0x0000024707f00000, 0x000002470f000000]
CodeHeap 'profiled nmethods': size=119104Kb used=11498Kb max_used=11498Kb free=107605Kb
 bounds [0x0000024700000000, 0x0000024700b40000, 0x0000024707450000]
CodeHeap 'non-nmethods': size=7488Kb used=3322Kb max_used=4501Kb free=4165Kb
 bounds [0x0000024707450000, 0x00000247078c0000, 0x0000024707ba0000]
 total_blobs=6610 nmethods=5725 adapters=788
 compilation: enabled
              stopped_count=0, restarted_count=0
 full_count=0

Compilation events (20 events):
Event: 11.953 Thread 0x0000024777e165a0 6184       3       sun.nio.fs.WindowsPath::getNameCount (10 bytes)
Event: 11.953 Thread 0x0000024777e165a0 nmethod 6184 0x0000024700b15f10 code [0x0000024700b160c0, 0x0000024700b16218]
Event: 11.954 Thread 0x000002477f5027a0 nmethod 6183 0x0000024700b16310 code [0x0000024700b16640, 0x0000024700b17ac8]
Event: 11.979 Thread 0x0000024754524530 nmethod 6103 0x0000024707ef4e10 code [0x0000024707ef5140, 0x0000024707ef6888]
Event: 11.979 Thread 0x0000024754524530 6178       4       java.lang.invoke.DirectMethodHandle$Holder::invokeSpecial (15 bytes)
Event: 11.981 Thread 0x0000024754524530 nmethod 6178 0x0000024707ef7710 code [0x0000024707ef78a0, 0x0000024707ef7988]
Event: 11.981 Thread 0x0000024754524530 6179       4       java.lang.invoke.LambdaForm$MH/0x0000024710001800::invoke (25 bytes)
Event: 11.982 Thread 0x0000024754524530 nmethod 6179 0x0000024707ef7a90 code [0x0000024707ef7c40, 0x0000024707ef7d70]
Event: 11.982 Thread 0x0000024754524530 6164       4       java.util.regex.Pattern$TreeInfo::reset (21 bytes)
Event: 11.982 Thread 0x0000024754524530 nmethod 6164 0x0000024707ef7e90 code [0x0000024707ef8020, 0x0000024707ef80b8]
Event: 11.982 Thread 0x0000024754524530 6173       4       org.gradle.internal.operations.OperationIdentifier::hashCode (14 bytes)
Event: 11.982 Thread 0x0000024754524530 nmethod 6173 0x0000024707ef8190 code [0x0000024707ef8320, 0x0000024707ef83b8]
Event: 11.982 Thread 0x0000024754524530 6159       4       java.nio.DirectIntBufferU::ix (10 bytes)
Event: 11.983 Thread 0x0000024754524530 nmethod 6159 0x0000024707ef8490 code [0x0000024707ef8620, 0x0000024707ef86b0]
Event: 11.983 Thread 0x0000024754524530 6087       4       java.lang.Long::bitCount (61 bytes)
Event: 11.983 Thread 0x0000024754524530 nmethod 6087 0x0000024707ef8790 code [0x0000024707ef8900, 0x0000024707ef89e0]
Event: 12.082 Thread 0x0000024777e165a0 6185       3       sun.nio.ch.FileChannelImpl::ensureOpen (16 bytes)
Event: 12.146 Thread 0x0000024777d18500 6186       3       java.util.Optional::get (22 bytes)
Event: 12.146 Thread 0x000002477ee87f90 6187       3       org.gradle.internal.snapshot.MediumChildMap::withNode (67 bytes)
Event: 12.149 Thread 0x000002477f5027a0 6188       3       org.gradle.internal.snapshot.RelativePathTracker::isRoot (10 bytes)

GC Heap History (20 events):
Event: 0.645 GC heap before
{Heap before GC invocations=0 (full 0):
 garbage-first heap   total 227328K, used 22528K [0x0000000080000000, 0x0000000100000000)
  region size 1024K, 23 young (23552K), 0 survivors (0K)
 Metaspace       used 1076K, committed 1216K, reserved 1114112K
  class space    used 76K, committed 128K, reserved 1048576K
}
Event: 0.647 GC heap after
{Heap after GC invocations=1 (full 0):
 garbage-first heap   total 227328K, used 2380K [0x0000000080000000, 0x0000000100000000)
  region size 1024K, 3 young (3072K), 3 survivors (3072K)
 Metaspace       used 1076K, committed 1216K, reserved 1114112K
  class space    used 76K, committed 128K, reserved 1048576K
}
Event: 1.609 GC heap before
{Heap before GC invocations=1 (full 0):
 garbage-first heap   total 227328K, used 41292K [0x0000000080000000, 0x0000000100000000)
  region size 1024K, 39 young (39936K), 3 survivors (3072K)
 Metaspace       used 4504K, committed 4736K, reserved 1114112K
  class space    used 544K, committed 640K, reserved 1048576K
}
Event: 1.612 GC heap after
{Heap after GC invocations=2 (full 0):
 garbage-first heap   total 227328K, used 11328K [0x0000000080000000, 0x0000000100000000)
  region size 1024K, 5 young (5120K), 5 survivors (5120K)
 Metaspace       used 4504K, committed 4736K, reserved 1114112K
  class space    used 544K, committed 640K, reserved 1048576K
}
Event: 2.611 GC heap before
{Heap before GC invocations=2 (full 0):
 garbage-first heap   total 227328K, used 62528K [0x0000000080000000, 0x0000000100000000)
  region size 1024K, 54 young (55296K), 5 survivors (5120K)
 Metaspace       used 6661K, committed 6976K, reserved 1114112K
  class space    used 861K, committed 1024K, reserved 1048576K
}
Event: 2.617 GC heap after
{Heap after GC invocations=3 (full 0):
 garbage-first heap   total 227328K, used 18311K [0x0000000080000000, 0x0000000100000000)
  region size 1024K, 6 young (6144K), 6 survivors (6144K)
 Metaspace       used 6661K, committed 6976K, reserved 1114112K
  class space    used 861K, committed 1024K, reserved 1048576K
}
Event: 5.864 GC heap before
{Heap before GC invocations=3 (full 0):
 garbage-first heap   total 227328K, used 99207K [0x0000000080000000, 0x0000000100000000)
  region size 1024K, 86 young (88064K), 6 survivors (6144K)
 Metaspace       used 20864K, committed 21504K, reserved 1114112K
  class space    used 2977K, committed 3328K, reserved 1048576K
}
Event: 5.873 GC heap after
{Heap after GC invocations=4 (full 0):
 garbage-first heap   total 227328K, used 24471K [0x0000000080000000, 0x0000000100000000)
  region size 1024K, 12 young (12288K), 12 survivors (12288K)
 Metaspace       used 20864K, committed 21504K, reserved 1114112K
  class space    used 2977K, committed 3328K, reserved 1048576K
}
Event: 7.476 GC heap before
{Heap before GC invocations=5 (full 0):
 garbage-first heap   total 89088K, used 88983K [0x0000000080000000, 0x0000000100000000)
  region size 1024K, 75 young (76800K), 12 survivors (12288K)
 Metaspace       used 29891K, committed 30912K, reserved 1114112K
  class space    used 4326K, committed 4800K, reserved 1048576K
}
Event: 7.487 GC heap after
{Heap after GC invocations=6 (full 0):
 garbage-first heap   total 106496K, used 29283K [0x0000000080000000, 0x0000000100000000)
  region size 1024K, 11 young (11264K), 11 survivors (11264K)
 Metaspace       used 29891K, committed 30912K, reserved 1114112K
  class space    used 4326K, committed 4800K, reserved 1048576K
}
Event: 8.313 GC heap before
{Heap before GC invocations=6 (full 0):
 garbage-first heap   total 106496K, used 77411K [0x0000000080000000, 0x0000000100000000)
  region size 1024K, 55 young (56320K), 11 survivors (11264K)
 Metaspace       used 35089K, committed 36096K, reserved 1114112K
  class space    used 4868K, committed 5376K, reserved 1048576K
}
Event: 8.320 GC heap after
{Heap after GC invocations=7 (full 0):
 garbage-first heap   total 106496K, used 35425K [0x0000000080000000, 0x0000000100000000)
  region size 1024K, 6 young (6144K), 6 survivors (6144K)
 Metaspace       used 35089K, committed 36096K, reserved 1114112K
  class space    used 4868K, committed 5376K, reserved 1048576K
}
Event: 8.322 GC heap before
{Heap before GC invocations=7 (full 0):
 garbage-first heap   total 106496K, used 35425K [0x0000000080000000, 0x0000000100000000)
  region size 1024K, 7 young (7168K), 6 survivors (6144K)
 Metaspace       used 35408K, committed 36416K, reserved 1114112K
  class space    used 4868K, committed 5376K, reserved 1048576K
}
Event: 8.325 GC heap after
{Heap after GC invocations=8 (full 0):
 garbage-first heap   total 106496K, used 34407K [0x0000000080000000, 0x0000000100000000)
  region size 1024K, 1 young (1024K), 1 survivors (1024K)
 Metaspace       used 35408K, committed 36416K, reserved 1114112K
  class space    used 4868K, committed 5376K, reserved 1048576K
}
Event: 9.163 GC heap before
{Heap before GC invocations=9 (full 0):
 garbage-first heap   total 106496K, used 93799K [0x0000000080000000, 0x0000000100000000)
  region size 1024K, 57 young (58368K), 1 survivors (1024K)
 Metaspace       used 39852K, committed 41088K, reserved 1114112K
  class space    used 5420K, committed 6016K, reserved 1048576K
}
Event: 9.166 GC heap after
{Heap after GC invocations=10 (full 0):
 garbage-first heap   total 106496K, used 35729K [0x0000000080000000, 0x0000000100000000)
  region size 1024K, 4 young (4096K), 4 survivors (4096K)
 Metaspace       used 39852K, committed 41088K, reserved 1114112K
  class space    used 5420K, committed 6016K, reserved 1048576K
}
Event: 10.211 GC heap before
{Heap before GC invocations=10 (full 0):
 garbage-first heap   total 106496K, used 92049K [0x0000000080000000, 0x0000000100000000)
  region size 1024K, 59 young (60416K), 4 survivors (4096K)
 Metaspace       used 46638K, committed 48256K, reserved 1114112K
  class space    used 6505K, committed 7296K, reserved 1048576K
}
Event: 10.215 GC heap after
{Heap after GC invocations=11 (full 0):
 garbage-first heap   total 106496K, used 38128K [0x0000000080000000, 0x0000000100000000)
  region size 1024K, 6 young (6144K), 6 survivors (6144K)
 Metaspace       used 46638K, committed 48256K, reserved 1114112K
  class space    used 6505K, committed 7296K, reserved 1048576K
}
Event: 11.712 GC heap before
{Heap before GC invocations=11 (full 0):
 garbage-first heap   total 106496K, used 93424K [0x0000000080000000, 0x0000000100000000)
  region size 1024K, 60 young (61440K), 6 survivors (6144K)
 Metaspace       used 53381K, committed 55168K, reserved 1114112K
  class space    used 7478K, committed 8384K, reserved 1048576K
}
Event: 11.717 GC heap after
{Heap after GC invocations=12 (full 0):
 garbage-first heap   total 106496K, used 42052K [0x0000000080000000, 0x0000000100000000)
  region size 1024K, 7 young (7168K), 7 survivors (7168K)
 Metaspace       used 53381K, committed 55168K, reserved 1114112K
  class space    used 7478K, committed 8384K, reserved 1048576K
}

Dll operation events (15 events):
Event: 0.010 Loaded shared library C:\Program Files\Java\jdk-21\bin\java.dll
Event: 0.047 Loaded shared library C:\Program Files\Java\jdk-21\bin\jsvml.dll
Event: 0.087 Loaded shared library C:\Program Files\Java\jdk-21\bin\zip.dll
Event: 0.092 Loaded shared library C:\Program Files\Java\jdk-21\bin\instrument.dll
Event: 0.096 Loaded shared library C:\Program Files\Java\jdk-21\bin\net.dll
Event: 0.098 Loaded shared library C:\Program Files\Java\jdk-21\bin\nio.dll
Event: 0.101 Loaded shared library C:\Program Files\Java\jdk-21\bin\zip.dll
Event: 0.564 Loaded shared library C:\Program Files\Java\jdk-21\bin\jimage.dll
Event: 0.863 Loaded shared library C:\Program Files\Java\jdk-21\bin\verify.dll
Event: 0.976 Loaded shared library C:\Users\lenovo\.gradle\native\1def1411415f61bf3af743bc5b6707747c0891f09f0c88961ee8f79bc544acac\windows-amd64\native-platform.dll
Event: 0.993 Loaded shared library C:\Users\lenovo\.gradle\native\0.2.7\x86_64-windows-gnu\gradle-fileevents.dll
Event: 2.586 Loaded shared library C:\Program Files\Java\jdk-21\bin\management.dll
Event: 2.588 Loaded shared library C:\Program Files\Java\jdk-21\bin\management_ext.dll
Event: 2.738 Loaded shared library C:\Program Files\Java\jdk-21\bin\extnet.dll
Event: 2.966 Loaded shared library C:\Program Files\Java\jdk-21\bin\sunmscapi.dll

Deoptimization events (20 events):
Event: 11.651 Thread 0x000002477d313ed0 Uncommon trap: trap_request=0xffffffde fr.pc=0x0000024707dfd950 relative=0x0000000000005450
Event: 11.651 Thread 0x000002477d313ed0 Uncommon trap: reason=class_check action=maybe_recompile pc=0x0000024707dfd950 method=java.net.URLClassLoader.defineClass(Ljava/lang/String;Ljdk/internal/loader/Resource;)Ljava/lang/Class; @ 34 c2
Event: 11.651 Thread 0x000002477d313ed0 DEOPT PACKING pc=0x0000024707dfd950 sp=0x000000e67baf83c0
Event: 11.651 Thread 0x000002477d313ed0 DEOPT UNPACKING pc=0x00000247074a46a2 sp=0x000000e67baf82e0 mode 2
Event: 11.659 Thread 0x000002477d313ed0 Uncommon trap: trap_request=0xffffffde fr.pc=0x0000024707df0474 relative=0x00000000000052d4
Event: 11.659 Thread 0x000002477d313ed0 Uncommon trap: reason=class_check action=maybe_recompile pc=0x0000024707df0474 method=java.net.URLClassLoader.defineClass(Ljava/lang/String;Ljdk/internal/loader/Resource;)Ljava/lang/Class; @ 34 c2
Event: 11.659 Thread 0x000002477d313ed0 DEOPT PACKING pc=0x0000024707df0474 sp=0x000000e67baf8590
Event: 11.659 Thread 0x000002477d313ed0 DEOPT UNPACKING pc=0x00000247074a46a2 sp=0x000000e67baf8548 mode 2
Event: 11.815 Thread 0x000002477d313ed0 Uncommon trap: trap_request=0xffffff45 fr.pc=0x0000024707bd6704 relative=0x00000000000003c4
Event: 11.815 Thread 0x000002477d313ed0 Uncommon trap: reason=unstable_if action=reinterpret pc=0x0000024707bd6704 method=org.gradle.internal.reflect.PropertyAccessorType.isGetGetterName(Ljava/lang/String;)Z @ 14 c2
Event: 11.815 Thread 0x000002477d313ed0 DEOPT PACKING pc=0x0000024707bd6704 sp=0x000000e67baf8c90
Event: 11.815 Thread 0x000002477d313ed0 DEOPT UNPACKING pc=0x00000247074a46a2 sp=0x000000e67baf8be8 mode 2
Event: 11.876 Thread 0x000002477d313ed0 Uncommon trap: trap_request=0xffffff76 fr.pc=0x0000024707c781fc relative=0x00000000000001dc
Event: 11.876 Thread 0x000002477d313ed0 Uncommon trap: reason=predicate action=maybe_recompile pc=0x0000024707c781fc method=java.util.LinkedHashMap.keysToArray([Ljava/lang/Object;Z)[Ljava/lang/Object; @ 53 c2
Event: 11.876 Thread 0x000002477d313ed0 DEOPT PACKING pc=0x0000024707c781fc sp=0x000000e67baf8a60
Event: 11.876 Thread 0x000002477d313ed0 DEOPT UNPACKING pc=0x00000247074a46a2 sp=0x000000e67baf8a10 mode 2
Event: 11.933 Thread 0x000002477d313ed0 Uncommon trap: trap_request=0xffffff45 fr.pc=0x0000024707e405bc relative=0x000000000000137c
Event: 11.933 Thread 0x000002477d313ed0 Uncommon trap: reason=unstable_if action=reinterpret pc=0x0000024707e405bc method=java.util.concurrent.ConcurrentHashMap.computeIfAbsent(Ljava/lang/Object;Ljava/util/function/Function;)Ljava/lang/Object; @ 123 c2
Event: 11.933 Thread 0x000002477d313ed0 DEOPT PACKING pc=0x0000024707e405bc sp=0x000000e67baf9bd0
Event: 11.933 Thread 0x000002477d313ed0 DEOPT UNPACKING pc=0x00000247074a46a2 sp=0x000000e67baf9b50 mode 2

Classes loaded (20 events):
Event: 11.029 Loading class java/io/InvalidClassException
Event: 11.029 Loading class java/io/InvalidClassException done
Event: 11.233 Loading class java/util/Comparators$NaturalOrderComparator
Event: 11.233 Loading class java/util/Comparators$NaturalOrderComparator done
Event: 11.490 Loading class java/io/FileWriter
Event: 11.490 Loading class java/io/FileWriter done
Event: 11.587 Loading class sun/reflect/generics/tree/BooleanSignature
Event: 11.587 Loading class sun/reflect/generics/tree/BooleanSignature done
Event: 11.597 Loading class org/xml/sax/Locator
Event: 11.597 Loading class org/xml/sax/Locator done
Event: 11.597 Loading class org/xml/sax/SAXParseException
Event: 11.597 Loading class org/xml/sax/SAXParseException done
Event: 11.599 Loading class org/xml/sax/Attributes
Event: 11.599 Loading class org/xml/sax/Attributes done
Event: 11.636 Loading class java/io/SerialCallbackContext
Event: 11.636 Loading class java/io/SerialCallbackContext done
Event: 11.745 Loading class java/util/DualPivotQuicksort
Event: 11.746 Loading class java/util/DualPivotQuicksort done
Event: 11.808 Loading class java/util/function/LongUnaryOperator
Event: 11.808 Loading class java/util/function/LongUnaryOperator done

Classes unloaded (0 events):
No events

Classes redefined (0 events):
No events

Internal exceptions (20 events):
Event: 9.972 Thread 0x000002477d313ed0 Exception <a 'java/lang/NoSuchMethodError'{0x000000008362dc70}: 'java.lang.Object java.lang.invoke.DirectMethodHandle$Holder.invokeSpecial(java.lang.Object, java.lang.Object, long, java.lang.Object, java.lang.Object)'> (0x000000008362dc70) 
thrown [s\open\src\hotspot\share\interpreter\linkResolver.cpp, line 773]
Event: 10.593 Thread 0x000002477e1fcfc0 Exception <a 'java/lang/NoSuchMethodError'{0x0000000084f906c0}: static Lorg/gradle/internal/build/event/types/DefaultBuildPhaseDescriptor;.<clinit>()V> (0x0000000084f906c0) 
thrown [s\open\src\hotspot\share\prims\jni.cpp, line 1111]
Event: 10.820 Thread 0x000002477d313ed0 Exception <a 'sun/nio/fs/WindowsException'{0x0000000084857568}> (0x0000000084857568) 
thrown [s\open\src\hotspot\share\prims\jni.cpp, line 520]
Event: 10.821 Thread 0x000002477d313ed0 Exception <a 'sun/nio/fs/WindowsException'{0x0000000084858c80}> (0x0000000084858c80) 
thrown [s\open\src\hotspot\share\prims\jni.cpp, line 520]
Event: 10.878 Thread 0x000002477d313ed0 Exception <a 'sun/nio/fs/WindowsException'{0x0000000084616d50}> (0x0000000084616d50) 
thrown [s\open\src\hotspot\share\prims\jni.cpp, line 520]
Event: 10.969 Thread 0x000002477d313ed0 Exception <a 'java/lang/NoSuchMethodError'{0x00000000844ccbd8}: 'int java.lang.invoke.DirectMethodHandle$Holder.invokeInterface(java.lang.Object, java.lang.Object, java.lang.Object, java.lang.Object, java.lang.Object)'> (0x00000000844ccbd8) 
thrown [s\open\src\hotspot\share\interpreter\linkResolver.cpp, line 773]
Event: 11.206 Thread 0x000002477d313ed0 Exception <a 'java/lang/NoSuchMethodError'{0x0000000083c0f3c0}: 'void java.lang.invoke.DirectMethodHandle$Holder.invokeStatic(java.lang.Object, java.lang.Object, java.lang.Object, java.lang.Object, java.lang.Object, java.lang.Object, java.lang.Object)'> (0x0000000083c0f3c0) 
thrown [s\open\src\hotspot\share\interpreter\linkResolver.cpp, line 773]
Event: 11.566 Thread 0x000002477d313ed0 Exception <a 'java/lang/ClassNotFoundException'{0x00000000833c8548}: org/gradle/internal/metaobject/ConfigureDelegateBeanInfo> (0x00000000833c8548) 
thrown [s\open\src\hotspot\share\classfile\systemDictionary.cpp, line 312]
Event: 11.567 Thread 0x000002477d313ed0 Exception <a 'java/lang/ClassNotFoundException'{0x00000000833d3598}: org/gradle/internal/metaobject/ConfigureDelegateCustomizer> (0x00000000833d3598) 
thrown [s\open\src\hotspot\share\classfile\systemDictionary.cpp, line 312]
Event: 11.582 Thread 0x000002477d313ed0 Exception <a 'java/lang/ClassNotFoundException'{0x000000008310fc18}: org/gradle/api/internal/project/DefaultProject_DecoratedBeanInfo> (0x000000008310fc18) 
thrown [s\open\src\hotspot\share\classfile\systemDictionary.cpp, line 312]
Event: 11.583 Thread 0x000002477d313ed0 Exception <a 'java/lang/ClassNotFoundException'{0x000000008311be38}: org/gradle/api/internal/project/DefaultProjectBeanInfo> (0x000000008311be38) 
thrown [s\open\src\hotspot\share\classfile\systemDictionary.cpp, line 312]
Event: 11.584 Thread 0x000002477d313ed0 Exception <a 'java/lang/ClassNotFoundException'{0x0000000083128110}: org/gradle/api/internal/project/DefaultProjectCustomizer> (0x0000000083128110) 
thrown [s\open\src\hotspot\share\classfile\systemDictionary.cpp, line 312]
Event: 11.592 Thread 0x000002477d313ed0 Exception <a 'java/lang/ClassNotFoundException'{0x00000000831f3490}: org/gradle/api/internal/project/DefaultProject_DecoratedCustomizer> (0x00000000831f3490) 
thrown [s\open\src\hotspot\share\classfile\systemDictionary.cpp, line 312]
Event: 11.608 Thread 0x000002477d313ed0 Exception <a 'java/lang/ClassNotFoundException'{0x00000000830a2b70}: org/gradle/configuration/internal/DefaultListenerBuildOperationDecorator$BuildOperationEmittingClosureBeanInfo> (0x00000000830a2b70) 
thrown [s\open\src\hotspot\share\classfile\systemDictionary.cpp, line 312]
Event: 11.610 Thread 0x000002477d313ed0 Exception <a 'java/lang/ClassNotFoundException'{0x00000000830af910}: org/gradle/configuration/internal/DefaultListenerBuildOperationDecorator$BuildOperationEmittingClosureCustomizer> (0x00000000830af910) 
thrown [s\open\src\hotspot\share\classfile\systemDictionary.cpp, line 312]
Event: 11.635 Thread 0x000002477e1fcfc0 Exception <a 'java/lang/NoSuchMethodError'{0x0000000082f8dd78}: static Lorg/gradle/internal/build/event/types/DefaultProjectConfigurationDescriptor;.<clinit>()V> (0x0000000082f8dd78) 
thrown [s\open\src\hotspot\share\prims\jni.cpp, line 1111]
Event: 11.809 Thread 0x000002477d313ed0 Exception <a 'java/lang/NoSuchMethodError'{0x0000000088530678}: 'long java.lang.invoke.DirectMethodHandle$Holder.invokeStatic(java.lang.Object, long)'> (0x0000000088530678) 
thrown [s\open\src\hotspot\share\interpreter\linkResolver.cpp, line 773]
Event: 11.918 Thread 0x000002477d313ed0 Exception <a 'java/lang/NoSuchMethodError'{0x00000000881d9d18}: 'java.lang.Object java.lang.invoke.DirectMethodHandle$Holder.invokeVirtual(java.lang.Object, java.lang.Object, java.lang.Object, java.lang.Object, java.lang.Object, java.lang.Object, java.lang.Object, java.lang.Object, java.lang.Object, java.lang.Object, java.lang.Object, java.lang.Object, java.lang.Object, java.lang.Object, java.lang.Object, java.lang.Object, java.lang.Object)'> (0x00000000881d9d18) 
thrown [s\open\src\hotspot\share\interpret
Event: 11.919 Thread 0x000002477d313ed0 Exception <a 'java/lang/NoSuchMethodError'{0x00000000881dfbc8}: 'java.lang.Object java.lang.invoke.DirectMethodHandle$Holder.invokeSpecial(java.lang.Object, java.lang.Object, java.lang.Object, java.lang.Object, java.lang.Object, java.lang.Object, java.lang.Object, java.lang.Object, java.lang.Object, java.lang.Object, java.lang.Object, java.lang.Object, java.lang.Object, java.lang.Object, java.lang.Object, java.lang.Object, java.lang.Object, java.lang.Object)'> (0x00000000881dfbc8) 
thrown [s\open\src\hotsp
Event: 11.919 Thread 0x000002477d313ed0 Exception <a 'java/lang/NoSuchMethodError'{0x00000000881e5120}: 'java.lang.Object java.lang.invoke.DelegatingMethodHandle$Holder.reinvoke_L(java.lang.Object, java.lang.Object, java.lang.Object, java.lang.Object, java.lang.Object, java.lang.Object, java.lang.Object, java.lang.Object, java.lang.Object, java.lang.Object, java.lang.Object, java.lang.Object, java.lang.Object, java.lang.Object, java.lang.Object, java.lang.Object, java.lang.Object)'> (0x00000000881e5120) 
thrown [s\open\src\hotspot\share\interpre

ZGC Phase Switch (0 events):
No events

VM Operations (20 events):
Event: 9.435 Executing VM operation: HandshakeAllThreads (Deoptimize) done
Event: 9.498 Executing VM operation: HandshakeAllThreads (Deoptimize)
Event: 9.498 Executing VM operation: HandshakeAllThreads (Deoptimize) done
Event: 9.953 Executing VM operation: HandshakeAllThreads (Deoptimize)
Event: 9.953 Executing VM operation: HandshakeAllThreads (Deoptimize) done
Event: 10.010 Executing VM operation: HandshakeAllThreads (Deoptimize)
Event: 10.010 Executing VM operation: HandshakeAllThreads (Deoptimize) done
Event: 10.211 Executing VM operation: G1CollectForAllocation (G1 Evacuation Pause)
Event: 10.215 Executing VM operation: G1CollectForAllocation (G1 Evacuation Pause) done
Event: 11.229 Executing VM operation: Cleanup
Event: 11.229 Executing VM operation: Cleanup done
Event: 11.240 Executing VM operation: HandshakeAllThreads (Deoptimize)
Event: 11.240 Executing VM operation: HandshakeAllThreads (Deoptimize) done
Event: 11.491 Executing VM operation: HandshakeAllThreads (Deoptimize)
Event: 11.491 Executing VM operation: HandshakeAllThreads (Deoptimize) done
Event: 11.633 Executing VM operation: ICBufferFull
Event: 11.633 Executing VM operation: ICBufferFull done
Event: 11.712 Executing VM operation: G1CollectForAllocation (G1 Evacuation Pause)
Event: 11.717 Executing VM operation: G1CollectForAllocation (G1 Evacuation Pause) done
Event: 12.720 Executing VM operation: Cleanup

Events (20 events):
Event: 8.344 Thread 0x0000024777ce4240 flushing nmethod 0x00000247003d6190
Event: 8.344 Thread 0x0000024777ce4240 flushing nmethod 0x00000247003d6590
Event: 8.344 Thread 0x0000024777ce4240 flushing nmethod 0x0000024700549710
Event: 8.344 Thread 0x0000024777ce4240 flushing nmethod 0x000002470054a090
Event: 8.344 Thread 0x0000024777ce4240 flushing nmethod 0x0000024700552910
Event: 9.207 Thread 0x000002477e200ad0 Thread added: 0x000002477e200ad0
Event: 9.239 Thread 0x000002475271d440 Thread exited: 0x000002475271d440
Event: 9.265 Thread 0x000002477e2017f0 Thread added: 0x000002477e2017f0
Event: 9.413 Thread 0x0000024750b59950 Thread exited: 0x0000024750b59950
Event: 9.525 Thread 0x0000024751a86ca0 Thread exited: 0x0000024751a86ca0
Event: 10.502 Thread 0x0000024750847370 Thread exited: 0x0000024750847370
Event: 10.502 Thread 0x000002477ddf0530 Thread exited: 0x000002477ddf0530
Event: 10.821 Thread 0x00000247530c8340 Thread added: 0x00000247530c8340
Event: 11.139 Thread 0x00000247530c8340 Thread exited: 0x00000247530c8340
Event: 11.155 Thread 0x00000247530c8340 Thread added: 0x00000247530c8340
Event: 11.372 Thread 0x00000247530c8340 Thread exited: 0x00000247530c8340
Event: 11.426 Thread 0x00000247530c8340 Thread added: 0x00000247530c8340
Event: 11.819 Thread 0x00000247530c3c50 Thread added: 0x00000247530c3c50
Event: 11.904 Thread 0x0000024754524530 Thread added: 0x0000024754524530
Event: 12.146 Thread 0x0000024754524530 Thread exited: 0x0000024754524530


Dynamic libraries:
0x00007ff758080000 - 0x00007ff758090000 	C:\Program Files\Java\jdk-21\bin\java.exe
0x00007fff5e2a0000 - 0x00007fff5e508000 	C:\WINDOWS\SYSTEM32\ntdll.dll
0x00007fff5c2d0000 - 0x00007fff5c399000 	C:\WINDOWS\System32\KERNEL32.DLL
0x00007fff5b710000 - 0x00007fff5bb01000 	C:\WINDOWS\System32\KERNELBASE.dll
0x00007fff5be40000 - 0x00007fff5bf8b000 	C:\WINDOWS\System32\ucrtbase.dll
0x00007fff4e4c0000 - 0x00007fff4e4d9000 	C:\Program Files\Java\jdk-21\bin\jli.dll
0x00007fff4e350000 - 0x00007fff4e36b000 	C:\Program Files\Java\jdk-21\bin\VCRUNTIME140.dll
0x00007fff5d4a0000 - 0x00007fff5d554000 	C:\WINDOWS\System32\ADVAPI32.dll
0x00007fff5d3f0000 - 0x00007fff5d499000 	C:\WINDOWS\System32\msvcrt.dll
0x00007fff5c3b0000 - 0x00007fff5c456000 	C:\WINDOWS\System32\sechost.dll
0x00007fff5dbf0000 - 0x00007fff5dd08000 	C:\WINDOWS\System32\RPCRT4.dll
0x00007fff5da20000 - 0x00007fff5dbe6000 	C:\WINDOWS\System32\USER32.dll
0x00007fff40870000 - 0x00007fff40b03000 	C:\WINDOWS\WinSxS\amd64_microsoft.windows.common-controls_6595b64144ccf1df_6.0.26100.7824_none_3e0870b2e3345462\COMCTL32.dll
0x00007fff5ae70000 - 0x00007fff5ae97000 	C:\WINDOWS\System32\win32u.dll
0x00007fff5c460000 - 0x00007fff5c48b000 	C:\WINDOWS\System32\GDI32.dll
0x00007fff5bc50000 - 0x00007fff5bd7b000 	C:\WINDOWS\System32\gdi32full.dll
0x00007fff5bf90000 - 0x00007fff5c033000 	C:\WINDOWS\System32\msvcp_win.dll
0x00007fff52e30000 - 0x00007fff52e3b000 	C:\WINDOWS\SYSTEM32\VERSION.dll
0x00007fff5d330000 - 0x00007fff5d361000 	C:\WINDOWS\System32\IMM32.DLL
0x00007fff541d0000 - 0x00007fff541dc000 	C:\Program Files\Java\jdk-21\bin\vcruntime140_1.dll
0x00007ffec2e30000 - 0x00007ffec2ebe000 	C:\Program Files\Java\jdk-21\bin\msvcp140.dll
0x00007ffec0f60000 - 0x00007ffec1c7a000 	C:\Program Files\Java\jdk-21\bin\server\jvm.dll
0x00007fff5c490000 - 0x00007fff5c504000 	C:\WINDOWS\System32\WS2_32.dll
0x00007fff5a830000 - 0x00007fff5a88e000 	C:\WINDOWS\SYSTEM32\POWRPROF.dll
0x00007fff58600000 - 0x00007fff58635000 	C:\WINDOWS\SYSTEM32\WINMM.dll
0x00007fff5a810000 - 0x00007fff5a824000 	C:\WINDOWS\SYSTEM32\UMPDC.dll
0x00007fff59920000 - 0x00007fff5993b000 	C:\WINDOWS\SYSTEM32\kernel.appcore.dll
0x00007fff4e340000 - 0x00007fff4e34a000 	C:\Program Files\Java\jdk-21\bin\jimage.dll
0x00007fff582f0000 - 0x00007fff58532000 	C:\WINDOWS\SYSTEM32\DBGHELP.DLL
0x00007fff5c660000 - 0x00007fff5c9e6000 	C:\WINDOWS\System32\combase.dll
0x00007fff5d250000 - 0x00007fff5d327000 	C:\WINDOWS\System32\OLEAUT32.dll
0x00007fff58570000 - 0x00007fff585ab000 	C:\WINDOWS\SYSTEM32\dbgcore.DLL
0x00007fff5bb10000 - 0x00007fff5bbb5000 	C:\WINDOWS\System32\bcryptPrimitives.dll
0x00007fff4e330000 - 0x00007fff4e33f000 	C:\Program Files\Java\jdk-21\bin\instrument.dll
0x00007ffec6de0000 - 0x00007ffec6dff000 	C:\Program Files\Java\jdk-21\bin\java.dll
0x00007fff5caf0000 - 0x00007fff5d242000 	C:\WINDOWS\System32\SHELL32.dll
0x00007fff5ab80000 - 0x00007fff5acea000 	C:\WINDOWS\System32\wintypes.dll
0x00007fff5aea0000 - 0x00007fff5b703000 	C:\WINDOWS\System32\windows.storage.dll
0x00007fff5c9f0000 - 0x00007fff5cae6000 	C:\WINDOWS\System32\SHCORE.dll
0x00007fff5c040000 - 0x00007fff5c0a7000 	C:\WINDOWS\System32\shlwapi.dll
0x00007fff5aaa0000 - 0x00007fff5aac9000 	C:\WINDOWS\SYSTEM32\profapi.dll
0x00007ffec2d10000 - 0x00007ffec2de7000 	C:\Program Files\Java\jdk-21\bin\jsvml.dll
0x00007ffec2cf0000 - 0x00007ffec2d08000 	C:\Program Files\Java\jdk-21\bin\zip.dll
0x00007ffec2ce0000 - 0x00007ffec2cf0000 	C:\Program Files\Java\jdk-21\bin\net.dll
0x00007fff53400000 - 0x00007fff53527000 	C:\WINDOWS\SYSTEM32\WINHTTP.dll
0x00007fff59e90000 - 0x00007fff59efb000 	C:\WINDOWS\system32\mswsock.dll
0x00007ffec2cc0000 - 0x00007ffec2cd6000 	C:\Program Files\Java\jdk-21\bin\nio.dll
0x00007ffee1c70000 - 0x00007ffee1c80000 	C:\Program Files\Java\jdk-21\bin\verify.dll
0x00007fff4ea80000 - 0x00007fff4eaa7000 	C:\Users\lenovo\.gradle\native\1def1411415f61bf3af743bc5b6707747c0891f09f0c88961ee8f79bc544acac\windows-amd64\native-platform.dll
0x00007fff1ee10000 - 0x00007fff1ee88000 	C:\Users\lenovo\.gradle\native\0.2.7\x86_64-windows-gnu\gradle-fileevents.dll
0x00007ffee1c60000 - 0x00007ffee1c6a000 	C:\Program Files\Java\jdk-21\bin\management.dll
0x00007ffee1c50000 - 0x00007ffee1c5b000 	C:\Program Files\Java\jdk-21\bin\management_ext.dll
0x00007fff5c3a0000 - 0x00007fff5c3a8000 	C:\WINDOWS\System32\PSAPI.DLL
0x00007fff593d0000 - 0x00007fff59404000 	C:\WINDOWS\SYSTEM32\IPHLPAPI.DLL
0x00007fff5d560000 - 0x00007fff5d56a000 	C:\WINDOWS\System32\NSI.dll
0x00007ffee1c40000 - 0x00007ffee1c49000 	C:\Program Files\Java\jdk-21\bin\extnet.dll
0x00007fff5a160000 - 0x00007fff5a17b000 	C:\WINDOWS\SYSTEM32\CRYPTSP.dll
0x00007fff59880000 - 0x00007fff598b9000 	C:\WINDOWS\system32\rsaenh.dll
0x00007fff59f40000 - 0x00007fff59f6b000 	C:\WINDOWS\SYSTEM32\USERENV.dll
0x00007fff5aa70000 - 0x00007fff5aa9a000 	C:\WINDOWS\SYSTEM32\bcrypt.dll
0x00007fff5a180000 - 0x00007fff5a18c000 	C:\WINDOWS\SYSTEM32\CRYPTBASE.dll
0x00007ffee1c30000 - 0x00007ffee1c3e000 	C:\Program Files\Java\jdk-21\bin\sunmscapi.dll
0x00007fff5acf0000 - 0x00007fff5ae67000 	C:\WINDOWS\System32\CRYPT32.dll
0x00007fff5a380000 - 0x00007fff5a3b0000 	C:\WINDOWS\SYSTEM32\ncrypt.dll
0x00007fff5a330000 - 0x00007fff5a36f000 	C:\WINDOWS\SYSTEM32\NTASN1.dll
0x00007ffec6e40000 - 0x00007ffec6e48000 	C:\WINDOWS\system32\wshunix.dll

dbghelp: loaded successfully - version: 4.0.5 - missing functions: none
symbol engine: initialized successfully - sym options: 0x614 - pdb path: .;C:\Program Files\Java\jdk-21\bin;C:\WINDOWS\SYSTEM32;C:\WINDOWS\WinSxS\amd64_microsoft.windows.common-controls_6595b64144ccf1df_6.0.26100.7824_none_3e0870b2e3345462;C:\Program Files\Java\jdk-21\bin\server;C:\Users\lenovo\.gradle\native\1def1411415f61bf3af743bc5b6707747c0891f09f0c88961ee8f79bc544acac\windows-amd64;C:\Users\lenovo\.gradle\native\0.2.7\x86_64-windows-gnu

VM Arguments:
jvm_args: --add-opens=java.base/java.lang=ALL-UNNAMED --add-opens=java.base/java.lang.invoke=ALL-UNNAMED --add-opens=java.base/java.util=ALL-UNNAMED --add-opens=java.prefs/java.util.prefs=ALL-UNNAMED --add-exports=jdk.compiler/com.sun.tools.javac.api=ALL-UNNAMED --add-exports=jdk.compiler/com.sun.tools.javac.util=ALL-UNNAMED --add-opens=java.base/java.util=ALL-UNNAMED --add-opens=java.prefs/java.util.prefs=ALL-UNNAMED --add-opens=java.base/java.nio.charset=ALL-UNNAMED --add-opens=java.base/java.net=ALL-UNNAMED --add-opens=java.base/java.util.concurrent.atomic=ALL-UNNAMED --add-opens=java.xml/javax.xml.namespace=ALL-UNNAMED -Xmx2048m -Dfile.encoding=UTF-8 -Duser.country=US -Duser.language=en -Duser.variant -javaagent:C:\Users\lenovo\.gradle\wrapper\dists\gradle-8.13-bin\5xuhj0ry160q40clulazy9h7d\gradle-8.13\lib\agents\gradle-instrumentation-agent-8.13.jar 
java_command: org.gradle.launcher.daemon.bootstrap.GradleDaemon 8.13
java_class_path (initial): C:\Users\lenovo\.gradle\wrapper\dists\gradle-8.13-bin\5xuhj0ry160q40clulazy9h7d\gradle-8.13\lib\gradle-daemon-main-8.13.jar
Launcher Type: SUN_STANDARD

[Global flags]
     intx CICompilerCount                          = 12                                        {product} {ergonomic}
     uint ConcGCThreads                            = 3                                         {product} {ergonomic}
     uint G1ConcRefinementThreads                  = 13                                        {product} {ergonomic}
   size_t G1HeapRegionSize                         = 1048576                                   {product} {ergonomic}
    uintx GCDrainStackTargetSize                   = 64                                        {product} {ergonomic}
   size_t InitialHeapSize                          = 232783872                                 {product} {ergonomic}
   size_t MarkStackSize                            = 4194304                                   {product} {ergonomic}
   size_t MaxHeapSize                              = 2147483648                                {product} {command line}
   size_t MaxNewSize                               = 1287651328                                {product} {ergonomic}
   size_t MinHeapDeltaBytes                        = 1048576                                   {product} {ergonomic}
   size_t MinHeapSize                              = 8388608                                   {product} {ergonomic}
    uintx NonNMethodCodeHeapSize                   = 7602480                                {pd product} {ergonomic}
    uintx NonProfiledCodeHeapSize                  = 122027880                              {pd product} {ergonomic}
    uintx ProfiledCodeHeapSize                     = 122027880                              {pd product} {ergonomic}
    uintx ReservedCodeCacheSize                    = 251658240                              {pd product} {ergonomic}
     bool SegmentedCodeCache                       = true                                      {product} {ergonomic}
   size_t SoftMaxHeapSize                          = 2147483648                             {manageable} {ergonomic}
     bool UseCompressedOops                        = true                           {product lp64_product} {ergonomic}
     bool UseG1GC                                  = true                                      {product} {ergonomic}
     bool UseLargePagesIndividualAllocation        = false                                  {pd product} {ergonomic}

Logging:
Log output configuration:
 #0: stdout all=warning uptime,level,tags foldmultilines=false
 #1: stderr all=off uptime,level,tags foldmultilines=false

Environment Variables:
PATH=%JAVA_HOME%\bin;C:\WINDOWS\system32;C:\WINDOWS;C:\WINDOWS\System32\Wbem;C:\WINDOWS\System32\WindowsPowerShell\v1.0\;C:\WINDOWS\System32\OpenSSH\;C:\Program Files\Git\cmd;C:\Users\lenovo\AppData\Local\Microsoft\WindowsApps;C:\Users\lenovo\AppData\Local\Programs\Microsoft VS Code\bin;C:\Users\lenovo\AppData\Local\GitHubDesktop\bin;C:\MinGW\bin;D:\advjava\apache-maven-3.9.9-bin (1)\apache-maven-3.9.9\bin;D:\checkstyle;C:\Program Files\dotnet\;C:\Program Files\Java\javafx-sdk-21.0.7\lib;C:\Program Files\Void\bin;C:\Program Files\nodejs\;C:\Program Files\Docker\Docker\resources\bin;C:\Users\lenovo\AppData\Local\Programs\Python\Python312\Scripts\;C:\Users\lenovo\AppData\Local\Programs\Python\Python312\;C:\Program Files\Java\jdk-25\bin;C:\Users\lenovo\.lmstudio\bin;C:\Users\lenovo\AppData\Local\Programs\Antigravity\bin;C:\Users\lenovo\.dotnet\tools;C:\Users\lenovo\AppData\Roaming\npm;C:\Program Files\JetBrains\IntelliJ IDEA 2025.3.3\bin
USERNAME=lenovo
OS=Windows_NT
PROCESSOR_IDENTIFIER=AMD64 Family 25 Model 80 Stepping 0, AuthenticAMD
TMP=C:\Users\lenovo\AppData\Local\Temp
TEMP=C:\Users\lenovo\AppData\Local\Temp




Periodic native trim disabled

---------------  S Y S T E M  ---------------

OS:
 Windows 11 , 64 bit Build 26100 (10.0.26100.7705)
OS uptime: 0 days 1:49 hours
Hyper-V role detected

CPU: total 16 (initial active 16) (16 cores per cpu, 2 threads per core) family 25 model 80 stepping 0 microcode 0xa50000d, cx8, cmov, fxsr, ht, mmx, 3dnowpref, sse, sse2, sse3, ssse3, sse4a, sse4.1, sse4.2, popcnt, lzcnt, tsc, tscinvbit, avx, avx2, aes, erms, clmul, bmi1, bmi2, adx, sha, fma, vzeroupper, clflush, clflushopt, hv, rdtscp, rdpid, fsrm, f16c, cet_ss
Processor Information for all 16 processors :
  Max Mhz: 2000, Current Mhz: 2000, Mhz Limit: 2000

Memory: 4k page, system-wide physical 14173M (2225M free)
TotalPageFile size 18269M (AvailPageFile size 20M)
current process WorkingSet (physical memory assigned to process): 331M, peak: 331M
current process commit charge ("private bytes"): 385M, peak: 429M

vm_info: Java HotSpot(TM) 64-Bit Server VM (21.0.6+8-LTS-188) for windows-amd64 JRE (21.0.6+8-LTS-188), built on 2024-12-03T10:50:54Z by "mach5one" with MS VC++ 17.6 (VS2022)

END.
