#
# There is insufficient memory for the Java Runtime Environment to continue.
# Native memory allocation (malloc) failed to allocate 1055312 bytes. Error detail: Chunk::new
# Possible reasons:
#   The system is out of physical RAM or swap space
#   This process is running with CompressedOops enabled, and the Java Heap may be blocking the growth of the native heap
# Possible solutions:
#   Reduce memory load on the system
#   Increase physical memory or swap space
#   Check if swap backing store is full
#   Decrease Java heap size (-Xmx/-Xms)
#   Decrease number of Java threads
#   Decrease Java thread stack sizes (-Xss)
#   Set larger code cache with -XX:ReservedCodeCacheSize=
#   JVM is running with Unscaled Compressed Oops mode in which the Java heap is
#     placed in the first 4GB address space. The Java Heap base address is the
#     maximum limit for the native heap growth. Please use -XX:HeapBaseMinAddress
#     to set the Java Heap base and to place the Java Heap above 4GB virtual address.
# This output file may be truncated or incomplete.
#
#  Out of Memory Error (arena.cpp:168), pid=18112, tid=18476
#
# JRE version: OpenJDK Runtime Environment Temurin-21.0.10+7 (21.0.10+7) (build 21.0.10+7-LTS)
# Java VM: OpenJDK 64-Bit Server VM Temurin-21.0.10+7 (21.0.10+7-LTS, mixed mode, sharing, tiered, compressed oops, compressed class ptrs, parallel gc, windows-amd64)
# No core dump will be written. Minidumps are not enabled by default on client versions of Windows
#

---------------  S U M M A R Y ------------

Command Line: --add-modules=ALL-SYSTEM --add-opens=java.base/java.util=ALL-UNNAMED --add-opens=java.base/java.lang=ALL-UNNAMED --add-opens=java.base/sun.nio.fs=ALL-UNNAMED -Declipse.application=org.eclipse.jdt.ls.core.id1 -Dosgi.bundles.defaultStartLevel=4 -Declipse.product=org.eclipse.jdt.ls.core.product -Djava.import.generatesMetadataFilesAtProjectRoot=false -DDetectVMInstallationsJob.disabled=true -Dfile.encoding=utf8 -XX:+UseParallelGC -XX:GCTimeRatio=4 -XX:AdaptiveSizePolicyWeight=90 -Dsun.zip.disableMemoryMapping=true -Xmx2G -Xms100m -Xlog:disable -javaagent:c:\Users\lenovo\.vscode\extensions\redhat.java-1.53.0-win32-x64\lombok\lombok-1.18.39-4050.jar -XX:+HeapDumpOnOutOfMemoryError -XX:HeapDumpPath=c:\Users\lenovo\AppData\Roaming\Code\User\workspaceStorage\eb4572a758bd5f1c14d66f1749ad556e\redhat.java -Daether.dependencyCollector.impl=bf c:\Users\lenovo\.vscode\extensions\redhat.java-1.53.0-win32-x64\server\plugins\org.eclipse.equinox.launcher_1.7.100.v20251111-0406.jar -configuration c:\Users\lenovo\AppData\Roaming\Code\User\globalStorage\redhat.java\1.53.0\config_win -data c:\Users\lenovo\AppData\Roaming\Code\User\workspaceStorage\eb4572a758bd5f1c14d66f1749ad556e\redhat.java\jdt_ws --pipe=\\.\pipe\lsp-d5d9c87d87685b271b820f0e2855e6dd-sock

Host: AMD Ryzen 7 7730U with Radeon Graphics         , 16 cores, 13G,  Windows 11 , 64 bit Build 26100 (10.0.26100.7705)
Time: Sat Feb 28 18:00:29 2026 India Standard Time elapsed time: 31.962050 seconds (0d 0h 0m 31s)

---------------  T H R E A D  ---------------

Current thread (0x00000235e9e80df0):  JavaThread "C2 CompilerThread2" daemon [_thread_in_native, id=18476, stack(0x0000004f17300000,0x0000004f17400000) (1024K)]


Current CompileTask:
C2:31962 8806   !   4       java.io.ObjectInputStream::readNonProxyDesc (316 bytes)

Stack: [0x0000004f17300000,0x0000004f17400000]
Native frames: (J=compiled Java code, j=interpreted, Vv=VM code, C=native code)
V  [jvm.dll+0x6d7a39]
V  [jvm.dll+0x8b4b26]
V  [jvm.dll+0x8b70de]
V  [jvm.dll+0x8b77c3]
V  [jvm.dll+0x284346]
V  [jvm.dll+0xc66ed]
V  [jvm.dll+0xc6c31]
V  [jvm.dll+0x3bec3b]
V  [jvm.dll+0x1e3bc4]
V  [jvm.dll+0x24c6b3]
V  [jvm.dll+0x24bb40]
V  [jvm.dll+0x1cb34e]
V  [jvm.dll+0x25b85d]
V  [jvm.dll+0x259dea]
V  [jvm.dll+0x3f857e]
V  [jvm.dll+0x85f59d]
V  [jvm.dll+0x6d626d]
C  [ucrtbase.dll+0x37b0]
C  [KERNEL32.DLL+0x2e8d7]
C  [ntdll.dll+0x8c40c]


---------------  P R O C E S S  ---------------

Threads class SMR info:
_java_thread_list=0x00000235eac7b650, length=62, elements={
0x00000235c870b420, 0x00000235c86bcda0, 0x00000235e0675280, 0x00000235e0677ab0,
0x00000235e0679b20, 0x00000235e0684b00, 0x00000235e068f710, 0x00000235e06b7f90,
0x00000235e06bb550, 0x00000235e068e9f0, 0x00000235e0690430, 0x00000235e068fda0,
0x00000235e068e360, 0x00000235e068cfb0, 0x00000235e068dcd0, 0x00000235e068f080,
0x00000235e068d640, 0x00000235e70eca20, 0x00000235e70eddd0, 0x00000235e70ebd00,
0x00000235e70ec390, 0x00000235e70ed0b0, 0x00000235e70eafe0, 0x00000235e70eeaf0,
0x00000235e70ed740, 0x00000235e70ee460, 0x00000235e70eb670, 0x00000235e70f1f70,
0x00000235e70f1250, 0x00000235e70efea0, 0x00000235e70f2600, 0x00000235e70f0530,
0x00000235e70ef180, 0x00000235e70ef810, 0x00000235e70f0bc0, 0x00000235e70f18e0,
0x00000235ea7076f0, 0x00000235ea709130, 0x00000235ea708410, 0x00000235ea7069d0,
0x00000235ea7097c0, 0x00000235ea708aa0, 0x00000235ea706340, 0x00000235ea709e50,
0x00000235ea707d80, 0x00000235ea70a4e0, 0x00000235ea70d960, 0x00000235ea70bf20,
0x00000235ea70c5b0, 0x00000235ea70cc40, 0x00000235ea70b200, 0x00000235ea70d2d0,
0x00000235e6355130, 0x00000235e6357200, 0x00000235e63557c0, 0x00000235e6357890,
0x00000235e9e80050, 0x00000235e9e80df0, 0x00000235e6e81410, 0x00000235e6e7f8d0,
0x00000235e6e80d40, 0x00000235e6e7eb30
}

Java Threads: ( => current thread )
  0x00000235c870b420 JavaThread "main"                              [_thread_blocked, id=22472, stack(0x0000004f12800000,0x0000004f12900000) (1024K)]
  0x00000235c86bcda0 JavaThread "Reference Handler"          daemon [_thread_blocked, id=13220, stack(0x0000004f12c00000,0x0000004f12d00000) (1024K)]
  0x00000235e0675280 JavaThread "Finalizer"                  daemon [_thread_blocked, id=19744, stack(0x0000004f12d00000,0x0000004f12e00000) (1024K)]
  0x00000235e0677ab0 JavaThread "Signal Dispatcher"          daemon [_thread_blocked, id=12048, stack(0x0000004f12e00000,0x0000004f12f00000) (1024K)]
  0x00000235e0679b20 JavaThread "Attach Listener"            daemon [_thread_blocked, id=19764, stack(0x0000004f12f00000,0x0000004f13000000) (1024K)]
  0x00000235e0684b00 JavaThread "Service Thread"             daemon [_thread_blocked, id=17716, stack(0x0000004f13000000,0x0000004f13100000) (1024K)]
  0x00000235e068f710 JavaThread "Monitor Deflation Thread"   daemon [_thread_blocked, id=4720, stack(0x0000004f13100000,0x0000004f13200000) (1024K)]
  0x00000235e06b7f90 JavaThread "C2 CompilerThread0"         daemon [_thread_in_native, id=9100, stack(0x0000004f13200000,0x0000004f13300000) (1024K)]
  0x00000235e06bb550 JavaThread "C1 CompilerThread0"         daemon [_thread_in_native, id=19508, stack(0x0000004f13300000,0x0000004f13400000) (1024K)]
  0x00000235e068e9f0 JavaThread "Common-Cleaner"             daemon [_thread_blocked, id=7036, stack(0x0000004f13800000,0x0000004f13900000) (1024K)]
  0x00000235e0690430 JavaThread "Notification Thread"        daemon [_thread_blocked, id=22000, stack(0x0000004f13900000,0x0000004f13a00000) (1024K)]
  0x00000235e068fda0 JavaThread "Active Thread: Equinox Container: e06770e9-b2ec-4744-9bd4-d47411457f70"        [_thread_in_Java, id=18652, stack(0x0000004f14200000,0x0000004f14300000) (1024K)]
  0x00000235e068e360 JavaThread "Refresh Thread: Equinox Container: e06770e9-b2ec-4744-9bd4-d47411457f70" daemon [_thread_blocked, id=6524, stack(0x0000004f14400000,0x0000004f14500000) (1024K)]
  0x00000235e068cfb0 JavaThread "Framework Event Dispatcher: Equinox Container: e06770e9-b2ec-4744-9bd4-d47411457f70" daemon [_thread_blocked, id=1460, stack(0x0000004f14500000,0x0000004f14600000) (1024K)]
  0x00000235e068dcd0 JavaThread "Start Level: Equinox Container: e06770e9-b2ec-4744-9bd4-d47411457f70" daemon [_thread_blocked, id=12676, stack(0x0000004f14600000,0x0000004f14700000) (1024K)]
  0x00000235e068f080 JavaThread "Bundle File Closer"         daemon [_thread_blocked, id=16488, stack(0x0000004f14a00000,0x0000004f14b00000) (1024K)]
  0x00000235e068d640 JavaThread "SCR Component Actor"        daemon [_thread_blocked, id=20380, stack(0x0000004f14b00000,0x0000004f14c00000) (1024K)]
  0x00000235e70eca20 JavaThread "Worker-JM"                         [_thread_blocked, id=3024, stack(0x0000004f14c00000,0x0000004f14d00000) (1024K)]
  0x00000235e70eddd0 JavaThread "Worker-0"                          [_thread_blocked, id=8084, stack(0x0000004f14f00000,0x0000004f15000000) (1024K)]
  0x00000235e70ebd00 JavaThread "Worker-1: Initialize Workspace"        [_thread_blocked, id=4548, stack(0x0000004f15000000,0x0000004f15100000) (1024K)]
  0x00000235e70ec390 JavaThread "Java indexing"              daemon [_thread_blocked, id=20692, stack(0x0000004f15100000,0x0000004f15200000) (1024K)]
  0x00000235e70ed0b0 JavaThread "Worker-2"                          [_thread_blocked, id=10732, stack(0x0000004f15200000,0x0000004f15300000) (1024K)]
  0x00000235e70eafe0 JavaThread "JNA Cleaner"                daemon [_thread_blocked, id=13528, stack(0x0000004f15300000,0x0000004f15400000) (1024K)]
  0x00000235e70eeaf0 JavaThread "Worker-3"                          [_thread_blocked, id=15436, stack(0x0000004f15600000,0x0000004f15700000) (1024K)]
  0x00000235e70ed740 JavaThread "Worker-4"                          [_thread_blocked, id=3632, stack(0x0000004f15700000,0x0000004f15800000) (1024K)]
  0x00000235e70ee460 JavaThread "Worker-5"                          [_thread_blocked, id=13532, stack(0x0000004f15800000,0x0000004f15900000) (1024K)]
  0x00000235e70eb670 JavaThread "Thread-1"                   daemon [_thread_in_native, id=9288, stack(0x0000004f15900000,0x0000004f15a00000) (1024K)]
  0x00000235e70f1f70 JavaThread "Thread-2"                   daemon [_thread_in_native, id=21532, stack(0x0000004f15a00000,0x0000004f15b00000) (1024K)]
  0x00000235e70f1250 JavaThread "Thread-3"                   daemon [_thread_in_native, id=9564, stack(0x0000004f15b00000,0x0000004f15c00000) (1024K)]
  0x00000235e70efea0 JavaThread "Thread-4"                   daemon [_thread_in_native, id=18436, stack(0x0000004f15c00000,0x0000004f15d00000) (1024K)]
  0x00000235e70f2600 JavaThread "Thread-5"                   daemon [_thread_in_native, id=3268, stack(0x0000004f15d00000,0x0000004f15e00000) (1024K)]
  0x00000235e70f0530 JavaThread "Thread-6"                   daemon [_thread_in_native, id=19636, stack(0x0000004f15e00000,0x0000004f15f00000) (1024K)]
  0x00000235e70ef180 JavaThread "Thread-7"                   daemon [_thread_in_native, id=15616, stack(0x0000004f15f00000,0x0000004f16000000) (1024K)]
  0x00000235e70ef810 JavaThread "Thread-8"                   daemon [_thread_in_native, id=21088, stack(0x0000004f16000000,0x0000004f16100000) (1024K)]
  0x00000235e70f0bc0 JavaThread "Thread-9"                   daemon [_thread_in_native, id=12312, stack(0x0000004f16100000,0x0000004f16200000) (1024K)]
  0x00000235e70f18e0 JavaThread "Thread-10"                  daemon [_thread_in_native, id=17060, stack(0x0000004f16200000,0x0000004f16300000) (1024K)]
  0x00000235ea7076f0 JavaThread "Thread-11"                  daemon [_thread_in_native, id=2660, stack(0x0000004f16300000,0x0000004f16400000) (1024K)]
  0x00000235ea709130 JavaThread "Thread-12"                  daemon [_thread_in_native, id=18976, stack(0x0000004f16400000,0x0000004f16500000) (1024K)]
  0x00000235ea708410 JavaThread "Thread-13"                  daemon [_thread_in_native, id=19720, stack(0x0000004f16500000,0x0000004f16600000) (1024K)]
  0x00000235ea7069d0 JavaThread "Thread-14"                  daemon [_thread_in_native, id=17212, stack(0x0000004f16600000,0x0000004f16700000) (1024K)]
  0x00000235ea7097c0 JavaThread "Thread-15"                  daemon [_thread_in_native, id=9476, stack(0x0000004f16700000,0x0000004f16800000) (1024K)]
  0x00000235ea708aa0 JavaThread "Thread-16"                  daemon [_thread_in_native, id=16396, stack(0x0000004f16800000,0x0000004f16900000) (1024K)]
  0x00000235ea706340 JavaThread "Thread-17"                  daemon [_thread_in_native, id=20372, stack(0x0000004f16900000,0x0000004f16a00000) (1024K)]
  0x00000235ea709e50 JavaThread "pool-2-thread-1"                   [_thread_blocked, id=10512, stack(0x0000004f16a00000,0x0000004f16b00000) (1024K)]
  0x00000235ea707d80 JavaThread "WorkspaceEventsHandler"            [_thread_blocked, id=20568, stack(0x0000004f16f00000,0x0000004f17000000) (1024K)]
  0x00000235ea70a4e0 JavaThread "pool-1-thread-1"                   [_thread_blocked, id=17864, stack(0x0000004f17000000,0x0000004f17100000) (1024K)]
  0x00000235ea70d960 JavaThread "Timer-0"                           [_thread_blocked, id=12668, stack(0x0000004f16d00000,0x0000004f16e00000) (1024K)]
  0x00000235ea70bf20 JavaThread "Timer-1"                           [_thread_blocked, id=12700, stack(0x0000004f13700000,0x0000004f13800000) (1024K)]
  0x00000235ea70c5b0 JavaThread "Timer-2"                           [_thread_blocked, id=6020, stack(0x0000004f13a00000,0x0000004f13b00000) (1024K)]
  0x00000235ea70cc40 JavaThread "Timer-3"                           [_thread_blocked, id=8828, stack(0x0000004f16b00000,0x0000004f16c00000) (1024K)]
  0x00000235ea70b200 JavaThread "Timer-4"                           [_thread_blocked, id=14300, stack(0x0000004f16c00000,0x0000004f16d00000) (1024K)]
  0x00000235ea70d2d0 JavaThread "Connection worker"                 [_thread_in_native, id=6160, stack(0x0000004f16e00000,0x0000004f16f00000) (1024K)]
  0x00000235e6355130 JavaThread "pool-3-thread-1"                   [_thread_blocked, id=18964, stack(0x0000004f13500000,0x0000004f13600000) (1024K)]
  0x00000235e6357200 JavaThread "Exec process"                      [_thread_blocked, id=5892, stack(0x0000004f13600000,0x0000004f13700000) (1024K)]
  0x00000235e63557c0 JavaThread "Exec process Thread 2"             [_thread_blocked, id=11712, stack(0x0000004f17800000,0x0000004f17900000) (1024K)]
  0x00000235e6357890 JavaThread "Exec process Thread 3"             [_thread_blocked, id=7024, stack(0x0000004f17900000,0x0000004f17a00000) (1024K)]
  0x00000235e9e80050 JavaThread "C2 CompilerThread1"         daemon [_thread_in_native, id=10156, stack(0x0000004f17200000,0x0000004f17300000) (1024K)]
=>0x00000235e9e80df0 JavaThread "C2 CompilerThread2"         daemon [_thread_in_native, id=18476, stack(0x0000004f17300000,0x0000004f17400000) (1024K)]
  0x00000235e6e81410 JavaThread "C2 CompilerThread3"         daemon [_thread_in_native, id=1412, stack(0x0000004f17400000,0x0000004f17500000) (1024K)]
  0x00000235e6e7f8d0 JavaThread "C2 CompilerThread4"         daemon [_thread_in_native, id=4320, stack(0x0000004f17500000,0x0000004f17600000) (1024K)]
  0x00000235e6e80d40 JavaThread "C2 CompilerThread5"         daemon [_thread_in_native, id=9496, stack(0x0000004f17600000,0x0000004f17700000) (1024K)]
  0x00000235e6e7eb30 JavaThread "C1 CompilerThread1"         daemon [_thread_blocked, id=21768, stack(0x0000004f12600000,0x0000004f12700000) (1024K)]
Total: 62

Other Threads:
  0x00000235c86a4090 VMThread "VM Thread"                           [id=19952, stack(0x0000004f12b00000,0x0000004f12c00000) (1024K)]
  0x00000235c859ca10 WatcherThread "VM Periodic Task Thread"        [id=21164, stack(0x0000004f12a00000,0x0000004f12b00000) (1024K)]
  0x00000235c8729600 WorkerThread "GC Thread#0"                     [id=22268, stack(0x0000004f12900000,0x0000004f12a00000) (1024K)]
  0x00000235e67ec520 WorkerThread "GC Thread#1"                     [id=19844, stack(0x0000004f13b00000,0x0000004f13c00000) (1024K)]
  0x00000235e67ec8d0 WorkerThread "GC Thread#2"                     [id=10488, stack(0x0000004f13c00000,0x0000004f13d00000) (1024K)]
  0x00000235e6408ee0 WorkerThread "GC Thread#3"                     [id=1672, stack(0x0000004f13d00000,0x0000004f13e00000) (1024K)]
  0x00000235e6409290 WorkerThread "GC Thread#4"                     [id=22320, stack(0x0000004f13e00000,0x0000004f13f00000) (1024K)]
  0x00000235e6409640 WorkerThread "GC Thread#5"                     [id=7312, stack(0x0000004f13f00000,0x0000004f14000000) (1024K)]
  0x00000235e64099f0 WorkerThread "GC Thread#6"                     [id=2180, stack(0x0000004f14000000,0x0000004f14100000) (1024K)]
  0x00000235e6a7f100 WorkerThread "GC Thread#7"                     [id=18712, stack(0x0000004f14300000,0x0000004f14400000) (1024K)]
  0x00000235e6a6a700 WorkerThread "GC Thread#8"                     [id=10448, stack(0x0000004f14700000,0x0000004f14800000) (1024K)]
  0x00000235e6a6aab0 WorkerThread "GC Thread#9"                     [id=22492, stack(0x0000004f14800000,0x0000004f14900000) (1024K)]
  0x00000235e6a6b270 WorkerThread "GC Thread#10"                    [id=15736, stack(0x0000004f14900000,0x0000004f14a00000) (1024K)]
  0x00000235e70fbec0 WorkerThread "GC Thread#11"                    [id=14444, stack(0x0000004f14d00000,0x0000004f14e00000) (1024K)]
  0x00000235e70fc270 WorkerThread "GC Thread#12"                    [id=10064, stack(0x0000004f14e00000,0x0000004f14f00000) (1024K)]
Total: 15

Threads with active compile tasks:
C2 CompilerThread0  32009 8920       4       java.util.HashMap::getNode (150 bytes)
C2 CompilerThread1  32009 8900       4       java.io.DataOutputStream::writeUTF (389 bytes)
C2 CompilerThread2  32009 8806   !   4       java.io.ObjectInputStream::readNonProxyDesc (316 bytes)
C2 CompilerThread3  32009 8814   !   4       java.io.ObjectInputStream::readOrdinaryObject (373 bytes)
C2 CompilerThread4  32009 8888       4       org.eclipse.osgi.container.ModuleDatabase$Persistence::addMap (289 bytes)
C2 CompilerThread5  32009 8821   !   4       java.io.ObjectStreamClass::readNonProxy (395 bytes)
Total: 6

VM state: not at safepoint (normal execution)

VM Mutex/Monitor currently owned by a thread: None

Heap address: 0x0000000080000000, size: 2048 MB, Compressed Oops mode: 32-bit

CDS archive(s) mapped at: [0x0000023580000000-0x0000023580ba0000-0x0000023580ba0000), size 12189696, SharedBaseAddress: 0x0000023580000000, ArchiveRelocationMode: 1.
Compressed class space mapped at: 0x0000023581000000-0x00000235c1000000, reserved size: 1073741824
Narrow klass base: 0x0000023580000000, Narrow klass shift: 0, Narrow klass range: 0x100000000

GC Precious Log:
 CardTable entry size: 512
 CPUs: 16 total, 16 available
 Memory: 14173M
 Large Page Support: Disabled
 NUMA Support: Disabled
 Compressed Oops: Enabled (32-bit)
 Alignments: Space 512K, Generation 512K, Heap 2M
 Heap Min Capacity: 100M
 Heap Initial Capacity: 100M
 Heap Max Capacity: 2G
 Pre-touch: Disabled
 Parallel Workers: 13

Heap:
 PSYoungGen      total 14336K, used 13195K [0x00000000d5580000, 0x00000000d6480000, 0x0000000100000000)
  eden space 13824K, 93% used [0x00000000d5580000,0x00000000d6212f48,0x00000000d6300000)
  from space 512K, 62% used [0x00000000d6380000,0x00000000d63d0000,0x00000000d6400000)
  to   space 512K, 0% used [0x00000000d6400000,0x00000000d6400000,0x00000000d6480000)
 ParOldGen       total 68608K, used 48067K [0x0000000080000000, 0x0000000084300000, 0x00000000d5580000)
  object space 68608K, 70% used [0x0000000080000000,0x0000000082ef0e68,0x0000000084300000)
 Metaspace       used 68382K, committed 69888K, reserved 1114112K
  class space    used 8575K, committed 9216K, reserved 1048576K

Card table byte_map: [0x00000235c80b0000,0x00000235c84c0000] _byte_map_base: 0x00000235c7cb0000

Marking Bits: (ParMarkBitMap*) 0x00007ffea2fb3450
 Begin Bits: [0x00000235dabc0000, 0x00000235dcbc0000)
 End Bits:   [0x00000235dcbc0000, 0x00000235debc0000)

Polling page: 0x00000235c6510000

Metaspace:

Usage:
  Non-class:     58.40 MB used.
      Class:      8.37 MB used.
       Both:     66.78 MB used.

Virtual space:
  Non-class space:       64.00 MB reserved,      59.25 MB ( 93%) committed,  1 nodes.
      Class space:        1.00 GB reserved,       9.00 MB ( <1%) committed,  1 nodes.
             Both:        1.06 GB reserved,      68.25 MB (  6%) committed. 

Chunk freelists:
   Non-Class:  3.98 MB
       Class:  6.98 MB
        Both:  10.96 MB

MaxMetaspaceSize: unlimited
CompressedClassSpaceSize: 1.00 GB
Initial GC threshold: 21.00 MB
Current GC threshold: 97.31 MB
CDS: on
 - commit_granule_bytes: 65536.
 - commit_granule_words: 8192.
 - virtual_space_node_default_size: 8388608.
 - enlarge_chunks_in_place: 1.
 - use_allocation_guard: 0.


Internal statistics:

num_allocs_failed_limit: 9.
num_arena_births: 1220.
num_arena_deaths: 26.
num_vsnodes_births: 2.
num_vsnodes_deaths: 0.
num_space_committed: 1092.
num_space_uncommitted: 0.
num_chunks_returned_to_freelist: 39.
num_chunks_taken_from_freelist: 4055.
num_chunk_merges: 13.
num_chunk_splits: 2587.
num_chunks_enlarged: 1594.
num_inconsistent_stats: 0.

CodeHeap 'non-profiled nmethods': size=119168Kb used=5550Kb max_used=5550Kb free=113617Kb
 bounds [0x00000235d34b0000, 0x00000235d3a20000, 0x00000235da910000]
CodeHeap 'profiled nmethods': size=119104Kb used=16778Kb max_used=16778Kb free=102325Kb
 bounds [0x00000235cb910000, 0x00000235cc980000, 0x00000235d2d60000]
CodeHeap 'non-nmethods': size=7488Kb used=1991Kb max_used=3189Kb free=5496Kb
 bounds [0x00000235d2d60000, 0x00000235d3090000, 0x00000235d34b0000]
CodeCache: size=245760Kb, used=24319Kb, max_used=25517Kb, free=221438Kb
 total_blobs=8871, nmethods=8138, adapters=638, full_count=0
Compilation: enabled, stopped_count=0, restarted_count=0

Compilation events (20 events):
Event: 30.746 Thread 0x00000235e6e81410 nmethod 8813 0x00000235d39f1710 code [0x00000235d39f18a0, 0x00000235d39f1968]
Event: 30.746 Thread 0x00000235e6e81410 8814   !   4       java.io.ObjectInputStream::readOrdinaryObject (373 bytes)
Event: 30.748 Thread 0x00000235e6e7eb30 nmethod 8822 0x00000235d39f1a10 code [0x00000235d39f1c20, 0x00000235d39f2538]
Event: 30.748 Thread 0x00000235e6e7eb30 8825   !   4       java.io.ObjectStreamClass::newInstance (157 bytes)
Event: 30.754 Thread 0x00000235e6e7eb30 nmethod 8825 0x00000235d39f2d10 code [0x00000235d39f2ee0, 0x00000235d39f31d8]
Event: 30.755 Thread 0x00000235e6e7eb30 8812       4       java.io.ObjectInputStream::readHandle (141 bytes)
Event: 30.779 Thread 0x00000235e6e7f8d0 nmethod 8817 0x00000235d39f3490 code [0x00000235d39f3740, 0x00000235d39f4908]
Event: 30.781 Thread 0x00000235e6e7f8d0 8826       4       java.io.ObjectInputStream$BlockDataInputStream::readInt (73 bytes)
Event: 30.786 Thread 0x00000235e06b7f90 nmethod 8783 0x00000235d39f5810 code [0x00000235d39f6060, 0x00000235d39ffdd8]
Event: 30.788 Thread 0x00000235e06b7f90 8815       4       org.eclipse.core.runtime.ProgressMonitorWrapper::isCanceled (10 bytes)
Event: 30.790 Thread 0x00000235e06b7f90 nmethod 8815 0x00000235d3a04b90 code [0x00000235d3a04d20, 0x00000235d3a04e48]
Event: 30.792 Thread 0x00000235e6e7eb30 nmethod 8812 0x00000235d3a04f90 code [0x00000235d3a05240, 0x00000235d3a06358]
Event: 30.797 Thread 0x00000235e6e7f8d0 nmethod 8826 0x00000235d3a07110 code [0x00000235d3a07320, 0x00000235d3a07c70]
Event: 30.800 Thread 0x00000235e06b7f90 8827       4       java.io.ObjectStreamClass$FieldReflector::setPrimFieldValues (329 bytes)
Event: 30.808 Thread 0x00000235e06b7f90 nmethod 8827 0x00000235d3a08410 code [0x00000235d3a085c0, 0x00000235d3a08930]
Event: 30.822 Thread 0x00000235e9e80050 nmethod 8793 0x00000235d3a08d10 code [0x00000235d3a09340, 0x00000235d3a0e310]
Event: 30.973 Thread 0x00000235e9e80050 8828   !   4       jdk.internal.reflect.GeneratedSerializationConstructorAccessor35::newInstance (49 bytes)
Event: 31.037 Thread 0x00000235e6e7f8d0 8829   !   4       org.eclipse.jdt.ls.core.internal.CancellableProgressMonitor::isCanceled (33 bytes)
Event: 31.041 Thread 0x00000235e06b7f90 8830       4       org.eclipse.jdt.ls.core.internal.handlers.ProgressReporterManager$MulticastProgressReporter::isCanceled (45 bytes)
Event: 31.214 Thread 0x00000235e06bb550 8832       1       org.eclipse.jdt.ls.core.internal.managers.StandardProjectsManager::isBuildFinished (5 bytes)

GC Heap History (20 events):
Event: 13.067 GC heap before
{Heap before GC invocations=49 (full 3):
 PSYoungGen      total 15360K, used 15354K [0x00000000d5580000, 0x00000000d6680000, 0x0000000100000000)
  eden space 14336K, 100% used [0x00000000d5580000,0x00000000d6380000,0x00000000d6380000)
  from space 1024K, 99% used [0x00000000d6480000,0x00000000d657e910,0x00000000d6580000)
  to   space 1024K, 0% used [0x00000000d6580000,0x00000000d6580000,0x00000000d6680000)
 ParOldGen       total 68608K, used 45314K [0x0000000080000000, 0x0000000084300000, 0x00000000d5580000)
  object space 68608K, 66% used [0x0000000080000000,0x0000000082c408a8,0x0000000084300000)
 Metaspace       used 64425K, committed 65728K, reserved 1114112K
  class space    used 8031K, committed 8576K, reserved 1048576K
}
Event: 13.068 GC heap after
{Heap after GC invocations=49 (full 3):
 PSYoungGen      total 15360K, used 834K [0x00000000d5580000, 0x00000000d6680000, 0x0000000100000000)
  eden space 14336K, 0% used [0x00000000d5580000,0x00000000d5580000,0x00000000d6380000)
  from space 1024K, 81% used [0x00000000d6580000,0x00000000d6650820,0x00000000d6680000)
  to   space 1024K, 0% used [0x00000000d6480000,0x00000000d6480000,0x00000000d6580000)
 ParOldGen       total 68608K, used 45386K [0x0000000080000000, 0x0000000084300000, 0x00000000d5580000)
  object space 68608K, 66% used [0x0000000080000000,0x0000000082c528a8,0x0000000084300000)
 Metaspace       used 64425K, committed 65728K, reserved 1114112K
  class space    used 8031K, committed 8576K, reserved 1048576K
}
Event: 13.207 GC heap before
{Heap before GC invocations=50 (full 3):
 PSYoungGen      total 15360K, used 15170K [0x00000000d5580000, 0x00000000d6680000, 0x0000000100000000)
  eden space 14336K, 100% used [0x00000000d5580000,0x00000000d6380000,0x00000000d6380000)
  from space 1024K, 81% used [0x00000000d6580000,0x00000000d6650820,0x00000000d6680000)
  to   space 1024K, 0% used [0x00000000d6480000,0x00000000d6480000,0x00000000d6580000)
 ParOldGen       total 68608K, used 45386K [0x0000000080000000, 0x0000000084300000, 0x00000000d5580000)
  object space 68608K, 66% used [0x0000000080000000,0x0000000082c528a8,0x0000000084300000)
 Metaspace       used 64425K, committed 65728K, reserved 1114112K
  class space    used 8031K, committed 8576K, reserved 1048576K
}
Event: 13.209 GC heap after
{Heap after GC invocations=50 (full 3):
 PSYoungGen      total 14848K, used 320K [0x00000000d5580000, 0x00000000d6600000, 0x0000000100000000)
  eden space 14336K, 0% used [0x00000000d5580000,0x00000000d5580000,0x00000000d6380000)
  from space 512K, 62% used [0x00000000d6480000,0x00000000d64d0000,0x00000000d6500000)
  to   space 1024K, 0% used [0x00000000d6500000,0x00000000d6500000,0x00000000d6600000)
 ParOldGen       total 68608K, used 45996K [0x0000000080000000, 0x0000000084300000, 0x00000000d5580000)
  object space 68608K, 67% used [0x0000000080000000,0x0000000082ceb1a0,0x0000000084300000)
 Metaspace       used 64425K, committed 65728K, reserved 1114112K
  class space    used 8031K, committed 8576K, reserved 1048576K
}
Event: 13.398 GC heap before
{Heap before GC invocations=51 (full 3):
 PSYoungGen      total 14848K, used 14656K [0x00000000d5580000, 0x00000000d6600000, 0x0000000100000000)
  eden space 14336K, 100% used [0x00000000d5580000,0x00000000d6380000,0x00000000d6380000)
  from space 512K, 62% used [0x00000000d6480000,0x00000000d64d0000,0x00000000d6500000)
  to   space 1024K, 0% used [0x00000000d6500000,0x00000000d6500000,0x00000000d6600000)
 ParOldGen       total 68608K, used 45996K [0x0000000080000000, 0x0000000084300000, 0x00000000d5580000)
  object space 68608K, 67% used [0x0000000080000000,0x0000000082ceb1a0,0x0000000084300000)
 Metaspace       used 64425K, committed 65728K, reserved 1114112K
  class space    used 8031K, committed 8576K, reserved 1048576K
}
Event: 13.399 GC heap after
{Heap after GC invocations=51 (full 3):
 PSYoungGen      total 14848K, used 1012K [0x00000000d5580000, 0x00000000d6780000, 0x0000000100000000)
  eden space 13824K, 0% used [0x00000000d5580000,0x00000000d5580000,0x00000000d6300000)
  from space 1024K, 98% used [0x00000000d6500000,0x00000000d65fd120,0x00000000d6600000)
  to   space 2048K, 0% used [0x00000000d6300000,0x00000000d6300000,0x00000000d6500000)
 ParOldGen       total 68608K, used 46441K [0x0000000080000000, 0x0000000084300000, 0x00000000d5580000)
  object space 68608K, 67% used [0x0000000080000000,0x0000000082d5a6d8,0x0000000084300000)
 Metaspace       used 64425K, committed 65728K, reserved 1114112K
  class space    used 8031K, committed 8576K, reserved 1048576K
}
Event: 13.548 GC heap before
{Heap before GC invocations=52 (full 3):
 PSYoungGen      total 14848K, used 14836K [0x00000000d5580000, 0x00000000d6780000, 0x0000000100000000)
  eden space 13824K, 100% used [0x00000000d5580000,0x00000000d6300000,0x00000000d6300000)
  from space 1024K, 98% used [0x00000000d6500000,0x00000000d65fd120,0x00000000d6600000)
  to   space 2048K, 0% used [0x00000000d6300000,0x00000000d6300000,0x00000000d6500000)
 ParOldGen       total 68608K, used 46441K [0x0000000080000000, 0x0000000084300000, 0x00000000d5580000)
  object space 68608K, 67% used [0x0000000080000000,0x0000000082d5a6d8,0x0000000084300000)
 Metaspace       used 64425K, committed 65728K, reserved 1114112K
  class space    used 8031K, committed 8576K, reserved 1048576K
}
Event: 13.549 GC heap after
{Heap after GC invocations=52 (full 3):
 PSYoungGen      total 14848K, used 589K [0x00000000d5580000, 0x00000000d6580000, 0x0000000100000000)
  eden space 13824K, 0% used [0x00000000d5580000,0x00000000d5580000,0x00000000d6300000)
  from space 1024K, 57% used [0x00000000d6300000,0x00000000d6393420,0x00000000d6400000)
  to   space 1024K, 0% used [0x00000000d6480000,0x00000000d6480000,0x00000000d6580000)
 ParOldGen       total 68608K, used 46505K [0x0000000080000000, 0x0000000084300000, 0x00000000d5580000)
  object space 68608K, 67% used [0x0000000080000000,0x0000000082d6a6d8,0x0000000084300000)
 Metaspace       used 64425K, committed 65728K, reserved 1114112K
  class space    used 8031K, committed 8576K, reserved 1048576K
}
Event: 13.636 GC heap before
{Heap before GC invocations=53 (full 3):
 PSYoungGen      total 14848K, used 14413K [0x00000000d5580000, 0x00000000d6580000, 0x0000000100000000)
  eden space 13824K, 100% used [0x00000000d5580000,0x00000000d6300000,0x00000000d6300000)
  from space 1024K, 57% used [0x00000000d6300000,0x00000000d6393420,0x00000000d6400000)
  to   space 1024K, 0% used [0x00000000d6480000,0x00000000d6480000,0x00000000d6580000)
 ParOldGen       total 68608K, used 46505K [0x0000000080000000, 0x0000000084300000, 0x00000000d5580000)
  object space 68608K, 67% used [0x0000000080000000,0x0000000082d6a6d8,0x0000000084300000)
 Metaspace       used 64425K, committed 65728K, reserved 1114112K
  class space    used 8031K, committed 8576K, reserved 1048576K
}
Event: 13.636 GC heap after
{Heap after GC invocations=53 (full 3):
 PSYoungGen      total 14848K, used 997K [0x00000000d5580000, 0x00000000d6600000, 0x0000000100000000)
  eden space 13824K, 0% used [0x00000000d5580000,0x00000000d5580000,0x00000000d6300000)
  from space 1024K, 97% used [0x00000000d6480000,0x00000000d6579430,0x00000000d6580000)
  to   space 1536K, 0% used [0x00000000d6300000,0x00000000d6300000,0x00000000d6480000)
 ParOldGen       total 68608K, used 46664K [0x0000000080000000, 0x0000000084300000, 0x00000000d5580000)
  object space 68608K, 68% used [0x0000000080000000,0x0000000082d920f8,0x0000000084300000)
 Metaspace       used 64425K, committed 65728K, reserved 1114112K
  class space    used 8031K, committed 8576K, reserved 1048576K
}
Event: 13.785 GC heap before
{Heap before GC invocations=54 (full 3):
 PSYoungGen      total 14848K, used 14821K [0x00000000d5580000, 0x00000000d6600000, 0x0000000100000000)
  eden space 13824K, 100% used [0x00000000d5580000,0x00000000d6300000,0x00000000d6300000)
  from space 1024K, 97% used [0x00000000d6480000,0x00000000d6579430,0x00000000d6580000)
  to   space 1536K, 0% used [0x00000000d6300000,0x00000000d6300000,0x00000000d6480000)
 ParOldGen       total 68608K, used 46664K [0x0000000080000000, 0x0000000084300000, 0x00000000d5580000)
  object space 68608K, 68% used [0x0000000080000000,0x0000000082d920f8,0x0000000084300000)
 Metaspace       used 65310K, committed 66624K, reserved 1114112K
  class space    used 8156K, committed 8704K, reserved 1048576K
}
Event: 13.786 GC heap after
{Heap after GC invocations=54 (full 3):
 PSYoungGen      total 14336K, used 512K [0x00000000d5580000, 0x00000000d6500000, 0x0000000100000000)
  eden space 13824K, 0% used [0x00000000d5580000,0x00000000d5580000,0x00000000d6300000)
  from space 512K, 100% used [0x00000000d6300000,0x00000000d6380000,0x00000000d6380000)
  to   space 1024K, 0% used [0x00000000d6400000,0x00000000d6400000,0x00000000d6500000)
 ParOldGen       total 68608K, used 46728K [0x0000000080000000, 0x0000000084300000, 0x00000000d5580000)
  object space 68608K, 68% used [0x0000000080000000,0x0000000082da20f8,0x0000000084300000)
 Metaspace       used 65310K, committed 66624K, reserved 1114112K
  class space    used 8156K, committed 8704K, reserved 1048576K
}
Event: 13.991 GC heap before
{Heap before GC invocations=55 (full 3):
 PSYoungGen      total 14336K, used 14336K [0x00000000d5580000, 0x00000000d6500000, 0x0000000100000000)
  eden space 13824K, 100% used [0x00000000d5580000,0x00000000d6300000,0x00000000d6300000)
  from space 512K, 100% used [0x00000000d6300000,0x00000000d6380000,0x00000000d6380000)
  to   space 1024K, 0% used [0x00000000d6400000,0x00000000d6400000,0x00000000d6500000)
 ParOldGen       total 68608K, used 46728K [0x0000000080000000, 0x0000000084300000, 0x00000000d5580000)
  object space 68608K, 68% used [0x0000000080000000,0x0000000082da20f8,0x0000000084300000)
 Metaspace       used 66737K, committed 68160K, reserved 1114112K
  class space    used 8396K, committed 8960K, reserved 1048576K
}
Event: 13.992 GC heap after
{Heap after GC invocations=55 (full 3):
 PSYoungGen      total 14848K, used 640K [0x00000000d5580000, 0x00000000d6500000, 0x0000000100000000)
  eden space 13824K, 0% used [0x00000000d5580000,0x00000000d5580000,0x00000000d6300000)
  from space 1024K, 62% used [0x00000000d6400000,0x00000000d64a0000,0x00000000d6500000)
  to   space 1024K, 0% used [0x00000000d6300000,0x00000000d6300000,0x00000000d6400000)
 ParOldGen       total 68608K, used 47063K [0x0000000080000000, 0x0000000084300000, 0x00000000d5580000)
  object space 68608K, 68% used [0x0000000080000000,0x0000000082df5e18,0x0000000084300000)
 Metaspace       used 66737K, committed 68160K, reserved 1114112K
  class space    used 8396K, committed 8960K, reserved 1048576K
}
Event: 24.719 GC heap before
{Heap before GC invocations=56 (full 3):
 PSYoungGen      total 14848K, used 14464K [0x00000000d5580000, 0x00000000d6500000, 0x0000000100000000)
  eden space 13824K, 100% used [0x00000000d5580000,0x00000000d6300000,0x00000000d6300000)
  from space 1024K, 62% used [0x00000000d6400000,0x00000000d64a0000,0x00000000d6500000)
  to   space 1024K, 0% used [0x00000000d6300000,0x00000000d6300000,0x00000000d6400000)
 ParOldGen       total 68608K, used 47063K [0x0000000080000000, 0x0000000084300000, 0x00000000d5580000)
  object space 68608K, 68% used [0x0000000080000000,0x0000000082df5e18,0x0000000084300000)
 Metaspace       used 68090K, committed 69568K, reserved 1114112K
  class space    used 8571K, committed 9216K, reserved 1048576K
}
Event: 24.721 GC heap after
{Heap after GC invocations=56 (full 3):
 PSYoungGen      total 14848K, used 688K [0x00000000d5580000, 0x00000000d6500000, 0x0000000100000000)
  eden space 13824K, 0% used [0x00000000d5580000,0x00000000d5580000,0x00000000d6300000)
  from space 1024K, 67% used [0x00000000d6300000,0x00000000d63ac020,0x00000000d6400000)
  to   space 1024K, 0% used [0x00000000d6400000,0x00000000d6400000,0x00000000d6500000)
 ParOldGen       total 68608K, used 47487K [0x0000000080000000, 0x0000000084300000, 0x00000000d5580000)
  object space 68608K, 69% used [0x0000000080000000,0x0000000082e5fe18,0x0000000084300000)
 Metaspace       used 68090K, committed 69568K, reserved 1114112K
  class space    used 8571K, committed 9216K, reserved 1048576K
}
Event: 30.448 GC heap before
{Heap before GC invocations=57 (full 3):
 PSYoungGen      total 14848K, used 14512K [0x00000000d5580000, 0x00000000d6500000, 0x0000000100000000)
  eden space 13824K, 100% used [0x00000000d5580000,0x00000000d6300000,0x00000000d6300000)
  from space 1024K, 67% used [0x00000000d6300000,0x00000000d63ac020,0x00000000d6400000)
  to   space 1024K, 0% used [0x00000000d6400000,0x00000000d6400000,0x00000000d6500000)
 ParOldGen       total 68608K, used 47487K [0x0000000080000000, 0x0000000084300000, 0x00000000d5580000)
  object space 68608K, 69% used [0x0000000080000000,0x0000000082e5fe18,0x0000000084300000)
 Metaspace       used 68342K, committed 69760K, reserved 1114112K
  class space    used 8575K, committed 9216K, reserved 1048576K
}
Event: 30.449 GC heap after
{Heap after GC invocations=57 (full 3):
 PSYoungGen      total 14336K, used 352K [0x00000000d5580000, 0x00000000d6480000, 0x0000000100000000)
  eden space 13824K, 0% used [0x00000000d5580000,0x00000000d5580000,0x00000000d6300000)
  from space 512K, 68% used [0x00000000d6400000,0x00000000d6458000,0x00000000d6480000)
  to   space 512K, 0% used [0x00000000d6380000,0x00000000d6380000,0x00000000d6400000)
 ParOldGen       total 68608K, used 47955K [0x0000000080000000, 0x0000000084300000, 0x00000000d5580000)
  object space 68608K, 69% used [0x0000000080000000,0x0000000082ed4e68,0x0000000084300000)
 Metaspace       used 68342K, committed 69760K, reserved 1114112K
  class space    used 8575K, committed 9216K, reserved 1048576K
}
Event: 30.984 GC heap before
{Heap before GC invocations=58 (full 3):
 PSYoungGen      total 14336K, used 14176K [0x00000000d5580000, 0x00000000d6480000, 0x0000000100000000)
  eden space 13824K, 100% used [0x00000000d5580000,0x00000000d6300000,0x00000000d6300000)
  from space 512K, 68% used [0x00000000d6400000,0x00000000d6458000,0x00000000d6480000)
  to   space 512K, 0% used [0x00000000d6380000,0x00000000d6380000,0x00000000d6400000)
 ParOldGen       total 68608K, used 47955K [0x0000000080000000, 0x0000000084300000, 0x00000000d5580000)
  object space 68608K, 69% used [0x0000000080000000,0x0000000082ed4e68,0x0000000084300000)
 Metaspace       used 68342K, committed 69760K, reserved 1114112K
  class space    used 8575K, committed 9216K, reserved 1048576K
}
Event: 30.987 GC heap after
{Heap after GC invocations=58 (full 3):
 PSYoungGen      total 14336K, used 320K [0x00000000d5580000, 0x00000000d6480000, 0x0000000100000000)
  eden space 13824K, 0% used [0x00000000d5580000,0x00000000d5580000,0x00000000d6300000)
  from space 512K, 62% used [0x00000000d6380000,0x00000000d63d0000,0x00000000d6400000)
  to   space 512K, 0% used [0x00000000d6400000,0x00000000d6400000,0x00000000d6480000)
 ParOldGen       total 68608K, used 48067K [0x0000000080000000, 0x0000000084300000, 0x00000000d5580000)
  object space 68608K, 70% used [0x0000000080000000,0x0000000082ef0e68,0x0000000084300000)
 Metaspace       used 68342K, committed 69760K, reserved 1114112K
  class space    used 8575K, committed 9216K, reserved 1048576K
}

Dll operation events (15 events):
Event: 0.012 Loaded shared library c:\Users\lenovo\.vscode\extensions\redhat.java-1.53.0-win32-x64\jre\21.0.10-win32-x86_64\bin\java.dll
Event: 0.081 Loaded shared library c:\Users\lenovo\.vscode\extensions\redhat.java-1.53.0-win32-x64\jre\21.0.10-win32-x86_64\bin\zip.dll
Event: 0.108 Loaded shared library C:\Users\lenovo\.vscode\extensions\redhat.java-1.53.0-win32-x64\jre\21.0.10-win32-x86_64\bin\instrument.dll
Event: 0.114 Loaded shared library C:\Users\lenovo\.vscode\extensions\redhat.java-1.53.0-win32-x64\jre\21.0.10-win32-x86_64\bin\net.dll
Event: 0.118 Loaded shared library C:\Users\lenovo\.vscode\extensions\redhat.java-1.53.0-win32-x64\jre\21.0.10-win32-x86_64\bin\nio.dll
Event: 0.123 Loaded shared library C:\Users\lenovo\.vscode\extensions\redhat.java-1.53.0-win32-x64\jre\21.0.10-win32-x86_64\bin\zip.dll
Event: 0.143 Loaded shared library C:\Users\lenovo\.vscode\extensions\redhat.java-1.53.0-win32-x64\jre\21.0.10-win32-x86_64\bin\jimage.dll
Event: 0.232 Loaded shared library c:\Users\lenovo\.vscode\extensions\redhat.java-1.53.0-win32-x64\jre\21.0.10-win32-x86_64\bin\verify.dll
Event: 1.566 Loaded shared library C:\Users\lenovo\AppData\Roaming\Code\User\globalStorage\redhat.java\1.53.0\config_win\org.eclipse.equinox.launcher\org.eclipse.equinox.launcher.win32.win32.x86_64_1.3.0.v20260203-2149\eclipse_11919.dll
Event: 2.948 Loaded shared library C:\Users\lenovo\.vscode\extensions\redhat.java-1.53.0-win32-x64\jre\21.0.10-win32-x86_64\bin\management.dll
Event: 2.952 Loaded shared library C:\Users\lenovo\.vscode\extensions\redhat.java-1.53.0-win32-x64\jre\21.0.10-win32-x86_64\bin\management_ext.dll
Event: 4.747 Loaded shared library C:\Users\lenovo\AppData\Local\Temp\jna--1106355917\jna10443160110693406920.dll
Event: 4.918 Loaded shared library C:\Users\lenovo\.vscode\extensions\redhat.java-1.53.0-win32-x64\jre\21.0.10-win32-x86_64\bin\sunmscapi.dll
Event: 8.423 Loaded shared library C:\Users\lenovo\.gradle\native\1def1411415f61bf3af743bc5b6707747c0891f09f0c88961ee8f79bc544acac\windows-amd64\native-platform.dll
Event: 11.045 Loaded shared library C:\Users\lenovo\.vscode\extensions\redhat.java-1.53.0-win32-x64\jre\21.0.10-win32-x86_64\bin\extnet.dll

Deoptimization events (20 events):
Event: 27.733 Thread 0x00000235ea70d2d0 Uncommon trap: trap_request=0xffffffc6 fr.pc=0x00000235d379fd00 relative=0x0000000000000780
Event: 27.733 Thread 0x00000235ea70d2d0 Uncommon trap: reason=bimorphic_or_optimized_type_check action=maybe_recompile pc=0x00000235d379fd00 method=java.util.concurrent.ConcurrentHashMap.replaceNode(Ljava/lang/Object;Ljava/lang/Object;Ljava/lang/Object;)Ljava/lang/Object; @ 147 c2
Event: 27.733 Thread 0x00000235ea70d2d0 DEOPT PACKING pc=0x00000235d379fd00 sp=0x0000004f16efe540
Event: 27.733 Thread 0x00000235ea70d2d0 DEOPT UNPACKING pc=0x00000235d2db3aa2 sp=0x0000004f16efe4b8 mode 2
Event: 27.918 Thread 0x00000235ea70d2d0 Uncommon trap: trap_request=0xffffffc6 fr.pc=0x00000235d379fd00 relative=0x0000000000000780
Event: 27.918 Thread 0x00000235ea70d2d0 Uncommon trap: reason=bimorphic_or_optimized_type_check action=maybe_recompile pc=0x00000235d379fd00 method=java.util.concurrent.ConcurrentHashMap.replaceNode(Ljava/lang/Object;Ljava/lang/Object;Ljava/lang/Object;)Ljava/lang/Object; @ 147 c2
Event: 27.918 Thread 0x00000235ea70d2d0 DEOPT PACKING pc=0x00000235d379fd00 sp=0x0000004f16efe540
Event: 27.918 Thread 0x00000235ea70d2d0 DEOPT UNPACKING pc=0x00000235d2db3aa2 sp=0x0000004f16efe4b8 mode 2
Event: 28.358 Thread 0x00000235ea70d2d0 Uncommon trap: trap_request=0xffffff45 fr.pc=0x00000235d39c2368 relative=0x00000000000002a8
Event: 28.358 Thread 0x00000235ea70d2d0 Uncommon trap: reason=unstable_if action=reinterpret pc=0x00000235d39c2368 method=com.esotericsoftware.kryo.io.Input.read([BII)I @ 64 c2
Event: 28.358 Thread 0x00000235ea70d2d0 DEOPT PACKING pc=0x00000235d39c2368 sp=0x0000004f16efd580
Event: 28.358 Thread 0x00000235ea70d2d0 DEOPT UNPACKING pc=0x00000235d2db3aa2 sp=0x0000004f16efd368 mode 2
Event: 28.563 Thread 0x00000235ea70d2d0 Uncommon trap: trap_request=0xffffff45 fr.pc=0x00000235d39c1820 relative=0x0000000000000260
Event: 28.563 Thread 0x00000235ea70d2d0 Uncommon trap: reason=unstable_if action=reinterpret pc=0x00000235d39c1820 method=java.io.ObjectInputStream$PeekInputStream.read([BII)I @ 10 c2
Event: 28.563 Thread 0x00000235ea70d2d0 DEOPT PACKING pc=0x00000235d39c1820 sp=0x0000004f16efcb80
Event: 28.563 Thread 0x00000235ea70d2d0 DEOPT UNPACKING pc=0x00000235d2db3aa2 sp=0x0000004f16efcb48 mode 2
Event: 30.009 Thread 0x00000235ea70d2d0 Uncommon trap: trap_request=0xffffff45 fr.pc=0x00000235d39bf9d4 relative=0x0000000000000134
Event: 30.009 Thread 0x00000235ea70d2d0 Uncommon trap: reason=unstable_if action=reinterpret pc=0x00000235d39bf9d4 method=com.esotericsoftware.kryo.io.Input.read([BII)I @ 64 c2
Event: 30.009 Thread 0x00000235ea70d2d0 DEOPT PACKING pc=0x00000235d39bf9d4 sp=0x0000004f16efdab0
Event: 30.009 Thread 0x00000235ea70d2d0 DEOPT UNPACKING pc=0x00000235d2db3aa2 sp=0x0000004f16efd9e8 mode 2

Classes loaded (20 events):
Event: 18.069 Loading class java/io/ObjectInputFilter$Config
Event: 18.070 Loading class java/io/ObjectInputFilter$Config done
Event: 18.070 Loading class java/io/ObjectInputFilter
Event: 18.070 Loading class java/io/ObjectInputFilter done
Event: 18.071 Loading class java/io/ObjectInputFilter$Config$BuiltinFilterFactory
Event: 18.071 Loading class java/io/ObjectInputFilter$Config$BuiltinFilterFactory done
Event: 18.071 Loading class jdk/internal/access/JavaObjectInputFilterAccess
Event: 18.071 Loading class jdk/internal/access/JavaObjectInputFilterAccess done
Event: 18.072 Loading class jdk/internal/event/DeserializationEvent
Event: 18.072 Loading class jdk/internal/event/DeserializationEvent done
Event: 18.076 Loading class java/io/ObjectInputStream$FieldValues
Event: 18.076 Loading class java/io/ObjectInputStream$GetField
Event: 18.076 Loading class java/io/ObjectInputStream$GetField done
Event: 18.076 Loading class java/io/ObjectInputStream$FieldValues done
Event: 22.087 Loading class sun/security/ssl/Alert
Event: 22.088 Loading class sun/security/ssl/Alert done
Event: 22.088 Loading class sun/security/ssl/Alert$AlertConsumer
Event: 22.089 Loading class sun/security/ssl/Alert$AlertConsumer done
Event: 22.089 Loading class sun/security/ssl/Alert$Level
Event: 22.089 Loading class sun/security/ssl/Alert$Level done

Classes unloaded (13 events):
Event: 3.856 Thread 0x00000235c86a4090 Unloading class 0x00000235811acc00 'java/lang/invoke/LambdaForm$MH+0x00000235811acc00'
Event: 3.856 Thread 0x00000235c86a4090 Unloading class 0x00000235811ac800 'java/lang/invoke/LambdaForm$MH+0x00000235811ac800'
Event: 3.856 Thread 0x00000235c86a4090 Unloading class 0x00000235811ac400 'java/lang/invoke/LambdaForm$MH+0x00000235811ac400'
Event: 3.856 Thread 0x00000235c86a4090 Unloading class 0x00000235811ac000 'java/lang/invoke/LambdaForm$MH+0x00000235811ac000'
Event: 3.856 Thread 0x00000235c86a4090 Unloading class 0x00000235811abc00 'java/lang/invoke/LambdaForm$BMH+0x00000235811abc00'
Event: 3.856 Thread 0x00000235c86a4090 Unloading class 0x00000235811ab800 'java/lang/invoke/LambdaForm$DMH+0x00000235811ab800'
Event: 3.856 Thread 0x00000235c86a4090 Unloading class 0x00000235811aa400 'java/lang/invoke/LambdaForm$DMH+0x00000235811aa400'
Event: 5.181 Thread 0x00000235c86a4090 Unloading class 0x000002358130a000 'java/lang/invoke/LambdaForm$MH+0x000002358130a000'
Event: 5.181 Thread 0x00000235c86a4090 Unloading class 0x0000023581309400 'java/lang/invoke/LambdaForm$MH+0x0000023581309400'
Event: 5.181 Thread 0x00000235c86a4090 Unloading class 0x0000023581308c00 'java/lang/invoke/LambdaForm$MH+0x0000023581308c00'
Event: 5.181 Thread 0x00000235c86a4090 Unloading class 0x0000023581308400 'java/lang/invoke/LambdaForm$MH+0x0000023581308400'
Event: 5.181 Thread 0x00000235c86a4090 Unloading class 0x0000023581308000 'java/lang/invoke/LambdaForm$DMH+0x0000023581308000'
Event: 5.181 Thread 0x00000235c86a4090 Unloading class 0x0000023581305400 'java/lang/invoke/LambdaForm$MH+0x0000023581305400'

Classes redefined (0 events):
No events

Internal exceptions (20 events):
Event: 13.905 Thread 0x00000235ea70d2d0 Exception <a 'java/lang/NoSuchMethodError'{0x00000000d5e60ee8}: 'long java.lang.invoke.DelegatingMethodHandle$Holder.reinvoke_L(java.lang.Object, java.lang.Object)'> (0x00000000d5e60ee8) 
thrown [s\src\hotspot\share\interpreter\linkResolver.cpp, line 773]
Event: 14.028 Thread 0x00000235e6357200 Exception <a 'java/lang/NoSuchMethodError'{0x00000000d57834a0}: 'void java.lang.invoke.DirectMethodHandle$Holder.invokeStatic(java.lang.Object, long)'> (0x00000000d57834a0) 
thrown [s\src\hotspot\share\interpreter\linkResolver.cpp, line 773]
Event: 14.201 Thread 0x00000235e6357200 Exception <a 'java/lang/NoSuchMethodError'{0x00000000d57a80f0}: 'void java.lang.invoke.DirectMethodHandle$Holder.invokeSpecial(java.lang.Object, java.lang.Object, int)'> (0x00000000d57a80f0) 
thrown [s\src\hotspot\share\interpreter\linkResolver.cpp, line 773]
Event: 14.202 Thread 0x00000235e6357200 Exception <a 'java/lang/NoSuchMethodError'{0x00000000d57ad518}: 'java.lang.Object java.lang.invoke.DirectMethodHandle$Holder.newInvokeSpecial(java.lang.Object, java.lang.Object, int)'> (0x00000000d57ad518) 
thrown [s\src\hotspot\share\interpreter\linkResolver.cpp, line 773]
Event: 17.053 Thread 0x00000235ea70d2d0 Exception <a 'java/lang/NoSuchMethodError'{0x00000000d5f3ccb0}: 'void java.lang.invoke.DirectMethodHandle$Holder.invokeInterface(java.lang.Object, java.lang.Object, java.lang.Object, java.lang.Object)'> (0x00000000d5f3ccb0) 
thrown [s\src\hotspot\share\interpreter\linkResolver.cpp, line 773]
Event: 17.064 Thread 0x00000235ea70d2d0 Exception <a 'java/lang/NoSuchMethodError'{0x00000000d6003db0}: static Lorg/gradle/tooling/internal/provider/serialization/ClassLoaderDetails;.<clinit>()V> (0x00000000d6003db0) 
thrown [s\src\hotspot\share\prims\jni.cpp, line 1111]
Event: 17.066 Thread 0x00000235ea70d2d0 Exception <a 'java/lang/NoSuchMethodError'{0x00000000d60272e0}: static Lorg/gradle/tooling/internal/provider/serialization/WellKnownClassLoaderRegistry$KnownClassLoaderSpec;.<clinit>()V> (0x00000000d60272e0) 
thrown [s\src\hotspot\share\prims\jni.cpp, line 1111]
Event: 17.066 Thread 0x00000235ea70d2d0 Exception <a 'java/lang/NoSuchMethodError'{0x00000000d6028dc8}: static Lorg/gradle/internal/classloader/ClassLoaderSpec;.<clinit>()V> (0x00000000d6028dc8) 
thrown [s\src\hotspot\share\prims\jni.cpp, line 1111]
Event: 17.068 Thread 0x00000235ea70d2d0 Exception <a 'java/lang/NoSuchMethodError'{0x00000000d6045b20}: static Lorg/gradle/tooling/internal/provider/serialization/ClientOwnedClassLoaderSpec;.<clinit>()V> (0x00000000d6045b20) 
thrown [s\src\hotspot\share\prims\jni.cpp, line 1111]
Event: 17.072 Thread 0x00000235ea70d2d0 Exception <a 'java/lang/NoSuchMethodError'{0x00000000d608d7d0}: static [Ljava/lang/Object;.<clinit>()V> (0x00000000d608d7d0) 
thrown [s\src\hotspot\share\prims\jni.cpp, line 1111]
Event: 18.074 Thread 0x00000235ea70d2d0 Exception <a 'java/lang/NoSuchMethodError'{0x00000000d616e960}: static Lorg/gradle/internal/build/event/types/AbstractProgressEvent;.<clinit>()V> (0x00000000d616e960) 
thrown [s\src\hotspot\share\prims\jni.cpp, line 1111]
Event: 18.075 Thread 0x00000235ea70d2d0 Exception <a 'java/lang/NoSuchMethodError'{0x00000000d617c628}: static Lorg/gradle/internal/build/event/types/DefaultOperationStartedProgressEvent;.<clinit>()V> (0x00000000d617c628) 
thrown [s\src\hotspot\share\prims\jni.cpp, line 1111]
Event: 18.078 Thread 0x00000235ea70d2d0 Exception <a 'java/lang/NoSuchMethodError'{0x00000000d619a3f8}: static Lorg/gradle/internal/build/event/types/DefaultOperationDescriptor;.<clinit>()V> (0x00000000d619a3f8) 
thrown [s\src\hotspot\share\prims\jni.cpp, line 1111]
Event: 18.079 Thread 0x00000235ea70d2d0 Exception <a 'java/lang/NoSuchMethodError'{0x00000000d61a8c68}: static Lorg/gradle/internal/operations/OperationIdentifier;.<clinit>()V> (0x00000000d61a8c68) 
thrown [s\src\hotspot\share\prims\jni.cpp, line 1111]
Event: 19.235 Thread 0x00000235ea70d2d0 Exception <a 'java/lang/NoSuchMethodError'{0x00000000d61f4040}: static Lorg/gradle/internal/build/event/types/DefaultOperationFinishedProgressEvent;.<clinit>()V> (0x00000000d61f4040) 
thrown [s\src\hotspot\share\prims\jni.cpp, line 1111]
Event: 19.237 Thread 0x00000235ea70d2d0 Exception <a 'java/lang/NoSuchMethodError'{0x00000000d621e4f8}: static Lorg/gradle/internal/build/event/types/AbstractResult;.<clinit>()V> (0x00000000d621e4f8) 
thrown [s\src\hotspot\share\prims\jni.cpp, line 1111]
Event: 19.238 Thread 0x00000235ea70d2d0 Exception <a 'java/lang/NoSuchMethodError'{0x00000000d622bf60}: static Lorg/gradle/internal/build/event/types/AbstractOperationResult;.<clinit>()V> (0x00000000d622bf60) 
thrown [s\src\hotspot\share\prims\jni.cpp, line 1111]
Event: 19.239 Thread 0x00000235ea70d2d0 Exception <a 'java/lang/NoSuchMethodError'{0x00000000d6239f90}: static Lorg/gradle/internal/build/event/types/DefaultSuccessResult;.<clinit>()V> (0x00000000d6239f90) 
thrown [s\src\hotspot\share\prims\jni.cpp, line 1111]
Event: 27.745 Thread 0x00000235ea70d2d0 Exception <a 'java/lang/NoSuchMethodError'{0x00000000d56708f0}: static Lorg/gradle/internal/build/event/types/DefaultBuildPhaseDescriptor;.<clinit>()V> (0x00000000d56708f0) 
thrown [s\src\hotspot\share\prims\jni.cpp, line 1111]
Event: 28.563 Thread 0x00000235ea70d2d0 Exception <a 'java/lang/NoSuchMethodError'{0x00000000d575e950}: static Lorg/gradle/internal/build/event/types/DefaultProjectConfigurationDescriptor;.<clinit>()V> (0x00000000d575e950) 
thrown [s\src\hotspot\share\prims\jni.cpp, line 1111]

ZGC Phase Switch (0 events):
No events

VM Operations (20 events):
Event: 18.033 Executing safepoint VM operation: Cleanup
Event: 18.033 Executing safepoint VM operation: Cleanup done
Event: 19.033 Executing safepoint VM operation: Cleanup
Event: 19.033 Executing safepoint VM operation: Cleanup done
Event: 23.036 Executing safepoint VM operation: Cleanup
Event: 23.036 Executing safepoint VM operation: Cleanup done
Event: 24.719 Executing safepoint VM operation: ParallelGCFailedAllocation (Allocation Failure)
Event: 24.721 Executing safepoint VM operation: ParallelGCFailedAllocation (Allocation Failure) done
Event: 25.721 Executing safepoint VM operation: Cleanup
Event: 25.721 Executing safepoint VM operation: Cleanup done
Event: 27.721 Executing safepoint VM operation: Cleanup
Event: 27.721 Executing safepoint VM operation: Cleanup done
Event: 28.722 Executing safepoint VM operation: Cleanup
Event: 28.722 Executing safepoint VM operation: Cleanup done
Event: 29.735 Executing safepoint VM operation: Cleanup
Event: 29.735 Executing safepoint VM operation: Cleanup done
Event: 30.447 Executing safepoint VM operation: ParallelGCFailedAllocation (Allocation Failure)
Event: 30.449 Executing safepoint VM operation: ParallelGCFailedAllocation (Allocation Failure) done
Event: 30.984 Executing safepoint VM operation: ParallelGCFailedAllocation (Allocation Failure)
Event: 30.988 Executing safepoint VM operation: ParallelGCFailedAllocation (Allocation Failure) done

Memory protections (0 events):
No events

Nmethod flushes (20 events):
Event: 11.079 Thread 0x00000235c86a4090 flushing  nmethod 0x00000235cc21db90
Event: 11.079 Thread 0x00000235c86a4090 flushing  nmethod 0x00000235cc221610
Event: 11.079 Thread 0x00000235c86a4090 flushing  nmethod 0x00000235cc221d10
Event: 11.079 Thread 0x00000235c86a4090 flushing  nmethod 0x00000235cc222c90
Event: 11.079 Thread 0x00000235c86a4090 flushing  nmethod 0x00000235cc223290
Event: 11.079 Thread 0x00000235c86a4090 flushing  nmethod 0x00000235cc223b10
Event: 11.079 Thread 0x00000235c86a4090 flushing  nmethod 0x00000235cc223e90
Event: 11.079 Thread 0x00000235c86a4090 flushing  nmethod 0x00000235cc226210
Event: 11.079 Thread 0x00000235c86a4090 flushing  nmethod 0x00000235cc268690
Event: 11.079 Thread 0x00000235c86a4090 flushing  nmethod 0x00000235cc271810
Event: 11.079 Thread 0x00000235c86a4090 flushing  nmethod 0x00000235cc28c910
Event: 11.079 Thread 0x00000235c86a4090 flushing  nmethod 0x00000235cc299e90
Event: 11.079 Thread 0x00000235c86a4090 flushing  nmethod 0x00000235cc2ac890
Event: 11.079 Thread 0x00000235c86a4090 flushing  nmethod 0x00000235cc2f2390
Event: 11.079 Thread 0x00000235c86a4090 flushing  nmethod 0x00000235cc2fb610
Event: 11.079 Thread 0x00000235c86a4090 flushing  nmethod 0x00000235cc2fe910
Event: 11.079 Thread 0x00000235c86a4090 flushing  nmethod 0x00000235cc2fed10
Event: 11.079 Thread 0x00000235c86a4090 flushing  nmethod 0x00000235cc304f10
Event: 11.079 Thread 0x00000235c86a4090 flushing  nmethod 0x00000235cc31b890
Event: 11.079 Thread 0x00000235c86a4090 flushing  nmethod 0x00000235cc334410

Events (20 events):
Event: 15.719 Thread 0x00000235e9e82260 Thread exited: 0x00000235e9e82260
Event: 15.719 Thread 0x00000235e9e81b90 Thread exited: 0x00000235e9e81b90
Event: 17.024 Thread 0x00000235e6354aa0 Thread exited: 0x00000235e6354aa0
Event: 17.024 Thread 0x00000235e6354410 Thread exited: 0x00000235e6354410
Event: 27.091 Thread 0x00000235e6356b70 Thread exited: 0x00000235e6356b70
Event: 30.020 Thread 0x00000235e06bb550 Thread added: 0x00000235e9e81b90
Event: 30.060 Thread 0x00000235e06bb550 Thread added: 0x00000235e9e82260
Event: 30.060 Thread 0x00000235e06bb550 Thread added: 0x00000235e9e83000
Event: 30.074 Thread 0x00000235e06b7f90 Thread added: 0x00000235e9e80df0
Event: 30.212 Thread 0x00000235e9e80df0 Thread exited: 0x00000235e9e80df0
Event: 30.292 Thread 0x00000235e9e83000 Thread added: 0x00000235e9e80050
Event: 30.430 Thread 0x00000235e9e81b90 Thread added: 0x00000235e9e80df0
Event: 30.430 Thread 0x00000235e9e81b90 Thread added: 0x00000235e6e81410
Event: 30.430 Thread 0x00000235e9e81b90 Thread added: 0x00000235e6e7f8d0
Event: 30.637 Thread 0x00000235e6e81410 Thread added: 0x00000235e6e80d40
Event: 30.637 Thread 0x00000235e6e81410 Thread added: 0x00000235e6e7eb30
Event: 30.800 Thread 0x00000235e9e83000 Thread exited: 0x00000235e9e83000
Event: 30.800 Thread 0x00000235e9e82260 Thread exited: 0x00000235e9e82260
Event: 30.973 Thread 0x00000235e9e81b90 Thread exited: 0x00000235e9e81b90
Event: 30.973 Thread 0x00000235e6e7eb30 Thread exited: 0x00000235e6e7eb30


Dynamic libraries:
0x00007ff718e50000 - 0x00007ff718e5e000 	c:\Users\lenovo\.vscode\extensions\redhat.java-1.53.0-win32-x64\jre\21.0.10-win32-x86_64\bin\java.exe
0x00007fff5e2a0000 - 0x00007fff5e508000 	C:\WINDOWS\SYSTEM32\ntdll.dll
0x00007fff5c2d0000 - 0x00007fff5c399000 	C:\WINDOWS\System32\KERNEL32.DLL
0x00007fff5b710000 - 0x00007fff5bb01000 	C:\WINDOWS\System32\KERNELBASE.dll
0x00007fff5be40000 - 0x00007fff5bf8b000 	C:\WINDOWS\System32\ucrtbase.dll
0x00007fff4eb30000 - 0x00007fff4eb4e000 	c:\Users\lenovo\.vscode\extensions\redhat.java-1.53.0-win32-x64\jre\21.0.10-win32-x86_64\bin\VCRUNTIME140.dll
0x00007fff55aa0000 - 0x00007fff55ab8000 	c:\Users\lenovo\.vscode\extensions\redhat.java-1.53.0-win32-x64\jre\21.0.10-win32-x86_64\bin\jli.dll
0x00007fff5da20000 - 0x00007fff5dbe6000 	C:\WINDOWS\System32\USER32.dll
0x00007fff5ae70000 - 0x00007fff5ae97000 	C:\WINDOWS\System32\win32u.dll
0x00007fff40870000 - 0x00007fff40b03000 	C:\WINDOWS\WinSxS\amd64_microsoft.windows.common-controls_6595b64144ccf1df_6.0.26100.7824_none_3e0870b2e3345462\COMCTL32.dll
0x00007fff5c460000 - 0x00007fff5c48b000 	C:\WINDOWS\System32\GDI32.dll
0x00007fff5d3f0000 - 0x00007fff5d499000 	C:\WINDOWS\System32\msvcrt.dll
0x00007fff5bc50000 - 0x00007fff5bd7b000 	C:\WINDOWS\System32\gdi32full.dll
0x00007fff5bf90000 - 0x00007fff5c033000 	C:\WINDOWS\System32\msvcp_win.dll
0x00007fff5d330000 - 0x00007fff5d361000 	C:\WINDOWS\System32\IMM32.DLL
0x00007fff55a90000 - 0x00007fff55a9c000 	c:\Users\lenovo\.vscode\extensions\redhat.java-1.53.0-win32-x64\jre\21.0.10-win32-x86_64\bin\vcruntime140_1.dll
0x00007fff37980000 - 0x00007fff37a0d000 	c:\Users\lenovo\.vscode\extensions\redhat.java-1.53.0-win32-x64\jre\21.0.10-win32-x86_64\bin\msvcp140.dll
0x00007ffea22f0000 - 0x00007ffea3091000 	c:\Users\lenovo\.vscode\extensions\redhat.java-1.53.0-win32-x64\jre\21.0.10-win32-x86_64\bin\server\jvm.dll
0x00007fff5d4a0000 - 0x00007fff5d554000 	C:\WINDOWS\System32\ADVAPI32.dll
0x00007fff5c3b0000 - 0x00007fff5c456000 	C:\WINDOWS\System32\sechost.dll
0x00007fff5dbf0000 - 0x00007fff5dd08000 	C:\WINDOWS\System32\RPCRT4.dll
0x00007fff5c490000 - 0x00007fff5c504000 	C:\WINDOWS\System32\WS2_32.dll
0x00007fff5a830000 - 0x00007fff5a88e000 	C:\WINDOWS\SYSTEM32\POWRPROF.dll
0x00007fff52e30000 - 0x00007fff52e3b000 	C:\WINDOWS\SYSTEM32\VERSION.dll
0x00007fff58600000 - 0x00007fff58635000 	C:\WINDOWS\SYSTEM32\WINMM.dll
0x00007fff5a810000 - 0x00007fff5a824000 	C:\WINDOWS\SYSTEM32\UMPDC.dll
0x00007fff59920000 - 0x00007fff5993b000 	C:\WINDOWS\SYSTEM32\kernel.appcore.dll
0x00007fff4e9e0000 - 0x00007fff4e9ea000 	c:\Users\lenovo\.vscode\extensions\redhat.java-1.53.0-win32-x64\jre\21.0.10-win32-x86_64\bin\jimage.dll
0x00007fff582f0000 - 0x00007fff58532000 	C:\WINDOWS\SYSTEM32\DBGHELP.DLL
0x00007fff5c660000 - 0x00007fff5c9e6000 	C:\WINDOWS\System32\combase.dll
0x00007fff5d250000 - 0x00007fff5d327000 	C:\WINDOWS\System32\OLEAUT32.dll
0x00007fff58570000 - 0x00007fff585ab000 	C:\WINDOWS\SYSTEM32\dbgcore.DLL
0x00007fff5bb10000 - 0x00007fff5bbb5000 	C:\WINDOWS\System32\bcryptPrimitives.dll
0x00007fff4e980000 - 0x00007fff4e98f000 	c:\Users\lenovo\.vscode\extensions\redhat.java-1.53.0-win32-x64\jre\21.0.10-win32-x86_64\bin\instrument.dll
0x00007fff37b00000 - 0x00007fff37b20000 	c:\Users\lenovo\.vscode\extensions\redhat.java-1.53.0-win32-x64\jre\21.0.10-win32-x86_64\bin\java.dll
0x00007fff5caf0000 - 0x00007fff5d242000 	C:\WINDOWS\System32\SHELL32.dll
0x00007fff5ab80000 - 0x00007fff5acea000 	C:\WINDOWS\System32\wintypes.dll
0x00007fff5aea0000 - 0x00007fff5b703000 	C:\WINDOWS\System32\windows.storage.dll
0x00007fff5c9f0000 - 0x00007fff5cae6000 	C:\WINDOWS\System32\SHCORE.dll
0x00007fff5c040000 - 0x00007fff5c0a7000 	C:\WINDOWS\System32\shlwapi.dll
0x00007fff5aaa0000 - 0x00007fff5aac9000 	C:\WINDOWS\SYSTEM32\profapi.dll
0x00007fff4e9c0000 - 0x00007fff4e9d8000 	c:\Users\lenovo\.vscode\extensions\redhat.java-1.53.0-win32-x64\jre\21.0.10-win32-x86_64\bin\zip.dll
0x00007fff4e9b0000 - 0x00007fff4e9c0000 	C:\Users\lenovo\.vscode\extensions\redhat.java-1.53.0-win32-x64\jre\21.0.10-win32-x86_64\bin\net.dll
0x00007fff53400000 - 0x00007fff53527000 	C:\WINDOWS\SYSTEM32\WINHTTP.dll
0x00007fff59e90000 - 0x00007fff59efb000 	C:\WINDOWS\system32\mswsock.dll
0x00007fff4e990000 - 0x00007fff4e9a6000 	C:\Users\lenovo\.vscode\extensions\redhat.java-1.53.0-win32-x64\jre\21.0.10-win32-x86_64\bin\nio.dll
0x00007fff4e970000 - 0x00007fff4e980000 	c:\Users\lenovo\.vscode\extensions\redhat.java-1.53.0-win32-x64\jre\21.0.10-win32-x86_64\bin\verify.dll
0x00007fff372b0000 - 0x00007fff372f5000 	C:\Users\lenovo\AppData\Roaming\Code\User\globalStorage\redhat.java\1.53.0\config_win\org.eclipse.equinox.launcher\org.eclipse.equinox.launcher.win32.win32.x86_64_1.3.0.v20260203-2149\eclipse_11919.dll
0x00007fff5c100000 - 0x00007fff5c297000 	C:\WINDOWS\System32\ole32.dll
0x00007fff37b40000 - 0x00007fff37b4a000 	C:\Users\lenovo\.vscode\extensions\redhat.java-1.53.0-win32-x64\jre\21.0.10-win32-x86_64\bin\management.dll
0x00007fff37b30000 - 0x00007fff37b3c000 	C:\Users\lenovo\.vscode\extensions\redhat.java-1.53.0-win32-x64\jre\21.0.10-win32-x86_64\bin\management_ext.dll
0x00007fff5c3a0000 - 0x00007fff5c3a8000 	C:\WINDOWS\System32\PSAPI.DLL
0x00007fff5a160000 - 0x00007fff5a17b000 	C:\WINDOWS\SYSTEM32\CRYPTSP.dll
0x00007fff59880000 - 0x00007fff598b9000 	C:\WINDOWS\system32\rsaenh.dll
0x00007fff59f40000 - 0x00007fff59f6b000 	C:\WINDOWS\SYSTEM32\USERENV.dll
0x00007fff5aa70000 - 0x00007fff5aa9a000 	C:\WINDOWS\SYSTEM32\bcrypt.dll
0x00007fff5a180000 - 0x00007fff5a18c000 	C:\WINDOWS\SYSTEM32\CRYPTBASE.dll
0x00007fff593d0000 - 0x00007fff59404000 	C:\WINDOWS\SYSTEM32\IPHLPAPI.DLL
0x00007fff5d560000 - 0x00007fff5d56a000 	C:\WINDOWS\System32\NSI.dll
0x00007fff1fe40000 - 0x00007fff1fe89000 	C:\Users\lenovo\AppData\Local\Temp\jna--1106355917\jna10443160110693406920.dll
0x00007fff54800000 - 0x00007fff5481e000 	C:\WINDOWS\SYSTEM32\dhcpcsvc6.DLL
0x00007fff54740000 - 0x00007fff54763000 	C:\WINDOWS\SYSTEM32\dhcpcsvc.DLL
0x00007fff37b20000 - 0x00007fff37b2e000 	C:\Users\lenovo\.vscode\extensions\redhat.java-1.53.0-win32-x64\jre\21.0.10-win32-x86_64\bin\sunmscapi.dll
0x00007fff5acf0000 - 0x00007fff5ae67000 	C:\WINDOWS\System32\CRYPT32.dll
0x00007fff5a380000 - 0x00007fff5a3b0000 	C:\WINDOWS\SYSTEM32\ncrypt.dll
0x00007fff5a330000 - 0x00007fff5a36f000 	C:\WINDOWS\SYSTEM32\NTASN1.dll
0x00007fff594b0000 - 0x00007fff595dc000 	C:\WINDOWS\SYSTEM32\DNSAPI.dll
0x00007fff54120000 - 0x00007fff5412b000 	C:\Windows\System32\rasadhlp.dll
0x00007fff4ea80000 - 0x00007fff4eaa7000 	C:\Users\lenovo\.gradle\native\1def1411415f61bf3af743bc5b6707747c0891f09f0c88961ee8f79bc544acac\windows-amd64\native-platform.dll
0x00007fff54a30000 - 0x00007fff54ab6000 	C:\WINDOWS\System32\fwpuclnt.dll
0x00007fff37af0000 - 0x00007fff37af9000 	C:\Users\lenovo\.vscode\extensions\redhat.java-1.53.0-win32-x64\jre\21.0.10-win32-x86_64\bin\extnet.dll
0x00007ffec6e40000 - 0x00007ffec6e48000 	C:\WINDOWS\system32\wshunix.dll

JVMTI agents:
c:\Users\lenovo\.vscode\extensions\redhat.java-1.53.0-win32-x64\lombok\lombok-1.18.39-4050.jar path:c:\Users\lenovo\.vscode\extensions\redhat.java-1.53.0-win32-x64\jre\21.0.10-win32-x86_64\bin\instrument.dll, loaded, initialized, instrumentlib options:none

dbghelp: loaded successfully - version: 4.0.5 - missing functions: none
symbol engine: initialized successfully - sym options: 0x614 - pdb path: .;c:\Users\lenovo\.vscode\extensions\redhat.java-1.53.0-win32-x64\jre\21.0.10-win32-x86_64\bin;C:\WINDOWS\SYSTEM32;C:\WINDOWS\WinSxS\amd64_microsoft.windows.common-controls_6595b64144ccf1df_6.0.26100.7824_none_3e0870b2e3345462;c:\Users\lenovo\.vscode\extensions\redhat.java-1.53.0-win32-x64\jre\21.0.10-win32-x86_64\bin\server;C:\Users\lenovo\AppData\Roaming\Code\User\globalStorage\redhat.java\1.53.0\config_win\org.eclipse.equinox.launcher\org.eclipse.equinox.launcher.win32.win32.x86_64_1.3.0.v20260203-2149;C:\Users\lenovo\AppData\Local\Temp\jna--1106355917;C:\Users\lenovo\.gradle\native\1def1411415f61bf3af743bc5b6707747c0891f09f0c88961ee8f79bc544acac\windows-amd64

VM Arguments:
jvm_args: --add-modules=ALL-SYSTEM --add-opens=java.base/java.util=ALL-UNNAMED --add-opens=java.base/java.lang=ALL-UNNAMED --add-opens=java.base/sun.nio.fs=ALL-UNNAMED -Declipse.application=org.eclipse.jdt.ls.core.id1 -Dosgi.bundles.defaultStartLevel=4 -Declipse.product=org.eclipse.jdt.ls.core.product -Djava.import.generatesMetadataFilesAtProjectRoot=false -DDetectVMInstallationsJob.disabled=true -Dfile.encoding=utf8 -XX:+UseParallelGC -XX:GCTimeRatio=4 -XX:AdaptiveSizePolicyWeight=90 -Dsun.zip.disableMemoryMapping=true -Xmx2G -Xms100m -Xlog:disable -javaagent:c:\Users\lenovo\.vscode\extensions\redhat.java-1.53.0-win32-x64\lombok\lombok-1.18.39-4050.jar -XX:+HeapDumpOnOutOfMemoryError -XX:HeapDumpPath=c:\Users\lenovo\AppData\Roaming\Code\User\workspaceStorage\eb4572a758bd5f1c14d66f1749ad556e\redhat.java -Daether.dependencyCollector.impl=bf 
java_command: c:\Users\lenovo\.vscode\extensions\redhat.java-1.53.0-win32-x64\server\plugins\org.eclipse.equinox.launcher_1.7.100.v20251111-0406.jar -configuration c:\Users\lenovo\AppData\Roaming\Code\User\globalStorage\redhat.java\1.53.0\config_win -data c:\Users\lenovo\AppData\Roaming\Code\User\workspaceStorage\eb4572a758bd5f1c14d66f1749ad556e\redhat.java\jdt_ws --pipe=\\.\pipe\lsp-d5d9c87d87685b271b820f0e2855e6dd-sock
java_class_path (initial): c:\Users\lenovo\.vscode\extensions\redhat.java-1.53.0-win32-x64\server\plugins\org.eclipse.equinox.launcher_1.7.100.v20251111-0406.jar
Launcher Type: SUN_STANDARD

[Global flags]
    uintx AdaptiveSizePolicyWeight                 = 90                                        {product} {command line}
     intx CICompilerCount                          = 12                                        {product} {ergonomic}
    uintx GCTimeRatio                              = 4                                         {product} {command line}
     bool HeapDumpOnOutOfMemoryError               = true                                   {manageable} {command line}
    ccstr HeapDumpPath                             = c:\Users\lenovo\AppData\Roaming\Code\User\workspaceStorage\eb4572a758bd5f1c14d66f1749ad556e\redhat.java         {manageable} {command line}
   size_t InitialHeapSize                          = 104857600                                 {product} {command line}
   size_t MaxHeapSize                              = 2147483648                                {product} {command line}
   size_t MaxNewSize                               = 715653120                                 {product} {ergonomic}
   size_t MinHeapDeltaBytes                        = 524288                                    {product} {ergonomic}
   size_t MinHeapSize                              = 104857600                                 {product} {command line}
   size_t NewSize                                  = 34603008                                  {product} {ergonomic}
    uintx NonNMethodCodeHeapSize                   = 7602480                                {pd product} {ergonomic}
    uintx NonProfiledCodeHeapSize                  = 122027880                              {pd product} {ergonomic}
   size_t OldSize                                  = 70254592                                  {product} {ergonomic}
    uintx ProfiledCodeHeapSize                     = 122027880                              {pd product} {ergonomic}
    uintx ReservedCodeCacheSize                    = 251658240                              {pd product} {ergonomic}
     bool SegmentedCodeCache                       = true                                      {product} {ergonomic}
   size_t SoftMaxHeapSize                          = 2147483648                             {manageable} {ergonomic}
     bool UseCompressedOops                        = true                           {product lp64_product} {ergonomic}
     bool UseLargePagesIndividualAllocation        = false                                  {pd product} {ergonomic}
     bool UseParallelGC                            = true                                      {product} {command line}

Logging:
Log output configuration:
 #0: stdout all=off uptime,level,tags foldmultilines=false
 #1: stderr all=off uptime,level,tags foldmultilines=false

Release file:
JAVA_VERSION="21.0.10" 
MODULES="java.base java.compiler java.datatransfer java.xml java.prefs java.desktop java.instrument java.logging java.management java.security.sasl java.naming java.rmi java.management.rmi java.net.http java.scripting java.security.jgss java.transaction.xa java.sql java.sql.rowset java.xml.crypto java.se java.smartcardio jdk.accessibility jdk.internal.jvmstat jdk.attach jdk.charsets jdk.internal.opt jdk.zipfs jdk.compiler jdk.crypto.ec jdk.crypto.cryptoki jdk.crypto.mscapi jdk.dynalink jdk.internal.ed jdk.editpad jdk.hotspot.agent jdk.httpserver jdk.internal.le jdk.internal.vm.ci jdk.internal.vm.compiler jdk.internal.vm.compiler.management jdk.jartool jdk.javadoc jdk.jcmd jdk.management jdk.management.agent jdk.jconsole jdk.jdeps jdk.jdwp.agent jdk.jdi jdk.jfr jdk.jshell jdk.jsobject jdk.jstatd jdk.localedata jdk.management.jfr jdk.naming.dns jdk.naming.rmi jdk.net jdk.nio.mapmode jdk.random jdk.sctp jdk.security.auth jdk.security.jgss jdk.unsupported jdk.unsupported.desktop jdk.xml.dom" 

Environment Variables:
PATH=%JAVA_HOME%\bin;C:\WINDOWS\system32;C:\WINDOWS;C:\WINDOWS\System32\Wbem;C:\WINDOWS\System32\WindowsPowerShell\v1.0\;C:\WINDOWS\System32\OpenSSH\;C:\Program Files\Git\cmd;C:\Users\lenovo\AppData\Local\Microsoft\WindowsApps;C:\Users\lenovo\AppData\Local\Programs\Microsoft VS Code\bin;C:\Users\lenovo\AppData\Local\GitHubDesktop\bin;C:\MinGW\bin;D:\advjava\apache-maven-3.9.9-bin (1)\apache-maven-3.9.9\bin;D:\checkstyle;C:\Program Files\dotnet\;C:\Program Files\Java\javafx-sdk-21.0.7\lib;C:\Program Files\Void\bin;C:\Program Files\nodejs\;C:\Program Files\Docker\Docker\resources\bin;C:\Users\lenovo\AppData\Local\Programs\Python\Python312\Scripts\;C:\Users\lenovo\AppData\Local\Programs\Python\Python312\;C:\Program Files\Java\jdk-25\bin;C:\Users\lenovo\.lmstudio\bin;C:\Users\lenovo\AppData\Local\Programs\Antigravity\bin;C:\Users\lenovo\.dotnet\tools;C:\Users\lenovo\AppData\Roaming\npm;C:\Program Files\JetBrains\IntelliJ IDEA 2025.3.3\bin
USERNAME=lenovo
OS=Windows_NT
PROCESSOR_IDENTIFIER=AMD64 Family 25 Model 80 Stepping 0, AuthenticAMD
TMP=C:\Users\lenovo\AppData\Local\Temp
TEMP=C:\Users\lenovo\AppData\Local\Temp




Periodic native trim disabled

---------------  S Y S T E M  ---------------

OS:
 Windows 11 , 64 bit Build 26100 (10.0.26100.7705)
OS uptime: 0 days 1:48 hours
Hyper-V role detected

CPU: total 16 (initial active 16) (16 cores per cpu, 2 threads per core) family 25 model 80 stepping 0 microcode 0xa50000d, cx8, cmov, fxsr, ht, mmx, 3dnowpref, sse, sse2, sse3, ssse3, sse4a, sse4.1, sse4.2, popcnt, lzcnt, tsc, tscinvbit, avx, avx2, aes, erms, clmul, bmi1, bmi2, adx, sha, fma, vzeroupper, clflush, clflushopt, hv, rdtscp, rdpid, fsrm, f16c, cet_ss
Processor Information for the first 16 processors :
  Max Mhz: 2000, Current Mhz: 2000, Mhz Limit: 2000

Memory: 4k page, system-wide physical 14173M (2343M free)
TotalPageFile size 18269M (AvailPageFile size 24M)
current process WorkingSet (physical memory assigned to process): 319M, peak: 319M
current process commit charge ("private bytes"): 427M, peak: 427M

vm_info: OpenJDK 64-Bit Server VM (21.0.10+7-LTS) for windows-amd64 JRE (21.0.10+7-LTS), built on 2026-01-20T00:00:00Z by "admin" with MS VC++ 17.12 (VS2022)

END.
