#
# There is insufficient memory for the Java Runtime Environment to continue.
# Native memory allocation (malloc) failed to allocate 1519424 bytes for Chunk::new
# Possible reasons:
#   The system is out of physical RAM or swap space
#   The process is running with CompressedOops enabled, and the Java Heap may be blocking the growth of the native heap
# Possible solutions:
#   Reduce memory load on the system
#   Increase physical memory or swap space
#   Check if swap backing store is full
#   Decrease Java heap size (-Xmx/-Xms)
#   Decrease number of Java threads
#   Decrease Java thread stack sizes (-Xss)
#   Set larger code cache with -XX:ReservedCodeCacheSize=
#   JVM is running with Unscaled Compressed Oops mode in which the Java heap is
#     placed in the first 4GB address space. The Java Heap base address is the
#     maximum limit for the native heap growth. Please use -XX:HeapBaseMinAddress
#     to set the Java Heap base and to place the Java Heap above 4GB virtual address.
# This output file may be truncated or incomplete.
#
#  Out of Memory Error (arena.cpp:168), pid=20444, tid=11684
#
# JRE version: Java(TM) SE Runtime Environment (21.0.6+8) (build 21.0.6+8-LTS-188)
# Java VM: Java HotSpot(TM) 64-Bit Server VM (21.0.6+8-LTS-188, mixed mode, sharing, tiered, compressed oops, compressed class ptrs, g1 gc, windows-amd64)
# No core dump will be written. Minidumps are not enabled by default on client versions of Windows
#

---------------  S U M M A R Y ------------

Command Line: --add-opens=java.base/java.lang=ALL-UNNAMED --add-opens=java.base/java.lang.invoke=ALL-UNNAMED --add-opens=java.base/java.util=ALL-UNNAMED --add-opens=java.prefs/java.util.prefs=ALL-UNNAMED --add-exports=jdk.compiler/com.sun.tools.javac.api=ALL-UNNAMED --add-exports=jdk.compiler/com.sun.tools.javac.util=ALL-UNNAMED --add-opens=java.base/java.util=ALL-UNNAMED --add-opens=java.prefs/java.util.prefs=ALL-UNNAMED --add-opens=java.base/java.nio.charset=ALL-UNNAMED --add-opens=java.base/java.net=ALL-UNNAMED --add-opens=java.base/java.util.concurrent.atomic=ALL-UNNAMED --add-opens=java.xml/javax.xml.namespace=ALL-UNNAMED -Xmx2048m -Dfile.encoding=UTF-8 -Duser.country=US -Duser.language=en -Duser.variant -javaagent:C:\Users\lenovo\.gradle\wrapper\dists\gradle-8.13-bin\5xuhj0ry160q40clulazy9h7d\gradle-8.13\lib\agents\gradle-instrumentation-agent-8.13.jar org.gradle.launcher.daemon.bootstrap.GradleDaemon 8.13

Host: AMD Ryzen 7 7730U with Radeon Graphics         , 16 cores, 13G,  Windows 11 , 64 bit Build 26100 (10.0.26100.7705)
Time: Sat Feb 28 18:01:00 2026 India Standard Time elapsed time: 15.315643 seconds (0d 0h 0m 15s)

---------------  T H R E A D  ---------------

Current thread (0x0000027f965f0600):  JavaThread "C2 CompilerThread2" daemon [_thread_in_native, id=11684, stack(0x000000cfa0500000,0x000000cfa0600000) (1024K)]


Current CompileTask:
C2:  15315 8159       4       java.io.ObjectOutputStream::writeClassDesc (60 bytes)

Stack: [0x000000cfa0500000,0x000000cfa0600000]
Native frames: (J=compiled Java code, j=interpreted, Vv=VM code, C=native code)
V  [jvm.dll+0x6ca6d9]
V  [jvm.dll+0x854f51]
V  [jvm.dll+0x85747e]
V  [jvm.dll+0x857b53]
V  [jvm.dll+0x27dcc6]
V  [jvm.dll+0xc4c2d]
V  [jvm.dll+0xc5163]
V  [jvm.dll+0x3b515c]
V  [jvm.dll+0x1df829]
V  [jvm.dll+0x246a72]
V  [jvm.dll+0x245eff]
V  [jvm.dll+0x1c6d2e]
V  [jvm.dll+0x2554f9]
V  [jvm.dll+0x253a8a]
V  [jvm.dll+0x3ee576]
V  [jvm.dll+0x7ff2fb]
V  [jvm.dll+0x6c8dbd]
C  [ucrtbase.dll+0x37b0]
C  [KERNEL32.DLL+0x2e8d7]
C  [ntdll.dll+0x8c40c]


---------------  P R O C E S S  ---------------

Threads class SMR info:
_java_thread_list=0x0000027f9cf60310, length=99, elements={
0x0000027f316d7b90, 0x0000027f96019fc0, 0x0000027f9601b680, 0x0000027f96021120,
0x0000027f96022130, 0x0000027f96026270, 0x0000027f96026e40, 0x0000027f9603b730,
0x0000027f96039d50, 0x0000027f9602a2c0, 0x0000027f9614e260, 0x0000027f96028880,
0x0000027f963e1c90, 0x0000027f960274d0, 0x0000027f96027b60, 0x0000027f960281f0,
0x0000027f96028f10, 0x0000027f960295a0, 0x0000027f9829d210, 0x0000027f9829be60,
0x0000027f9829c4f0, 0x0000027f9829cb80, 0x0000027f9829d8a0, 0x0000027f9829df30,
0x0000027f9829aab0, 0x0000027f9829e5c0, 0x0000027f9829b140, 0x0000027f9829b7d0,
0x0000027f9829f2e0, 0x0000027f982a0000, 0x0000027f982a0690, 0x0000027f982a20d0,
0x0000027f9829f970, 0x0000027f982a0d20, 0x0000027f982a13b0, 0x0000027f982a1a40,
0x0000027f9afe89a0, 0x0000027f9afea3e0, 0x0000027f9afe96c0, 0x0000027f9afe7c80,
0x0000027f9afe8310, 0x0000027f9afe6f60, 0x0000027f9afe9030, 0x0000027f9afe9d50,
0x0000027f9afed860, 0x0000027f9afeb100, 0x0000027f9afeaa70, 0x0000027f9afedef0,
0x0000027f965ef860, 0x0000027f965f0600, 0x0000027f965ed650, 0x0000027f965eff30,
0x0000027f992366e0, 0x0000027f99233260, 0x0000027f99236d70, 0x0000027f99238120,
0x0000027f99234ca0, 0x0000027f99237400, 0x0000027f99237a90, 0x0000027f992387b0,
0x0000027f99235330, 0x0000027f9923a1f0, 0x0000027f99238e40, 0x0000027f992394d0,
0x0000027f99239b60, 0x0000027f97ac1ef0, 0x0000027f97ac2580, 0x0000027f97abfe20,
0x0000027f97ac32a0, 0x0000027f97ac3930, 0x0000027f97ac2c10, 0x0000027f97ac04b0,
0x0000027f97ac3fc0, 0x0000027f97ac0b40, 0x0000027f97ac4650, 0x0000027f97ac1860,
0x0000027f97ac11d0, 0x0000027f97ac6720, 0x0000027f97ac4ce0, 0x0000027f97ac6090,
0x0000027f97ac5370, 0x0000027f97ac5a00, 0x0000027f990a1c60, 0x0000027f99234610,
0x0000027f9dbf04c0, 0x0000027f9dbf11e0, 0x0000027f9dbf3940, 0x0000027f9dbf1f00,
0x0000027f9dbf32b0, 0x0000027f9dbf0b50, 0x0000027f9dbf2590, 0x0000027f9dbf3fd0,
0x0000027f9dbf2c20, 0x0000027f9dbf4660, 0x0000027f9dbf4cf0, 0x0000027f9dbf1870,
0x0000027f9dbf7450, 0x0000027f9dbf6dc0, 0x0000027f990a37a0
}

Java Threads: ( => current thread )
  0x0000027f316d7b90 JavaThread "main"                              [_thread_blocked, id=13416, stack(0x000000cf9f000000,0x000000cf9f100000) (1024K)]
  0x0000027f96019fc0 JavaThread "Reference Handler"          daemon [_thread_blocked, id=19616, stack(0x000000cf9f800000,0x000000cf9f900000) (1024K)]
  0x0000027f9601b680 JavaThread "Finalizer"                  daemon [_thread_blocked, id=21072, stack(0x000000cf9f900000,0x000000cf9fa00000) (1024K)]
  0x0000027f96021120 JavaThread "Signal Dispatcher"          daemon [_thread_blocked, id=15256, stack(0x000000cf9fa00000,0x000000cf9fb00000) (1024K)]
  0x0000027f96022130 JavaThread "Attach Listener"            daemon [_thread_blocked, id=18656, stack(0x000000cf9fb00000,0x000000cf9fc00000) (1024K)]
  0x0000027f96026270 JavaThread "Service Thread"             daemon [_thread_blocked, id=20744, stack(0x000000cf9fc00000,0x000000cf9fd00000) (1024K)]
  0x0000027f96026e40 JavaThread "Monitor Deflation Thread"   daemon [_thread_blocked, id=20952, stack(0x000000cf9fd00000,0x000000cf9fe00000) (1024K)]
  0x0000027f9603b730 JavaThread "C2 CompilerThread0"         daemon [_thread_in_native, id=3272, stack(0x000000cf9fe00000,0x000000cf9ff00000) (1024K)]
  0x0000027f96039d50 JavaThread "C1 CompilerThread0"         daemon [_thread_blocked, id=20736, stack(0x000000cf9ff00000,0x000000cfa0000000) (1024K)]
  0x0000027f9602a2c0 JavaThread "Common-Cleaner"             daemon [_thread_blocked, id=7516, stack(0x000000cfa0000000,0x000000cfa0100000) (1024K)]
  0x0000027f9614e260 JavaThread "C1 CompilerThread1"         daemon [_thread_in_vm, id=8844, stack(0x000000cfa0100000,0x000000cfa0200000) (1024K)]
  0x0000027f96028880 JavaThread "Notification Thread"        daemon [_thread_blocked, id=20960, stack(0x000000cfa0300000,0x000000cfa0400000) (1024K)]
  0x0000027f963e1c90 JavaThread "C2 CompilerThread1"         daemon [_thread_in_native, id=22128, stack(0x000000cfa0400000,0x000000cfa0500000) (1024K)]
  0x0000027f960274d0 JavaThread "Daemon health stats"               [_thread_blocked, id=13900, stack(0x000000cfa0f00000,0x000000cfa1000000) (1024K)]
  0x0000027f96027b60 JavaThread "Incoming local TCP Connector on port 55932"        [_thread_in_native, id=8804, stack(0x000000cfa1000000,0x000000cfa1100000) (1024K)]
  0x0000027f960281f0 JavaThread "Daemon periodic checks"            [_thread_blocked, id=14740, stack(0x000000cfa1100000,0x000000cfa1200000) (1024K)]
  0x0000027f96028f10 JavaThread "Daemon"                            [_thread_blocked, id=22520, stack(0x000000cfa1200000,0x000000cfa1300000) (1024K)]
  0x0000027f960295a0 JavaThread "Handler for socket connection from /127.0.0.1:55932 to /127.0.0.1:55933"        [_thread_in_native, id=22332, stack(0x000000cfa1300000,0x000000cfa1400000) (1024K)]
  0x0000027f9829d210 JavaThread "Cancel handler"                    [_thread_blocked, id=16880, stack(0x000000cfa1400000,0x000000cfa1500000) (1024K)]
  0x0000027f9829be60 JavaThread "Daemon worker"                     [_thread_blocked, id=5936, stack(0x000000cfa1500000,0x000000cfa1600000) (1024K)]
  0x0000027f9829c4f0 JavaThread "Asynchronous log dispatcher for DefaultDaemonConnection: socket connection from /127.0.0.1:55932 to /127.0.0.1:55933"        [_thread_blocked, id=15756, stack(0x000000cfa1600000,0x000000cfa1700000) (1024K)]
  0x0000027f9829cb80 JavaThread "Stdin handler"                     [_thread_blocked, id=17368, stack(0x000000cfa1700000,0x000000cfa1800000) (1024K)]
  0x0000027f9829d8a0 JavaThread "Daemon client event forwarder"        [_thread_in_Java, id=16392, stack(0x000000cfa1800000,0x000000cfa1900000) (1024K)]
  0x0000027f9829df30 JavaThread "Cache worker for journal cache (C:\Users\lenovo\.gradle\caches\journal-1)"        [_thread_blocked, id=15768, stack(0x000000cfa1900000,0x000000cfa1a00000) (1024K)]
  0x0000027f9829aab0 JavaThread "File lock request listener"        [_thread_in_native, id=15036, stack(0x000000cfa1a00000,0x000000cfa1b00000) (1024K)]
  0x0000027f9829e5c0 JavaThread "Cache worker for file hash cache (C:\Users\lenovo\.gradle\caches\8.13\fileHashes)"        [_thread_in_native, id=5492, stack(0x000000cfa1b00000,0x000000cfa1c00000) (1024K)]
  0x0000027f9829b140 JavaThread "File lock release action executor"        [_thread_blocked, id=18288, stack(0x000000cfa1c00000,0x000000cfa1d00000) (1024K)]
  0x0000027f9829b7d0 JavaThread "Cache worker for file hash cache (C:\Users\lenovo\AndroidStudioProjects\GAREEBI_prototype\.gradle\8.13\fileHashes)"        [_thread_blocked, id=7064, stack(0x000000cfa2400000,0x000000cfa2500000) (1024K)]
  0x0000027f9829f2e0 JavaThread "Cache worker for Build Output Cleanup Cache (C:\Users\lenovo\AndroidStudioProjects\GAREEBI_prototype\.gradle\buildOutputCleanup)"        [_thread_blocked, id=15680, stack(0x000000cfa2500000,0x000000cfa2600000) (1024K)]
  0x0000027f982a0000 JavaThread "File watcher server"        daemon [_thread_in_native, id=4204, stack(0x000000cfa2600000,0x000000cfa2700000) (1024K)]
  0x0000027f982a0690 JavaThread "File watcher consumer"      daemon [_thread_blocked, id=6276, stack(0x000000cfa2700000,0x000000cfa2800000) (1024K)]
  0x0000027f982a20d0 JavaThread "jar transforms"                    [_thread_blocked, id=20796, stack(0x000000cfa2800000,0x000000cfa2900000) (1024K)]
  0x0000027f9829f970 JavaThread "jar transforms Thread 2"           [_thread_blocked, id=22268, stack(0x000000cfa2900000,0x000000cfa2a00000) (1024K)]
  0x0000027f982a0d20 JavaThread "jar transforms Thread 3"           [_thread_blocked, id=21164, stack(0x000000cfa2a00000,0x000000cfa2b00000) (1024K)]
  0x0000027f982a13b0 JavaThread "jar transforms Thread 4"           [_thread_blocked, id=4720, stack(0x000000cfa2b00000,0x000000cfa2c00000) (1024K)]
  0x0000027f982a1a40 JavaThread "jar transforms Thread 5"           [_thread_blocked, id=9100, stack(0x000000cfa2c00000,0x000000cfa2d00000) (1024K)]
  0x0000027f9afe89a0 JavaThread "Cache worker for checksums cache (C:\Users\lenovo\AndroidStudioProjects\GAREEBI_prototype\.gradle\8.13\checksums)"        [_thread_blocked, id=16396, stack(0x000000cfa2f00000,0x000000cfa3000000) (1024K)]
  0x0000027f9afea3e0 JavaThread "Cache worker for file content cache (C:\Users\lenovo\.gradle\caches\8.13\fileContent)"        [_thread_blocked, id=20372, stack(0x000000cfa3000000,0x000000cfa3100000) (1024K)]
  0x0000027f9afe96c0 JavaThread "jar transforms Thread 6"           [_thread_blocked, id=20568, stack(0x000000cfa3100000,0x000000cfa3200000) (1024K)]
  0x0000027f9afe7c80 JavaThread "jar transforms Thread 7"           [_thread_blocked, id=17864, stack(0x000000cfa3200000,0x000000cfa3300000) (1024K)]
  0x0000027f9afe8310 JavaThread "jar transforms Thread 8"           [_thread_blocked, id=12668, stack(0x000000cfa3300000,0x000000cfa3400000) (1024K)]
  0x0000027f9afe6f60 JavaThread "jar transforms Thread 9"           [_thread_blocked, id=12700, stack(0x000000cfa3400000,0x000000cfa3500000) (1024K)]
  0x0000027f9afe9030 JavaThread "jar transforms Thread 10"          [_thread_blocked, id=6020, stack(0x000000cfa3500000,0x000000cfa3600000) (1024K)]
  0x0000027f9afe9d50 JavaThread "jar transforms Thread 11"          [_thread_blocked, id=8828, stack(0x000000cfa3600000,0x000000cfa3700000) (1024K)]
  0x0000027f9afed860 JavaThread "jar transforms Thread 12"          [_thread_blocked, id=14300, stack(0x000000cfa3700000,0x000000cfa3800000) (1024K)]
  0x0000027f9afeb100 JavaThread "jar transforms Thread 13"          [_thread_blocked, id=21768, stack(0x000000cfa3800000,0x000000cfa3900000) (1024K)]
  0x0000027f9afeaa70 JavaThread "Cache worker for cache directory md-supplier (C:\Users\lenovo\.gradle\caches\8.13\md-supplier)"        [_thread_blocked, id=22232, stack(0x000000cfa2d00000,0x000000cfa2e00000) (1024K)]
  0x0000027f9afedef0 JavaThread "Cache worker for cache directory md-rule (C:\Users\lenovo\.gradle\caches\8.13\md-rule)"        [_thread_blocked, id=8064, stack(0x000000cfa2e00000,0x000000cfa2f00000) (1024K)]
  0x0000027f965ef860 JavaThread "C1 CompilerThread2"         daemon [_thread_in_native, id=17352, stack(0x000000cfa0200000,0x000000cfa0300000) (1024K)]
=>0x0000027f965f0600 JavaThread "C2 CompilerThread2"         daemon [_thread_in_native, id=11684, stack(0x000000cfa0500000,0x000000cfa0600000) (1024K)]
  0x0000027f965ed650 JavaThread "C2 CompilerThread3"         daemon [_thread_in_native, id=21060, stack(0x000000cfa0c00000,0x000000cfa0d00000) (1024K)]
  0x0000027f965eff30 JavaThread "C1 CompilerThread3"         daemon [_thread_in_native, id=18832, stack(0x000000cfa2300000,0x000000cfa2400000) (1024K)]
  0x0000027f992366e0 JavaThread "Unconstrained build operations"        [_thread_blocked, id=2060, stack(0x000000cfa3900000,0x000000cfa3a00000) (1024K)]
  0x0000027f99233260 JavaThread "Unconstrained build operations Thread 2"        [_thread_blocked, id=18912, stack(0x000000cfa3a00000,0x000000cfa3b00000) (1024K)]
  0x0000027f99236d70 JavaThread "Unconstrained build operations Thread 3"        [_thread_blocked, id=15376, stack(0x000000cfa3b00000,0x000000cfa3c00000) (1024K)]
  0x0000027f99238120 JavaThread "Unconstrained build operations Thread 4"        [_thread_blocked, id=16604, stack(0x000000cfa3c00000,0x000000cfa3d00000) (1024K)]
  0x0000027f99234ca0 JavaThread "Unconstrained build operations Thread 5"        [_thread_blocked, id=14376, stack(0x000000cfa3d00000,0x000000cfa3e00000) (1024K)]
  0x0000027f99237400 JavaThread "Unconstrained build operations Thread 6"        [_thread_blocked, id=15404, stack(0x000000cfa3e00000,0x000000cfa3f00000) (1024K)]
  0x0000027f99237a90 JavaThread "Unconstrained build operations Thread 7"        [_thread_blocked, id=15348, stack(0x000000cfa3f00000,0x000000cfa4000000) (1024K)]
  0x0000027f992387b0 JavaThread "Unconstrained build operations Thread 8"        [_thread_blocked, id=22248, stack(0x000000cfa4000000,0x000000cfa4100000) (1024K)]
  0x0000027f99235330 JavaThread "Unconstrained build operations Thread 9"        [_thread_blocked, id=22028, stack(0x000000cfa4100000,0x000000cfa4200000) (1024K)]
  0x0000027f9923a1f0 JavaThread "Unconstrained build operations Thread 10"        [_thread_blocked, id=5944, stack(0x000000cfa4200000,0x000000cfa4300000) (1024K)]
  0x0000027f99238e40 JavaThread "Unconstrained build operations Thread 11"        [_thread_blocked, id=16548, stack(0x000000cfa4300000,0x000000cfa4400000) (1024K)]
  0x0000027f992394d0 JavaThread "Unconstrained build operations Thread 12"        [_thread_blocked, id=3056, stack(0x000000cfa4400000,0x000000cfa4500000) (1024K)]
  0x0000027f99239b60 JavaThread "Unconstrained build operations Thread 13"        [_thread_blocked, id=17800, stack(0x000000cfa4500000,0x000000cfa4600000) (1024K)]
  0x0000027f97ac1ef0 JavaThread "Unconstrained build operations Thread 14"        [_thread_blocked, id=16088, stack(0x000000cfa4600000,0x000000cfa4700000) (1024K)]
  0x0000027f97ac2580 JavaThread "Unconstrained build operations Thread 15"        [_thread_blocked, id=5952, stack(0x000000cfa4700000,0x000000cfa4800000) (1024K)]
  0x0000027f97abfe20 JavaThread "Unconstrained build operations Thread 16"        [_thread_blocked, id=7604, stack(0x000000cfa4800000,0x000000cfa4900000) (1024K)]
  0x0000027f97ac32a0 JavaThread "Unconstrained build operations Thread 17"        [_thread_blocked, id=20212, stack(0x000000cfa4900000,0x000000cfa4a00000) (1024K)]
  0x0000027f97ac3930 JavaThread "Unconstrained build operations Thread 18"        [_thread_blocked, id=14148, stack(0x000000cfa4a00000,0x000000cfa4b00000) (1024K)]
  0x0000027f97ac2c10 JavaThread "Unconstrained build operations Thread 19"        [_thread_blocked, id=14164, stack(0x000000cfa4b00000,0x000000cfa4c00000) (1024K)]
  0x0000027f97ac04b0 JavaThread "Unconstrained build operations Thread 20"        [_thread_blocked, id=8748, stack(0x000000cfa4c00000,0x000000cfa4d00000) (1024K)]
  0x0000027f97ac3fc0 JavaThread "Unconstrained build operations Thread 21"        [_thread_blocked, id=12416, stack(0x000000cfa4d00000,0x000000cfa4e00000) (1024K)]
  0x0000027f97ac0b40 JavaThread "Unconstrained build operations Thread 22"        [_thread_blocked, id=1760, stack(0x000000cfa4e00000,0x000000cfa4f00000) (1024K)]
  0x0000027f97ac4650 JavaThread "Unconstrained build operations Thread 23"        [_thread_blocked, id=17204, stack(0x000000cfa4f00000,0x000000cfa5000000) (1024K)]
  0x0000027f97ac1860 JavaThread "Unconstrained build operations Thread 24"        [_thread_blocked, id=16452, stack(0x000000cfa5000000,0x000000cfa5100000) (1024K)]
  0x0000027f97ac11d0 JavaThread "Unconstrained build operations Thread 25"        [_thread_blocked, id=7032, stack(0x000000cfa5100000,0x000000cfa5200000) (1024K)]
  0x0000027f97ac6720 JavaThread "Unconstrained build operations Thread 26"        [_thread_blocked, id=19624, stack(0x000000cfa5200000,0x000000cfa5300000) (1024K)]
  0x0000027f97ac4ce0 JavaThread "Unconstrained build operations Thread 27"        [_thread_blocked, id=12796, stack(0x000000cfa5300000,0x000000cfa5400000) (1024K)]
  0x0000027f97ac6090 JavaThread "Unconstrained build operations Thread 28"        [_thread_blocked, id=19128, stack(0x000000cfa5400000,0x000000cfa5500000) (1024K)]
  0x0000027f97ac5370 JavaThread "Unconstrained build operations Thread 29"        [_thread_blocked, id=16100, stack(0x000000cfa5500000,0x000000cfa5600000) (1024K)]
  0x0000027f97ac5a00 JavaThread "Unconstrained build operations Thread 30"        [_thread_blocked, id=15764, stack(0x000000cfa5600000,0x000000cfa5700000) (1024K)]
  0x0000027f990a1c60 JavaThread "C2 CompilerThread4"         daemon [_thread_in_native, id=15392, stack(0x000000cfa5700000,0x000000cfa5800000) (1024K)]
  0x0000027f99234610 JavaThread "Unconstrained build operations Thread 31"        [_thread_in_Java, id=19880, stack(0x000000cfa5800000,0x000000cfa5900000) (1024K)]
  0x0000027f9dbf04c0 JavaThread "Unconstrained build operations Thread 32"        [_thread_in_vm, id=12684, stack(0x000000cfa5900000,0x000000cfa5a00000) (1024K)]
  0x0000027f9dbf11e0 JavaThread "Unconstrained build operations Thread 33"        [_thread_blocked, id=6096, stack(0x000000cfa5a00000,0x000000cfa5b00000) (1024K)]
  0x0000027f9dbf3940 JavaThread "Unconstrained build operations Thread 34"        [_thread_blocked, id=11008, stack(0x000000cfa5b00000,0x000000cfa5c00000) (1024K)]
  0x0000027f9dbf1f00 JavaThread "Unconstrained build operations Thread 35"        [_thread_blocked, id=15788, stack(0x000000cfa5c00000,0x000000cfa5d00000) (1024K)]
  0x0000027f9dbf32b0 JavaThread "Unconstrained build operations Thread 36"        [_thread_blocked, id=16684, stack(0x000000cfa5d00000,0x000000cfa5e00000) (1024K)]
  0x0000027f9dbf0b50 JavaThread "Unconstrained build operations Thread 37"        [_thread_blocked, id=9336, stack(0x000000cfa5e00000,0x000000cfa5f00000) (1024K)]
  0x0000027f9dbf2590 JavaThread "Unconstrained build operations Thread 38"        [_thread_blocked, id=19772, stack(0x000000cfa5f00000,0x000000cfa6000000) (1024K)]
  0x0000027f9dbf3fd0 JavaThread "Unconstrained build operations Thread 39"        [_thread_blocked, id=17104, stack(0x000000cfa6000000,0x000000cfa6100000) (1024K)]
  0x0000027f9dbf2c20 JavaThread "Unconstrained build operations Thread 40"        [_thread_blocked, id=11748, stack(0x000000cfa6100000,0x000000cfa6200000) (1024K)]
  0x0000027f9dbf4660 JavaThread "Unconstrained build operations Thread 41"        [_thread_blocked, id=2244, stack(0x000000cfa6200000,0x000000cfa6300000) (1024K)]
  0x0000027f9dbf4cf0 JavaThread "Unconstrained build operations Thread 42"        [_thread_blocked, id=19632, stack(0x000000cfa6300000,0x000000cfa6400000) (1024K)]
  0x0000027f9dbf1870 JavaThread "Unconstrained build operations Thread 43"        [_thread_blocked, id=20328, stack(0x000000cfa6400000,0x000000cfa6500000) (1024K)]
  0x0000027f9dbf7450 JavaThread "Unconstrained build operations Thread 44"        [_thread_blocked, id=11464, stack(0x000000cfa6500000,0x000000cfa6600000) (1024K)]
  0x0000027f9dbf6dc0 JavaThread "Unconstrained build operations Thread 45"        [_thread_blocked, id=4264, stack(0x000000cfa6600000,0x000000cfa6700000) (1024K)]
  0x0000027f990a37a0 JavaThread "C2 CompilerThread5"         daemon [_thread_in_native, id=18980, stack(0x000000cfa6700000,0x000000cfa6800000) (1024K)]
Total: 99

Other Threads:
  0x0000027f50e3c1e0 VMThread "VM Thread"                           [id=16092, stack(0x000000cf9f700000,0x000000cf9f800000) (1024K)]
  0x0000027f50e28150 WatcherThread "VM Periodic Task Thread"        [id=19248, stack(0x000000cf9f600000,0x000000cf9f700000) (1024K)]
  0x0000027f31ba4650 WorkerThread "GC Thread#0"                     [id=6352, stack(0x000000cf9f100000,0x000000cf9f200000) (1024K)]
  0x0000027f96accab0 WorkerThread "GC Thread#1"                     [id=7132, stack(0x000000cfa0800000,0x000000cfa0900000) (1024K)]
  0x0000027f96970e70 WorkerThread "GC Thread#2"                     [id=2208, stack(0x000000cfa0900000,0x000000cfa0a00000) (1024K)]
  0x0000027f96971210 WorkerThread "GC Thread#3"                     [id=11692, stack(0x000000cfa0a00000,0x000000cfa0b00000) (1024K)]
  0x0000027f969b22e0 WorkerThread "GC Thread#4"                     [id=19804, stack(0x000000cfa0b00000,0x000000cfa0c00000) (1024K)]
  0x0000027f97fde420 WorkerThread "GC Thread#5"                     [id=12304, stack(0x000000cfa0600000,0x000000cfa0700000) (1024K)]
  0x0000027f97eec440 WorkerThread "GC Thread#6"                     [id=12212, stack(0x000000cfa0700000,0x000000cfa0800000) (1024K)]
  0x0000027f97eed060 WorkerThread "GC Thread#7"                     [id=3428, stack(0x000000cfa0d00000,0x000000cfa0e00000) (1024K)]
  0x0000027f97f9d290 WorkerThread "GC Thread#8"                     [id=10816, stack(0x000000cfa0e00000,0x000000cfa0f00000) (1024K)]
  0x0000027f99b713c0 WorkerThread "GC Thread#9"                     [id=13568, stack(0x000000cfa1d00000,0x000000cfa1e00000) (1024K)]
  0x0000027f99b6fe00 WorkerThread "GC Thread#10"                    [id=12148, stack(0x000000cfa1e00000,0x000000cfa1f00000) (1024K)]
  0x0000027f99b701a0 WorkerThread "GC Thread#11"                    [id=22360, stack(0x000000cfa1f00000,0x000000cfa2000000) (1024K)]
  0x0000027f99b71760 WorkerThread "GC Thread#12"                    [id=7792, stack(0x000000cfa2000000,0x000000cfa2100000) (1024K)]
  0x0000027f31bb73d0 ConcurrentGCThread "G1 Main Marker"            [id=2184, stack(0x000000cf9f200000,0x000000cf9f300000) (1024K)]
  0x0000027f31bb8580 WorkerThread "G1 Conc#0"                       [id=22288, stack(0x000000cf9f300000,0x000000cf9f400000) (1024K)]
  0x0000027f99b70540 WorkerThread "G1 Conc#1"                       [id=19112, stack(0x000000cfa2100000,0x000000cfa2200000) (1024K)]
  0x0000027f99e6cd40 WorkerThread "G1 Conc#2"                       [id=11728, stack(0x000000cfa2200000,0x000000cfa2300000) (1024K)]
  0x0000027f50cf72b0 ConcurrentGCThread "G1 Refine#0"               [id=22072, stack(0x000000cf9f400000,0x000000cf9f500000) (1024K)]
  0x0000027f50cf7d30 ConcurrentGCThread "G1 Service"                [id=20608, stack(0x000000cf9f500000,0x000000cf9f600000) (1024K)]
Total: 21

Threads with active compile tasks:
C2 CompilerThread0    15378 8655       4       java.io.ObjectOutputStream::writeNonProxyDesc (109 bytes)
C1 CompilerThread0    15378 9054       3       org.gradle.api.internal.artifacts.transform.DefaultTransformInvocationFactory::lambda$createInvocation$2 (20 bytes)
C1 CompilerThread1    15378 9058   !   3       java.util.concurrent.ConcurrentHashMap::computeIfAbsent (576 bytes)
C2 CompilerThread1    15378 8480   !   4       java.io.ObjectOutputStream::writeObject0 (620 bytes)
C1 CompilerThread2    15378 9059   !   3       org.gradle.cache.internal.DefaultFileLockManager$DefaultFileLock::doWriteAction (66 bytes)
C2 CompilerThread2    15378 8159       4       java.io.ObjectOutputStream::writeClassDesc (60 bytes)
C2 CompilerThread3    15378 8896   !   4       java.util.concurrent.ConcurrentHashMap::putVal (432 bytes)
C1 CompilerThread3    15379 9056       3       org.gradle.api.internal.artifacts.transform.DefaultTransformInvocationFactory$$Lambda/0x0000027f52913500::apply (12 bytes)
C2 CompilerThread4    15379 8970       4       java.io.BufferedReader::implReadLine (301 bytes)
C2 CompilerThread5    15379 8886       4       java.util.Optional::of (12 bytes)
Total: 10

VM state: not at safepoint (normal execution)

VM Mutex/Monitor currently owned by a thread:  ([mutex/lock_event])
[0x00007ffec1b9ca18] MethodCompileQueue_lock - owner thread: 0x0000000000000000

Heap address: 0x0000000080000000, size: 2048 MB, Compressed Oops mode: 32-bit

CDS archive(s) mapped at: [0x0000027f51000000-0x0000027f51c90000-0x0000027f51c90000), size 13172736, SharedBaseAddress: 0x0000027f51000000, ArchiveRelocationMode: 1.
Compressed class space mapped at: 0x0000027f52000000-0x0000027f92000000, reserved size: 1073741824
Narrow klass base: 0x0000027f51000000, Narrow klass shift: 0, Narrow klass range: 0x100000000

GC Precious Log:
 CardTable entry size: 512
 Card Set container configuration: InlinePtr #cards 5 size 8 Array Of Cards #cards 12 size 40 Howl #buckets 4 coarsen threshold 1843 Howl Bitmap #cards 512 size 80 coarsen threshold 460 Card regions per heap region 1 cards per card region 2048
 CPUs: 16 total, 16 available
 Memory: 14173M
 Large Page Support: Disabled
 NUMA Support: Disabled
 Compressed Oops: Enabled (32-bit)
 Heap Region Size: 1M
 Heap Min Capacity: 8M
 Heap Initial Capacity: 222M
 Heap Max Capacity: 2G
 Pre-touch: Disabled
 Parallel Workers: 13
 Concurrent Workers: 3
 Concurrent Refinement Workers: 13
 Periodic GC: Disabled

Heap:
 garbage-first heap   total 109568K, used 92250K [0x0000000080000000, 0x0000000100000000)
  region size 1024K, 46 young (47104K), 7 survivors (7168K)
 Metaspace       used 60657K, committed 62592K, reserved 1114112K
  class space    used 8423K, committed 9408K, reserved 1048576K

Heap Regions: E=young(eden), S=young(survivor), O=old, HS=humongous(starts), HC=humongous(continues), CS=collection set, F=free, TAMS=top-at-mark-start, PB=parsable bottom
|   0|0x0000000080000000, 0x0000000080100000, 0x0000000080100000|100%|HS|  |TAMS 0x0000000080000000| PB 0x0000000080000000| Complete 
|   1|0x0000000080100000, 0x0000000080200000, 0x0000000080200000|100%|HC|  |TAMS 0x0000000080100000| PB 0x0000000080100000| Complete 
|   2|0x0000000080200000, 0x0000000080300000, 0x0000000080300000|100%|HC|  |TAMS 0x0000000080200000| PB 0x0000000080200000| Complete 
|   3|0x0000000080300000, 0x0000000080400000, 0x0000000080400000|100%| O|  |TAMS 0x0000000080300000| PB 0x0000000080300000| Untracked 
|   4|0x0000000080400000, 0x0000000080500000, 0x0000000080500000|100%| O|  |TAMS 0x0000000080400000| PB 0x0000000080400000| Untracked 
|   5|0x0000000080500000, 0x0000000080600000, 0x0000000080600000|100%| O|  |TAMS 0x0000000080500000| PB 0x0000000080500000| Untracked 
|   6|0x0000000080600000, 0x0000000080700000, 0x0000000080700000|100%|HS|  |TAMS 0x0000000080600000| PB 0x0000000080600000| Complete 
|   7|0x0000000080700000, 0x0000000080800000, 0x0000000080800000|100%| O|  |TAMS 0x0000000080700000| PB 0x0000000080700000| Untracked 
|   8|0x0000000080800000, 0x0000000080900000, 0x0000000080900000|100%| O|  |TAMS 0x0000000080800000| PB 0x0000000080800000| Untracked 
|   9|0x0000000080900000, 0x0000000080a00000, 0x0000000080a00000|100%| O|  |TAMS 0x0000000080900000| PB 0x0000000080900000| Untracked 
|  10|0x0000000080a00000, 0x0000000080b00000, 0x0000000080b00000|100%| O|  |TAMS 0x0000000080a00000| PB 0x0000000080a00000| Untracked 
|  11|0x0000000080b00000, 0x0000000080c00000, 0x0000000080c00000|100%| O|  |TAMS 0x0000000080b00000| PB 0x0000000080b00000| Untracked 
|  12|0x0000000080c00000, 0x0000000080d00000, 0x0000000080d00000|100%| O|  |TAMS 0x0000000080c00000| PB 0x0000000080c00000| Untracked 
|  13|0x0000000080d00000, 0x0000000080e00000, 0x0000000080e00000|100%| O|  |TAMS 0x0000000080d00000| PB 0x0000000080d00000| Untracked 
|  14|0x0000000080e00000, 0x0000000080f00000, 0x0000000080f00000|100%| O|  |TAMS 0x0000000080e00000| PB 0x0000000080e00000| Untracked 
|  15|0x0000000080f00000, 0x0000000081000000, 0x0000000081000000|100%| O|  |TAMS 0x0000000080f00000| PB 0x0000000080f00000| Untracked 
|  16|0x0000000081000000, 0x0000000081100000, 0x0000000081100000|100%| O|  |TAMS 0x0000000081000000| PB 0x0000000081000000| Untracked 
|  17|0x0000000081100000, 0x0000000081200000, 0x0000000081200000|100%| O|  |TAMS 0x0000000081100000| PB 0x0000000081100000| Untracked 
|  18|0x0000000081200000, 0x0000000081300000, 0x0000000081300000|100%| O|  |TAMS 0x0000000081200000| PB 0x0000000081200000| Untracked 
|  19|0x0000000081300000, 0x0000000081400000, 0x0000000081400000|100%| O|  |TAMS 0x0000000081300000| PB 0x0000000081300000| Untracked 
|  20|0x0000000081400000, 0x0000000081500000, 0x0000000081500000|100%| O|  |TAMS 0x0000000081400000| PB 0x0000000081400000| Untracked 
|  21|0x0000000081500000, 0x0000000081600000, 0x0000000081600000|100%| O|  |TAMS 0x0000000081500000| PB 0x0000000081500000| Untracked 
|  22|0x0000000081600000, 0x0000000081700000, 0x0000000081700000|100%| O|  |TAMS 0x0000000081600000| PB 0x0000000081600000| Untracked 
|  23|0x0000000081700000, 0x0000000081800000, 0x0000000081800000|100%| O|  |TAMS 0x0000000081700000| PB 0x0000000081700000| Untracked 
|  24|0x0000000081800000, 0x0000000081900000, 0x0000000081900000|100%| O|  |TAMS 0x0000000081800000| PB 0x0000000081800000| Untracked 
|  25|0x0000000081900000, 0x0000000081a00000, 0x0000000081a00000|100%| O|  |TAMS 0x0000000081900000| PB 0x0000000081900000| Untracked 
|  26|0x0000000081a00000, 0x0000000081b00000, 0x0000000081b00000|100%| O|  |TAMS 0x0000000081a00000| PB 0x0000000081a00000| Untracked 
|  27|0x0000000081b00000, 0x0000000081c00000, 0x0000000081c00000|100%| O|  |TAMS 0x0000000081b00000| PB 0x0000000081b00000| Untracked 
|  28|0x0000000081c00000, 0x0000000081d00000, 0x0000000081d00000|100%| O|  |TAMS 0x0000000081c00000| PB 0x0000000081c00000| Untracked 
|  29|0x0000000081d00000, 0x0000000081e00000, 0x0000000081e00000|100%| O|  |TAMS 0x0000000081d00000| PB 0x0000000081d00000| Untracked 
|  30|0x0000000081e00000, 0x0000000081f00000, 0x0000000081f00000|100%| O|  |TAMS 0x0000000081e00000| PB 0x0000000081e00000| Untracked 
|  31|0x0000000081f00000, 0x0000000082000000, 0x0000000082000000|100%| O|  |TAMS 0x0000000081f00000| PB 0x0000000081f00000| Untracked 
|  32|0x0000000082000000, 0x0000000082100000, 0x0000000082100000|100%| O|  |TAMS 0x0000000082000000| PB 0x0000000082000000| Untracked 
|  33|0x0000000082100000, 0x0000000082200000, 0x0000000082200000|100%| O|  |TAMS 0x0000000082100000| PB 0x0000000082100000| Untracked 
|  34|0x0000000082200000, 0x0000000082300000, 0x0000000082300000|100%| O|  |TAMS 0x0000000082200000| PB 0x0000000082200000| Untracked 
|  35|0x0000000082300000, 0x0000000082316ae8, 0x0000000082400000|  8%| O|  |TAMS 0x0000000082300000| PB 0x0000000082300000| Untracked 
|  36|0x0000000082400000, 0x0000000082500000, 0x0000000082500000|100%| S|CS|TAMS 0x0000000082400000| PB 0x0000000082400000| Complete 
|  37|0x0000000082500000, 0x0000000082600000, 0x0000000082600000|100%| O|  |TAMS 0x0000000082500000| PB 0x0000000082500000| Untracked 
|  38|0x0000000082600000, 0x0000000082700000, 0x0000000082700000|100%| O|  |TAMS 0x0000000082600000| PB 0x0000000082600000| Untracked 
|  39|0x0000000082700000, 0x0000000082800000, 0x0000000082800000|100%| O|  |TAMS 0x0000000082700000| PB 0x0000000082700000| Untracked 
|  40|0x0000000082800000, 0x0000000082900000, 0x0000000082900000|100%| S|CS|TAMS 0x0000000082800000| PB 0x0000000082800000| Complete 
|  41|0x0000000082900000, 0x0000000082a00000, 0x0000000082a00000|100%| S|CS|TAMS 0x0000000082900000| PB 0x0000000082900000| Complete 
|  42|0x0000000082a00000, 0x0000000082b00000, 0x0000000082b00000|100%| S|CS|TAMS 0x0000000082a00000| PB 0x0000000082a00000| Complete 
|  43|0x0000000082b00000, 0x0000000082c00000, 0x0000000082c00000|100%| S|CS|TAMS 0x0000000082b00000| PB 0x0000000082b00000| Complete 
|  44|0x0000000082c00000, 0x0000000082d00000, 0x0000000082d00000|100%| S|CS|TAMS 0x0000000082c00000| PB 0x0000000082c00000| Complete 
|  45|0x0000000082d00000, 0x0000000082e00000, 0x0000000082e00000|100%| S|CS|TAMS 0x0000000082d00000| PB 0x0000000082d00000| Complete 
|  46|0x0000000082e00000, 0x0000000082e00000, 0x0000000082f00000|  0%| F|  |TAMS 0x0000000082e00000| PB 0x0000000082e00000| Untracked 
|  47|0x0000000082f00000, 0x0000000082f00000, 0x0000000083000000|  0%| F|  |TAMS 0x0000000082f00000| PB 0x0000000082f00000| Untracked 
|  48|0x0000000083000000, 0x0000000083000000, 0x0000000083100000|  0%| F|  |TAMS 0x0000000083000000| PB 0x0000000083000000| Untracked 
|  49|0x0000000083100000, 0x0000000083100000, 0x0000000083200000|  0%| F|  |TAMS 0x0000000083100000| PB 0x0000000083100000| Untracked 
|  50|0x0000000083200000, 0x0000000083200000, 0x0000000083300000|  0%| F|  |TAMS 0x0000000083200000| PB 0x0000000083200000| Untracked 
|  51|0x0000000083300000, 0x0000000083300000, 0x0000000083400000|  0%| F|  |TAMS 0x0000000083300000| PB 0x0000000083300000| Untracked 
|  52|0x0000000083400000, 0x0000000083400000, 0x0000000083500000|  0%| F|  |TAMS 0x0000000083400000| PB 0x0000000083400000| Untracked 
|  53|0x0000000083500000, 0x0000000083500000, 0x0000000083600000|  0%| F|  |TAMS 0x0000000083500000| PB 0x0000000083500000| Untracked 
|  54|0x0000000083600000, 0x0000000083600000, 0x0000000083700000|  0%| F|  |TAMS 0x0000000083600000| PB 0x0000000083600000| Untracked 
|  55|0x0000000083700000, 0x0000000083700000, 0x0000000083800000|  0%| F|  |TAMS 0x0000000083700000| PB 0x0000000083700000| Untracked 
|  56|0x0000000083800000, 0x0000000083800000, 0x0000000083900000|  0%| F|  |TAMS 0x0000000083800000| PB 0x0000000083800000| Untracked 
|  57|0x0000000083900000, 0x0000000083900000, 0x0000000083a00000|  0%| F|  |TAMS 0x0000000083900000| PB 0x0000000083900000| Untracked 
|  58|0x0000000083a00000, 0x0000000083a00000, 0x0000000083b00000|  0%| F|  |TAMS 0x0000000083a00000| PB 0x0000000083a00000| Untracked 
|  59|0x0000000083b00000, 0x0000000083b48d38, 0x0000000083c00000| 28%| E|  |TAMS 0x0000000083b00000| PB 0x0000000083b00000| Complete 
|  60|0x0000000083c00000, 0x0000000083d00000, 0x0000000083d00000|100%| E|CS|TAMS 0x0000000083c00000| PB 0x0000000083c00000| Complete 
|  61|0x0000000083d00000, 0x0000000083e00000, 0x0000000083e00000|100%| E|CS|TAMS 0x0000000083d00000| PB 0x0000000083d00000| Complete 
|  62|0x0000000083e00000, 0x0000000083f00000, 0x0000000083f00000|100%| E|CS|TAMS 0x0000000083e00000| PB 0x0000000083e00000| Complete 
|  63|0x0000000083f00000, 0x0000000084000000, 0x0000000084000000|100%| E|CS|TAMS 0x0000000083f00000| PB 0x0000000083f00000| Complete 
|  64|0x0000000084000000, 0x0000000084100000, 0x0000000084100000|100%| E|CS|TAMS 0x0000000084000000| PB 0x0000000084000000| Complete 
|  65|0x0000000084100000, 0x0000000084200000, 0x0000000084200000|100%| E|CS|TAMS 0x0000000084100000| PB 0x0000000084100000| Complete 
|  66|0x0000000084200000, 0x0000000084300000, 0x0000000084300000|100%| E|CS|TAMS 0x0000000084200000| PB 0x0000000084200000| Complete 
|  67|0x0000000084300000, 0x0000000084400000, 0x0000000084400000|100%| E|CS|TAMS 0x0000000084300000| PB 0x0000000084300000| Complete 
|  68|0x0000000084400000, 0x0000000084500000, 0x0000000084500000|100%| E|CS|TAMS 0x0000000084400000| PB 0x0000000084400000| Complete 
|  69|0x0000000084500000, 0x0000000084600000, 0x0000000084600000|100%| E|CS|TAMS 0x0000000084500000| PB 0x0000000084500000| Complete 
|  70|0x0000000084600000, 0x0000000084700000, 0x0000000084700000|100%| E|CS|TAMS 0x0000000084600000| PB 0x0000000084600000| Complete 
|  71|0x0000000084700000, 0x0000000084800000, 0x0000000084800000|100%| E|CS|TAMS 0x0000000084700000| PB 0x0000000084700000| Complete 
|  72|0x0000000084800000, 0x0000000084900000, 0x0000000084900000|100%| E|CS|TAMS 0x0000000084800000| PB 0x0000000084800000| Complete 
|  73|0x0000000084900000, 0x0000000084a00000, 0x0000000084a00000|100%| E|CS|TAMS 0x0000000084900000| PB 0x0000000084900000| Complete 
|  74|0x0000000084a00000, 0x0000000084b00000, 0x0000000084b00000|100%| E|CS|TAMS 0x0000000084a00000| PB 0x0000000084a00000| Complete 
|  75|0x0000000084b00000, 0x0000000084c00000, 0x0000000084c00000|100%| E|CS|TAMS 0x0000000084b00000| PB 0x0000000084b00000| Complete 
|  76|0x0000000084c00000, 0x0000000084d00000, 0x0000000084d00000|100%| E|CS|TAMS 0x0000000084c00000| PB 0x0000000084c00000| Complete 
|  77|0x0000000084d00000, 0x0000000084e00000, 0x0000000084e00000|100%| E|CS|TAMS 0x0000000084d00000| PB 0x0000000084d00000| Complete 
|  78|0x0000000084e00000, 0x0000000084f00000, 0x0000000084f00000|100%| E|CS|TAMS 0x0000000084e00000| PB 0x0000000084e00000| Complete 
|  79|0x0000000084f00000, 0x0000000085000000, 0x0000000085000000|100%| E|CS|TAMS 0x0000000084f00000| PB 0x0000000084f00000| Complete 
|  80|0x0000000085000000, 0x0000000085100000, 0x0000000085100000|100%| E|CS|TAMS 0x0000000085000000| PB 0x0000000085000000| Complete 
|  81|0x0000000085100000, 0x0000000085200000, 0x0000000085200000|100%| E|CS|TAMS 0x0000000085100000| PB 0x0000000085100000| Complete 
|  82|0x0000000085200000, 0x0000000085300000, 0x0000000085300000|100%| E|CS|TAMS 0x0000000085200000| PB 0x0000000085200000| Complete 
|  83|0x0000000085300000, 0x0000000085400000, 0x0000000085400000|100%| E|CS|TAMS 0x0000000085300000| PB 0x0000000085300000| Complete 
|  84|0x0000000085400000, 0x0000000085500000, 0x0000000085500000|100%| E|CS|TAMS 0x0000000085400000| PB 0x0000000085400000| Complete 
| 120|0x0000000087800000, 0x0000000087900000, 0x0000000087900000|100%| E|CS|TAMS 0x0000000087800000| PB 0x0000000087800000| Complete 
| 121|0x0000000087900000, 0x0000000087a00000, 0x0000000087a00000|100%| E|CS|TAMS 0x0000000087900000| PB 0x0000000087900000| Complete 
| 122|0x0000000087a00000, 0x0000000087b00000, 0x0000000087b00000|100%| E|CS|TAMS 0x0000000087a00000| PB 0x0000000087a00000| Complete 
| 123|0x0000000087b00000, 0x0000000087c00000, 0x0000000087c00000|100%| E|CS|TAMS 0x0000000087b00000| PB 0x0000000087b00000| Complete 
| 124|0x0000000087c00000, 0x0000000087d00000, 0x0000000087d00000|100%| E|CS|TAMS 0x0000000087c00000| PB 0x0000000087c00000| Complete 
| 125|0x0000000087d00000, 0x0000000087e00000, 0x0000000087e00000|100%| E|CS|TAMS 0x0000000087d00000| PB 0x0000000087d00000| Complete 
| 126|0x0000000087e00000, 0x0000000087f00000, 0x0000000087f00000|100%| E|CS|TAMS 0x0000000087e00000| PB 0x0000000087e00000| Complete 
| 127|0x0000000087f00000, 0x0000000088000000, 0x0000000088000000|100%| E|CS|TAMS 0x0000000087f00000| PB 0x0000000087f00000| Complete 
| 128|0x0000000088000000, 0x0000000088100000, 0x0000000088100000|100%| E|CS|TAMS 0x0000000088000000| PB 0x0000000088000000| Complete 
| 129|0x0000000088100000, 0x0000000088200000, 0x0000000088200000|100%| E|CS|TAMS 0x0000000088100000| PB 0x0000000088100000| Complete 
| 130|0x0000000088200000, 0x0000000088300000, 0x0000000088300000|100%| E|  |TAMS 0x0000000088200000| PB 0x0000000088200000| Complete 
| 131|0x0000000088300000, 0x0000000088400000, 0x0000000088400000|100%| E|CS|TAMS 0x0000000088300000| PB 0x0000000088300000| Complete 
| 220|0x000000008dc00000, 0x000000008dd00000, 0x000000008dd00000|100%| E|CS|TAMS 0x000000008dc00000| PB 0x000000008dc00000| Complete 
| 221|0x000000008dd00000, 0x000000008de00000, 0x000000008de00000|100%| E|CS|TAMS 0x000000008dd00000| PB 0x000000008dd00000| Complete 
|2040|0x00000000ff800000, 0x00000000ff900000, 0x00000000ff900000|100%| O|Cm|TAMS 0x00000000ff800000| PB 0x00000000ff800000| Complete 
|2041|0x00000000ff900000, 0x00000000ffa00000, 0x00000000ffa00000|100%| O|Cm|TAMS 0x00000000ff900000| PB 0x00000000ff900000| Complete 
|2042|0x00000000ffa00000, 0x00000000ffb00000, 0x00000000ffb00000|100%| O|  |TAMS 0x00000000ffa00000| PB 0x00000000ffa00000| Untracked 
|2043|0x00000000ffb00000, 0x00000000ffc00000, 0x00000000ffc00000|100%| O|  |TAMS 0x00000000ffb00000| PB 0x00000000ffb00000| Untracked 
|2044|0x00000000ffc00000, 0x00000000ffd00000, 0x00000000ffd00000|100%| O|  |TAMS 0x00000000ffc00000| PB 0x00000000ffc00000| Untracked 
|2045|0x00000000ffd00000, 0x00000000ffe00000, 0x00000000ffe00000|100%| O|  |TAMS 0x00000000ffd00000| PB 0x00000000ffd00000| Untracked 
|2046|0x00000000ffe00000, 0x00000000fff00000, 0x00000000fff00000|100%| O|  |TAMS 0x00000000ffe00000| PB 0x00000000ffe00000| Untracked 
|2047|0x00000000fff00000, 0x0000000100000000, 0x0000000100000000|100%| O|  |TAMS 0x00000000fff00000| PB 0x00000000fff00000| Untracked 

Card table byte_map: [0x0000027f4b990000,0x0000027f4bd90000] _byte_map_base: 0x0000027f4b590000

Marking Bits: (CMBitMap*) 0x0000027f31ba4c60
 Bits: [0x0000027f4bd90000, 0x0000027f4dd90000)

Polling page: 0x0000027f31c10000

Metaspace:

Usage:
  Non-class:     51.02 MB used.
      Class:      8.23 MB used.
       Both:     59.24 MB used.

Virtual space:
  Non-class space:       64.00 MB reserved,      51.94 MB ( 81%) committed,  1 nodes.
      Class space:        1.00 GB reserved,       9.19 MB ( <1%) committed,  1 nodes.
             Both:        1.06 GB reserved,      61.12 MB (  6%) committed. 

Chunk freelists:
   Non-Class:  12.00 MB
       Class:  6.86 MB
        Both:  18.86 MB

MaxMetaspaceSize: unlimited
CompressedClassSpaceSize: 1.00 GB
Initial GC threshold: 21.00 MB
Current GC threshold: 99.06 MB
CDS: on
 - commit_granule_bytes: 65536.
 - commit_granule_words: 8192.
 - virtual_space_node_default_size: 8388608.
 - enlarge_chunks_in_place: 1.
 - use_allocation_guard: 0.


Internal statistics:

num_allocs_failed_limit: 12.
num_arena_births: 3344.
num_arena_deaths: 0.
num_vsnodes_births: 2.
num_vsnodes_deaths: 0.
num_space_committed: 978.
num_space_uncommitted: 0.
num_chunks_returned_to_freelist: 12.
num_chunks_taken_from_freelist: 6229.
num_chunk_merges: 12.
num_chunk_splits: 4007.
num_chunks_enlarged: 2391.
num_inconsistent_stats: 0.

CodeHeap 'non-profiled nmethods': size=119168Kb used=4123Kb max_used=4123Kb free=115044Kb
 bounds [0x0000027f43160000, 0x0000027f43570000, 0x0000027f4a5c0000]
CodeHeap 'profiled nmethods': size=119104Kb used=16060Kb max_used=16060Kb free=103043Kb
 bounds [0x0000027f3b5c0000, 0x0000027f3c570000, 0x0000027f42a10000]
CodeHeap 'non-nmethods': size=7488Kb used=4471Kb max_used=4511Kb free=3016Kb
 bounds [0x0000027f42a10000, 0x0000027f42e80000, 0x0000027f43160000]
 total_blobs=9190 nmethods=8286 adapters=805
 compilation: enabled
              stopped_count=0, restarted_count=0
 full_count=0

Compilation events (20 events):
Event: 14.306 Thread 0x0000027f9614e260 8967       3       java.util.stream.Stream::empty (8 bytes)
Event: 14.306 Thread 0x0000027f96039d50 nmethod 8965 0x0000027f3c528a10 code [0x0000027f3c528c20, 0x0000027f3c5293c8]
Event: 14.306 Thread 0x0000027f9614e260 nmethod 8967 0x0000027f3c529610 code [0x0000027f3c5297c0, 0x0000027f3c529948]
Event: 14.307 Thread 0x0000027f965ef860 nmethod 8942 0x0000027f3c529a10 code [0x0000027f3c529c40, 0x0000027f3c52a598]
Event: 14.307 Thread 0x0000027f965eff30 nmethod 8951 0x0000027f3c52a990 code [0x0000027f3c52ae60, 0x0000027f3c52d600]
Event: 14.309 Thread 0x0000027f965eff30 8971       3       java.nio.HeapByteBuffer::compact (85 bytes)
Event: 14.309 Thread 0x0000027f96039d50 8972       3       java.io.BufferedReader::<init> (9 bytes)
Event: 14.309 Thread 0x0000027f965ef860 8973       3       java.io.BufferedReader::<init> (62 bytes)
Event: 14.310 Thread 0x0000027f9614e260 8974       3       java.io.InputStreamReader::lockFor (24 bytes)
Event: 14.310 Thread 0x0000027f96039d50 nmethod 8972 0x0000027f3c52ea90 code [0x0000027f3c52ec40, 0x0000027f3c52ed80]
Event: 14.310 Thread 0x0000027f965ef860 nmethod 8973 0x0000027f3c52ee10 code [0x0000027f3c52efe0, 0x0000027f3c52f3c8]
Event: 14.311 Thread 0x0000027f965eff30 nmethod 8971 0x0000027f3c52f510 code [0x0000027f3c52f720, 0x0000027f3c52fd20]
Event: 14.311 Thread 0x0000027f96039d50 8975       3       java.nio.charset.CharsetDecoder::implReplaceWith (1 bytes)
Event: 14.311 Thread 0x0000027f965ef860 8976       3       sun.nio.cs.StreamDecoder::<init> (52 bytes)
Event: 14.311 Thread 0x0000027f9614e260 nmethod 8974 0x0000027f3c52ff10 code [0x0000027f3c530120, 0x0000027f3c530910]
Event: 14.311 Thread 0x0000027f96039d50 nmethod 8975 0x0000027f3c530b90 code [0x0000027f3c530d20, 0x0000027f3c530e28]
Event: 14.312 Thread 0x0000027f965ef860 nmethod 8976 0x0000027f3c530e90 code [0x0000027f3c5310a0, 0x0000027f3c5316d0]
Event: 14.315 Thread 0x0000027f9614e260 8977       3       org.gradle.internal.fingerprint.impl.AbstractFileCollectionFingerprinter::fingerprint (10 bytes)
Event: 14.315 Thread 0x0000027f96039d50 8978       3       org.gradle.internal.fingerprint.impl.DefaultCurrentFileCollectionFingerprint::from (96 bytes)
Event: 14.318 Thread 0x0000027f965eff30 8979   !   3       org.gradle.internal.Deferrable$3::completeAndGet (46 bytes)

GC Heap History (20 events):
Event: 3.092 GC heap before
{Heap before GC invocations=3 (full 0):
 garbage-first heap   total 227328K, used 102888K [0x0000000080000000, 0x0000000100000000)
  region size 1024K, 90 young (92160K), 6 survivors (6144K)
 Metaspace       used 20858K, committed 21504K, reserved 1114112K
  class space    used 2960K, committed 3264K, reserved 1048576K
}
Event: 3.101 GC heap after
{Heap after GC invocations=4 (full 0):
 garbage-first heap   total 227328K, used 24024K [0x0000000080000000, 0x0000000100000000)
  region size 1024K, 12 young (12288K), 12 survivors (12288K)
 Metaspace       used 20858K, committed 21504K, reserved 1114112K
  class space    used 2960K, committed 3264K, reserved 1048576K
}
Event: 4.316 GC heap before
{Heap before GC invocations=5 (full 0):
 garbage-first heap   total 89088K, used 87512K [0x0000000080000000, 0x0000000100000000)
  region size 1024K, 75 young (76800K), 12 survivors (12288K)
 Metaspace       used 29196K, committed 30208K, reserved 1114112K
  class space    used 4227K, committed 4736K, reserved 1048576K
}
Event: 4.325 GC heap after
{Heap after GC invocations=6 (full 0):
 garbage-first heap   total 107520K, used 29595K [0x0000000080000000, 0x0000000100000000)
  region size 1024K, 12 young (12288K), 12 survivors (12288K)
 Metaspace       used 29196K, committed 30208K, reserved 1114112K
  class space    used 4227K, committed 4736K, reserved 1048576K
}
Event: 4.937 GC heap before
{Heap before GC invocations=6 (full 0):
 garbage-first heap   total 107520K, used 57243K [0x0000000080000000, 0x0000000100000000)
  region size 1024K, 41 young (41984K), 12 survivors (12288K)
 Metaspace       used 34956K, committed 35968K, reserved 1114112K
  class space    used 4882K, committed 5376K, reserved 1048576K
}
Event: 4.945 GC heap after
{Heap after GC invocations=7 (full 0):
 garbage-first heap   total 107520K, used 32241K [0x0000000080000000, 0x0000000100000000)
  region size 1024K, 4 young (4096K), 4 survivors (4096K)
 Metaspace       used 34956K, committed 35968K, reserved 1114112K
  class space    used 4882K, committed 5376K, reserved 1048576K
}
Event: 4.966 GC heap before
{Heap before GC invocations=7 (full 0):
 garbage-first heap   total 107520K, used 32241K [0x0000000080000000, 0x0000000100000000)
  region size 1024K, 5 young (5120K), 4 survivors (4096K)
 Metaspace       used 35229K, committed 36288K, reserved 1114112K
  class space    used 4911K, committed 5504K, reserved 1048576K
}
Event: 4.969 GC heap after
{Heap after GC invocations=8 (full 0):
 garbage-first heap   total 107520K, used 31784K [0x0000000080000000, 0x0000000100000000)
  region size 1024K, 4 young (4096K), 4 survivors (4096K)
 Metaspace       used 35229K, committed 36288K, reserved 1114112K
  class space    used 4911K, committed 5504K, reserved 1048576K
}
Event: 6.024 GC heap before
{Heap before GC invocations=9 (full 0):
 garbage-first heap   total 107520K, used 97320K [0x0000000080000000, 0x0000000100000000)
  region size 1024K, 62 young (63488K), 4 survivors (4096K)
 Metaspace       used 40410K, committed 41664K, reserved 1114112K
  class space    used 5442K, committed 6080K, reserved 1048576K
}
Event: 6.029 GC heap after
{Heap after GC invocations=10 (full 0):
 garbage-first heap   total 109568K, used 39384K [0x0000000080000000, 0x0000000100000000)
  region size 1024K, 8 young (8192K), 8 survivors (8192K)
 Metaspace       used 40410K, committed 41664K, reserved 1114112K
  class space    used 5442K, committed 6080K, reserved 1048576K
}
Event: 6.518 GC heap before
{Heap before GC invocations=10 (full 0):
 garbage-first heap   total 109568K, used 92632K [0x0000000080000000, 0x0000000100000000)
  region size 1024K, 60 young (61440K), 8 survivors (8192K)
 Metaspace       used 43616K, committed 45120K, reserved 1114112K
  class space    used 5950K, committed 6720K, reserved 1048576K
}
Event: 6.523 GC heap after
{Heap after GC invocations=11 (full 0):
 garbage-first heap   total 109568K, used 41358K [0x0000000080000000, 0x0000000100000000)
  region size 1024K, 3 young (3072K), 3 survivors (3072K)
 Metaspace       used 43616K, committed 45120K, reserved 1114112K
  class space    used 5950K, committed 6720K, reserved 1048576K
}
Event: 8.547 GC heap before
{Heap before GC invocations=11 (full 0):
 garbage-first heap   total 109568K, used 94606K [0x0000000080000000, 0x0000000100000000)
  region size 1024K, 55 young (56320K), 3 survivors (3072K)
 Metaspace       used 50324K, committed 52096K, reserved 1114112K
  class space    used 6957K, committed 7808K, reserved 1048576K
}
Event: 8.550 GC heap after
{Heap after GC invocations=12 (full 0):
 garbage-first heap   total 109568K, used 42960K [0x0000000080000000, 0x0000000100000000)
  region size 1024K, 5 young (5120K), 5 survivors (5120K)
 Metaspace       used 50324K, committed 52096K, reserved 1114112K
  class space    used 6957K, committed 7808K, reserved 1048576K
}
Event: 11.616 GC heap before
{Heap before GC invocations=12 (full 0):
 garbage-first heap   total 109568K, used 95184K [0x0000000080000000, 0x0000000100000000)
  region size 1024K, 57 young (58368K), 5 survivors (5120K)
 Metaspace       used 56261K, committed 58176K, reserved 1114112K
  class space    used 7833K, committed 8768K, reserved 1048576K
}
Event: 11.621 GC heap after
{Heap after GC invocations=13 (full 0):
 garbage-first heap   total 109568K, used 46706K [0x0000000080000000, 0x0000000100000000)
  region size 1024K, 6 young (6144K), 6 survivors (6144K)
 Metaspace       used 56261K, committed 58176K, reserved 1114112K
  class space    used 7833K, committed 8768K, reserved 1048576K
}
Event: 12.159 GC heap before
{Heap before GC invocations=13 (full 0):
 garbage-first heap   total 109568K, used 74354K [0x0000000080000000, 0x0000000100000000)
  region size 1024K, 34 young (34816K), 6 survivors (6144K)
 Metaspace       used 58844K, committed 60736K, reserved 1114112K
  class space    used 8233K, committed 9216K, reserved 1048576K
}
Event: 12.163 GC heap after
{Heap after GC invocations=14 (full 0):
 garbage-first heap   total 109568K, used 48420K [0x0000000080000000, 0x0000000100000000)
  region size 1024K, 6 young (6144K), 6 survivors (6144K)
 Metaspace       used 58844K, committed 60736K, reserved 1114112K
  class space    used 8233K, committed 9216K, reserved 1048576K
}
Event: 12.956 GC heap before
{Heap before GC invocations=15 (full 0):
 garbage-first heap   total 109568K, used 95524K [0x0000000080000000, 0x0000000100000000)
  region size 1024K, 53 young (54272K), 6 survivors (6144K)
 Metaspace       used 60291K, committed 62208K, reserved 1114112K
  class space    used 8398K, committed 9344K, reserved 1048576K
}
Event: 12.964 GC heap after
{Heap after GC invocations=16 (full 0):
 garbage-first heap   total 109568K, used 54362K [0x0000000080000000, 0x0000000100000000)
  region size 1024K, 7 young (7168K), 7 survivors (7168K)
 Metaspace       used 60291K, committed 62208K, reserved 1114112K
  class space    used 8398K, committed 9344K, reserved 1048576K
}

Dll operation events (15 events):
Event: 0.014 Loaded shared library C:\Program Files\Java\jdk-21\bin\java.dll
Event: 0.054 Loaded shared library C:\Program Files\Java\jdk-21\bin\jsvml.dll
Event: 0.103 Loaded shared library C:\Program Files\Java\jdk-21\bin\zip.dll
Event: 0.109 Loaded shared library C:\Program Files\Java\jdk-21\bin\instrument.dll
Event: 0.115 Loaded shared library C:\Program Files\Java\jdk-21\bin\net.dll
Event: 0.117 Loaded shared library C:\Program Files\Java\jdk-21\bin\nio.dll
Event: 0.120 Loaded shared library C:\Program Files\Java\jdk-21\bin\zip.dll
Event: 0.396 Loaded shared library C:\Program Files\Java\jdk-21\bin\jimage.dll
Event: 0.573 Loaded shared library C:\Program Files\Java\jdk-21\bin\verify.dll
Event: 0.677 Loaded shared library C:\Users\lenovo\.gradle\native\1def1411415f61bf3af743bc5b6707747c0891f09f0c88961ee8f79bc544acac\windows-amd64\native-platform.dll
Event: 0.687 Loaded shared library C:\Users\lenovo\.gradle\native\0.2.7\x86_64-windows-gnu\gradle-fileevents.dll
Event: 1.637 Loaded shared library C:\Program Files\Java\jdk-21\bin\management.dll
Event: 1.639 Loaded shared library C:\Program Files\Java\jdk-21\bin\management_ext.dll
Event: 1.750 Loaded shared library C:\Program Files\Java\jdk-21\bin\extnet.dll
Event: 1.911 Loaded shared library C:\Program Files\Java\jdk-21\bin\sunmscapi.dll

Deoptimization events (20 events):
Event: 14.150 Thread 0x0000027f97ac11d0 Uncommon trap: trap_request=0xffffff45 fr.pc=0x0000027f432de59c relative=0x0000000000000f3c
Event: 14.150 Thread 0x0000027f97ac11d0 Uncommon trap: reason=unstable_if action=reinterpret pc=0x0000027f432de59c method=java.util.concurrent.ConcurrentHashMap.computeIfAbsent(Ljava/lang/Object;Ljava/util/function/Function;)Ljava/lang/Object; @ 279 c2
Event: 14.151 Thread 0x0000027f97ac11d0 DEOPT PACKING pc=0x0000027f432de59c sp=0x000000cfa51fdf60
Event: 14.151 Thread 0x0000027f97ac11d0 DEOPT UNPACKING pc=0x0000027f42a646a2 sp=0x000000cfa51fded8 mode 2
Event: 14.176 Thread 0x0000027f9829be60 Uncommon trap: trap_request=0xffffffde fr.pc=0x0000027f432f8a2c relative=0x000000000000082c
Event: 14.176 Thread 0x0000027f9829be60 Uncommon trap: reason=class_check action=maybe_recompile pc=0x0000027f432f8a2c method=com.google.common.collect.AbstractIterator.tryToComputeNext()Z @ 9 c2
Event: 14.176 Thread 0x0000027f9829be60 DEOPT PACKING pc=0x0000027f432f8a2c sp=0x000000cfa15f6020
Event: 14.176 Thread 0x0000027f9829be60 DEOPT UNPACKING pc=0x0000027f42a646a2 sp=0x000000cfa15f5f98 mode 2
Event: 14.176 Thread 0x0000027f9829be60 Uncommon trap: trap_request=0xffffffde fr.pc=0x0000027f432f8a2c relative=0x000000000000082c
Event: 14.176 Thread 0x0000027f9829be60 Uncommon trap: reason=class_check action=maybe_recompile pc=0x0000027f432f8a2c method=com.google.common.collect.AbstractIterator.tryToComputeNext()Z @ 9 c2
Event: 14.176 Thread 0x0000027f9829be60 DEOPT PACKING pc=0x0000027f432f8a2c sp=0x000000cfa15f6020
Event: 14.176 Thread 0x0000027f9829be60 DEOPT UNPACKING pc=0x0000027f42a646a2 sp=0x000000cfa15f5f98 mode 2
Event: 14.176 Thread 0x0000027f9829be60 Uncommon trap: trap_request=0xffffffde fr.pc=0x0000027f432f8a2c relative=0x000000000000082c
Event: 14.176 Thread 0x0000027f9829be60 Uncommon trap: reason=class_check action=maybe_recompile pc=0x0000027f432f8a2c method=com.google.common.collect.AbstractIterator.tryToComputeNext()Z @ 9 c2
Event: 14.176 Thread 0x0000027f9829be60 DEOPT PACKING pc=0x0000027f432f8a2c sp=0x000000cfa15f5f50
Event: 14.176 Thread 0x0000027f9829be60 DEOPT UNPACKING pc=0x0000027f42a646a2 sp=0x000000cfa15f5ec8 mode 2
Event: 14.176 Thread 0x0000027f9829be60 Uncommon trap: trap_request=0xffffffde fr.pc=0x0000027f432f8a2c relative=0x000000000000082c
Event: 14.176 Thread 0x0000027f9829be60 Uncommon trap: reason=class_check action=maybe_recompile pc=0x0000027f432f8a2c method=com.google.common.collect.AbstractIterator.tryToComputeNext()Z @ 9 c2
Event: 14.176 Thread 0x0000027f9829be60 DEOPT PACKING pc=0x0000027f432f8a2c sp=0x000000cfa15f5f50
Event: 14.176 Thread 0x0000027f9829be60 DEOPT UNPACKING pc=0x0000027f42a646a2 sp=0x000000cfa15f5ec8 mode 2

Classes loaded (20 events):
Event: 11.727 Loading class java/io/FileBeanInfo
Event: 11.727 Loading class java/io/FileBeanInfo done
Event: 11.727 Loading class java/io/FileCustomizer
Event: 11.727 Loading class java/io/FileCustomizer done
Event: 11.727 Loading class java/io/FileCustomizer
Event: 11.727 Loading class java/io/FileCustomizer done
Event: 11.913 Loading class java/util/concurrent/LinkedBlockingDeque$Itr
Event: 11.914 Loading class java/util/concurrent/LinkedBlockingDeque$AbstractItr
Event: 11.914 Loading class java/util/concurrent/LinkedBlockingDeque$AbstractItr done
Event: 11.914 Loading class java/util/concurrent/LinkedBlockingDeque$Itr done
Event: 12.005 Loading class sun/reflect/ReflectionFactory
Event: 12.005 Loading class sun/reflect/ReflectionFactory done
Event: 12.005 Loading class sun/reflect/ReflectionFactory$1
Event: 12.005 Loading class sun/reflect/ReflectionFactory$1 done
Event: 12.452 Loading class java/util/Collections$ReverseComparator
Event: 12.452 Loading class java/util/Collections$ReverseComparator done
Event: 12.452 Loading class java/util/Collections$ReverseComparator2
Event: 12.452 Loading class java/util/Collections$ReverseComparator2 done
Event: 12.552 Loading class java/util/LinkedList$LLSpliterator
Event: 12.552 Loading class java/util/LinkedList$LLSpliterator done

Classes unloaded (0 events):
No events

Classes redefined (0 events):
No events

Internal exceptions (20 events):
Event: 11.555 Thread 0x0000027f9829be60 Exception <a 'java/lang/NoSuchMethodError'{0x0000000083278178}: 'java.lang.Object java.lang.invoke.DelegatingMethodHandle$Holder.reinvoke_L(java.lang.Object, java.lang.Object, java.lang.Object, java.lang.Object, java.lang.Object, java.lang.Object, java.lang.Object, java.lang.Object, java.lang.Object, java.lang.Object, java.lang.Object, java.lang.Object, java.lang.Object, java.lang.Object, java.lang.Object, java.lang.Object, java.lang.Object)'> (0x0000000083278178) 
thrown [s\open\src\hotspot\share\interpre
Event: 11.591 Thread 0x0000027f9829be60 Exception <a 'java/lang/NoSuchMethodError'{0x00000000830a9ba0}: 'long java.lang.invoke.DirectMethodHandle$Holder.invokeStatic(java.lang.Object, long)'> (0x00000000830a9ba0) 
thrown [s\open\src\hotspot\share\interpreter\linkResolver.cpp, line 773]
Event: 11.722 Thread 0x0000027f9829be60 Exception <a 'java/lang/ClassNotFoundException'{0x00000000880e1d98}: java/lang/StringBeanInfo> (0x00000000880e1d98) 
thrown [s\open\src\hotspot\share\classfile\systemDictionary.cpp, line 312]
Event: 11.723 Thread 0x0000027f9829be60 Exception <a 'java/lang/ClassNotFoundException'{0x00000000880ec480}: java/lang/StringCustomizer> (0x00000000880ec480) 
thrown [s\open\src\hotspot\share\classfile\systemDictionary.cpp, line 312]
Event: 11.727 Thread 0x0000027f9829be60 Exception <a 'java/lang/ClassNotFoundException'{0x0000000087f47fd8}: java/io/FileBeanInfo> (0x0000000087f47fd8) 
thrown [s\open\src\hotspot\share\classfile\systemDictionary.cpp, line 312]
Event: 11.727 Thread 0x0000027f9829be60 Exception <a 'java/lang/ClassNotFoundException'{0x0000000087f525e8}: java/io/FileCustomizer> (0x0000000087f525e8) 
thrown [s\open\src\hotspot\share\classfile\systemDictionary.cpp, line 312]
Event: 11.752 Thread 0x0000027f9829d8a0 Exception <a 'java/lang/NoSuchMethodError'{0x0000000087e95d88}: static Lorg/gradle/internal/build/event/types/DefaultProjectConfigurationDescriptor;.<clinit>()V> (0x0000000087e95d88) 
thrown [s\open\src\hotspot\share\prims\jni.cpp, line 1111]
Event: 11.988 Thread 0x0000027f9829be60 Exception <a 'java/lang/NoSuchMethodError'{0x000000008505ebe8}: static Lorg/gradle/api/internal/catalog/DefaultVersionCatalog;.<clinit>()V> (0x000000008505ebe8) 
thrown [s\open\src\hotspot\share\prims\jni.cpp, line 1111]
Event: 11.991 Thread 0x0000027f9829be60 Exception <a 'java/lang/NoSuchMethodError'{0x00000000850990b8}: static [Ljava/lang/Object;.<clinit>()V> (0x00000000850990b8) 
thrown [s\open\src\hotspot\share\prims\jni.cpp, line 1111]
Event: 11.992 Thread 0x0000027f9829be60 Exception <a 'java/lang/NoSuchMethodError'{0x00000000850c1fb0}: static Lorg/gradle/api/internal/catalog/DependencyModel;.<clinit>()V> (0x00000000850c1fb0) 
thrown [s\open\src\hotspot\share\prims\jni.cpp, line 1111]
Event: 11.993 Thread 0x0000027f9829be60 Exception <a 'java/lang/NoSuchMethodError'{0x00000000850c6088}: static Lorg/gradle/api/internal/catalog/AbstractContextAwareModel;.<clinit>()V> (0x00000000850c6088) 
thrown [s\open\src\hotspot\share\prims\jni.cpp, line 1111]
Event: 11.994 Thread 0x0000027f9829be60 Exception <a 'java/lang/NoSuchMethodError'{0x00000000850dfcf8}: static Lorg/gradle/api/internal/artifacts/dependencies/AbstractVersionConstraint;.<clinit>()V> (0x00000000850dfcf8) 
thrown [s\open\src\hotspot\share\prims\jni.cpp, line 1111]
Event: 11.997 Thread 0x0000027f9829be60 Exception <a 'java/lang/NoSuchMethodError'{0x0000000084f341b8}: static Lorg/gradle/api/internal/catalog/PluginModel;.<clinit>()V> (0x0000000084f341b8) 
thrown [s\open\src\hotspot\share\prims\jni.cpp, line 1111]
Event: 11.997 Thread 0x0000027f9829be60 Exception <a 'java/lang/NoSuchMethodError'{0x0000000084f4b860}: static Lorg/gradle/api/internal/catalog/VersionModel;.<clinit>()V> (0x0000000084f4b860) 
thrown [s\open\src\hotspot\share\prims\jni.cpp, line 1111]
Event: 12.094 Thread 0x0000027f9829be60 Exception <a 'java/lang/NoSuchMethodError'{0x0000000084b913b8}: 'int java.lang.invoke.DirectMethodHandle$Holder.invokeSpecialIFC(java.lang.Object, java.lang.Object, java.lang.Object)'> (0x0000000084b913b8) 
thrown [s\open\src\hotspot\share\interpreter\linkResolver.cpp, line 773]
Event: 12.157 Thread 0x0000027f9829be60 Exception <a 'java/lang/NoSuchMethodError'{0x000000008472fb80}: 'void java.lang.invoke.DirectMethodHandle$Holder.invokeStatic(java.lang.Object, java.lang.Object, java.lang.Object, int, java.lang.Object)'> (0x000000008472fb80) 
thrown [s\open\src\hotspot\share\interpreter\linkResolver.cpp, line 773]
Event: 12.553 Thread 0x0000027f9829be60 Exception <a 'java/lang/IncompatibleClassChangeError'{0x000000008543a148}: Found class java.lang.Object, but interface was expected> (0x000000008543a148) 
thrown [s\open\src\hotspot\share\interpreter\linkResolver.cpp, line 840]
Event: 12.698 Thread 0x0000027f9829be60 Exception <a 'java/lang/NoSuchMethodError'{0x0000000084cf9280}: 'java.lang.Object java.lang.invoke.DirectMethodHandle$Holder.newInvokeSpecial(java.lang.Object, java.lang.Object, java.lang.Object, java.lang.Object, int, java.lang.Object)'> (0x0000000084cf9280) 
thrown [s\open\src\hotspot\share\interpreter\linkResolver.cpp, line 773]
Event: 12.698 Thread 0x0000027f9829be60 Exception <a 'java/lang/NoSuchMethodError'{0x0000000084b04cb0}: 'java.lang.Object java.lang.invoke.Invokers$Holder.linkToTargetMethod(java.lang.Object, java.lang.Object, java.lang.Object, int, java.lang.Object, java.lang.Object)'> (0x0000000084b04cb0) 
thrown [s\open\src\hotspot\share\interpreter\linkResolver.cpp, line 773]
Event: 14.236 Thread 0x0000027f9829be60 Exception <a 'java/lang/NoSuchMethodError'{0x0000000084c7d250}: 'java.lang.Object java.lang.invoke.DirectMethodHandle$Holder.invokeSpecialIFC(java.lang.Object, java.lang.Object, java.lang.Object)'> (0x0000000084c7d250) 
thrown [s\open\src\hotspot\share\interpreter\linkResolver.cpp, line 773]

ZGC Phase Switch (0 events):
No events

VM Operations (20 events):
Event: 12.200 Executing VM operation: G1PauseCleanup
Event: 12.200 Executing VM operation: G1PauseCleanup done
Event: 12.369 Executing VM operation: ICBufferFull
Event: 12.369 Executing VM operation: ICBufferFull done
Event: 12.486 Executing VM operation: HandshakeAllThreads (Deoptimize)
Event: 12.487 Executing VM operation: HandshakeAllThreads (Deoptimize) done
Event: 12.571 Executing VM operation: ICBufferFull
Event: 12.572 Executing VM operation: ICBufferFull done
Event: 12.740 Executing VM operation: ICBufferFull
Event: 12.740 Executing VM operation: ICBufferFull done
Event: 12.943 Executing VM operation: ICBufferFull
Event: 12.944 Executing VM operation: ICBufferFull done
Event: 12.956 Executing VM operation: G1CollectForAllocation (G1 Evacuation Pause)
Event: 12.965 Executing VM operation: G1CollectForAllocation (G1 Evacuation Pause) done
Event: 13.974 Executing VM operation: Cleanup
Event: 14.004 Executing VM operation: Cleanup done
Event: 14.168 Executing VM operation: HandshakeAllThreads (Deoptimize)
Event: 14.169 Executing VM operation: HandshakeAllThreads (Deoptimize) done
Event: 15.171 Executing VM operation: Cleanup
Event: 15.171 Executing VM operation: Cleanup done

Events (20 events):
Event: 12.785 Thread 0x0000027f97ac4ce0 Thread added: 0x0000027f97ac4ce0
Event: 12.788 Thread 0x0000027f97ac6090 Thread added: 0x0000027f97ac6090
Event: 12.792 Thread 0x0000027f97ac5370 Thread added: 0x0000027f97ac5370
Event: 12.795 Thread 0x0000027f97ac5a00 Thread added: 0x0000027f97ac5a00
Event: 14.005 Thread 0x0000027f990a1c60 Thread added: 0x0000027f990a1c60
Event: 14.238 Thread 0x0000027f99234610 Thread added: 0x0000027f99234610
Event: 14.242 Thread 0x0000027f9dbf04c0 Thread added: 0x0000027f9dbf04c0
Event: 14.243 Thread 0x0000027f9dbf11e0 Thread added: 0x0000027f9dbf11e0
Event: 14.244 Thread 0x0000027f9dbf3940 Thread added: 0x0000027f9dbf3940
Event: 14.245 Thread 0x0000027f9dbf1f00 Thread added: 0x0000027f9dbf1f00
Event: 14.246 Thread 0x0000027f9dbf32b0 Thread added: 0x0000027f9dbf32b0
Event: 14.247 Thread 0x0000027f9dbf0b50 Thread added: 0x0000027f9dbf0b50
Event: 14.248 Thread 0x0000027f9dbf2590 Thread added: 0x0000027f9dbf2590
Event: 14.249 Thread 0x0000027f9dbf3fd0 Thread added: 0x0000027f9dbf3fd0
Event: 14.249 Thread 0x0000027f9dbf2c20 Thread added: 0x0000027f9dbf2c20
Event: 14.250 Thread 0x0000027f9dbf4660 Thread added: 0x0000027f9dbf4660
Event: 14.251 Thread 0x0000027f9dbf4cf0 Thread added: 0x0000027f9dbf4cf0
Event: 14.252 Thread 0x0000027f9dbf1870 Thread added: 0x0000027f9dbf1870
Event: 14.253 Thread 0x0000027f9dbf7450 Thread added: 0x0000027f9dbf7450
Event: 14.255 Thread 0x0000027f9dbf6dc0 Thread added: 0x0000027f9dbf6dc0


Dynamic libraries:
0x00007ff758080000 - 0x00007ff758090000 	C:\Program Files\Java\jdk-21\bin\java.exe
0x00007fff5e2a0000 - 0x00007fff5e508000 	C:\WINDOWS\SYSTEM32\ntdll.dll
0x00007fff5c2d0000 - 0x00007fff5c399000 	C:\WINDOWS\System32\KERNEL32.DLL
0x00007fff5b710000 - 0x00007fff5bb01000 	C:\WINDOWS\System32\KERNELBASE.dll
0x00007fff5be40000 - 0x00007fff5bf8b000 	C:\WINDOWS\System32\ucrtbase.dll
0x00007fff4e4c0000 - 0x00007fff4e4d9000 	C:\Program Files\Java\jdk-21\bin\jli.dll
0x00007fff4e350000 - 0x00007fff4e36b000 	C:\Program Files\Java\jdk-21\bin\VCRUNTIME140.dll
0x00007fff5d4a0000 - 0x00007fff5d554000 	C:\WINDOWS\System32\ADVAPI32.dll
0x00007fff5d3f0000 - 0x00007fff5d499000 	C:\WINDOWS\System32\msvcrt.dll
0x00007fff5c3b0000 - 0x00007fff5c456000 	C:\WINDOWS\System32\sechost.dll
0x00007fff5dbf0000 - 0x00007fff5dd08000 	C:\WINDOWS\System32\RPCRT4.dll
0x00007fff5da20000 - 0x00007fff5dbe6000 	C:\WINDOWS\System32\USER32.dll
0x00007fff5ae70000 - 0x00007fff5ae97000 	C:\WINDOWS\System32\win32u.dll
0x00007fff40870000 - 0x00007fff40b03000 	C:\WINDOWS\WinSxS\amd64_microsoft.windows.common-controls_6595b64144ccf1df_6.0.26100.7824_none_3e0870b2e3345462\COMCTL32.dll
0x00007fff5c460000 - 0x00007fff5c48b000 	C:\WINDOWS\System32\GDI32.dll
0x00007fff5bc50000 - 0x00007fff5bd7b000 	C:\WINDOWS\System32\gdi32full.dll
0x00007fff5bf90000 - 0x00007fff5c033000 	C:\WINDOWS\System32\msvcp_win.dll
0x00007fff52e30000 - 0x00007fff52e3b000 	C:\WINDOWS\SYSTEM32\VERSION.dll
0x00007fff5d330000 - 0x00007fff5d361000 	C:\WINDOWS\System32\IMM32.DLL
0x00007fff541d0000 - 0x00007fff541dc000 	C:\Program Files\Java\jdk-21\bin\vcruntime140_1.dll
0x00007ffec2e30000 - 0x00007ffec2ebe000 	C:\Program Files\Java\jdk-21\bin\msvcp140.dll
0x00007ffec0f60000 - 0x00007ffec1c7a000 	C:\Program Files\Java\jdk-21\bin\server\jvm.dll
0x00007fff5c490000 - 0x00007fff5c504000 	C:\WINDOWS\System32\WS2_32.dll
0x00007fff5a830000 - 0x00007fff5a88e000 	C:\WINDOWS\SYSTEM32\POWRPROF.dll
0x00007fff58600000 - 0x00007fff58635000 	C:\WINDOWS\SYSTEM32\WINMM.dll
0x00007fff5a810000 - 0x00007fff5a824000 	C:\WINDOWS\SYSTEM32\UMPDC.dll
0x00007fff59920000 - 0x00007fff5993b000 	C:\WINDOWS\SYSTEM32\kernel.appcore.dll
0x00007fff4e340000 - 0x00007fff4e34a000 	C:\Program Files\Java\jdk-21\bin\jimage.dll
0x00007fff582f0000 - 0x00007fff58532000 	C:\WINDOWS\SYSTEM32\DBGHELP.DLL
0x00007fff5c660000 - 0x00007fff5c9e6000 	C:\WINDOWS\System32\combase.dll
0x00007fff5d250000 - 0x00007fff5d327000 	C:\WINDOWS\System32\OLEAUT32.dll
0x00007fff58570000 - 0x00007fff585ab000 	C:\WINDOWS\SYSTEM32\dbgcore.DLL
0x00007fff5bb10000 - 0x00007fff5bbb5000 	C:\WINDOWS\System32\bcryptPrimitives.dll
0x00007fff4e330000 - 0x00007fff4e33f000 	C:\Program Files\Java\jdk-21\bin\instrument.dll
0x00007ffec6de0000 - 0x00007ffec6dff000 	C:\Program Files\Java\jdk-21\bin\java.dll
0x00007fff5caf0000 - 0x00007fff5d242000 	C:\WINDOWS\System32\SHELL32.dll
0x00007fff5ab80000 - 0x00007fff5acea000 	C:\WINDOWS\System32\wintypes.dll
0x00007fff5aea0000 - 0x00007fff5b703000 	C:\WINDOWS\System32\windows.storage.dll
0x00007fff5c9f0000 - 0x00007fff5cae6000 	C:\WINDOWS\System32\SHCORE.dll
0x00007fff5c040000 - 0x00007fff5c0a7000 	C:\WINDOWS\System32\shlwapi.dll
0x00007fff5aaa0000 - 0x00007fff5aac9000 	C:\WINDOWS\SYSTEM32\profapi.dll
0x00007ffec2d10000 - 0x00007ffec2de7000 	C:\Program Files\Java\jdk-21\bin\jsvml.dll
0x00007ffec2cf0000 - 0x00007ffec2d08000 	C:\Program Files\Java\jdk-21\bin\zip.dll
0x00007ffec2ce0000 - 0x00007ffec2cf0000 	C:\Program Files\Java\jdk-21\bin\net.dll
0x00007fff53400000 - 0x00007fff53527000 	C:\WINDOWS\SYSTEM32\WINHTTP.dll
0x00007fff59e90000 - 0x00007fff59efb000 	C:\WINDOWS\system32\mswsock.dll
0x00007ffec2cc0000 - 0x00007ffec2cd6000 	C:\Program Files\Java\jdk-21\bin\nio.dll
0x00007ffee1c70000 - 0x00007ffee1c80000 	C:\Program Files\Java\jdk-21\bin\verify.dll
0x00007fff4ea80000 - 0x00007fff4eaa7000 	C:\Users\lenovo\.gradle\native\1def1411415f61bf3af743bc5b6707747c0891f09f0c88961ee8f79bc544acac\windows-amd64\native-platform.dll
0x00007fff1ee10000 - 0x00007fff1ee88000 	C:\Users\lenovo\.gradle\native\0.2.7\x86_64-windows-gnu\gradle-fileevents.dll
0x00007ffee1c60000 - 0x00007ffee1c6a000 	C:\Program Files\Java\jdk-21\bin\management.dll
0x00007ffee1c50000 - 0x00007ffee1c5b000 	C:\Program Files\Java\jdk-21\bin\management_ext.dll
0x00007fff5c3a0000 - 0x00007fff5c3a8000 	C:\WINDOWS\System32\PSAPI.DLL
0x00007fff593d0000 - 0x00007fff59404000 	C:\WINDOWS\SYSTEM32\IPHLPAPI.DLL
0x00007fff5d560000 - 0x00007fff5d56a000 	C:\WINDOWS\System32\NSI.dll
0x00007ffee1c40000 - 0x00007ffee1c49000 	C:\Program Files\Java\jdk-21\bin\extnet.dll
0x00007fff5a160000 - 0x00007fff5a17b000 	C:\WINDOWS\SYSTEM32\CRYPTSP.dll
0x00007fff59880000 - 0x00007fff598b9000 	C:\WINDOWS\system32\rsaenh.dll
0x00007fff59f40000 - 0x00007fff59f6b000 	C:\WINDOWS\SYSTEM32\USERENV.dll
0x00007fff5aa70000 - 0x00007fff5aa9a000 	C:\WINDOWS\SYSTEM32\bcrypt.dll
0x00007fff5a180000 - 0x00007fff5a18c000 	C:\WINDOWS\SYSTEM32\CRYPTBASE.dll
0x00007ffee1c30000 - 0x00007ffee1c3e000 	C:\Program Files\Java\jdk-21\bin\sunmscapi.dll
0x00007fff5acf0000 - 0x00007fff5ae67000 	C:\WINDOWS\System32\CRYPT32.dll
0x00007fff5a380000 - 0x00007fff5a3b0000 	C:\WINDOWS\SYSTEM32\ncrypt.dll
0x00007fff5a330000 - 0x00007fff5a36f000 	C:\WINDOWS\SYSTEM32\NTASN1.dll
0x00007ffec6e40000 - 0x00007ffec6e48000 	C:\WINDOWS\system32\wshunix.dll

dbghelp: loaded successfully - version: 4.0.5 - missing functions: none
symbol engine: initialized successfully - sym options: 0x614 - pdb path: .;C:\Program Files\Java\jdk-21\bin;C:\WINDOWS\SYSTEM32;C:\WINDOWS\WinSxS\amd64_microsoft.windows.common-controls_6595b64144ccf1df_6.0.26100.7824_none_3e0870b2e3345462;C:\Program Files\Java\jdk-21\bin\server;C:\Users\lenovo\.gradle\native\1def1411415f61bf3af743bc5b6707747c0891f09f0c88961ee8f79bc544acac\windows-amd64;C:\Users\lenovo\.gradle\native\0.2.7\x86_64-windows-gnu

VM Arguments:
jvm_args: --add-opens=java.base/java.lang=ALL-UNNAMED --add-opens=java.base/java.lang.invoke=ALL-UNNAMED --add-opens=java.base/java.util=ALL-UNNAMED --add-opens=java.prefs/java.util.prefs=ALL-UNNAMED --add-exports=jdk.compiler/com.sun.tools.javac.api=ALL-UNNAMED --add-exports=jdk.compiler/com.sun.tools.javac.util=ALL-UNNAMED --add-opens=java.base/java.util=ALL-UNNAMED --add-opens=java.prefs/java.util.prefs=ALL-UNNAMED --add-opens=java.base/java.nio.charset=ALL-UNNAMED --add-opens=java.base/java.net=ALL-UNNAMED --add-opens=java.base/java.util.concurrent.atomic=ALL-UNNAMED --add-opens=java.xml/javax.xml.namespace=ALL-UNNAMED -Xmx2048m -Dfile.encoding=UTF-8 -Duser.country=US -Duser.language=en -Duser.variant -javaagent:C:\Users\lenovo\.gradle\wrapper\dists\gradle-8.13-bin\5xuhj0ry160q40clulazy9h7d\gradle-8.13\lib\agents\gradle-instrumentation-agent-8.13.jar 
java_command: org.gradle.launcher.daemon.bootstrap.GradleDaemon 8.13
java_class_path (initial): C:\Users\lenovo\.gradle\wrapper\dists\gradle-8.13-bin\5xuhj0ry160q40clulazy9h7d\gradle-8.13\lib\gradle-daemon-main-8.13.jar
Launcher Type: SUN_STANDARD

[Global flags]
     intx CICompilerCount                          = 12                                        {product} {ergonomic}
     uint ConcGCThreads                            = 3                                         {product} {ergonomic}
     uint G1ConcRefinementThreads                  = 13                                        {product} {ergonomic}
   size_t G1HeapRegionSize                         = 1048576                                   {product} {ergonomic}
    uintx GCDrainStackTargetSize                   = 64                                        {product} {ergonomic}
   size_t InitialHeapSize                          = 232783872                                 {product} {ergonomic}
   size_t MarkStackSize                            = 4194304                                   {product} {ergonomic}
   size_t MaxHeapSize                              = 2147483648                                {product} {command line}
   size_t MaxNewSize                               = 1287651328                                {product} {ergonomic}
   size_t MinHeapDeltaBytes                        = 1048576                                   {product} {ergonomic}
   size_t MinHeapSize                              = 8388608                                   {product} {ergonomic}
    uintx NonNMethodCodeHeapSize                   = 7602480                                {pd product} {ergonomic}
    uintx NonProfiledCodeHeapSize                  = 122027880                              {pd product} {ergonomic}
    uintx ProfiledCodeHeapSize                     = 122027880                              {pd product} {ergonomic}
    uintx ReservedCodeCacheSize                    = 251658240                              {pd product} {ergonomic}
     bool SegmentedCodeCache                       = true                                      {product} {ergonomic}
   size_t SoftMaxHeapSize                          = 2147483648                             {manageable} {ergonomic}
     bool UseCompressedOops                        = true                           {product lp64_product} {ergonomic}
     bool UseG1GC                                  = true                                      {product} {ergonomic}
     bool UseLargePagesIndividualAllocation        = false                                  {pd product} {ergonomic}

Logging:
Log output configuration:
 #0: stdout all=warning uptime,level,tags foldmultilines=false
 #1: stderr all=off uptime,level,tags foldmultilines=false

Environment Variables:
PATH=%JAVA_HOME%\bin;C:\WINDOWS\system32;C:\WINDOWS;C:\WINDOWS\System32\Wbem;C:\WINDOWS\System32\WindowsPowerShell\v1.0\;C:\WINDOWS\System32\OpenSSH\;C:\Program Files\Git\cmd;C:\Users\lenovo\AppData\Local\Microsoft\WindowsApps;C:\Users\lenovo\AppData\Local\Programs\Microsoft VS Code\bin;C:\Users\lenovo\AppData\Local\GitHubDesktop\bin;C:\MinGW\bin;D:\advjava\apache-maven-3.9.9-bin (1)\apache-maven-3.9.9\bin;D:\checkstyle;C:\Program Files\dotnet\;C:\Program Files\Java\javafx-sdk-21.0.7\lib;C:\Program Files\Void\bin;C:\Program Files\nodejs\;C:\Program Files\Docker\Docker\resources\bin;C:\Users\lenovo\AppData\Local\Programs\Python\Python312\Scripts\;C:\Users\lenovo\AppData\Local\Programs\Python\Python312\;C:\Program Files\Java\jdk-25\bin;C:\Users\lenovo\.lmstudio\bin;C:\Users\lenovo\AppData\Local\Programs\Antigravity\bin;C:\Users\lenovo\.dotnet\tools;C:\Users\lenovo\AppData\Roaming\npm;C:\Program Files\JetBrains\IntelliJ IDEA 2025.3.3\bin
USERNAME=lenovo
OS=Windows_NT
PROCESSOR_IDENTIFIER=AMD64 Family 25 Model 80 Stepping 0, AuthenticAMD
TMP=C:\Users\lenovo\AppData\Local\Temp
TEMP=C:\Users\lenovo\AppData\Local\Temp




Periodic native trim disabled

---------------  S Y S T E M  ---------------

OS:
 Windows 11 , 64 bit Build 26100 (10.0.26100.7705)
OS uptime: 0 days 1:49 hours
Hyper-V role detected

CPU: total 16 (initial active 16) (16 cores per cpu, 2 threads per core) family 25 model 80 stepping 0 microcode 0xa50000d, cx8, cmov, fxsr, ht, mmx, 3dnowpref, sse, sse2, sse3, ssse3, sse4a, sse4.1, sse4.2, popcnt, lzcnt, tsc, tscinvbit, avx, avx2, aes, erms, clmul, bmi1, bmi2, adx, sha, fma, vzeroupper, clflush, clflushopt, hv, rdtscp, rdpid, fsrm, f16c, cet_ss
Processor Information for all 16 processors :
  Max Mhz: 2000, Current Mhz: 2000, Mhz Limit: 2000

Memory: 4k page, system-wide physical 14173M (2288M free)
TotalPageFile size 18269M (AvailPageFile size 20M)
current process WorkingSet (physical memory assigned to process): 339M, peak: 340M
current process commit charge ("private bytes"): 415M, peak: 433M

vm_info: Java HotSpot(TM) 64-Bit Server VM (21.0.6+8-LTS-188) for windows-amd64 JRE (21.0.6+8-LTS-188), built on 2024-12-03T10:50:54Z by "mach5one" with MS VC++ 17.6 (VS2022)

END.
