#
# There is insufficient memory for the Java Runtime Environment to continue.
# Native memory allocation (malloc) failed to allocate 1519216 bytes for Chunk::new
# Possible reasons:
#   The system is out of physical RAM or swap space
#   The process is running with CompressedOops enabled, and the Java Heap may be blocking the growth of the native heap
# Possible solutions:
#   Reduce memory load on the system
#   Increase physical memory or swap space
#   Check if swap backing store is full
#   Decrease Java heap size (-Xmx/-Xms)
#   Decrease number of Java threads
#   Decrease Java thread stack sizes (-Xss)
#   Set larger code cache with -XX:ReservedCodeCacheSize=
#   JVM is running with Unscaled Compressed Oops mode in which the Java heap is
#     placed in the first 4GB address space. The Java Heap base address is the
#     maximum limit for the native heap growth. Please use -XX:HeapBaseMinAddress
#     to set the Java Heap base and to place the Java Heap above 4GB virtual address.
# This output file may be truncated or incomplete.
#
#  Out of Memory Error (arena.cpp:168), pid=14680, tid=7028
#
# JRE version: Java(TM) SE Runtime Environment (21.0.6+8) (build 21.0.6+8-LTS-188)
# Java VM: Java HotSpot(TM) 64-Bit Server VM (21.0.6+8-LTS-188, mixed mode, sharing, tiered, compressed oops, compressed class ptrs, g1 gc, windows-amd64)
# No core dump will be written. Minidumps are not enabled by default on client versions of Windows
#

---------------  S U M M A R Y ------------

Command Line: --add-opens=java.base/java.lang=ALL-UNNAMED --add-opens=java.base/java.lang.invoke=ALL-UNNAMED --add-opens=java.base/java.util=ALL-UNNAMED --add-opens=java.prefs/java.util.prefs=ALL-UNNAMED --add-exports=jdk.compiler/com.sun.tools.javac.api=ALL-UNNAMED --add-exports=jdk.compiler/com.sun.tools.javac.util=ALL-UNNAMED --add-opens=java.base/java.util=ALL-UNNAMED --add-opens=java.prefs/java.util.prefs=ALL-UNNAMED --add-opens=java.base/java.nio.charset=ALL-UNNAMED --add-opens=java.base/java.net=ALL-UNNAMED --add-opens=java.base/java.util.concurrent.atomic=ALL-UNNAMED --add-opens=java.xml/javax.xml.namespace=ALL-UNNAMED -Xmx2048m -Dfile.encoding=UTF-8 -Duser.country=US -Duser.language=en -Duser.variant -javaagent:C:\Users\lenovo\.gradle\wrapper\dists\gradle-8.13-bin\5xuhj0ry160q40clulazy9h7d\gradle-8.13\lib\agents\gradle-instrumentation-agent-8.13.jar org.gradle.launcher.daemon.bootstrap.GradleDaemon 8.13

Host: AMD Ryzen 7 7730U with Radeon Graphics         , 16 cores, 13G,  Windows 11 , 64 bit Build 26100 (10.0.26100.7705)
Time: Sat Feb 28 18:00:29 2026 India Standard Time elapsed time: 17.862689 seconds (0d 0h 0m 17s)

---------------  T H R E A D  ---------------

Current thread (0x0000024d681e0f60):  JavaThread "C2 CompilerThread5" daemon [_thread_in_native, id=7028, stack(0x000000e6b6900000,0x000000e6b6a00000) (1024K)]


Current CompileTask:
C2:  17862 10247       4       java.io.ObjectOutputStream::writeNonProxyDesc (109 bytes)

Stack: [0x000000e6b6900000,0x000000e6b6a00000]
Native frames: (J=compiled Java code, j=interpreted, Vv=VM code, C=native code)
V  [jvm.dll+0x6ca6d9]
V  [jvm.dll+0x854f51]
V  [jvm.dll+0x85747e]
V  [jvm.dll+0x857b53]
V  [jvm.dll+0x27dcc6]
V  [jvm.dll+0xc4c2d]
V  [jvm.dll+0xc5163]
V  [jvm.dll+0x3b5122]
V  [jvm.dll+0x381855]
V  [jvm.dll+0x380cca]
V  [jvm.dll+0x246920]
V  [jvm.dll+0x245eff]
V  [jvm.dll+0x1c6d2e]
V  [jvm.dll+0x2554f9]
V  [jvm.dll+0x253a8a]
V  [jvm.dll+0x3ee576]
V  [jvm.dll+0x7ff2fb]
V  [jvm.dll+0x6c8dbd]
C  [ucrtbase.dll+0x37b0]
C  [KERNEL32.DLL+0x2e8d7]
C  [ntdll.dll+0x8c40c]


---------------  P R O C E S S  ---------------

Threads class SMR info:
_java_thread_list=0x0000024d686b80a0, length=96, elements={
0x0000024d7dd764c0, 0x0000024d1d556330, 0x0000024d1d557030, 0x0000024d1d55c110,
0x0000024d1d55d120, 0x0000024d1d565ee0, 0x0000024d1d566a60, 0x0000024d1d578930,
0x0000024d1d587fb0, 0x0000024d1d6dc590, 0x0000024d1d762990, 0x0000024d645d7ef0,
0x0000024d6485b030, 0x0000024d647399c0, 0x0000024d64a1bd90, 0x0000024d649f9030,
0x0000024d64c1c680, 0x0000024d647ef950, 0x0000024d648f6d10, 0x0000024d648f80c0,
0x0000024d648f7a30, 0x0000024d648f8de0, 0x0000024d648f9470, 0x0000024d648f5ff0,
0x0000024d648f6680, 0x0000024d69347770, 0x0000024d69348b20, 0x0000024d69347e00,
0x0000024d69345d30, 0x0000024d69348490, 0x0000024d693456a0, 0x0000024d693491b0,
0x0000024d693463c0, 0x0000024d69349ed0, 0x0000024d6934bfa0, 0x0000024d6934b910,
0x0000024d6880ad40, 0x0000024d6934c630, 0x0000024d6934ccc0, 0x0000024d6934b280,
0x0000024d6934a560, 0x0000024d6934abf0, 0x0000024d69982b80, 0x0000024d699824f0,
0x0000024d69983210, 0x0000024d69984c50, 0x0000024d699852e0, 0x0000024d69983f30,
0x0000024d69981e60, 0x0000024d699873b0, 0x0000024d69986d20, 0x0000024d699880d0,
0x0000024d69988760, 0x0000024d69987a40, 0x0000024d69988df0, 0x0000024d69985970,
0x0000024d69989480, 0x0000024d69986000, 0x0000024d69986690, 0x0000024d63935bf0,
0x0000024d681e0890, 0x0000024d63932e00, 0x0000024d63932770, 0x0000024d63936910,
0x0000024d63936280, 0x0000024d63933490, 0x0000024d63934840, 0x0000024d63934ed0,
0x0000024d63935560, 0x0000024d63936fa0, 0x0000024d639341b0, 0x0000024d63933b20,
0x0000024d63937cc0, 0x0000024d63939700, 0x0000024d63939d90, 0x0000024d639389e0,
0x0000024d681dfaf0, 0x0000024d681e1630, 0x0000024d681e0f60, 0x0000024d63938350,
0x0000024d672e9b30, 0x0000024d672e94a0, 0x0000024d672ec290, 0x0000024d672ea1c0,
0x0000024d672e8e10, 0x0000024d672eaee0, 0x0000024d672ec920, 0x0000024d672ed640,
0x0000024d672ecfb0, 0x0000024d672edcd0, 0x0000024d672ea850, 0x0000024d672eb570,
0x0000024d672ee360, 0x0000024d672ee9f0, 0x0000024d681de680, 0x0000024d68809200
}

Java Threads: ( => current thread )
  0x0000024d7dd764c0 JavaThread "main"                              [_thread_blocked, id=11540, stack(0x000000e6b0100000,0x000000e6b0200000) (1024K)]
  0x0000024d1d556330 JavaThread "Reference Handler"          daemon [_thread_blocked, id=10588, stack(0x000000e6b0900000,0x000000e6b0a00000) (1024K)]
  0x0000024d1d557030 JavaThread "Finalizer"                  daemon [_thread_blocked, id=14152, stack(0x000000e6b0a00000,0x000000e6b0b00000) (1024K)]
  0x0000024d1d55c110 JavaThread "Signal Dispatcher"          daemon [_thread_blocked, id=13768, stack(0x000000e6b0b00000,0x000000e6b0c00000) (1024K)]
  0x0000024d1d55d120 JavaThread "Attach Listener"            daemon [_thread_blocked, id=18924, stack(0x000000e6b0c00000,0x000000e6b0d00000) (1024K)]
  0x0000024d1d565ee0 JavaThread "Service Thread"             daemon [_thread_blocked, id=10308, stack(0x000000e6b0d00000,0x000000e6b0e00000) (1024K)]
  0x0000024d1d566a60 JavaThread "Monitor Deflation Thread"   daemon [_thread_blocked, id=17740, stack(0x000000e6b0e00000,0x000000e6b0f00000) (1024K)]
  0x0000024d1d578930 JavaThread "C2 CompilerThread0"         daemon [_thread_in_native, id=18296, stack(0x000000e6b0f00000,0x000000e6b1000000) (1024K)]
  0x0000024d1d587fb0 JavaThread "C1 CompilerThread0"         daemon [_thread_blocked, id=3988, stack(0x000000e6b1000000,0x000000e6b1100000) (1024K)]
  0x0000024d1d6dc590 JavaThread "Common-Cleaner"             daemon [_thread_blocked, id=1188, stack(0x000000e6b1200000,0x000000e6b1300000) (1024K)]
  0x0000024d1d762990 JavaThread "Notification Thread"        daemon [_thread_blocked, id=12344, stack(0x000000e6b1300000,0x000000e6b1400000) (1024K)]
  0x0000024d645d7ef0 JavaThread "Daemon health stats"               [_thread_blocked, id=5476, stack(0x000000e6b1e00000,0x000000e6b1f00000) (1024K)]
  0x0000024d6485b030 JavaThread "Incoming local TCP Connector on port 64251"        [_thread_in_native, id=2464, stack(0x000000e6b1f00000,0x000000e6b2000000) (1024K)]
  0x0000024d647399c0 JavaThread "Daemon periodic checks"            [_thread_blocked, id=20036, stack(0x000000e6b2000000,0x000000e6b2100000) (1024K)]
  0x0000024d64a1bd90 JavaThread "Daemon"                            [_thread_blocked, id=10544, stack(0x000000e6b2100000,0x000000e6b2200000) (1024K)]
  0x0000024d649f9030 JavaThread "Handler for socket connection from /127.0.0.1:64251 to /127.0.0.1:64252"        [_thread_blocked, id=19620, stack(0x000000e6b2200000,0x000000e6b2300000) (1024K)]
  0x0000024d64c1c680 JavaThread "Cancel handler"                    [_thread_blocked, id=16728, stack(0x000000e6b2300000,0x000000e6b2400000) (1024K)]
  0x0000024d647ef950 JavaThread "Daemon worker"                     [_thread_in_Java, id=19612, stack(0x000000e6b2400000,0x000000e6b2500000) (1024K)]
  0x0000024d648f6d10 JavaThread "Stdin handler"                     [_thread_blocked, id=19100, stack(0x000000e6b2600000,0x000000e6b2700000) (1024K)]
  0x0000024d648f80c0 JavaThread "Cache worker for journal cache (C:\Users\lenovo\.gradle\caches\journal-1)"        [_thread_blocked, id=19396, stack(0x000000e6b2800000,0x000000e6b2900000) (1024K)]
  0x0000024d648f7a30 JavaThread "File lock request listener"        [_thread_in_native, id=19896, stack(0x000000e6b2900000,0x000000e6b2a00000) (1024K)]
  0x0000024d648f8de0 JavaThread "Cache worker for file hash cache (C:\Users\lenovo\.gradle\caches\8.13\fileHashes)"        [_thread_in_native, id=7504, stack(0x000000e6b2a00000,0x000000e6b2b00000) (1024K)]
  0x0000024d648f9470 JavaThread "File lock release action executor"        [_thread_blocked, id=15556, stack(0x000000e6b2b00000,0x000000e6b2c00000) (1024K)]
  0x0000024d648f5ff0 JavaThread "Cache worker for file hash cache (C:\Users\lenovo\AndroidStudioProjects\GAREEBI_prototype\.gradle\8.13\fileHashes)"        [_thread_blocked, id=22368, stack(0x000000e6b3600000,0x000000e6b3700000) (1024K)]
  0x0000024d648f6680 JavaThread "Cache worker for Build Output Cleanup Cache (C:\Users\lenovo\AndroidStudioProjects\GAREEBI_prototype\.gradle\buildOutputCleanup)"        [_thread_blocked, id=20068, stack(0x000000e6b3700000,0x000000e6b3800000) (1024K)]
  0x0000024d69347770 JavaThread "File watcher server"        daemon [_thread_in_native, id=19708, stack(0x000000e6b3800000,0x000000e6b3900000) (1024K)]
  0x0000024d69348b20 JavaThread "File watcher consumer"      daemon [_thread_blocked, id=5524, stack(0x000000e6b3900000,0x000000e6b3a00000) (1024K)]
  0x0000024d69347e00 JavaThread "jar transforms"                    [_thread_blocked, id=3180, stack(0x000000e6b3500000,0x000000e6b3600000) (1024K)]
  0x0000024d69345d30 JavaThread "jar transforms Thread 2"           [_thread_blocked, id=19924, stack(0x000000e6b3a00000,0x000000e6b3b00000) (1024K)]
  0x0000024d69348490 JavaThread "jar transforms Thread 3"           [_thread_blocked, id=488, stack(0x000000e6b3b00000,0x000000e6b3c00000) (1024K)]
  0x0000024d693456a0 JavaThread "jar transforms Thread 4"           [_thread_blocked, id=18704, stack(0x000000e6b3400000,0x000000e6b3500000) (1024K)]
  0x0000024d693491b0 JavaThread "jar transforms Thread 5"           [_thread_blocked, id=3292, stack(0x000000e6b3c00000,0x000000e6b3d00000) (1024K)]
  0x0000024d693463c0 JavaThread "Cache worker for checksums cache (C:\Users\lenovo\AndroidStudioProjects\GAREEBI_prototype\.gradle\8.13\checksums)"        [_thread_blocked, id=19972, stack(0x000000e6b3f00000,0x000000e6b4000000) (1024K)]
  0x0000024d69349ed0 JavaThread "Cache worker for file content cache (C:\Users\lenovo\.gradle\caches\8.13\fileContent)"        [_thread_blocked, id=19080, stack(0x000000e6b4000000,0x000000e6b4100000) (1024K)]
  0x0000024d6934bfa0 JavaThread "jar transforms Thread 6"           [_thread_blocked, id=21052, stack(0x000000e6b1400000,0x000000e6b1500000) (1024K)]
  0x0000024d6934b910 JavaThread "jar transforms Thread 7"           [_thread_blocked, id=7216, stack(0x000000e6b1500000,0x000000e6b1600000) (1024K)]
  0x0000024d6880ad40 JavaThread "C2 CompilerThread1"         daemon [_thread_in_native, id=21628, stack(0x000000e6b1b00000,0x000000e6b1c00000) (1024K)]
  0x0000024d6934c630 JavaThread "jar transforms Thread 8"           [_thread_blocked, id=21060, stack(0x000000e6b4600000,0x000000e6b4700000) (1024K)]
  0x0000024d6934ccc0 JavaThread "jar transforms Thread 9"           [_thread_blocked, id=2224, stack(0x000000e6b4300000,0x000000e6b4400000) (1024K)]
  0x0000024d6934b280 JavaThread "jar transforms Thread 10"          [_thread_blocked, id=19164, stack(0x000000e6b4400000,0x000000e6b4500000) (1024K)]
  0x0000024d6934a560 JavaThread "jar transforms Thread 11"          [_thread_blocked, id=5340, stack(0x000000e6b4700000,0x000000e6b4800000) (1024K)]
  0x0000024d6934abf0 JavaThread "jar transforms Thread 12"          [_thread_blocked, id=19808, stack(0x000000e6b4800000,0x000000e6b4900000) (1024K)]
  0x0000024d69982b80 JavaThread "jar transforms Thread 13"          [_thread_blocked, id=11176, stack(0x000000e6b4200000,0x000000e6b4300000) (1024K)]
  0x0000024d699824f0 JavaThread "Cache worker for cache directory md-supplier (C:\Users\lenovo\.gradle\caches\8.13\md-supplier)"        [_thread_blocked, id=11684, stack(0x000000e6b4100000,0x000000e6b4200000) (1024K)]
  0x0000024d69983210 JavaThread "Cache worker for cache directory md-rule (C:\Users\lenovo\.gradle\caches\8.13\md-rule)"        [_thread_blocked, id=19084, stack(0x000000e6b3e00000,0x000000e6b3f00000) (1024K)]
  0x0000024d69984c50 JavaThread "Unconstrained build operations"        [_thread_blocked, id=2060, stack(0x000000e6b3d00000,0x000000e6b3e00000) (1024K)]
  0x0000024d699852e0 JavaThread "Unconstrained build operations Thread 2"        [_thread_blocked, id=18912, stack(0x000000e6b4900000,0x000000e6b4a00000) (1024K)]
  0x0000024d69983f30 JavaThread "Unconstrained build operations Thread 3"        [_thread_blocked, id=15376, stack(0x000000e6b4a00000,0x000000e6b4b00000) (1024K)]
  0x0000024d69981e60 JavaThread "Unconstrained build operations Thread 4"        [_thread_blocked, id=16604, stack(0x000000e6b4b00000,0x000000e6b4c00000) (1024K)]
  0x0000024d699873b0 JavaThread "Unconstrained build operations Thread 5"        [_thread_blocked, id=2588, stack(0x000000e6b4c00000,0x000000e6b4d00000) (1024K)]
  0x0000024d69986d20 JavaThread "Unconstrained build operations Thread 6"        [_thread_blocked, id=18316, stack(0x000000e6b4d00000,0x000000e6b4e00000) (1024K)]
  0x0000024d699880d0 JavaThread "Unconstrained build operations Thread 7"        [_thread_blocked, id=18832, stack(0x000000e6b4e00000,0x000000e6b4f00000) (1024K)]
  0x0000024d69988760 JavaThread "Unconstrained build operations Thread 8"        [_thread_blocked, id=17352, stack(0x000000e6b4f00000,0x000000e6b5000000) (1024K)]
  0x0000024d69987a40 JavaThread "Unconstrained build operations Thread 9"        [_thread_blocked, id=14376, stack(0x000000e6b5000000,0x000000e6b5100000) (1024K)]
  0x0000024d69988df0 JavaThread "Unconstrained build operations Thread 10"        [_thread_blocked, id=15404, stack(0x000000e6b5100000,0x000000e6b5200000) (1024K)]
  0x0000024d69985970 JavaThread "Unconstrained build operations Thread 11"        [_thread_blocked, id=15348, stack(0x000000e6b5200000,0x000000e6b5300000) (1024K)]
  0x0000024d69989480 JavaThread "Unconstrained build operations Thread 12"        [_thread_blocked, id=22248, stack(0x000000e6b5300000,0x000000e6b5400000) (1024K)]
  0x0000024d69986000 JavaThread "Unconstrained build operations Thread 13"        [_thread_blocked, id=22028, stack(0x000000e6b5400000,0x000000e6b5500000) (1024K)]
  0x0000024d69986690 JavaThread "Unconstrained build operations Thread 14"        [_thread_blocked, id=5944, stack(0x000000e6b5500000,0x000000e6b5600000) (1024K)]
  0x0000024d63935bf0 JavaThread "Unconstrained build operations Thread 15"        [_thread_blocked, id=16548, stack(0x000000e6b5600000,0x000000e6b5700000) (1024K)]
  0x0000024d681e0890 JavaThread "C2 CompilerThread2"         daemon [_thread_in_native, id=3056, stack(0x000000e6b5700000,0x000000e6b5800000) (1024K)]
  0x0000024d63932e00 JavaThread "Unconstrained build operations Thread 16"        [_thread_blocked, id=17800, stack(0x000000e6b5800000,0x000000e6b5900000) (1024K)]
  0x0000024d63932770 JavaThread "Unconstrained build operations Thread 17"        [_thread_blocked, id=16088, stack(0x000000e6b5900000,0x000000e6b5a00000) (1024K)]
  0x0000024d63936910 JavaThread "Unconstrained build operations Thread 18"        [_thread_blocked, id=22176, stack(0x000000e6b5a00000,0x000000e6b5b00000) (1024K)]
  0x0000024d63936280 JavaThread "Unconstrained build operations Thread 19"        [_thread_blocked, id=6516, stack(0x000000e6b5b00000,0x000000e6b5c00000) (1024K)]
  0x0000024d63933490 JavaThread "Unconstrained build operations Thread 20"        [_thread_blocked, id=5952, stack(0x000000e6b5c00000,0x000000e6b5d00000) (1024K)]
  0x0000024d63934840 JavaThread "Unconstrained build operations Thread 21"        [_thread_blocked, id=15400, stack(0x000000e6b5d00000,0x000000e6b5e00000) (1024K)]
  0x0000024d63934ed0 JavaThread "Unconstrained build operations Thread 22"        [_thread_blocked, id=4388, stack(0x000000e6b5e00000,0x000000e6b5f00000) (1024K)]
  0x0000024d63935560 JavaThread "Unconstrained build operations Thread 23"        [_thread_blocked, id=7604, stack(0x000000e6b5f00000,0x000000e6b6000000) (1024K)]
  0x0000024d63936fa0 JavaThread "Unconstrained build operations Thread 24"        [_thread_blocked, id=20212, stack(0x000000e6b6000000,0x000000e6b6100000) (1024K)]
  0x0000024d639341b0 JavaThread "Unconstrained build operations Thread 25"        [_thread_blocked, id=14164, stack(0x000000e6b6100000,0x000000e6b6200000) (1024K)]
  0x0000024d63933b20 JavaThread "Unconstrained build operations Thread 26"        [_thread_blocked, id=8748, stack(0x000000e6b6200000,0x000000e6b6300000) (1024K)]
  0x0000024d63937cc0 JavaThread "Unconstrained build operations Thread 27"        [_thread_blocked, id=14148, stack(0x000000e6b6300000,0x000000e6b6400000) (1024K)]
  0x0000024d63939700 JavaThread "Unconstrained build operations Thread 28"        [_thread_blocked, id=12416, stack(0x000000e6b6400000,0x000000e6b6500000) (1024K)]
  0x0000024d63939d90 JavaThread "Unconstrained build operations Thread 29"        [_thread_blocked, id=1760, stack(0x000000e6b6500000,0x000000e6b6600000) (1024K)]
  0x0000024d639389e0 JavaThread "Unconstrained build operations Thread 30"        [_thread_blocked, id=17204, stack(0x000000e6b6600000,0x000000e6b6700000) (1024K)]
  0x0000024d681dfaf0 JavaThread "C2 CompilerThread3"         daemon [_thread_in_native, id=19128, stack(0x000000e6b6700000,0x000000e6b6800000) (1024K)]
  0x0000024d681e1630 JavaThread "C2 CompilerThread4"         daemon [_thread_in_native, id=15800, stack(0x000000e6b6800000,0x000000e6b6900000) (1024K)]
=>0x0000024d681e0f60 JavaThread "C2 CompilerThread5"         daemon [_thread_in_native, id=7028, stack(0x000000e6b6900000,0x000000e6b6a00000) (1024K)]
  0x0000024d63938350 JavaThread "Unconstrained build operations Thread 31"        [_thread_blocked, id=13076, stack(0x000000e6b6a00000,0x000000e6b6b00000) (1024K)]
  0x0000024d672e9b30 JavaThread "Unconstrained build operations Thread 32"        [_thread_blocked, id=13672, stack(0x000000e6b6b00000,0x000000e6b6c00000) (1024K)]
  0x0000024d672e94a0 JavaThread "Unconstrained build operations Thread 33"        [_thread_blocked, id=18328, stack(0x000000e6b6c00000,0x000000e6b6d00000) (1024K)]
  0x0000024d672ec290 JavaThread "Unconstrained build operations Thread 34"        [_thread_blocked, id=16452, stack(0x000000e6b6d00000,0x000000e6b6e00000) (1024K)]
  0x0000024d672ea1c0 JavaThread "Unconstrained build operations Thread 35"        [_thread_blocked, id=15764, stack(0x000000e6b6e00000,0x000000e6b6f00000) (1024K)]
  0x0000024d672e8e10 JavaThread "Unconstrained build operations Thread 36"        [_thread_blocked, id=17288, stack(0x000000e6b6f00000,0x000000e6b7000000) (1024K)]
  0x0000024d672eaee0 JavaThread "Unconstrained build operations Thread 37"        [_thread_blocked, id=19624, stack(0x000000e6b7000000,0x000000e6b7100000) (1024K)]
  0x0000024d672ec920 JavaThread "Unconstrained build operations Thread 38"        [_thread_blocked, id=19432, stack(0x000000e6b7100000,0x000000e6b7200000) (1024K)]
  0x0000024d672ed640 JavaThread "Unconstrained build operations Thread 39"        [_thread_blocked, id=7032, stack(0x000000e6b7200000,0x000000e6b7300000) (1024K)]
  0x0000024d672ecfb0 JavaThread "Unconstrained build operations Thread 40"        [_thread_blocked, id=16100, stack(0x000000e6b7300000,0x000000e6b7400000) (1024K)]
  0x0000024d672edcd0 JavaThread "Unconstrained build operations Thread 41"        [_thread_blocked, id=3660, stack(0x000000e6b7400000,0x000000e6b7500000) (1024K)]
  0x0000024d672ea850 JavaThread "Unconstrained build operations Thread 42"        [_thread_blocked, id=12796, stack(0x000000e6b7500000,0x000000e6b7600000) (1024K)]
  0x0000024d672eb570 JavaThread "Unconstrained build operations Thread 43"        [_thread_blocked, id=9040, stack(0x000000e6b7600000,0x000000e6b7700000) (1024K)]
  0x0000024d672ee360 JavaThread "Unconstrained build operations Thread 44"        [_thread_blocked, id=21284, stack(0x000000e6b7700000,0x000000e6b7800000) (1024K)]
  0x0000024d672ee9f0 JavaThread "Unconstrained build operations Thread 45"        [_thread_blocked, id=17848, stack(0x000000e6b7800000,0x000000e6b7900000) (1024K)]
  0x0000024d681de680 JavaThread "C2 CompilerThread6"         daemon [_thread_in_vm, id=9204, stack(0x000000e6b7900000,0x000000e6b7a00000) (1024K)]
  0x0000024d68809200 JavaThread "C2 CompilerThread7"         daemon [_thread_in_native, id=12032, stack(0x000000e6b7a00000,0x000000e6b7b00000) (1024K)]
Total: 96

Other Threads:
  0x0000024d1d5388a0 VMThread "VM Thread"                           [id=19156, stack(0x000000e6b0800000,0x000000e6b0900000) (1024K)]
  0x0000024d1d525c80 WatcherThread "VM Periodic Task Thread"        [id=3164, stack(0x000000e6b0700000,0x000000e6b0800000) (1024K)]
  0x0000024d7e2631a0 WorkerThread "GC Thread#0"                     [id=8064, stack(0x000000e6b0200000,0x000000e6b0300000) (1024K)]
  0x0000024d631cfce0 WorkerThread "GC Thread#1"                     [id=11436, stack(0x000000e6b1600000,0x000000e6b1700000) (1024K)]
  0x0000024d1d900c50 WorkerThread "GC Thread#2"                     [id=17824, stack(0x000000e6b1700000,0x000000e6b1800000) (1024K)]
  0x0000024d6315b540 WorkerThread "GC Thread#3"                     [id=21680, stack(0x000000e6b1800000,0x000000e6b1900000) (1024K)]
  0x0000024d6307e7f0 WorkerThread "GC Thread#4"                     [id=9664, stack(0x000000e6b1900000,0x000000e6b1a00000) (1024K)]
  0x0000024d647a7870 WorkerThread "GC Thread#5"                     [id=9552, stack(0x000000e6b1c00000,0x000000e6b1d00000) (1024K)]
  0x0000024d647a7c10 WorkerThread "GC Thread#6"                     [id=12484, stack(0x000000e6b1d00000,0x000000e6b1e00000) (1024K)]
  0x0000024d64b3c810 WorkerThread "GC Thread#7"                     [id=17980, stack(0x000000e6b2c00000,0x000000e6b2d00000) (1024K)]
  0x0000024d64b3cf50 WorkerThread "GC Thread#8"                     [id=21380, stack(0x000000e6b2d00000,0x000000e6b2e00000) (1024K)]
  0x0000024d64b3c0d0 WorkerThread "GC Thread#9"                     [id=10708, stack(0x000000e6b2e00000,0x000000e6b2f00000) (1024K)]
  0x0000024d64b3d2f0 WorkerThread "GC Thread#10"                    [id=5428, stack(0x000000e6b2f00000,0x000000e6b3000000) (1024K)]
  0x0000024d64b3d690 WorkerThread "GC Thread#11"                    [id=22264, stack(0x000000e6b3000000,0x000000e6b3100000) (1024K)]
  0x0000024d64b3da30 WorkerThread "GC Thread#12"                    [id=17588, stack(0x000000e6b3100000,0x000000e6b3200000) (1024K)]
  0x0000024d7e2b2010 ConcurrentGCThread "G1 Main Marker"            [id=11556, stack(0x000000e6b0300000,0x000000e6b0400000) (1024K)]
  0x0000024d7e2b2a20 WorkerThread "G1 Conc#0"                       [id=15224, stack(0x000000e6b0400000,0x000000e6b0500000) (1024K)]
  0x0000024d64b3c470 WorkerThread "G1 Conc#1"                       [id=1764, stack(0x000000e6b3200000,0x000000e6b3300000) (1024K)]
  0x0000024d64b3cbb0 WorkerThread "G1 Conc#2"                       [id=21096, stack(0x000000e6b3300000,0x000000e6b3400000) (1024K)]
  0x0000024d1d3fb1e0 ConcurrentGCThread "G1 Refine#0"               [id=20764, stack(0x000000e6b0500000,0x000000e6b0600000) (1024K)]
  0x0000024d1d3fca10 ConcurrentGCThread "G1 Service"                [id=13812, stack(0x000000e6b0600000,0x000000e6b0700000) (1024K)]
Total: 21

Threads with active compile tasks:
C2 CompilerThread0    17922 10710       4       java.util.function.Predicate$$Lambda/0x0000024d1f260000::test (15 bytes)
C2 CompilerThread1    17923 10745       4       java.lang.ThreadLocal::set (18 bytes)
C2 CompilerThread2    17923 9683       4       java.io.ObjectOutputStream::writeClassDesc (60 bytes)
C2 CompilerThread3    17923 10454   !   4       java.io.ObjectOutputStream::writeOrdinaryObject (196 bytes)
C2 CompilerThread4    17923 10004   !   4       java.io.ObjectOutputStream::writeObject0 (620 bytes)
C2 CompilerThread5    17923 10247       4       java.io.ObjectOutputStream::writeNonProxyDesc (109 bytes)
C2 CompilerThread6    17923 10736       4       org.gradle.cache.internal.btree.CachingBlockStore::read (56 bytes)
C2 CompilerThread7    17923 10738       4       org.gradle.cache.internal.btree.FreeListBlockStore::read (12 bytes)
Total: 8

VM state: not at safepoint (normal execution)

VM Mutex/Monitor currently owned by a thread: None

Heap address: 0x0000000080000000, size: 2048 MB, Compressed Oops mode: 32-bit

CDS archive(s) mapped at: [0x0000024d1e000000-0x0000024d1ec90000-0x0000024d1ec90000), size 13172736, SharedBaseAddress: 0x0000024d1e000000, ArchiveRelocationMode: 1.
Compressed class space mapped at: 0x0000024d1f000000-0x0000024d5f000000, reserved size: 1073741824
Narrow klass base: 0x0000024d1e000000, Narrow klass shift: 0, Narrow klass range: 0x100000000

GC Precious Log:
 CardTable entry size: 512
 Card Set container configuration: InlinePtr #cards 5 size 8 Array Of Cards #cards 12 size 40 Howl #buckets 4 coarsen threshold 1843 Howl Bitmap #cards 512 size 80 coarsen threshold 460 Card regions per heap region 1 cards per card region 2048
 CPUs: 16 total, 16 available
 Memory: 14173M
 Large Page Support: Disabled
 NUMA Support: Disabled
 Compressed Oops: Enabled (32-bit)
 Heap Region Size: 1M
 Heap Min Capacity: 8M
 Heap Initial Capacity: 222M
 Heap Max Capacity: 2G
 Pre-touch: Disabled
 Parallel Workers: 13
 Concurrent Workers: 3
 Concurrent Refinement Workers: 13
 Periodic GC: Disabled

Heap:
 garbage-first heap   total 128000K, used 75826K [0x0000000080000000, 0x0000000100000000)
  region size 1024K, 17 young (17408K), 5 survivors (5120K)
 Metaspace       used 67232K, committed 69056K, reserved 1114112K
  class space    used 9285K, committed 10176K, reserved 1048576K

Heap Regions: E=young(eden), S=young(survivor), O=old, HS=humongous(starts), HC=humongous(continues), CS=collection set, F=free, TAMS=top-at-mark-start, PB=parsable bottom
|   0|0x0000000080000000, 0x0000000080100000, 0x0000000080100000|100%|HS|  |TAMS 0x0000000080000000| PB 0x0000000080000000| Complete 
|   1|0x0000000080100000, 0x0000000080200000, 0x0000000080200000|100%|HC|  |TAMS 0x0000000080100000| PB 0x0000000080100000| Complete 
|   2|0x0000000080200000, 0x0000000080300000, 0x0000000080300000|100%|HC|  |TAMS 0x0000000080200000| PB 0x0000000080200000| Complete 
|   3|0x0000000080300000, 0x0000000080400000, 0x0000000080400000|100%| O|  |TAMS 0x0000000080300000| PB 0x0000000080300000| Untracked 
|   4|0x0000000080400000, 0x0000000080500000, 0x0000000080500000|100%| O|  |TAMS 0x0000000080400000| PB 0x0000000080400000| Untracked 
|   5|0x0000000080500000, 0x0000000080600000, 0x0000000080600000|100%| O|  |TAMS 0x0000000080500000| PB 0x0000000080500000| Untracked 
|   6|0x0000000080600000, 0x0000000080700000, 0x0000000080700000|100%|HS|  |TAMS 0x0000000080600000| PB 0x0000000080600000| Complete 
|   7|0x0000000080700000, 0x0000000080800000, 0x0000000080800000|100%| O|  |TAMS 0x0000000080700000| PB 0x0000000080700000| Untracked 
|   8|0x0000000080800000, 0x0000000080900000, 0x0000000080900000|100%| O|  |TAMS 0x0000000080800000| PB 0x0000000080800000| Untracked 
|   9|0x0000000080900000, 0x0000000080a00000, 0x0000000080a00000|100%| O|  |TAMS 0x0000000080900000| PB 0x0000000080900000| Untracked 
|  10|0x0000000080a00000, 0x0000000080b00000, 0x0000000080b00000|100%| O|  |TAMS 0x0000000080a00000| PB 0x0000000080a00000| Untracked 
|  11|0x0000000080b00000, 0x0000000080c00000, 0x0000000080c00000|100%| O|  |TAMS 0x0000000080b00000| PB 0x0000000080b00000| Untracked 
|  12|0x0000000080c00000, 0x0000000080d00000, 0x0000000080d00000|100%| O|  |TAMS 0x0000000080c00000| PB 0x0000000080c00000| Untracked 
|  13|0x0000000080d00000, 0x0000000080e00000, 0x0000000080e00000|100%| O|  |TAMS 0x0000000080d00000| PB 0x0000000080d00000| Untracked 
|  14|0x0000000080e00000, 0x0000000080f00000, 0x0000000080f00000|100%| O|  |TAMS 0x0000000080e00000| PB 0x0000000080e00000| Untracked 
|  15|0x0000000080f00000, 0x0000000081000000, 0x0000000081000000|100%| O|  |TAMS 0x0000000080f00000| PB 0x0000000080f00000| Untracked 
|  16|0x0000000081000000, 0x0000000081100000, 0x0000000081100000|100%| O|  |TAMS 0x0000000081000000| PB 0x0000000081000000| Untracked 
|  17|0x0000000081100000, 0x0000000081200000, 0x0000000081200000|100%| O|  |TAMS 0x0000000081100000| PB 0x0000000081100000| Untracked 
|  18|0x0000000081200000, 0x0000000081300000, 0x0000000081300000|100%| O|  |TAMS 0x0000000081200000| PB 0x0000000081200000| Untracked 
|  19|0x0000000081300000, 0x0000000081400000, 0x0000000081400000|100%| O|  |TAMS 0x0000000081300000| PB 0x0000000081300000| Untracked 
|  20|0x0000000081400000, 0x0000000081500000, 0x0000000081500000|100%| O|  |TAMS 0x0000000081400000| PB 0x0000000081400000| Untracked 
|  21|0x0000000081500000, 0x0000000081600000, 0x0000000081600000|100%| O|  |TAMS 0x0000000081500000| PB 0x0000000081500000| Untracked 
|  22|0x0000000081600000, 0x0000000081700000, 0x0000000081700000|100%| O|  |TAMS 0x0000000081600000| PB 0x0000000081600000| Untracked 
|  23|0x0000000081700000, 0x0000000081800000, 0x0000000081800000|100%| O|  |TAMS 0x0000000081700000| PB 0x0000000081700000| Untracked 
|  24|0x0000000081800000, 0x0000000081900000, 0x0000000081900000|100%| O|  |TAMS 0x0000000081800000| PB 0x0000000081800000| Untracked 
|  25|0x0000000081900000, 0x0000000081a00000, 0x0000000081a00000|100%| O|  |TAMS 0x0000000081900000| PB 0x0000000081900000| Untracked 
|  26|0x0000000081a00000, 0x0000000081b00000, 0x0000000081b00000|100%| O|  |TAMS 0x0000000081a00000| PB 0x0000000081a00000| Untracked 
|  27|0x0000000081b00000, 0x0000000081c00000, 0x0000000081c00000|100%| O|  |TAMS 0x0000000081b00000| PB 0x0000000081b00000| Untracked 
|  28|0x0000000081c00000, 0x0000000081d00000, 0x0000000081d00000|100%| O|Cm|TAMS 0x0000000081c00000| PB 0x0000000081c00000| Complete 
|  29|0x0000000081d00000, 0x0000000081e00000, 0x0000000081e00000|100%| O|  |TAMS 0x0000000081d00000| PB 0x0000000081d00000| Untracked 
|  30|0x0000000081e00000, 0x0000000081f00000, 0x0000000081f00000|100%| O|  |TAMS 0x0000000081e00000| PB 0x0000000081e00000| Untracked 
|  31|0x0000000081f00000, 0x0000000082000000, 0x0000000082000000|100%| O|Cm|TAMS 0x0000000081f00000| PB 0x0000000081f00000| Complete 
|  32|0x0000000082000000, 0x0000000082000000, 0x0000000082100000|  0%| F|  |TAMS 0x0000000082000000| PB 0x0000000082000000| Untracked 
|  33|0x0000000082100000, 0x0000000082200000, 0x0000000082200000|100%| O|  |TAMS 0x0000000082100000| PB 0x0000000082100000| Untracked 
|  34|0x0000000082200000, 0x0000000082300000, 0x0000000082300000|100%| O|  |TAMS 0x0000000082200000| PB 0x0000000082200000| Untracked 
|  35|0x0000000082300000, 0x0000000082400000, 0x0000000082400000|100%| O|  |TAMS 0x0000000082300000| PB 0x0000000082300000| Untracked 
|  36|0x0000000082400000, 0x0000000082500000, 0x0000000082500000|100%| O|  |TAMS 0x0000000082400000| PB 0x0000000082400000| Untracked 
|  37|0x0000000082500000, 0x0000000082600000, 0x0000000082600000|100%| O|  |TAMS 0x0000000082500000| PB 0x0000000082500000| Untracked 
|  38|0x0000000082600000, 0x0000000082700000, 0x0000000082700000|100%| O|  |TAMS 0x0000000082600000| PB 0x0000000082600000| Untracked 
|  39|0x0000000082700000, 0x0000000082800000, 0x0000000082800000|100%| O|  |TAMS 0x0000000082700000| PB 0x0000000082700000| Untracked 
|  40|0x0000000082800000, 0x0000000082900000, 0x0000000082900000|100%| O|  |TAMS 0x0000000082800000| PB 0x0000000082800000| Untracked 
|  41|0x0000000082900000, 0x0000000082a00000, 0x0000000082a00000|100%| O|  |TAMS 0x0000000082900000| PB 0x0000000082900000| Untracked 
|  42|0x0000000082a00000, 0x0000000082b00000, 0x0000000082b00000|100%| O|  |TAMS 0x0000000082a00000| PB 0x0000000082a00000| Untracked 
|  43|0x0000000082b00000, 0x0000000082c00000, 0x0000000082c00000|100%| O|  |TAMS 0x0000000082b00000| PB 0x0000000082b00000| Untracked 
|  44|0x0000000082c00000, 0x0000000082d00000, 0x0000000082d00000|100%| O|  |TAMS 0x0000000082c00000| PB 0x0000000082c00000| Untracked 
|  45|0x0000000082d00000, 0x0000000082e00000, 0x0000000082e00000|100%| O|  |TAMS 0x0000000082d00000| PB 0x0000000082d00000| Untracked 
|  46|0x0000000082e00000, 0x0000000082f00000, 0x0000000082f00000|100%| O|  |TAMS 0x0000000082e00000| PB 0x0000000082e00000| Untracked 
|  47|0x0000000082f00000, 0x0000000083000000, 0x0000000083000000|100%| O|  |TAMS 0x0000000082f00000| PB 0x0000000082f00000| Untracked 
|  48|0x0000000083000000, 0x0000000083100000, 0x0000000083100000|100%| O|  |TAMS 0x0000000083000000| PB 0x0000000083000000| Untracked 
|  49|0x0000000083100000, 0x0000000083100000, 0x0000000083200000|  0%| F|  |TAMS 0x0000000083100000| PB 0x0000000083100000| Untracked 
|  50|0x0000000083200000, 0x0000000083200000, 0x0000000083300000|  0%| F|  |TAMS 0x0000000083200000| PB 0x0000000083200000| Untracked 
|  51|0x0000000083300000, 0x0000000083400000, 0x0000000083400000|100%| O|  |TAMS 0x0000000083300000| PB 0x0000000083300000| Untracked 
|  52|0x0000000083400000, 0x0000000083500000, 0x0000000083500000|100%| O|Cm|TAMS 0x0000000083400000| PB 0x0000000083400000| Complete 
|  53|0x0000000083500000, 0x0000000083600000, 0x0000000083600000|100%| O|  |TAMS 0x0000000083500000| PB 0x0000000083500000| Untracked 
|  54|0x0000000083600000, 0x0000000083700000, 0x0000000083700000|100%| O|  |TAMS 0x0000000083600000| PB 0x0000000083600000| Untracked 
|  55|0x0000000083700000, 0x0000000083800000, 0x0000000083800000|100%| O|  |TAMS 0x0000000083700000| PB 0x0000000083700000| Untracked 
|  56|0x0000000083800000, 0x0000000083900000, 0x0000000083900000|100%| O|  |TAMS 0x0000000083800000| PB 0x0000000083800000| Untracked 
|  57|0x0000000083900000, 0x000000008394aca0, 0x0000000083a00000| 29%| O|  |TAMS 0x0000000083900000| PB 0x0000000083900000| Untracked 
|  58|0x0000000083a00000, 0x0000000083a00000, 0x0000000083b00000|  0%| F|  |TAMS 0x0000000083a00000| PB 0x0000000083a00000| Untracked 
|  59|0x0000000083b00000, 0x0000000083b00000, 0x0000000083c00000|  0%| F|  |TAMS 0x0000000083b00000| PB 0x0000000083b00000| Untracked 
|  60|0x0000000083c00000, 0x0000000083c00000, 0x0000000083d00000|  0%| F|  |TAMS 0x0000000083c00000| PB 0x0000000083c00000| Untracked 
|  61|0x0000000083d00000, 0x0000000083d00000, 0x0000000083e00000|  0%| F|  |TAMS 0x0000000083d00000| PB 0x0000000083d00000| Untracked 
|  62|0x0000000083e00000, 0x0000000083e00000, 0x0000000083f00000|  0%| F|  |TAMS 0x0000000083e00000| PB 0x0000000083e00000| Untracked 
|  63|0x0000000083f00000, 0x0000000083f00000, 0x0000000084000000|  0%| F|  |TAMS 0x0000000083f00000| PB 0x0000000083f00000| Untracked 
|  64|0x0000000084000000, 0x00000000840c1f50, 0x0000000084100000| 75%| S|CS|TAMS 0x0000000084000000| PB 0x0000000084000000| Complete 
|  65|0x0000000084100000, 0x0000000084200000, 0x0000000084200000|100%| S|CS|TAMS 0x0000000084100000| PB 0x0000000084100000| Complete 
|  66|0x0000000084200000, 0x0000000084300000, 0x0000000084300000|100%| S|CS|TAMS 0x0000000084200000| PB 0x0000000084200000| Complete 
|  67|0x0000000084300000, 0x0000000084400000, 0x0000000084400000|100%| S|CS|TAMS 0x0000000084300000| PB 0x0000000084300000| Complete 
|  68|0x0000000084400000, 0x0000000084500000, 0x0000000084500000|100%| S|CS|TAMS 0x0000000084400000| PB 0x0000000084400000| Complete 
|  69|0x0000000084500000, 0x0000000084500000, 0x0000000084600000|  0%| F|  |TAMS 0x0000000084500000| PB 0x0000000084500000| Untracked 
|  70|0x0000000084600000, 0x0000000084600000, 0x0000000084700000|  0%| F|  |TAMS 0x0000000084600000| PB 0x0000000084600000| Untracked 
|  71|0x0000000084700000, 0x0000000084700000, 0x0000000084800000|  0%| F|  |TAMS 0x0000000084700000| PB 0x0000000084700000| Untracked 
|  72|0x0000000084800000, 0x0000000084800000, 0x0000000084900000|  0%| F|  |TAMS 0x0000000084800000| PB 0x0000000084800000| Untracked 
|  73|0x0000000084900000, 0x0000000084900000, 0x0000000084a00000|  0%| F|  |TAMS 0x0000000084900000| PB 0x0000000084900000| Untracked 
|  74|0x0000000084a00000, 0x0000000084a00000, 0x0000000084b00000|  0%| F|  |TAMS 0x0000000084a00000| PB 0x0000000084a00000| Untracked 
|  75|0x0000000084b00000, 0x0000000084b00000, 0x0000000084c00000|  0%| F|  |TAMS 0x0000000084b00000| PB 0x0000000084b00000| Untracked 
|  76|0x0000000084c00000, 0x0000000084c00000, 0x0000000084d00000|  0%| F|  |TAMS 0x0000000084c00000| PB 0x0000000084c00000| Untracked 
|  77|0x0000000084d00000, 0x0000000084d00000, 0x0000000084e00000|  0%| F|  |TAMS 0x0000000084d00000| PB 0x0000000084d00000| Untracked 
|  78|0x0000000084e00000, 0x0000000084e00000, 0x0000000084f00000|  0%| F|  |TAMS 0x0000000084e00000| PB 0x0000000084e00000| Untracked 
|  79|0x0000000084f00000, 0x0000000084f00000, 0x0000000085000000|  0%| F|  |TAMS 0x0000000084f00000| PB 0x0000000084f00000| Untracked 
|  80|0x0000000085000000, 0x0000000085000000, 0x0000000085100000|  0%| F|  |TAMS 0x0000000085000000| PB 0x0000000085000000| Untracked 
|  81|0x0000000085100000, 0x0000000085100000, 0x0000000085200000|  0%| F|  |TAMS 0x0000000085100000| PB 0x0000000085100000| Untracked 
|  82|0x0000000085200000, 0x0000000085200000, 0x0000000085300000|  0%| F|  |TAMS 0x0000000085200000| PB 0x0000000085200000| Untracked 
|  83|0x0000000085300000, 0x0000000085300000, 0x0000000085400000|  0%| F|  |TAMS 0x0000000085300000| PB 0x0000000085300000| Untracked 
|  84|0x0000000085400000, 0x0000000085400000, 0x0000000085500000|  0%| F|  |TAMS 0x0000000085400000| PB 0x0000000085400000| Untracked 
|  85|0x0000000085500000, 0x0000000085500000, 0x0000000085600000|  0%| F|  |TAMS 0x0000000085500000| PB 0x0000000085500000| Untracked 
|  86|0x0000000085600000, 0x0000000085600000, 0x0000000085700000|  0%| F|  |TAMS 0x0000000085600000| PB 0x0000000085600000| Untracked 
|  87|0x0000000085700000, 0x0000000085700000, 0x0000000085800000|  0%| F|  |TAMS 0x0000000085700000| PB 0x0000000085700000| Untracked 
|  88|0x0000000085800000, 0x0000000085800000, 0x0000000085900000|  0%| F|  |TAMS 0x0000000085800000| PB 0x0000000085800000| Untracked 
|  89|0x0000000085900000, 0x0000000085900000, 0x0000000085a00000|  0%| F|  |TAMS 0x0000000085900000| PB 0x0000000085900000| Untracked 
|  90|0x0000000085a00000, 0x0000000085a00000, 0x0000000085b00000|  0%| F|  |TAMS 0x0000000085a00000| PB 0x0000000085a00000| Untracked 
|  91|0x0000000085b00000, 0x0000000085b00000, 0x0000000085c00000|  0%| F|  |TAMS 0x0000000085b00000| PB 0x0000000085b00000| Untracked 
|  92|0x0000000085c00000, 0x0000000085c00000, 0x0000000085d00000|  0%| F|  |TAMS 0x0000000085c00000| PB 0x0000000085c00000| Untracked 
|  93|0x0000000085d00000, 0x0000000085d00000, 0x0000000085e00000|  0%| F|  |TAMS 0x0000000085d00000| PB 0x0000000085d00000| Untracked 
|  94|0x0000000085e00000, 0x0000000085e00000, 0x0000000085f00000|  0%| F|  |TAMS 0x0000000085e00000| PB 0x0000000085e00000| Untracked 
|  95|0x0000000085f00000, 0x0000000085f00000, 0x0000000086000000|  0%| F|  |TAMS 0x0000000085f00000| PB 0x0000000085f00000| Untracked 
|  96|0x0000000086000000, 0x0000000086000000, 0x0000000086100000|  0%| F|  |TAMS 0x0000000086000000| PB 0x0000000086000000| Untracked 
|  97|0x0000000086100000, 0x0000000086100000, 0x0000000086200000|  0%| F|  |TAMS 0x0000000086100000| PB 0x0000000086100000| Untracked 
|  98|0x0000000086200000, 0x0000000086200000, 0x0000000086300000|  0%| F|  |TAMS 0x0000000086200000| PB 0x0000000086200000| Untracked 
|  99|0x0000000086300000, 0x0000000086300000, 0x0000000086400000|  0%| F|  |TAMS 0x0000000086300000| PB 0x0000000086300000| Untracked 
| 100|0x0000000086400000, 0x0000000086400000, 0x0000000086500000|  0%| F|  |TAMS 0x0000000086400000| PB 0x0000000086400000| Untracked 
| 101|0x0000000086500000, 0x0000000086500000, 0x0000000086600000|  0%| F|  |TAMS 0x0000000086500000| PB 0x0000000086500000| Untracked 
| 102|0x0000000086600000, 0x0000000086600000, 0x0000000086700000|  0%| F|  |TAMS 0x0000000086600000| PB 0x0000000086600000| Untracked 
| 103|0x0000000086700000, 0x0000000086700000, 0x0000000086800000|  0%| F|  |TAMS 0x0000000086700000| PB 0x0000000086700000| Untracked 
| 104|0x0000000086800000, 0x0000000086800000, 0x0000000086900000|  0%| F|  |TAMS 0x0000000086800000| PB 0x0000000086800000| Untracked 
| 105|0x0000000086900000, 0x0000000086900000, 0x0000000086a00000|  0%| F|  |TAMS 0x0000000086900000| PB 0x0000000086900000| Untracked 
| 121|0x0000000087900000, 0x0000000087900000, 0x0000000087a00000|  0%| F|  |TAMS 0x0000000087900000| PB 0x0000000087900000| Untracked 
| 122|0x0000000087a00000, 0x0000000087a06f90, 0x0000000087b00000|  2%| E|  |TAMS 0x0000000087a00000| PB 0x0000000087a00000| Complete 
| 123|0x0000000087b00000, 0x0000000087c00000, 0x0000000087c00000|100%| E|CS|TAMS 0x0000000087b00000| PB 0x0000000087b00000| Complete 
| 124|0x0000000087c00000, 0x0000000087d00000, 0x0000000087d00000|100%| E|CS|TAMS 0x0000000087c00000| PB 0x0000000087c00000| Complete 
| 125|0x0000000087d00000, 0x0000000087e00000, 0x0000000087e00000|100%| E|CS|TAMS 0x0000000087d00000| PB 0x0000000087d00000| Complete 
| 126|0x0000000087e00000, 0x0000000087f00000, 0x0000000087f00000|100%| E|CS|TAMS 0x0000000087e00000| PB 0x0000000087e00000| Complete 
| 127|0x0000000087f00000, 0x0000000088000000, 0x0000000088000000|100%| E|CS|TAMS 0x0000000087f00000| PB 0x0000000087f00000| Complete 
| 128|0x0000000088000000, 0x0000000088100000, 0x0000000088100000|100%| E|CS|TAMS 0x0000000088000000| PB 0x0000000088000000| Complete 
| 129|0x0000000088100000, 0x0000000088200000, 0x0000000088200000|100%| E|CS|TAMS 0x0000000088100000| PB 0x0000000088100000| Complete 
| 130|0x0000000088200000, 0x0000000088300000, 0x0000000088300000|100%| E|CS|TAMS 0x0000000088200000| PB 0x0000000088200000| Complete 
| 131|0x0000000088300000, 0x0000000088400000, 0x0000000088400000|100%| E|CS|TAMS 0x0000000088300000| PB 0x0000000088300000| Complete 
| 132|0x0000000088400000, 0x0000000088500000, 0x0000000088500000|100%| E|  |TAMS 0x0000000088400000| PB 0x0000000088400000| Complete 
| 220|0x000000008dc00000, 0x000000008dd00000, 0x000000008dd00000|100%| E|CS|TAMS 0x000000008dc00000| PB 0x000000008dc00000| Complete 
| 221|0x000000008dd00000, 0x000000008de00000, 0x000000008de00000|100%| E|CS|TAMS 0x000000008dd00000| PB 0x000000008dd00000| Complete 
|2043|0x00000000ffb00000, 0x00000000ffc00000, 0x00000000ffc00000|100%| O|  |TAMS 0x00000000ffb00000| PB 0x00000000ffb00000| Untracked 
|2044|0x00000000ffc00000, 0x00000000ffd00000, 0x00000000ffd00000|100%| O|  |TAMS 0x00000000ffc00000| PB 0x00000000ffc00000| Untracked 
|2045|0x00000000ffd00000, 0x00000000ffe00000, 0x00000000ffe00000|100%| O|  |TAMS 0x00000000ffd00000| PB 0x00000000ffd00000| Untracked 
|2046|0x00000000ffe00000, 0x00000000fff00000, 0x00000000fff00000|100%| O|  |TAMS 0x00000000ffe00000| PB 0x00000000ffe00000| Untracked 
|2047|0x00000000fff00000, 0x0000000100000000, 0x0000000100000000|100%| O|  |TAMS 0x00000000fff00000| PB 0x00000000fff00000| Untracked 

Card table byte_map: [0x0000024d18150000,0x0000024d18550000] _byte_map_base: 0x0000024d17d50000

Marking Bits: (CMBitMap*) 0x0000024d7e2637b0
 Bits: [0x0000024d18550000, 0x0000024d1a550000)

Polling page: 0x0000024d7df90000

Metaspace:

Usage:
  Non-class:     56.59 MB used.
      Class:      9.07 MB used.
       Both:     65.66 MB used.

Virtual space:
  Non-class space:       64.00 MB reserved,      57.50 MB ( 90%) committed,  1 nodes.
      Class space:        1.00 GB reserved,       9.94 MB ( <1%) committed,  1 nodes.
             Both:        1.06 GB reserved,      67.44 MB (  6%) committed. 

Chunk freelists:
   Non-Class:  5.88 MB
       Class:  5.94 MB
        Both:  11.81 MB

MaxMetaspaceSize: unlimited
CompressedClassSpaceSize: 1.00 GB
Initial GC threshold: 21.00 MB
Current GC threshold: 112.44 MB
CDS: on
 - commit_granule_bytes: 65536.
 - commit_granule_words: 8192.
 - virtual_space_node_default_size: 8388608.
 - enlarge_chunks_in_place: 1.
 - use_allocation_guard: 0.


Internal statistics:

num_allocs_failed_limit: 9.
num_arena_births: 3306.
num_arena_deaths: 4.
num_vsnodes_births: 2.
num_vsnodes_deaths: 0.
num_space_committed: 1079.
num_space_uncommitted: 0.
num_chunks_returned_to_freelist: 20.
num_chunks_taken_from_freelist: 6408.
num_chunk_merges: 9.
num_chunk_splits: 4183.
num_chunks_enlarged: 2604.
num_inconsistent_stats: 0.

CodeHeap 'non-profiled nmethods': size=119168Kb used=4812Kb max_used=5044Kb free=114356Kb
 bounds [0x0000024d0ff60000, 0x0000024d10450000, 0x0000024d173c0000]
CodeHeap 'profiled nmethods': size=119104Kb used=17460Kb max_used=18077Kb free=101643Kb
 bounds [0x0000024d083c0000, 0x0000024d09570000, 0x0000024d0f810000]
CodeHeap 'non-nmethods': size=7488Kb used=2808Kb max_used=4555Kb free=4679Kb
 bounds [0x0000024d0f810000, 0x0000024d0fc90000, 0x0000024d0ff60000]
 total_blobs=10122 nmethods=9208 adapters=816
 compilation: enabled
              stopped_count=0, restarted_count=0
 full_count=0

Compilation events (20 events):
Event: 16.744 Thread 0x0000024d1d587fb0 10740       3       org.gradle.internal.Try$Success::getOrMapFailure (5 bytes)
Event: 16.744 Thread 0x0000024d1d587fb0 nmethod 10740 0x0000024d0955ea10 code [0x0000024d0955eba0, 0x0000024d0955ecb0]
Event: 16.745 Thread 0x0000024d681ded50 10741   !   3       java.util.concurrent.ConcurrentHashMap::computeIfAbsent (576 bytes)
Event: 16.749 Thread 0x0000024d681ded50 nmethod 10741 0x0000024d0955ed90 code [0x0000024d0955f1e0, 0x0000024d09561570]
Event: 16.758 Thread 0x0000024d681ded50 10746       3       com.google.common.collect.Multimaps::equalsImpl (39 bytes)
Event: 16.758 Thread 0x0000024d681ded50 nmethod 10746 0x0000024d09562610 code [0x0000024d09562800, 0x0000024d09562e48]
Event: 16.759 Thread 0x0000024d632bda20 10747       3       org.gradle.internal.execution.steps.AssignImmutableWorkspaceStep::loadImmutableWorkspace (47 bytes)
Event: 16.761 Thread 0x0000024d632bda20 nmethod 10747 0x0000024d09562f90 code [0x0000024d095631c0, 0x0000024d09563a90]
Event: 16.765 Thread 0x0000024d681ded50 10748       3       org.gradle.internal.execution.steps.UpToDateResult::<init> (29 bytes)
Event: 16.765 Thread 0x0000024d1d642f60 10749       3       java.util.stream.IntPipeline::adapt (35 bytes)
Event: 16.766 Thread 0x0000024d1d642f60 nmethod 10749 0x0000024d09563e10 code [0x0000024d09564000, 0x0000024d09564558]
Event: 16.767 Thread 0x0000024d681ded50 nmethod 10748 0x0000024d09564690 code [0x0000024d09564900, 0x0000024d095658f0]
Event: 16.777 Thread 0x0000024d1d587fb0 10752   !   3       java.nio.ByteBuffer::putBuffer (142 bytes)
Event: 16.785 Thread 0x0000024d1d587fb0 nmethod 10752 0x0000024d09565d10 code [0x0000024d09565fe0, 0x0000024d09566ea0]
Event: 16.807 Thread 0x0000024d1d578930 nmethod 10709 0x0000024d10449290 code [0x0000024d104495a0, 0x0000024d1044a770]
Event: 16.809 Thread 0x0000024d1d578930 10744   !   4       java.util.concurrent.ConcurrentHashMap::replaceNode (437 bytes)
Event: 16.829 Thread 0x0000024d1d578930 nmethod 10744 0x0000024d1044b690 code [0x0000024d1044b860, 0x0000024d1044c160]
Event: 16.829 Thread 0x0000024d1d578930 10743       4       java.math.BigInteger::stripLeadingZeroBytes (141 bytes)
Event: 16.840 Thread 0x0000024d1d578930 nmethod 10743 0x0000024d1044c610 code [0x0000024d1044c7c0, 0x0000024d1044ccf0]
Event: 16.840 Thread 0x0000024d1d578930 10742       4       java.math.BigInteger::makePositive (259 bytes)

GC Heap History (20 events):
Event: 9.673 GC heap before
{Heap before GC invocations=11 (full 0):
 garbage-first heap   total 106496K, used 91627K [0x0000000080000000, 0x0000000100000000)
  region size 1024K, 54 young (55296K), 5 survivors (5120K)
 Metaspace       used 40962K, committed 42112K, reserved 1114112K
  class space    used 5658K, committed 6208K, reserved 1048576K
}
Event: 9.679 GC heap after
{Heap after GC invocations=12 (full 0):
 garbage-first heap   total 106496K, used 43264K [0x0000000080000000, 0x0000000100000000)
  region size 1024K, 3 young (3072K), 3 survivors (3072K)
 Metaspace       used 40962K, committed 42112K, reserved 1114112K
  class space    used 5658K, committed 6208K, reserved 1048576K
}
Event: 10.983 GC heap before
{Heap before GC invocations=12 (full 0):
 garbage-first heap   total 106496K, used 93440K [0x0000000080000000, 0x0000000100000000)
  region size 1024K, 52 young (53248K), 3 survivors (3072K)
 Metaspace       used 45300K, committed 46464K, reserved 1114112K
  class space    used 6116K, committed 6720K, reserved 1048576K
}
Event: 10.989 GC heap after
{Heap after GC invocations=13 (full 0):
 garbage-first heap   total 106496K, used 47670K [0x0000000080000000, 0x0000000100000000)
  region size 1024K, 7 young (7168K), 7 survivors (7168K)
 Metaspace       used 45300K, committed 46464K, reserved 1114112K
  class space    used 6116K, committed 6720K, reserved 1048576K
}
Event: 11.575 GC heap before
{Heap before GC invocations=13 (full 0):
 garbage-first heap   total 106496K, used 93750K [0x0000000080000000, 0x0000000100000000)
  region size 1024K, 51 young (52224K), 7 survivors (7168K)
 Metaspace       used 48451K, committed 49856K, reserved 1114112K
  class space    used 6494K, committed 7168K, reserved 1048576K
}
Event: 11.580 GC heap after
{Heap after GC invocations=14 (full 0):
 garbage-first heap   total 106496K, used 49621K [0x0000000080000000, 0x0000000100000000)
  region size 1024K, 3 young (3072K), 3 survivors (3072K)
 Metaspace       used 48451K, committed 49856K, reserved 1114112K
  class space    used 6494K, committed 7168K, reserved 1048576K
}
Event: 12.537 GC heap before
{Heap before GC invocations=14 (full 0):
 garbage-first heap   total 106496K, used 93653K [0x0000000080000000, 0x0000000100000000)
  region size 1024K, 46 young (47104K), 3 survivors (3072K)
 Metaspace       used 53371K, committed 55104K, reserved 1114112K
  class space    used 7318K, committed 8192K, reserved 1048576K
}
Event: 12.543 GC heap after
{Heap after GC invocations=15 (full 0):
 garbage-first heap   total 106496K, used 51636K [0x0000000080000000, 0x0000000100000000)
  region size 1024K, 5 young (5120K), 5 survivors (5120K)
 Metaspace       used 53371K, committed 55104K, reserved 1114112K
  class space    used 7318K, committed 8192K, reserved 1048576K
}
Event: 13.449 GC heap before
{Heap before GC invocations=16 (full 0):
 garbage-first heap   total 106496K, used 93620K [0x0000000080000000, 0x0000000100000000)
  region size 1024K, 46 young (47104K), 5 survivors (5120K)
 Metaspace       used 58590K, committed 60352K, reserved 1114112K
  class space    used 8057K, committed 8960K, reserved 1048576K
}
Event: 13.454 GC heap after
{Heap after GC invocations=17 (full 0):
 garbage-first heap   total 106496K, used 53470K [0x0000000080000000, 0x0000000100000000)
  region size 1024K, 4 young (4096K), 4 survivors (4096K)
 Metaspace       used 58590K, committed 60352K, reserved 1114112K
  class space    used 8057K, committed 8960K, reserved 1048576K
}
Event: 14.107 GC heap before
{Heap before GC invocations=17 (full 0):
 garbage-first heap   total 106496K, used 95454K [0x0000000080000000, 0x0000000100000000)
  region size 1024K, 45 young (46080K), 4 survivors (4096K)
 Metaspace       used 62997K, committed 64832K, reserved 1114112K
  class space    used 8731K, committed 9664K, reserved 1048576K
}
Event: 14.112 GC heap after
{Heap after GC invocations=18 (full 0):
 garbage-first heap   total 106496K, used 55481K [0x0000000080000000, 0x0000000100000000)
  region size 1024K, 5 young (5120K), 5 survivors (5120K)
 Metaspace       used 62997K, committed 64832K, reserved 1114112K
  class space    used 8731K, committed 9664K, reserved 1048576K
}
Event: 15.521 GC heap before
{Heap before GC invocations=18 (full 0):
 garbage-first heap   total 106496K, used 94393K [0x0000000080000000, 0x0000000100000000)
  region size 1024K, 43 young (44032K), 5 survivors (5120K)
 Metaspace       used 65873K, committed 67712K, reserved 1114112K
  class space    used 9142K, committed 10048K, reserved 1048576K
}
Event: 15.529 GC heap after
{Heap after GC invocations=19 (full 0):
 garbage-first heap   total 106496K, used 59770K [0x0000000080000000, 0x0000000100000000)
  region size 1024K, 6 young (6144K), 6 survivors (6144K)
 Metaspace       used 65873K, committed 67712K, reserved 1114112K
  class space    used 9142K, committed 10048K, reserved 1048576K
}
Event: 15.953 GC heap before
{Heap before GC invocations=20 (full 0):
 garbage-first heap   total 106496K, used 92538K [0x0000000080000000, 0x0000000100000000)
  region size 1024K, 39 young (39936K), 6 survivors (6144K)
 Metaspace       used 66725K, committed 68544K, reserved 1114112K
  class space    used 9257K, committed 10176K, reserved 1048576K
}
Event: 15.961 GC heap after
{Heap after GC invocations=21 (full 0):
 garbage-first heap   total 128000K, used 64517K [0x0000000080000000, 0x0000000100000000)
  region size 1024K, 5 young (5120K), 5 survivors (5120K)
 Metaspace       used 66725K, committed 68544K, reserved 1114112K
  class space    used 9257K, committed 10176K, reserved 1048576K
}
Event: 16.504 GC heap before
{Heap before GC invocations=21 (full 0):
 garbage-first heap   total 128000K, used 111621K [0x0000000080000000, 0x0000000100000000)
  region size 1024K, 52 young (53248K), 5 survivors (5120K)
 Metaspace       used 67182K, committed 68992K, reserved 1114112K
  class space    used 9283K, committed 10176K, reserved 1048576K
}
Event: 16.511 GC heap after
{Heap after GC invocations=22 (full 0):
 garbage-first heap   total 128000K, used 64811K [0x0000000080000000, 0x0000000100000000)
  region size 1024K, 4 young (4096K), 4 survivors (4096K)
 Metaspace       used 67182K, committed 68992K, reserved 1114112K
  class space    used 9283K, committed 10176K, reserved 1048576K
}
Event: 16.778 GC heap before
{Heap before GC invocations=22 (full 0):
 garbage-first heap   total 128000K, used 111915K [0x0000000080000000, 0x0000000100000000)
  region size 1024K, 51 young (52224K), 4 survivors (4096K)
 Metaspace       used 67220K, committed 69056K, reserved 1114112K
  class space    used 9283K, committed 10176K, reserved 1048576K
}
Event: 16.783 GC heap after
{Heap after GC invocations=23 (full 0):
 garbage-first heap   total 128000K, used 65586K [0x0000000080000000, 0x0000000100000000)
  region size 1024K, 5 young (5120K), 5 survivors (5120K)
 Metaspace       used 67220K, committed 69056K, reserved 1114112K
  class space    used 9283K, committed 10176K, reserved 1048576K
}

Dll operation events (15 events):
Event: 0.015 Loaded shared library C:\Program Files\Java\jdk-21\bin\java.dll
Event: 0.044 Loaded shared library C:\Program Files\Java\jdk-21\bin\jsvml.dll
Event: 0.099 Loaded shared library C:\Program Files\Java\jdk-21\bin\zip.dll
Event: 0.103 Loaded shared library C:\Program Files\Java\jdk-21\bin\instrument.dll
Event: 0.110 Loaded shared library C:\Program Files\Java\jdk-21\bin\net.dll
Event: 0.114 Loaded shared library C:\Program Files\Java\jdk-21\bin\nio.dll
Event: 0.117 Loaded shared library C:\Program Files\Java\jdk-21\bin\zip.dll
Event: 0.492 Loaded shared library C:\Program Files\Java\jdk-21\bin\jimage.dll
Event: 0.707 Loaded shared library C:\Program Files\Java\jdk-21\bin\verify.dll
Event: 0.845 Loaded shared library C:\Users\lenovo\.gradle\native\1def1411415f61bf3af743bc5b6707747c0891f09f0c88961ee8f79bc544acac\windows-amd64\native-platform.dll
Event: 0.867 Loaded shared library C:\Users\lenovo\.gradle\native\0.2.7\x86_64-windows-gnu\gradle-fileevents.dll
Event: 2.218 Loaded shared library C:\Program Files\Java\jdk-21\bin\management.dll
Event: 2.226 Loaded shared library C:\Program Files\Java\jdk-21\bin\management_ext.dll
Event: 2.430 Loaded shared library C:\Program Files\Java\jdk-21\bin\extnet.dll
Event: 2.678 Loaded shared library C:\Program Files\Java\jdk-21\bin\sunmscapi.dll

Deoptimization events (20 events):
Event: 16.675 Thread 0x0000024d647ef950 DEOPT PACKING pc=0x0000024d1029aa98 sp=0x000000e6b24f67d0
Event: 16.675 Thread 0x0000024d647ef950 DEOPT UNPACKING pc=0x0000024d0f8646a2 sp=0x000000e6b24f6770 mode 2
Event: 16.675 Thread 0x0000024d672ea850 DEOPT PACKING pc=0x0000024d1029aa98 sp=0x000000e6b75fdfd0
Event: 16.675 Thread 0x0000024d672ea850 DEOPT UNPACKING pc=0x0000024d0f8646a2 sp=0x000000e6b75fdf70 mode 2
Event: 16.676 Thread 0x0000024d672edcd0 Uncommon trap: trap_request=0xffffffde fr.pc=0x0000024d102e2b8c relative=0x00000000000002cc
Event: 16.676 Thread 0x0000024d672edcd0 Uncommon trap: reason=class_check action=maybe_recompile pc=0x0000024d102e2b8c method=java.util.concurrent.ConcurrentHashMap.get(Ljava/lang/Object;)Ljava/lang/Object; @ 93 c2
Event: 16.676 Thread 0x0000024d672eb570 Uncommon trap: trap_request=0xffffffde fr.pc=0x0000024d102e2b8c relative=0x00000000000002cc
Event: 16.677 Thread 0x0000024d672edcd0 DEOPT PACKING pc=0x0000024d102e2b8c sp=0x000000e6b74fe0d0
Event: 16.677 Thread 0x0000024d672edcd0 DEOPT UNPACKING pc=0x0000024d0f8646a2 sp=0x000000e6b74fe038 mode 2
Event: 16.677 Thread 0x0000024d672eb570 Uncommon trap: reason=class_check action=maybe_recompile pc=0x0000024d102e2b8c method=java.util.concurrent.ConcurrentHashMap.get(Ljava/lang/Object;)Ljava/lang/Object; @ 93 c2
Event: 16.678 Thread 0x0000024d672eb570 DEOPT PACKING pc=0x0000024d102e2b8c sp=0x000000e6b76fdb80
Event: 16.678 Thread 0x0000024d672eb570 DEOPT UNPACKING pc=0x0000024d0f8646a2 sp=0x000000e6b76fdae8 mode 2
Event: 16.679 Thread 0x0000024d672eaee0 Uncommon trap: trap_request=0xffffff45 fr.pc=0x0000024d10038078 relative=0x00000000000011d8
Event: 16.679 Thread 0x0000024d672eaee0 Uncommon trap: reason=unstable_if action=reinterpret pc=0x0000024d10038078 method=java.util.concurrent.ConcurrentHashMap.transfer([Ljava/util/concurrent/ConcurrentHashMap$Node;[Ljava/util/concurrent/ConcurrentHashMap$Node;)V @ 273 c2
Event: 16.679 Thread 0x0000024d672eaee0 DEOPT PACKING pc=0x0000024d10038078 sp=0x000000e6b70fdbb0
Event: 16.679 Thread 0x0000024d672eaee0 DEOPT UNPACKING pc=0x0000024d0f8646a2 sp=0x000000e6b70fdb20 mode 2
Event: 16.712 Thread 0x0000024d672ed640 Uncommon trap: trap_request=0xfffffff4 fr.pc=0x0000024d104447f0 relative=0x0000000000000210
Event: 16.712 Thread 0x0000024d672ed640 Uncommon trap: reason=null_check action=make_not_entrant pc=0x0000024d104447f0 method=org.gradle.tooling.internal.provider.runner.ClientBuildEventGenerator$Enabled.accept(Lorg/gradle/internal/operations/BuildOperationDescriptor;)Lorg/gradle/tooling/intern
Event: 16.712 Thread 0x0000024d672ed640 DEOPT PACKING pc=0x0000024d104447f0 sp=0x000000e6b72fe4e0
Event: 16.712 Thread 0x0000024d672ed640 DEOPT UNPACKING pc=0x0000024d0f8646a2 sp=0x000000e6b72fe468 mode 2

Classes loaded (20 events):
Event: 14.144 Loading class java/lang/StringCustomizer
Event: 14.144 Loading class java/lang/StringCustomizer done
Event: 14.144 Loading class java/lang/StringCustomizer
Event: 14.144 Loading class java/lang/StringCustomizer done
Event: 14.151 Loading class java/io/FileBeanInfo
Event: 14.151 Loading class java/io/FileBeanInfo done
Event: 14.151 Loading class java/io/FileBeanInfo
Event: 14.151 Loading class java/io/FileBeanInfo done
Event: 14.151 Loading class java/io/FileCustomizer
Event: 14.151 Loading class java/io/FileCustomizer done
Event: 14.152 Loading class java/io/FileCustomizer
Event: 14.152 Loading class java/io/FileCustomizer done
Event: 14.869 Loading class sun/reflect/ReflectionFactory
Event: 14.869 Loading class sun/reflect/ReflectionFactory done
Event: 14.869 Loading class sun/reflect/ReflectionFactory$1
Event: 14.869 Loading class sun/reflect/ReflectionFactory$1 done
Event: 15.408 Loading class java/util/Collections$ReverseComparator
Event: 15.408 Loading class java/util/Collections$ReverseComparator done
Event: 15.408 Loading class java/util/Collections$ReverseComparator2
Event: 15.408 Loading class java/util/Collections$ReverseComparator2 done

Classes unloaded (11 events):
Event: 12.588 Thread 0x0000024d1d5388a0 Unloading class 0x0000024d1f69ef80 '_BuildScript_$_run_closure1$_closure2$_closure4$_closure5'
Event: 12.588 Thread 0x0000024d1d5388a0 Unloading class 0x0000024d1f69eba0 '_BuildScript_$_run_closure1$_closure2$_closure4'
Event: 12.588 Thread 0x0000024d1d5388a0 Unloading class 0x0000024d1f69e7c0 '_BuildScript_$_run_closure1$_closure2$_closure3'
Event: 12.588 Thread 0x0000024d1d5388a0 Unloading class 0x0000024d1f69e3e0 '_BuildScript_$_run_closure1$_closure2'
Event: 12.588 Thread 0x0000024d1d5388a0 Unloading class 0x0000024d1f69e000 '_BuildScript_$_run_closure1'
Event: 12.588 Thread 0x0000024d1d5388a0 Unloading class 0x0000024d1f69d800 '_BuildScript_'
Event: 12.588 Thread 0x0000024d1d5388a0 Unloading class 0x0000024d1f6893e0 '_BuildScript_$_run_closure1$_closure2$_closure3$_closure4'
Event: 12.588 Thread 0x0000024d1d5388a0 Unloading class 0x0000024d1f689000 '_BuildScript_$_run_closure1$_closure2$_closure3'
Event: 12.588 Thread 0x0000024d1d5388a0 Unloading class 0x0000024d1f688908 '_BuildScript_$_run_closure1$_closure2'
Event: 12.588 Thread 0x0000024d1d5388a0 Unloading class 0x0000024d1f688528 '_BuildScript_$_run_closure1'
Event: 12.588 Thread 0x0000024d1d5388a0 Unloading class 0x0000024d1f688000 '_BuildScript_'

Classes redefined (0 events):
No events

Internal exceptions (20 events):
Event: 14.144 Thread 0x0000024d647ef950 Exception <a 'java/lang/ClassNotFoundException'{0x00000000884a1fe0}: java/lang/StringBeanInfo> (0x00000000884a1fe0) 
thrown [s\open\src\hotspot\share\classfile\systemDictionary.cpp, line 312]
Event: 14.144 Thread 0x0000024d647ef950 Exception <a 'java/lang/ClassNotFoundException'{0x00000000884ac6c8}: java/lang/StringCustomizer> (0x00000000884ac6c8) 
thrown [s\open\src\hotspot\share\classfile\systemDictionary.cpp, line 312]
Event: 14.148 Thread 0x0000024d647ef950 Implicit null exception at 0x0000024d1004a059 to 0x0000024d1004cb6c
Event: 14.151 Thread 0x0000024d647ef950 Exception <a 'java/lang/ClassNotFoundException'{0x00000000883071c0}: java/io/FileBeanInfo> (0x00000000883071c0) 
thrown [s\open\src\hotspot\share\classfile\systemDictionary.cpp, line 312]
Event: 14.152 Thread 0x0000024d647ef950 Exception <a 'java/lang/ClassNotFoundException'{0x00000000883117d0}: java/io/FileCustomizer> (0x00000000883117d0) 
thrown [s\open\src\hotspot\share\classfile\systemDictionary.cpp, line 312]
Event: 14.180 Thread 0x0000024d648f73a0 Exception <a 'java/lang/NoSuchMethodError'{0x0000000088289d18}: static Lorg/gradle/internal/build/event/types/DefaultProjectConfigurationDescriptor;.<clinit>()V> (0x0000000088289d18) 
thrown [s\open\src\hotspot\share\prims\jni.cpp, line 1111]
Event: 14.854 Thread 0x0000024d647ef950 Exception <a 'java/lang/NoSuchMethodError'{0x00000000853a0778}: static Lorg/gradle/api/internal/catalog/DefaultVersionCatalog;.<clinit>()V> (0x00000000853a0778) 
thrown [s\open\src\hotspot\share\prims\jni.cpp, line 1111]
Event: 14.857 Thread 0x0000024d647ef950 Exception <a 'java/lang/NoSuchMethodError'{0x00000000853da240}: static [Ljava/lang/Object;.<clinit>()V> (0x00000000853da240) 
thrown [s\open\src\hotspot\share\prims\jni.cpp, line 1111]
Event: 14.859 Thread 0x0000024d647ef950 Exception <a 'java/lang/NoSuchMethodError'{0x0000000085203280}: static Lorg/gradle/api/internal/catalog/DependencyModel;.<clinit>()V> (0x0000000085203280) 
thrown [s\open\src\hotspot\share\prims\jni.cpp, line 1111]
Event: 14.859 Thread 0x0000024d647ef950 Exception <a 'java/lang/NoSuchMethodError'{0x0000000085207008}: static Lorg/gradle/api/internal/catalog/AbstractContextAwareModel;.<clinit>()V> (0x0000000085207008) 
thrown [s\open\src\hotspot\share\prims\jni.cpp, line 1111]
Event: 14.860 Thread 0x0000024d647ef950 Exception <a 'java/lang/NoSuchMethodError'{0x0000000085220770}: static Lorg/gradle/api/internal/artifacts/dependencies/AbstractVersionConstraint;.<clinit>()V> (0x0000000085220770) 
thrown [s\open\src\hotspot\share\prims\jni.cpp, line 1111]
Event: 14.862 Thread 0x0000024d647ef950 Exception <a 'java/lang/NoSuchMethodError'{0x0000000085273d40}: static Lorg/gradle/api/internal/catalog/PluginModel;.<clinit>()V> (0x0000000085273d40) 
thrown [s\open\src\hotspot\share\prims\jni.cpp, line 1111]
Event: 14.863 Thread 0x0000024d647ef950 Exception <a 'java/lang/NoSuchMethodError'{0x000000008528b290}: static Lorg/gradle/api/internal/catalog/VersionModel;.<clinit>()V> (0x000000008528b290) 
thrown [s\open\src\hotspot\share\prims\jni.cpp, line 1111]
Event: 14.942 Thread 0x0000024d647ef950 Exception <a 'java/lang/NoSuchMethodError'{0x0000000084eca760}: 'int java.lang.invoke.DirectMethodHandle$Holder.invokeSpecialIFC(java.lang.Object, java.lang.Object, java.lang.Object)'> (0x0000000084eca760) 
thrown [s\open\src\hotspot\share\interpreter\linkResolver.cpp, line 773]
Event: 14.992 Thread 0x0000024d647ef950 Exception <a 'java/lang/NoSuchMethodError'{0x0000000084a674a0}: 'void java.lang.invoke.DirectMethodHandle$Holder.invokeStatic(java.lang.Object, java.lang.Object, java.lang.Object, int, java.lang.Object)'> (0x0000000084a674a0) 
thrown [s\open\src\hotspot\share\interpreter\linkResolver.cpp, line 773]
Event: 15.565 Thread 0x0000024d647ef950 Exception <a 'java/lang/IncompatibleClassChangeError'{0x000000008dde6390}: Found class java.lang.Object, but interface was expected> (0x000000008dde6390) 
thrown [s\open\src\hotspot\share\interpreter\linkResolver.cpp, line 840]
Event: 15.781 Thread 0x0000024d647ef950 Exception <a 'java/lang/NoSuchMethodError'{0x0000000087d9b1b8}: 'java.lang.Object java.lang.invoke.DirectMethodHandle$Holder.newInvokeSpecial(java.lang.Object, java.lang.Object, java.lang.Object, java.lang.Object, int, java.lang.Object)'> (0x0000000087d9b1b8) 
thrown [s\open\src\hotspot\share\interpreter\linkResolver.cpp, line 773]
Event: 15.781 Thread 0x0000024d647ef950 Exception <a 'java/lang/NoSuchMethodError'{0x0000000087da3a18}: 'java.lang.Object java.lang.invoke.Invokers$Holder.linkToTargetMethod(java.lang.Object, java.lang.Object, java.lang.Object, int, java.lang.Object, java.lang.Object)'> (0x0000000087da3a18) 
thrown [s\open\src\hotspot\share\interpreter\linkResolver.cpp, line 773]
Event: 16.191 Thread 0x0000024d647ef950 Exception <a 'java/lang/NoSuchMethodError'{0x000000008609b6b0}: 'java.lang.Object java.lang.invoke.DirectMethodHandle$Holder.invokeSpecialIFC(java.lang.Object, java.lang.Object, java.lang.Object)'> (0x000000008609b6b0) 
thrown [s\open\src\hotspot\share\interpreter\linkResolver.cpp, line 773]
Event: 16.712 Thread 0x0000024d672ed640 Implicit null exception at 0x0000024d10444632 to 0x0000024d104447e4

ZGC Phase Switch (0 events):
No events

VM Operations (20 events):
Event: 15.467 Executing VM operation: HandshakeAllThreads (Deoptimize) done
Event: 15.521 Executing VM operation: G1CollectForAllocation (G1 Evacuation Pause)
Event: 15.530 Executing VM operation: G1CollectForAllocation (G1 Evacuation Pause) done
Event: 15.576 Executing VM operation: G1PauseRemark
Event: 15.583 Executing VM operation: G1PauseRemark done
Event: 15.603 Executing VM operation: G1PauseCleanup
Event: 15.603 Executing VM operation: G1PauseCleanup done
Event: 15.805 Executing VM operation: ICBufferFull
Event: 15.805 Executing VM operation: ICBufferFull done
Event: 15.953 Executing VM operation: G1CollectForAllocation (G1 Evacuation Pause)
Event: 15.962 Executing VM operation: G1CollectForAllocation (G1 Evacuation Pause) done
Event: 16.114 Executing VM operation: HandshakeAllThreads (Deoptimize)
Event: 16.115 Executing VM operation: HandshakeAllThreads (Deoptimize) done
Event: 16.208 Executing VM operation: ICBufferFull
Event: 16.209 Executing VM operation: ICBufferFull done
Event: 16.503 Executing VM operation: G1CollectForAllocation (G1 Evacuation Pause)
Event: 16.512 Executing VM operation: G1CollectForAllocation (G1 Evacuation Pause) done
Event: 16.778 Executing VM operation: G1CollectForAllocation (G1 Evacuation Pause)
Event: 16.785 Executing VM operation: G1CollectForAllocation (G1 Evacuation Pause) done
Event: 16.845 Executing VM operation: G1PauseRemark

Events (20 events):
Event: 15.938 Thread 0x0000024d681e1630 Thread added: 0x0000024d681e1630
Event: 16.034 Thread 0x0000024d681e0f60 Thread added: 0x0000024d681e0f60
Event: 16.193 Thread 0x0000024d63938350 Thread added: 0x0000024d63938350
Event: 16.195 Thread 0x0000024d672e9b30 Thread added: 0x0000024d672e9b30
Event: 16.196 Thread 0x0000024d672e94a0 Thread added: 0x0000024d672e94a0
Event: 16.198 Thread 0x0000024d672ec290 Thread added: 0x0000024d672ec290
Event: 16.198 Thread 0x0000024d672ea1c0 Thread added: 0x0000024d672ea1c0
Event: 16.200 Thread 0x0000024d672e8e10 Thread added: 0x0000024d672e8e10
Event: 16.203 Thread 0x0000024d672eaee0 Thread added: 0x0000024d672eaee0
Event: 16.205 Thread 0x0000024d672ec920 Thread added: 0x0000024d672ec920
Event: 16.207 Thread 0x0000024d672ed640 Thread added: 0x0000024d672ed640
Event: 16.211 Thread 0x0000024d672ecfb0 Thread added: 0x0000024d672ecfb0
Event: 16.213 Thread 0x0000024d672edcd0 Thread added: 0x0000024d672edcd0
Event: 16.215 Thread 0x0000024d672ea850 Thread added: 0x0000024d672ea850
Event: 16.217 Thread 0x0000024d672eb570 Thread added: 0x0000024d672eb570
Event: 16.220 Thread 0x0000024d672ee360 Thread added: 0x0000024d672ee360
Event: 16.224 Thread 0x0000024d672ee9f0 Thread added: 0x0000024d672ee9f0
Event: 16.242 Thread 0x0000024d681de680 Thread added: 0x0000024d681de680
Event: 16.492 Thread 0x0000024d68809200 Thread added: 0x0000024d68809200
Event: 16.850 Thread 0x0000024d1d5388a0 flushing nmethod 0x0000024d0ff84910


Dynamic libraries:
0x00007ff758080000 - 0x00007ff758090000 	C:\Program Files\Java\jdk-21\bin\java.exe
0x00007fff5e2a0000 - 0x00007fff5e508000 	C:\WINDOWS\SYSTEM32\ntdll.dll
0x00007fff5c2d0000 - 0x00007fff5c399000 	C:\WINDOWS\System32\KERNEL32.DLL
0x00007fff5b710000 - 0x00007fff5bb01000 	C:\WINDOWS\System32\KERNELBASE.dll
0x00007fff5be40000 - 0x00007fff5bf8b000 	C:\WINDOWS\System32\ucrtbase.dll
0x00007fff4e4c0000 - 0x00007fff4e4d9000 	C:\Program Files\Java\jdk-21\bin\jli.dll
0x00007fff4e350000 - 0x00007fff4e36b000 	C:\Program Files\Java\jdk-21\bin\VCRUNTIME140.dll
0x00007fff5d4a0000 - 0x00007fff5d554000 	C:\WINDOWS\System32\ADVAPI32.dll
0x00007fff5d3f0000 - 0x00007fff5d499000 	C:\WINDOWS\System32\msvcrt.dll
0x00007fff5c3b0000 - 0x00007fff5c456000 	C:\WINDOWS\System32\sechost.dll
0x00007fff5dbf0000 - 0x00007fff5dd08000 	C:\WINDOWS\System32\RPCRT4.dll
0x00007fff5da20000 - 0x00007fff5dbe6000 	C:\WINDOWS\System32\USER32.dll
0x00007fff40870000 - 0x00007fff40b03000 	C:\WINDOWS\WinSxS\amd64_microsoft.windows.common-controls_6595b64144ccf1df_6.0.26100.7824_none_3e0870b2e3345462\COMCTL32.dll
0x00007fff5ae70000 - 0x00007fff5ae97000 	C:\WINDOWS\System32\win32u.dll
0x00007fff5c460000 - 0x00007fff5c48b000 	C:\WINDOWS\System32\GDI32.dll
0x00007fff5bc50000 - 0x00007fff5bd7b000 	C:\WINDOWS\System32\gdi32full.dll
0x00007fff5bf90000 - 0x00007fff5c033000 	C:\WINDOWS\System32\msvcp_win.dll
0x00007fff52e30000 - 0x00007fff52e3b000 	C:\WINDOWS\SYSTEM32\VERSION.dll
0x00007fff5d330000 - 0x00007fff5d361000 	C:\WINDOWS\System32\IMM32.DLL
0x00007fff541d0000 - 0x00007fff541dc000 	C:\Program Files\Java\jdk-21\bin\vcruntime140_1.dll
0x00007ffec2e30000 - 0x00007ffec2ebe000 	C:\Program Files\Java\jdk-21\bin\msvcp140.dll
0x00007ffec0f60000 - 0x00007ffec1c7a000 	C:\Program Files\Java\jdk-21\bin\server\jvm.dll
0x00007fff5c490000 - 0x00007fff5c504000 	C:\WINDOWS\System32\WS2_32.dll
0x00007fff5a830000 - 0x00007fff5a88e000 	C:\WINDOWS\SYSTEM32\POWRPROF.dll
0x00007fff58600000 - 0x00007fff58635000 	C:\WINDOWS\SYSTEM32\WINMM.dll
0x00007fff5a810000 - 0x00007fff5a824000 	C:\WINDOWS\SYSTEM32\UMPDC.dll
0x00007fff59920000 - 0x00007fff5993b000 	C:\WINDOWS\SYSTEM32\kernel.appcore.dll
0x00007fff4e340000 - 0x00007fff4e34a000 	C:\Program Files\Java\jdk-21\bin\jimage.dll
0x00007fff582f0000 - 0x00007fff58532000 	C:\WINDOWS\SYSTEM32\DBGHELP.DLL
0x00007fff5c660000 - 0x00007fff5c9e6000 	C:\WINDOWS\System32\combase.dll
0x00007fff5d250000 - 0x00007fff5d327000 	C:\WINDOWS\System32\OLEAUT32.dll
0x00007fff58570000 - 0x00007fff585ab000 	C:\WINDOWS\SYSTEM32\dbgcore.DLL
0x00007fff5bb10000 - 0x00007fff5bbb5000 	C:\WINDOWS\System32\bcryptPrimitives.dll
0x00007fff4e330000 - 0x00007fff4e33f000 	C:\Program Files\Java\jdk-21\bin\instrument.dll
0x00007ffec6de0000 - 0x00007ffec6dff000 	C:\Program Files\Java\jdk-21\bin\java.dll
0x00007fff5caf0000 - 0x00007fff5d242000 	C:\WINDOWS\System32\SHELL32.dll
0x00007fff5ab80000 - 0x00007fff5acea000 	C:\WINDOWS\System32\wintypes.dll
0x00007fff5aea0000 - 0x00007fff5b703000 	C:\WINDOWS\System32\windows.storage.dll
0x00007fff5c9f0000 - 0x00007fff5cae6000 	C:\WINDOWS\System32\SHCORE.dll
0x00007fff5c040000 - 0x00007fff5c0a7000 	C:\WINDOWS\System32\shlwapi.dll
0x00007fff5aaa0000 - 0x00007fff5aac9000 	C:\WINDOWS\SYSTEM32\profapi.dll
0x00007ffec2d10000 - 0x00007ffec2de7000 	C:\Program Files\Java\jdk-21\bin\jsvml.dll
0x00007ffec2cf0000 - 0x00007ffec2d08000 	C:\Program Files\Java\jdk-21\bin\zip.dll
0x00007ffec2ce0000 - 0x00007ffec2cf0000 	C:\Program Files\Java\jdk-21\bin\net.dll
0x00007fff53400000 - 0x00007fff53527000 	C:\WINDOWS\SYSTEM32\WINHTTP.dll
0x00007fff59e90000 - 0x00007fff59efb000 	C:\WINDOWS\system32\mswsock.dll
0x00007ffec2cc0000 - 0x00007ffec2cd6000 	C:\Program Files\Java\jdk-21\bin\nio.dll
0x00007ffee1c70000 - 0x00007ffee1c80000 	C:\Program Files\Java\jdk-21\bin\verify.dll
0x00007fff4ea80000 - 0x00007fff4eaa7000 	C:\Users\lenovo\.gradle\native\1def1411415f61bf3af743bc5b6707747c0891f09f0c88961ee8f79bc544acac\windows-amd64\native-platform.dll
0x00007fff1ee10000 - 0x00007fff1ee88000 	C:\Users\lenovo\.gradle\native\0.2.7\x86_64-windows-gnu\gradle-fileevents.dll
0x00007ffee1c60000 - 0x00007ffee1c6a000 	C:\Program Files\Java\jdk-21\bin\management.dll
0x00007ffee1c50000 - 0x00007ffee1c5b000 	C:\Program Files\Java\jdk-21\bin\management_ext.dll
0x00007fff5c3a0000 - 0x00007fff5c3a8000 	C:\WINDOWS\System32\PSAPI.DLL
0x00007fff593d0000 - 0x00007fff59404000 	C:\WINDOWS\SYSTEM32\IPHLPAPI.DLL
0x00007fff5d560000 - 0x00007fff5d56a000 	C:\WINDOWS\System32\NSI.dll
0x00007ffee1c40000 - 0x00007ffee1c49000 	C:\Program Files\Java\jdk-21\bin\extnet.dll
0x00007fff5a160000 - 0x00007fff5a17b000 	C:\WINDOWS\SYSTEM32\CRYPTSP.dll
0x00007fff59880000 - 0x00007fff598b9000 	C:\WINDOWS\system32\rsaenh.dll
0x00007fff59f40000 - 0x00007fff59f6b000 	C:\WINDOWS\SYSTEM32\USERENV.dll
0x00007fff5aa70000 - 0x00007fff5aa9a000 	C:\WINDOWS\SYSTEM32\bcrypt.dll
0x00007fff5a180000 - 0x00007fff5a18c000 	C:\WINDOWS\SYSTEM32\CRYPTBASE.dll
0x00007ffee1c30000 - 0x00007ffee1c3e000 	C:\Program Files\Java\jdk-21\bin\sunmscapi.dll
0x00007fff5acf0000 - 0x00007fff5ae67000 	C:\WINDOWS\System32\CRYPT32.dll
0x00007fff5a380000 - 0x00007fff5a3b0000 	C:\WINDOWS\SYSTEM32\ncrypt.dll
0x00007fff5a330000 - 0x00007fff5a36f000 	C:\WINDOWS\SYSTEM32\NTASN1.dll
0x00007ffec6e40000 - 0x00007ffec6e48000 	C:\WINDOWS\system32\wshunix.dll

dbghelp: loaded successfully - version: 4.0.5 - missing functions: none
symbol engine: initialized successfully - sym options: 0x614 - pdb path: .;C:\Program Files\Java\jdk-21\bin;C:\WINDOWS\SYSTEM32;C:\WINDOWS\WinSxS\amd64_microsoft.windows.common-controls_6595b64144ccf1df_6.0.26100.7824_none_3e0870b2e3345462;C:\Program Files\Java\jdk-21\bin\server;C:\Users\lenovo\.gradle\native\1def1411415f61bf3af743bc5b6707747c0891f09f0c88961ee8f79bc544acac\windows-amd64;C:\Users\lenovo\.gradle\native\0.2.7\x86_64-windows-gnu

VM Arguments:
jvm_args: --add-opens=java.base/java.lang=ALL-UNNAMED --add-opens=java.base/java.lang.invoke=ALL-UNNAMED --add-opens=java.base/java.util=ALL-UNNAMED --add-opens=java.prefs/java.util.prefs=ALL-UNNAMED --add-exports=jdk.compiler/com.sun.tools.javac.api=ALL-UNNAMED --add-exports=jdk.compiler/com.sun.tools.javac.util=ALL-UNNAMED --add-opens=java.base/java.util=ALL-UNNAMED --add-opens=java.prefs/java.util.prefs=ALL-UNNAMED --add-opens=java.base/java.nio.charset=ALL-UNNAMED --add-opens=java.base/java.net=ALL-UNNAMED --add-opens=java.base/java.util.concurrent.atomic=ALL-UNNAMED --add-opens=java.xml/javax.xml.namespace=ALL-UNNAMED -Xmx2048m -Dfile.encoding=UTF-8 -Duser.country=US -Duser.language=en -Duser.variant -javaagent:C:\Users\lenovo\.gradle\wrapper\dists\gradle-8.13-bin\5xuhj0ry160q40clulazy9h7d\gradle-8.13\lib\agents\gradle-instrumentation-agent-8.13.jar 
java_command: org.gradle.launcher.daemon.bootstrap.GradleDaemon 8.13
java_class_path (initial): C:\Users\lenovo\.gradle\wrapper\dists\gradle-8.13-bin\5xuhj0ry160q40clulazy9h7d\gradle-8.13\lib\gradle-daemon-main-8.13.jar
Launcher Type: SUN_STANDARD

[Global flags]
     intx CICompilerCount                          = 12                                        {product} {ergonomic}
     uint ConcGCThreads                            = 3                                         {product} {ergonomic}
     uint G1ConcRefinementThreads                  = 13                                        {product} {ergonomic}
   size_t G1HeapRegionSize                         = 1048576                                   {product} {ergonomic}
    uintx GCDrainStackTargetSize                   = 64                                        {product} {ergonomic}
   size_t InitialHeapSize                          = 232783872                                 {product} {ergonomic}
   size_t MarkStackSize                            = 4194304                                   {product} {ergonomic}
   size_t MaxHeapSize                              = 2147483648                                {product} {command line}
   size_t MaxNewSize                               = 1287651328                                {product} {ergonomic}
   size_t MinHeapDeltaBytes                        = 1048576                                   {product} {ergonomic}
   size_t MinHeapSize                              = 8388608                                   {product} {ergonomic}
    uintx NonNMethodCodeHeapSize                   = 7602480                                {pd product} {ergonomic}
    uintx NonProfiledCodeHeapSize                  = 122027880                              {pd product} {ergonomic}
    uintx ProfiledCodeHeapSize                     = 122027880                              {pd product} {ergonomic}
    uintx ReservedCodeCacheSize                    = 251658240                              {pd product} {ergonomic}
     bool SegmentedCodeCache                       = true                                      {product} {ergonomic}
   size_t SoftMaxHeapSize                          = 2147483648                             {manageable} {ergonomic}
     bool UseCompressedOops                        = true                           {product lp64_product} {ergonomic}
     bool UseG1GC                                  = true                                      {product} {ergonomic}
     bool UseLargePagesIndividualAllocation        = false                                  {pd product} {ergonomic}

Logging:
Log output configuration:
 #0: stdout all=warning uptime,level,tags foldmultilines=false
 #1: stderr all=off uptime,level,tags foldmultilines=false

Environment Variables:
PATH=%JAVA_HOME%\bin;C:\WINDOWS\system32;C:\WINDOWS;C:\WINDOWS\System32\Wbem;C:\WINDOWS\System32\WindowsPowerShell\v1.0\;C:\WINDOWS\System32\OpenSSH\;C:\Program Files\Git\cmd;C:\Users\lenovo\AppData\Local\Microsoft\WindowsApps;C:\Users\lenovo\AppData\Local\Programs\Microsoft VS Code\bin;C:\Users\lenovo\AppData\Local\GitHubDesktop\bin;C:\MinGW\bin;D:\advjava\apache-maven-3.9.9-bin (1)\apache-maven-3.9.9\bin;D:\checkstyle;C:\Program Files\dotnet\;C:\Program Files\Java\javafx-sdk-21.0.7\lib;C:\Program Files\Void\bin;C:\Program Files\nodejs\;C:\Program Files\Docker\Docker\resources\bin;C:\Users\lenovo\AppData\Local\Programs\Python\Python312\Scripts\;C:\Users\lenovo\AppData\Local\Programs\Python\Python312\;C:\Program Files\Java\jdk-25\bin;C:\Users\lenovo\.lmstudio\bin;C:\Users\lenovo\AppData\Local\Programs\Antigravity\bin;C:\Users\lenovo\.dotnet\tools;C:\Users\lenovo\AppData\Roaming\npm;C:\Program Files\JetBrains\IntelliJ IDEA 2025.3.3\bin
USERNAME=lenovo
OS=Windows_NT
PROCESSOR_IDENTIFIER=AMD64 Family 25 Model 80 Stepping 0, AuthenticAMD
TMP=C:\Users\lenovo\AppData\Local\Temp
TEMP=C:\Users\lenovo\AppData\Local\Temp




Periodic native trim disabled

---------------  S Y S T E M  ---------------

OS:
 Windows 11 , 64 bit Build 26100 (10.0.26100.7705)
OS uptime: 0 days 1:48 hours
Hyper-V role detected

CPU: total 16 (initial active 16) (16 cores per cpu, 2 threads per core) family 25 model 80 stepping 0 microcode 0xa50000d, cx8, cmov, fxsr, ht, mmx, 3dnowpref, sse, sse2, sse3, ssse3, sse4a, sse4.1, sse4.2, popcnt, lzcnt, tsc, tscinvbit, avx, avx2, aes, erms, clmul, bmi1, bmi2, adx, sha, fma, vzeroupper, clflush, clflushopt, hv, rdtscp, rdpid, fsrm, f16c, cet_ss
Processor Information for all 16 processors :
  Max Mhz: 2000, Current Mhz: 2000, Mhz Limit: 2000

Memory: 4k page, system-wide physical 14173M (2612M free)
TotalPageFile size 18269M (AvailPageFile size 243M)
current process WorkingSet (physical memory assigned to process): 420M, peak: 420M
current process commit charge ("private bytes"): 473M, peak: 473M

vm_info: Java HotSpot(TM) 64-Bit Server VM (21.0.6+8-LTS-188) for windows-amd64 JRE (21.0.6+8-LTS-188), built on 2024-12-03T10:50:54Z by "mach5one" with MS VC++ 17.6 (VS2022)

END.
